<testsuites id="" name="" tests="15" failures="0" skipped="0" errors="0" time="28.054753999999996">
<testsuite name="smoke/basic-functionality.spec.js" timestamp="2025-10-24T15:53:21.969Z" hostname="chromium-desktop" tests="5" failures="0" skipped="0" time="13.339" errors="0">
<testcase name="Smoke Tests - Essential Functionality @smoke › should load Ultimate Test Suite homepage" classname="smoke/basic-functionality.spec.js" time="2.297">
<system-out>
<![CDATA[Page load time: 1ms
]]>
</system-out>
</testcase>
<testcase name="Smoke Tests - Essential Functionality @smoke › should display all test tabs" classname="smoke/basic-functionality.spec.js" time="2.249">
</testcase>
<testcase name="Smoke Tests - Essential Functionality @smoke › should switch between tabs successfully" classname="smoke/basic-functionality.spec.js" time="2.283">
</testcase>
<testcase name="Smoke Tests - Essential Functionality @smoke › should have working console logging" classname="smoke/basic-functionality.spec.js" time="2.252">
</testcase>
<testcase name="Smoke Tests - Essential Functionality @smoke › should load without JavaScript errors" classname="smoke/basic-functionality.spec.js" time="4.258">
</testcase>
</testsuite>
<testsuite name="smoke/basic-functionality.spec.js" timestamp="2025-10-24T15:53:21.969Z" hostname="firefox-desktop" tests="5" failures="0" skipped="0" time="13.994" errors="0">
<testcase name="Smoke Tests - Essential Functionality @smoke › should load Ultimate Test Suite homepage" classname="smoke/basic-functionality.spec.js" time="2.864">
<system-out>
<![CDATA[Page load time: 2ms
]]>
</system-out>
</testcase>
<testcase name="Smoke Tests - Essential Functionality @smoke › should display all test tabs" classname="smoke/basic-functionality.spec.js" time="2.298">
</testcase>
<testcase name="Smoke Tests - Essential Functionality @smoke › should switch between tabs successfully" classname="smoke/basic-functionality.spec.js" time="2.336">
</testcase>
<testcase name="Smoke Tests - Essential Functionality @smoke › should have working console logging" classname="smoke/basic-functionality.spec.js" time="2.251">
</testcase>
<testcase name="Smoke Tests - Essential Functionality @smoke › should load without JavaScript errors" classname="smoke/basic-functionality.spec.js" time="4.245">
</testcase>
</testsuite>
<testsuite name="smoke/basic-functionality.spec.js" timestamp="2025-10-24T15:53:21.969Z" hostname="mobile-chrome" tests="5" failures="0" skipped="0" time="13.668" errors="0">
<testcase name="Smoke Tests - Essential Functionality @smoke › should load Ultimate Test Suite homepage" classname="smoke/basic-functionality.spec.js" time="2.337">
<system-out>
<![CDATA[Page load time: 0ms
]]>
</system-out>
</testcase>
<testcase name="Smoke Tests - Essential Functionality @smoke › should display all test tabs" classname="smoke/basic-functionality.spec.js" time="2.324">
</testcase>
<testcase name="Smoke Tests - Essential Functionality @smoke › should switch between tabs successfully" classname="smoke/basic-functionality.spec.js" time="2.339">
</testcase>
<testcase name="Smoke Tests - Essential Functionality @smoke › should have working console logging" classname="smoke/basic-functionality.spec.js" time="2.3">
</testcase>
<testcase name="Smoke Tests - Essential Functionality @smoke › should load without JavaScript errors" classname="smoke/basic-functionality.spec.js" time="4.368">
</testcase>
</testsuite>
</testsuites>