<testsuites id="" name="" tests="7" failures="0" skipped="0" errors="0" time="7.94801">
<testsuite name="core-functionality.spec.js" timestamp="2025-10-23T04:37:31.162Z" hostname="chromium" tests="7" failures="0" skipped="0" time="31.667" errors="0">
<testcase name="Enhanced Figma Plugin - Core Functionality @smoke @critical › should load the enhanced UI with all elements visible" classname="core-functionality.spec.js" time="3.916">
</testcase>
<testcase name="Enhanced Figma Plugin - Core Functionality @smoke @critical › should show validation error for empty tech stack input" classname="core-functionality.spec.js" time="4.089">
</testcase>
<testcase name="Enhanced Figma Plugin - Core Functionality @smoke @critical › should process tech stack input and show confidence indicator" classname="core-functionality.spec.js" time="4.208">
</testcase>
<testcase name="Enhanced Figma Plugin - Core Functionality @smoke @critical › should generate enhanced document with valid input @critical" classname="core-functionality.spec.js" time="6.057">
<system-out>
<![CDATA[Generation completed before loading state could be captured
Textarea value length: [33m346[39m
]]>
</system-out>
</testcase>
<testcase name="Enhanced Figma Plugin - Core Functionality @smoke @critical › should handle MCP server unavailable gracefully" classname="core-functionality.spec.js" time="3.954">
</testcase>
<testcase name="Enhanced Figma Plugin - Core Functionality @smoke @critical › should copy generated content to clipboard" classname="core-functionality.spec.js" time="4.318">
</testcase>
<testcase name="Enhanced Figma Plugin - Core Functionality @smoke @critical › should iterate through different document types" classname="core-functionality.spec.js" time="5.125">
</testcase>
</testsuite>
</testsuites>