<testsuites id="" name="" tests="405" failures="392" skipped="0" errors="0" time="562.264772">
<testsuite name="accessibility-edge-cases.spec.js" timestamp="2025-10-23T02:33:00.593Z" hostname="chromium" tests="13" failures="12" skipped="0" time="115.875" errors="0">
<testcase name="Accessibility Testing @critical › should meet WCAG 2.1 AA accessibility standards" classname="accessibility-edge-cases.spec.js" time="5.783">
<failure message="accessibility-edge-cases.spec.js:10:3 should meet WCAG 2.1 AA accessibility standards" type="FAILURE">
<![CDATA[  [chromium] › accessibility-edge-cases.spec.js:10:3 › Accessibility Testing @critical › should meet WCAG 2.1 AA accessibility standards 

    Error: expect(locator).toHaveAttribute() failed

    Locator:  locator('h1')
    Expected: have attribute
    Received: attribute not present
    Timeout:  5000ms

    Call log:
      - Expect "toHaveAttribute" with timeout 5000ms
      - waiting for locator('h1')
        9 × locator resolved to <h1>Error response</h1>
          - unexpected value "attribute not present"


      12 |     const h1 = page.locator('h1');
      13 |     await expect(h1).toBeVisible();
    > 14 |     await expect(h1).toHaveAttribute('id'); // Should have id for navigation
         |                      ^
      15 |     
      16 |     // Check for proper labels
      17 |     await expect(page.locator('#techStackInput')).toHaveAttribute('aria-label');
        at /Users/david/Documents/Figa-Jira-Automations-Tool/figma-ticket-generator/browser-tests/tests/accessibility-edge-cases.spec.js:14:22

    attachment #1: screenshot (image/png) ──────────────────────────────────────────────────────────
    ../test-results/accessibility-edge-cases-A-a129e--AA-accessibility-standards-chromium/test-failed-1.png
    ────────────────────────────────────────────────────────────────────────────────────────────────

    attachment #2: video (video/webm) ──────────────────────────────────────────────────────────────
    ../test-results/accessibility-edge-cases-A-a129e--AA-accessibility-standards-chromium/video.webm
    ────────────────────────────────────────────────────────────────────────────────────────────────

    Error Context: ../test-results/accessibility-edge-cases-A-a129e--AA-accessibility-standards-chromium/error-context.md
]]>
</failure>
<system-out>
<![CDATA[
[[ATTACHMENT|test-results/accessibility-edge-cases-A-a129e--AA-accessibility-standards-chromium/test-failed-1.png]]

[[ATTACHMENT|test-results/accessibility-edge-cases-A-a129e--AA-accessibility-standards-chromium/video.webm]]

[[ATTACHMENT|test-results/accessibility-edge-cases-A-a129e--AA-accessibility-standards-chromium/error-context.md]]
]]>
</system-out>
</testcase>
<testcase name="Accessibility Testing @critical › should be fully keyboard navigable" classname="accessibility-edge-cases.spec.js" time="5.791">
<failure message="accessibility-edge-cases.spec.js:42:3 should be fully keyboard navigable" type="FAILURE">
<![CDATA[  [chromium] › accessibility-edge-cases.spec.js:42:3 › Accessibility Testing @critical › should be fully keyboard navigable 

    Error: expect(locator).toBeFocused() failed

    Locator: locator('#techStackInput')
    Expected: focused
    Timeout: 5000ms
    Error: element(s) not found

    Call log:
      - Expect "toBeFocused" with timeout 5000ms
      - waiting for locator('#techStackInput')


      43 |     // Start from beginning
      44 |     await page.keyboard.press('Tab');
    > 45 |     await expect(page.locator('#techStackInput')).toBeFocused();
         |                                                   ^
      46 |     
      47 |     // Type in input
      48 |     await page.keyboard.type('React with TypeScript');
        at /Users/david/Documents/Figa-Jira-Automations-Tool/figma-ticket-generator/browser-tests/tests/accessibility-edge-cases.spec.js:45:51

    attachment #1: screenshot (image/png) ──────────────────────────────────────────────────────────
    ../test-results/accessibility-edge-cases-A-2250b-be-fully-keyboard-navigable-chromium/test-failed-1.png
    ────────────────────────────────────────────────────────────────────────────────────────────────

    attachment #2: video (video/webm) ──────────────────────────────────────────────────────────────
    ../test-results/accessibility-edge-cases-A-2250b-be-fully-keyboard-navigable-chromium/video.webm
    ────────────────────────────────────────────────────────────────────────────────────────────────

    Error Context: ../test-results/accessibility-edge-cases-A-2250b-be-fully-keyboard-navigable-chromium/error-context.md
]]>
</failure>
<system-out>
<![CDATA[
[[ATTACHMENT|test-results/accessibility-edge-cases-A-2250b-be-fully-keyboard-navigable-chromium/test-failed-1.png]]

[[ATTACHMENT|test-results/accessibility-edge-cases-A-2250b-be-fully-keyboard-navigable-chromium/video.webm]]

[[ATTACHMENT|test-results/accessibility-edge-cases-A-2250b-be-fully-keyboard-navigable-chromium/error-context.md]]
]]>
</system-out>
</testcase>
<testcase name="Accessibility Testing @critical › should work with screen readers" classname="accessibility-edge-cases.spec.js" time="5.758">
<failure message="accessibility-edge-cases.spec.js:69:3 should work with screen readers" type="FAILURE">
<![CDATA[  [chromium] › accessibility-edge-cases.spec.js:69:3 › Accessibility Testing @critical › should work with screen readers 

    Error: expect(locator).toHaveAttribute(expected) failed

    Locator: locator('#techStackInput')
    Expected: "textbox"
    Timeout: 5000ms
    Error: element(s) not found

    Call log:
      - Expect "toHaveAttribute" with timeout 5000ms
      - waiting for locator('#techStackInput')


      69 |   test('should work with screen readers', async ({ page }) => {
      70 |     // Check for proper ARIA attributes
    > 71 |     await expect(page.locator('#techStackInput')).toHaveAttribute('role', 'textbox');
         |                                                   ^
      72 |     await expect(page.locator('#documentType')).toHaveAttribute('role', 'combobox');
      73 |     await expect(page.locator('#generateBtn')).toHaveAttribute('role', 'button');
      74 |     
        at /Users/david/Documents/Figa-Jira-Automations-Tool/figma-ticket-generator/browser-tests/tests/accessibility-edge-cases.spec.js:71:51

    attachment #1: screenshot (image/png) ──────────────────────────────────────────────────────────
    ../test-results/accessibility-edge-cases-A-12313-ld-work-with-screen-readers-chromium/test-failed-1.png
    ────────────────────────────────────────────────────────────────────────────────────────────────

    attachment #2: video (video/webm) ──────────────────────────────────────────────────────────────
    ../test-results/accessibility-edge-cases-A-12313-ld-work-with-screen-readers-chromium/video.webm
    ────────────────────────────────────────────────────────────────────────────────────────────────

    Error Context: ../test-results/accessibility-edge-cases-A-12313-ld-work-with-screen-readers-chromium/error-context.md
]]>
</failure>
<system-out>
<![CDATA[
[[ATTACHMENT|test-results/accessibility-edge-cases-A-12313-ld-work-with-screen-readers-chromium/test-failed-1.png]]

[[ATTACHMENT|test-results/accessibility-edge-cases-A-12313-ld-work-with-screen-readers-chromium/video.webm]]

[[ATTACHMENT|test-results/accessibility-edge-cases-A-12313-ld-work-with-screen-readers-chromium/error-context.md]]
]]>
</system-out>
</testcase>
<testcase name="Accessibility Testing @critical › should handle focus management correctly" classname="accessibility-edge-cases.spec.js" time="5.771">
<failure message="accessibility-edge-cases.spec.js:91:3 should handle focus management correctly" type="FAILURE">
<![CDATA[  [chromium] › accessibility-edge-cases.spec.js:91:3 › Accessibility Testing @critical › should handle focus management correctly 

    Error: expect(locator).toHaveCSS(expected) failed

    Locator: locator(':focus')
    Expected pattern: /2px solid|auto/
    Timeout: 5000ms
    Error: element(s) not found

    Call log:
      - Expect "toHaveCSS" with timeout 5000ms
      - waiting for locator(':focus')


      93 |     await page.keyboard.press('Tab');
      94 |     const focusedElement = page.locator(':focus');
    > 95 |     await expect(focusedElement).toHaveCSS('outline', /2px solid|auto/);
         |                                  ^
      96 |     
      97 |     // Focus should move logically through the page
      98 |     const focusOrder = [
        at /Users/david/Documents/Figa-Jira-Automations-Tool/figma-ticket-generator/browser-tests/tests/accessibility-edge-cases.spec.js:95:34

    attachment #1: screenshot (image/png) ──────────────────────────────────────────────────────────
    ../test-results/accessibility-edge-cases-A-0a98b--focus-management-correctly-chromium/test-failed-1.png
    ────────────────────────────────────────────────────────────────────────────────────────────────

    attachment #2: video (video/webm) ──────────────────────────────────────────────────────────────
    ../test-results/accessibility-edge-cases-A-0a98b--focus-management-correctly-chromium/video.webm
    ────────────────────────────────────────────────────────────────────────────────────────────────

    Error Context: ../test-results/accessibility-edge-cases-A-0a98b--focus-management-correctly-chromium/error-context.md
]]>
</failure>
<system-out>
<![CDATA[
[[ATTACHMENT|test-results/accessibility-edge-cases-A-0a98b--focus-management-correctly-chromium/test-failed-1.png]]

[[ATTACHMENT|test-results/accessibility-edge-cases-A-0a98b--focus-management-correctly-chromium/video.webm]]

[[ATTACHMENT|test-results/accessibility-edge-cases-A-0a98b--focus-management-correctly-chromium/error-context.md]]
]]>
</system-out>
</testcase>
<testcase name="Accessibility Testing @critical › should provide proper error announcements for screen readers" classname="accessibility-edge-cases.spec.js" time="10.878">
<failure message="accessibility-edge-cases.spec.js:122:3 should provide proper error announcements for screen readers" type="FAILURE">
<![CDATA[  [chromium] › accessibility-edge-cases.spec.js:122:3 › Accessibility Testing @critical › should provide proper error announcements for screen readers 

    TimeoutError: page.click: Timeout 10000ms exceeded.
    Call log:
      - waiting for locator('#generateBtn')


      122 |   test('should provide proper error announcements for screen readers', async ({ page }) => {
      123 |     // Try to generate without input
    > 124 |     await page.click('#generateBtn');
          |                ^
      125 |     
      126 |     // Error should be announced
      127 |     const errorMessage = page.locator('.error-message');
        at /Users/david/Documents/Figa-Jira-Automations-Tool/figma-ticket-generator/browser-tests/tests/accessibility-edge-cases.spec.js:124:16

    attachment #1: screenshot (image/png) ──────────────────────────────────────────────────────────
    ../test-results/accessibility-edge-cases-A-1d378-ncements-for-screen-readers-chromium/test-failed-1.png
    ────────────────────────────────────────────────────────────────────────────────────────────────

    attachment #2: video (video/webm) ──────────────────────────────────────────────────────────────
    ../test-results/accessibility-edge-cases-A-1d378-ncements-for-screen-readers-chromium/video.webm
    ────────────────────────────────────────────────────────────────────────────────────────────────

    Error Context: ../test-results/accessibility-edge-cases-A-1d378-ncements-for-screen-readers-chromium/error-context.md
]]>
</failure>
<system-out>
<![CDATA[
[[ATTACHMENT|test-results/accessibility-edge-cases-A-1d378-ncements-for-screen-readers-chromium/test-failed-1.png]]

[[ATTACHMENT|test-results/accessibility-edge-cases-A-1d378-ncements-for-screen-readers-chromium/video.webm]]

[[ATTACHMENT|test-results/accessibility-edge-cases-A-1d378-ncements-for-screen-readers-chromium/error-context.md]]
]]>
</system-out>
</testcase>
<testcase name="Accessibility Testing @critical › should have proper semantic HTML structure" classname="accessibility-edge-cases.spec.js" time="5.829">
<failure message="accessibility-edge-cases.spec.js:136:3 should have proper semantic HTML structure" type="FAILURE">
<![CDATA[  [chromium] › accessibility-edge-cases.spec.js:136:3 › Accessibility Testing @critical › should have proper semantic HTML structure 

    Error: expect(locator).toBeVisible() failed

    Locator: locator('main')
    Expected: visible
    Timeout: 5000ms
    Error: element(s) not found

    Call log:
      - Expect "toBeVisible" with timeout 5000ms
      - waiting for locator('main')


      136 |   test('should have proper semantic HTML structure', async ({ page }) => {
      137 |     // Check for proper landmarks
    > 138 |     await expect(page.locator('main')).toBeVisible();
          |                                        ^
      139 |     await expect(page.locator('header')).toBeVisible();
      140 |     
      141 |     // Check for proper form structure
        at /Users/david/Documents/Figa-Jira-Automations-Tool/figma-ticket-generator/browser-tests/tests/accessibility-edge-cases.spec.js:138:40

    attachment #1: screenshot (image/png) ──────────────────────────────────────────────────────────
    ../test-results/accessibility-edge-cases-A-4809b-per-semantic-HTML-structure-chromium/test-failed-1.png
    ────────────────────────────────────────────────────────────────────────────────────────────────

    attachment #2: video (video/webm) ──────────────────────────────────────────────────────────────
    ../test-results/accessibility-edge-cases-A-4809b-per-semantic-HTML-structure-chromium/video.webm
    ────────────────────────────────────────────────────────────────────────────────────────────────

    Error Context: ../test-results/accessibility-edge-cases-A-4809b-per-semantic-HTML-structure-chromium/error-context.md
]]>
</failure>
<system-out>
<![CDATA[
[[ATTACHMENT|test-results/accessibility-edge-cases-A-4809b-per-semantic-HTML-structure-chromium/test-failed-1.png]]

[[ATTACHMENT|test-results/accessibility-edge-cases-A-4809b-per-semantic-HTML-structure-chromium/video.webm]]

[[ATTACHMENT|test-results/accessibility-edge-cases-A-4809b-per-semantic-HTML-structure-chromium/error-context.md]]
]]>
</system-out>
</testcase>
<testcase name="Error Handling and Edge Cases @critical › should handle network failures gracefully" classname="accessibility-edge-cases.spec.js" time="10.93">
<failure message="accessibility-edge-cases.spec.js:161:3 should handle network failures gracefully" type="FAILURE">
<![CDATA[  [chromium] › accessibility-edge-cases.spec.js:161:3 › Error Handling and Edge Cases @critical › should handle network failures gracefully 

    TimeoutError: page.fill: Timeout 10000ms exceeded.
    Call log:
      - waiting for locator('#techStackInput')


      163 |     await page.route('**/*', route => route.abort('failed'));
      164 |     
    > 165 |     await page.fill('#techStackInput', 'React with TypeScript');
          |                ^
      166 |     await page.click('#generateBtn');
      167 |     
      168 |     // Should show appropriate error message
        at /Users/david/Documents/Figa-Jira-Automations-Tool/figma-ticket-generator/browser-tests/tests/accessibility-edge-cases.spec.js:165:16

    attachment #1: screenshot (image/png) ──────────────────────────────────────────────────────────
    ../test-results/accessibility-edge-cases-E-db327-network-failures-gracefully-chromium/test-failed-1.png
    ────────────────────────────────────────────────────────────────────────────────────────────────

    attachment #2: video (video/webm) ──────────────────────────────────────────────────────────────
    ../test-results/accessibility-edge-cases-E-db327-network-failures-gracefully-chromium/video.webm
    ────────────────────────────────────────────────────────────────────────────────────────────────

    Error Context: ../test-results/accessibility-edge-cases-E-db327-network-failures-gracefully-chromium/error-context.md
]]>
</failure>
<system-out>
<![CDATA[
[[ATTACHMENT|test-results/accessibility-edge-cases-E-db327-network-failures-gracefully-chromium/test-failed-1.png]]

[[ATTACHMENT|test-results/accessibility-edge-cases-E-db327-network-failures-gracefully-chromium/video.webm]]

[[ATTACHMENT|test-results/accessibility-edge-cases-E-db327-network-failures-gracefully-chromium/error-context.md]]
]]>
</system-out>
</testcase>
<testcase name="Error Handling and Edge Cases @critical › should handle malicious input safely" classname="accessibility-edge-cases.spec.js" time="10.84">
<failure message="accessibility-edge-cases.spec.js:182:3 should handle malicious input safely" type="FAILURE">
<![CDATA[  [chromium] › accessibility-edge-cases.spec.js:182:3 › Error Handling and Edge Cases @critical › should handle malicious input safely 

    TimeoutError: page.fill: Timeout 10000ms exceeded.
    Call log:
      - waiting for locator('#techStackInput')


      195 |     for (const maliciousInput of maliciousInputs) {
      196 |       // Clear and fill with malicious input
    > 197 |       await page.fill('#techStackInput', maliciousInput);
          |                  ^
      198 |       await page.click('#generateBtn');
      199 |       
      200 |       // Wait for processing
        at /Users/david/Documents/Figa-Jira-Automations-Tool/figma-ticket-generator/browser-tests/tests/accessibility-edge-cases.spec.js:197:18

    attachment #1: screenshot (image/png) ──────────────────────────────────────────────────────────
    ../test-results/accessibility-edge-cases-E-56e05-ndle-malicious-input-safely-chromium/test-failed-1.png
    ────────────────────────────────────────────────────────────────────────────────────────────────

    attachment #2: video (video/webm) ──────────────────────────────────────────────────────────────
    ../test-results/accessibility-edge-cases-E-56e05-ndle-malicious-input-safely-chromium/video.webm
    ────────────────────────────────────────────────────────────────────────────────────────────────

    Error Context: ../test-results/accessibility-edge-cases-E-56e05-ndle-malicious-input-safely-chromium/error-context.md
]]>
</failure>
<system-out>
<![CDATA[
[[ATTACHMENT|test-results/accessibility-edge-cases-E-56e05-ndle-malicious-input-safely-chromium/test-failed-1.png]]

[[ATTACHMENT|test-results/accessibility-edge-cases-E-56e05-ndle-malicious-input-safely-chromium/video.webm]]

[[ATTACHMENT|test-results/accessibility-edge-cases-E-56e05-ndle-malicious-input-safely-chromium/error-context.md]]
]]>
</system-out>
</testcase>
<testcase name="Error Handling and Edge Cases @critical › should handle extremely long input gracefully" classname="accessibility-edge-cases.spec.js" time="10.894">
<system-out>
<![CDATA[Browser limitation with extremely large input: page.fill: Timeout 10000ms exceeded.
Call log:
[2m  - waiting for locator('#techStackInput')[22m

]]>
</system-out>
</testcase>
<testcase name="Error Handling and Edge Cases @critical › should handle rapid clicking and interaction spam" classname="accessibility-edge-cases.spec.js" time="10.867">
<failure message="accessibility-edge-cases.spec.js:250:3 should handle rapid clicking and interaction spam" type="FAILURE">
<![CDATA[  [chromium] › accessibility-edge-cases.spec.js:250:3 › Error Handling and Edge Cases @critical › should handle rapid clicking and interaction spam 

    TimeoutError: page.fill: Timeout 10000ms exceeded.
    Call log:
      - waiting for locator('#techStackInput')


      249 |
      250 |   test('should handle rapid clicking and interaction spam', async ({ page }) => {
    > 251 |     await page.fill('#techStackInput', 'React with TypeScript');
          |                ^
      252 |     
      253 |     // Rapidly click generate button multiple times
      254 |     const clickPromises = [];
        at /Users/david/Documents/Figa-Jira-Automations-Tool/figma-ticket-generator/browser-tests/tests/accessibility-edge-cases.spec.js:251:16

    attachment #1: screenshot (image/png) ──────────────────────────────────────────────────────────
    ../test-results/accessibility-edge-cases-E-27bed-icking-and-interaction-spam-chromium/test-failed-1.png
    ────────────────────────────────────────────────────────────────────────────────────────────────

    attachment #2: video (video/webm) ──────────────────────────────────────────────────────────────
    ../test-results/accessibility-edge-cases-E-27bed-icking-and-interaction-spam-chromium/video.webm
    ────────────────────────────────────────────────────────────────────────────────────────────────

    Error Context: ../test-results/accessibility-edge-cases-E-27bed-icking-and-interaction-spam-chromium/error-context.md
]]>
</failure>
<system-out>
<![CDATA[
[[ATTACHMENT|test-results/accessibility-edge-cases-E-27bed-icking-and-interaction-spam-chromium/test-failed-1.png]]

[[ATTACHMENT|test-results/accessibility-edge-cases-E-27bed-icking-and-interaction-spam-chromium/video.webm]]

[[ATTACHMENT|test-results/accessibility-edge-cases-E-27bed-icking-and-interaction-spam-chromium/error-context.md]]
]]>
</system-out>
</testcase>
<testcase name="Error Handling and Edge Cases @critical › should handle browser tab switching and focus loss" classname="accessibility-edge-cases.spec.js" time="10.83">
<failure message="accessibility-edge-cases.spec.js:278:3 should handle browser tab switching and focus loss" type="FAILURE">
<![CDATA[  [chromium] › accessibility-edge-cases.spec.js:278:3 › Error Handling and Edge Cases @critical › should handle browser tab switching and focus loss 

    TimeoutError: page.fill: Timeout 10000ms exceeded.
    Call log:
      - waiting for locator('#techStackInput')


      278 |   test('should handle browser tab switching and focus loss', async ({ page, context }) => {
      279 |     // Start a generation
    > 280 |     await page.fill('#techStackInput', 'Angular with RxJS');
          |                ^
      281 |     await page.click('#generateBtn');
      282 |     
      283 |     // Create new tab and switch to it (simulate user switching tabs)
        at /Users/david/Documents/Figa-Jira-Automations-Tool/figma-ticket-generator/browser-tests/tests/accessibility-edge-cases.spec.js:280:16

    attachment #1: screenshot (image/png) ──────────────────────────────────────────────────────────
    ../test-results/accessibility-edge-cases-E-8d902-ab-switching-and-focus-loss-chromium/test-failed-1.png
    ────────────────────────────────────────────────────────────────────────────────────────────────

    attachment #2: video (video/webm) ──────────────────────────────────────────────────────────────
    ../test-results/accessibility-edge-cases-E-8d902-ab-switching-and-focus-loss-chromium/video.webm
    ────────────────────────────────────────────────────────────────────────────────────────────────

    Error Context: ../test-results/accessibility-edge-cases-E-8d902-ab-switching-and-focus-loss-chromium/error-context.md
]]>
</failure>
<system-out>
<![CDATA[
[[ATTACHMENT|test-results/accessibility-edge-cases-E-8d902-ab-switching-and-focus-loss-chromium/test-failed-1.png]]

[[ATTACHMENT|test-results/accessibility-edge-cases-E-8d902-ab-switching-and-focus-loss-chromium/video.webm]]

[[ATTACHMENT|test-results/accessibility-edge-cases-E-8d902-ab-switching-and-focus-loss-chromium/error-context.md]]
]]>
</system-out>
</testcase>
<testcase name="Error Handling and Edge Cases @critical › should handle page refresh during operation" classname="accessibility-edge-cases.spec.js" time="10.848">
<failure message="accessibility-edge-cases.spec.js:299:3 should handle page refresh during operation" type="FAILURE">
<![CDATA[  [chromium] › accessibility-edge-cases.spec.js:299:3 › Error Handling and Edge Cases @critical › should handle page refresh during operation 

    TimeoutError: page.fill: Timeout 10000ms exceeded.
    Call log:
      - waiting for locator('#techStackInput')


      299 |   test('should handle page refresh during operation', async ({ page }) => {
      300 |     // Start generation
    > 301 |     await page.fill('#techStackInput', 'Svelte with SvelteKit');
          |                ^
      302 |     await page.click('#generateBtn');
      303 |     
      304 |     // Wait for loading state
        at /Users/david/Documents/Figa-Jira-Automations-Tool/figma-ticket-generator/browser-tests/tests/accessibility-edge-cases.spec.js:301:16

    attachment #1: screenshot (image/png) ──────────────────────────────────────────────────────────
    ../test-results/accessibility-edge-cases-E-16c27-ge-refresh-during-operation-chromium/test-failed-1.png
    ────────────────────────────────────────────────────────────────────────────────────────────────

    attachment #2: video (video/webm) ──────────────────────────────────────────────────────────────
    ../test-results/accessibility-edge-cases-E-16c27-ge-refresh-during-operation-chromium/video.webm
    ────────────────────────────────────────────────────────────────────────────────────────────────

    Error Context: ../test-results/accessibility-edge-cases-E-16c27-ge-refresh-during-operation-chromium/error-context.md
]]>
</failure>
<system-out>
<![CDATA[
[[ATTACHMENT|test-results/accessibility-edge-cases-E-16c27-ge-refresh-during-operation-chromium/test-failed-1.png]]

[[ATTACHMENT|test-results/accessibility-edge-cases-E-16c27-ge-refresh-during-operation-chromium/video.webm]]

[[ATTACHMENT|test-results/accessibility-edge-cases-E-16c27-ge-refresh-during-operation-chromium/error-context.md]]
]]>
</system-out>
</testcase>
<testcase name="Error Handling and Edge Cases @critical › should handle memory pressure gracefully" classname="accessibility-edge-cases.spec.js" time="10.856">
<failure message="accessibility-edge-cases.spec.js:325:3 should handle memory pressure gracefully" type="FAILURE">
<![CDATA[  [chromium] › accessibility-edge-cases.spec.js:325:3 › Error Handling and Edge Cases @critical › should handle memory pressure gracefully 

    TimeoutError: page.fill: Timeout 10000ms exceeded.
    Call log:
      - waiting for locator('#techStackInput')


      334 |     
      335 |     // Should still function under memory pressure
    > 336 |     await page.fill('#techStackInput', 'Memory pressure test: React with TypeScript');
          |                ^
      337 |     await page.click('#generateBtn');
      338 |     
      339 |     await page.waitForSelector('#results', { state: 'visible', timeout: 45000 });
        at /Users/david/Documents/Figa-Jira-Automations-Tool/figma-ticket-generator/browser-tests/tests/accessibility-edge-cases.spec.js:336:16

    attachment #1: screenshot (image/png) ──────────────────────────────────────────────────────────
    ../test-results/accessibility-edge-cases-E-fc6fa--memory-pressure-gracefully-chromium/test-failed-1.png
    ────────────────────────────────────────────────────────────────────────────────────────────────

    attachment #2: video (video/webm) ──────────────────────────────────────────────────────────────
    ../test-results/accessibility-edge-cases-E-fc6fa--memory-pressure-gracefully-chromium/video.webm
    ────────────────────────────────────────────────────────────────────────────────────────────────

    Error Context: ../test-results/accessibility-edge-cases-E-fc6fa--memory-pressure-gracefully-chromium/error-context.md
]]>
</failure>
<system-out>
<![CDATA[
[[ATTACHMENT|test-results/accessibility-edge-cases-E-fc6fa--memory-pressure-gracefully-chromium/test-failed-1.png]]

[[ATTACHMENT|test-results/accessibility-edge-cases-E-fc6fa--memory-pressure-gracefully-chromium/video.webm]]

[[ATTACHMENT|test-results/accessibility-edge-cases-E-fc6fa--memory-pressure-gracefully-chromium/error-context.md]]
]]>
</system-out>
</testcase>
</testsuite>
<testsuite name="core-functionality.spec.js" timestamp="2025-10-23T02:33:00.593Z" hostname="chromium" tests="7" failures="7" skipped="0" time="74.8" errors="0">
<testcase name="Enhanced Figma Plugin - Core Functionality @smoke @critical › should load the enhanced UI with all elements visible" classname="core-functionality.spec.js" time="6.366">
<failure message="core-functionality.spec.js:14:3 should load the enhanced UI with all elements visible" type="FAILURE">
<![CDATA[  [chromium] › core-functionality.spec.js:14:3 › Enhanced Figma Plugin - Core Functionality @smoke @critical › should load the enhanced UI with all elements visible 

    Error: expect(page).toHaveTitle(expected) failed

    Expected pattern: /Enhanced Figma Plugin/
    Received string:  "Error response"
    Timeout: 5000ms

    Call log:
      - Expect "toHaveTitle" with timeout 5000ms
        9 × unexpected value "Error response"


      14 |   test('should load the enhanced UI with all elements visible', async ({ page }) => {
      15 |     // Check page title
    > 16 |     await expect(page).toHaveTitle(/Enhanced Figma Plugin/);
         |                        ^
      17 |     
      18 |     // Verify main container is visible
      19 |     await expect(page.locator('body')).toBeVisible();
        at /Users/david/Documents/Figa-Jira-Automations-Tool/figma-ticket-generator/browser-tests/tests/core-functionality.spec.js:16:24

    attachment #1: screenshot (image/png) ──────────────────────────────────────────────────────────
    ../test-results/core-functionality-Enhance-8d18f-I-with-all-elements-visible-chromium/test-failed-1.png
    ────────────────────────────────────────────────────────────────────────────────────────────────

    attachment #2: video (video/webm) ──────────────────────────────────────────────────────────────
    ../test-results/core-functionality-Enhance-8d18f-I-with-all-elements-visible-chromium/video.webm
    ────────────────────────────────────────────────────────────────────────────────────────────────

    Error Context: ../test-results/core-functionality-Enhance-8d18f-I-with-all-elements-visible-chromium/error-context.md
]]>
</failure>
<system-out>
<![CDATA[
[[ATTACHMENT|test-results/core-functionality-Enhance-8d18f-I-with-all-elements-visible-chromium/test-failed-1.png]]

[[ATTACHMENT|test-results/core-functionality-Enhance-8d18f-I-with-all-elements-visible-chromium/video.webm]]

[[ATTACHMENT|test-results/core-functionality-Enhance-8d18f-I-with-all-elements-visible-chromium/error-context.md]]
]]>
</system-out>
</testcase>
<testcase name="Enhanced Figma Plugin - Core Functionality @smoke @critical › should show validation error for empty tech stack input" classname="core-functionality.spec.js" time="11.307">
<failure message="core-functionality.spec.js:42:3 should show validation error for empty tech stack input" type="FAILURE">
<![CDATA[  [chromium] › core-functionality.spec.js:42:3 › Enhanced Figma Plugin - Core Functionality @smoke @critical › should show validation error for empty tech stack input 

    TimeoutError: page.click: Timeout 10000ms exceeded.
    Call log:
      - waiting for locator('#generateBtn')


      42 |   test('should show validation error for empty tech stack input', async ({ page }) => {
      43 |     // Try to generate without input
    > 44 |     await page.click('#generateBtn');
         |                ^
      45 |     
      46 |     // Should show validation error
      47 |     await expect(page.locator('.error-message')).toBeVisible();
        at /Users/david/Documents/Figa-Jira-Automations-Tool/figma-ticket-generator/browser-tests/tests/core-functionality.spec.js:44:16

    attachment #1: screenshot (image/png) ──────────────────────────────────────────────────────────
    ../test-results/core-functionality-Enhance-df713--for-empty-tech-stack-input-chromium/test-failed-1.png
    ────────────────────────────────────────────────────────────────────────────────────────────────

    attachment #2: video (video/webm) ──────────────────────────────────────────────────────────────
    ../test-results/core-functionality-Enhance-df713--for-empty-tech-stack-input-chromium/video.webm
    ────────────────────────────────────────────────────────────────────────────────────────────────

    Error Context: ../test-results/core-functionality-Enhance-df713--for-empty-tech-stack-input-chromium/error-context.md
]]>
</failure>
<system-out>
<![CDATA[
[[ATTACHMENT|test-results/core-functionality-Enhance-df713--for-empty-tech-stack-input-chromium/test-failed-1.png]]

[[ATTACHMENT|test-results/core-functionality-Enhance-df713--for-empty-tech-stack-input-chromium/video.webm]]

[[ATTACHMENT|test-results/core-functionality-Enhance-df713--for-empty-tech-stack-input-chromium/error-context.md]]
]]>
</system-out>
</testcase>
<testcase name="Enhanced Figma Plugin - Core Functionality @smoke @critical › should process tech stack input and show confidence indicator" classname="core-functionality.spec.js" time="11.333">
<failure message="core-functionality.spec.js:54:3 should process tech stack input and show confidence indicator" type="FAILURE">
<![CDATA[  [chromium] › core-functionality.spec.js:54:3 › Enhanced Figma Plugin - Core Functionality @smoke @critical › should process tech stack input and show confidence indicator 

    TimeoutError: page.fill: Timeout 10000ms exceeded.
    Call log:
      - waiting for locator('#techStackInput')


      55 |     // Input a valid tech stack description
      56 |     const techStack = 'React with TypeScript, styled-components, and Jest testing';
    > 57 |     await page.fill('#techStackInput', techStack);
         |                ^
      58 |     
      59 |     // Trigger tech stack parsing (should happen on input)
      60 |     await page.dispatchEvent('#techStackInput', 'input');
        at /Users/david/Documents/Figa-Jira-Automations-Tool/figma-ticket-generator/browser-tests/tests/core-functionality.spec.js:57:16

    attachment #1: screenshot (image/png) ──────────────────────────────────────────────────────────
    ../test-results/core-functionality-Enhance-37bdf-d-show-confidence-indicator-chromium/test-failed-1.png
    ────────────────────────────────────────────────────────────────────────────────────────────────

    attachment #2: video (video/webm) ──────────────────────────────────────────────────────────────
    ../test-results/core-functionality-Enhance-37bdf-d-show-confidence-indicator-chromium/video.webm
    ────────────────────────────────────────────────────────────────────────────────────────────────

    Error Context: ../test-results/core-functionality-Enhance-37bdf-d-show-confidence-indicator-chromium/error-context.md
]]>
</failure>
<system-out>
<![CDATA[
[[ATTACHMENT|test-results/core-functionality-Enhance-37bdf-d-show-confidence-indicator-chromium/test-failed-1.png]]

[[ATTACHMENT|test-results/core-functionality-Enhance-37bdf-d-show-confidence-indicator-chromium/video.webm]]

[[ATTACHMENT|test-results/core-functionality-Enhance-37bdf-d-show-confidence-indicator-chromium/error-context.md]]
]]>
</system-out>
</testcase>
<testcase name="Enhanced Figma Plugin - Core Functionality @smoke @critical › should generate enhanced document with valid input @critical" classname="core-functionality.spec.js" time="11.323">
<failure message="core-functionality.spec.js:76:3 should generate enhanced document with valid input @critical" type="FAILURE">
<![CDATA[  [chromium] › core-functionality.spec.js:76:3 › Enhanced Figma Plugin - Core Functionality @smoke @critical › should generate enhanced document with valid input @critical 

    TimeoutError: page.fill: Timeout 10000ms exceeded.
    Call log:
      - waiting for locator('#techStackInput')


      77 |     // Input comprehensive tech stack
      78 |     const techStack = 'Next.js with TypeScript, Chakra UI for styling, React Query for data fetching, Jest and React Testing Library for testing';
    > 79 |     await page.fill('#techStackInput', techStack);
         |                ^
      80 |     
      81 |     // Select document type
      82 |     await page.selectOption('#documentType', 'jira');
        at /Users/david/Documents/Figa-Jira-Automations-Tool/figma-ticket-generator/browser-tests/tests/core-functionality.spec.js:79:16

    attachment #1: screenshot (image/png) ──────────────────────────────────────────────────────────
    ../test-results/core-functionality-Enhance-38d4c-t-with-valid-input-critical-chromium/test-failed-1.png
    ────────────────────────────────────────────────────────────────────────────────────────────────

    attachment #2: video (video/webm) ──────────────────────────────────────────────────────────────
    ../test-results/core-functionality-Enhance-38d4c-t-with-valid-input-critical-chromium/video.webm
    ────────────────────────────────────────────────────────────────────────────────────────────────

    Error Context: ../test-results/core-functionality-Enhance-38d4c-t-with-valid-input-critical-chromium/error-context.md
]]>
</failure>
<system-out>
<![CDATA[
[[ATTACHMENT|test-results/core-functionality-Enhance-38d4c-t-with-valid-input-critical-chromium/test-failed-1.png]]

[[ATTACHMENT|test-results/core-functionality-Enhance-38d4c-t-with-valid-input-critical-chromium/video.webm]]

[[ATTACHMENT|test-results/core-functionality-Enhance-38d4c-t-with-valid-input-critical-chromium/error-context.md]]
]]>
</system-out>
</testcase>
<testcase name="Enhanced Figma Plugin - Core Functionality @smoke @critical › should handle MCP server unavailable gracefully" classname="core-functionality.spec.js" time="11.296">
<failure message="core-functionality.spec.js:128:3 should handle MCP server unavailable gracefully" type="FAILURE">
<![CDATA[  [chromium] › core-functionality.spec.js:128:3 › Enhanced Figma Plugin - Core Functionality @smoke @critical › should handle MCP server unavailable gracefully 

    TimeoutError: page.fill: Timeout 10000ms exceeded.
    Call log:
      - waiting for locator('#techStackInput')


      133 |     
      134 |     // Input tech stack and generate
    > 135 |     await page.fill('#techStackInput', 'React with TypeScript');
          |                ^
      136 |     await page.click('#generateBtn');
      137 |     
      138 |     // Should show fallback message
        at /Users/david/Documents/Figa-Jira-Automations-Tool/figma-ticket-generator/browser-tests/tests/core-functionality.spec.js:135:16

    attachment #1: screenshot (image/png) ──────────────────────────────────────────────────────────
    ../test-results/core-functionality-Enhance-d3f27-rver-unavailable-gracefully-chromium/test-failed-1.png
    ────────────────────────────────────────────────────────────────────────────────────────────────

    attachment #2: video (video/webm) ──────────────────────────────────────────────────────────────
    ../test-results/core-functionality-Enhance-d3f27-rver-unavailable-gracefully-chromium/video.webm
    ────────────────────────────────────────────────────────────────────────────────────────────────

    Error Context: ../test-results/core-functionality-Enhance-d3f27-rver-unavailable-gracefully-chromium/error-context.md
]]>
</failure>
<system-out>
<![CDATA[
[[ATTACHMENT|test-results/core-functionality-Enhance-d3f27-rver-unavailable-gracefully-chromium/test-failed-1.png]]

[[ATTACHMENT|test-results/core-functionality-Enhance-d3f27-rver-unavailable-gracefully-chromium/video.webm]]

[[ATTACHMENT|test-results/core-functionality-Enhance-d3f27-rver-unavailable-gracefully-chromium/error-context.md]]
]]>
</system-out>
</testcase>
<testcase name="Enhanced Figma Plugin - Core Functionality @smoke @critical › should copy generated content to clipboard" classname="core-functionality.spec.js" time="11.341">
<failure message="core-functionality.spec.js:151:3 should copy generated content to clipboard" type="FAILURE">
<![CDATA[  [chromium] › core-functionality.spec.js:151:3 › Enhanced Figma Plugin - Core Functionality @smoke @critical › should copy generated content to clipboard 

    TimeoutError: page.fill: Timeout 10000ms exceeded.
    Call log:
      - waiting for locator('#techStackInput')


      151 |   test('should copy generated content to clipboard', async ({ page }) => {
      152 |     // Generate content first
    > 153 |     await page.fill('#techStackInput', 'Vue 3 with Composition API and Pinia');
          |                ^
      154 |     await page.click('#generateBtn');
      155 |     await page.waitForSelector('#results', { state: 'visible', timeout: 20000 });
      156 |     
        at /Users/david/Documents/Figa-Jira-Automations-Tool/figma-ticket-generator/browser-tests/tests/core-functionality.spec.js:153:16

    attachment #1: screenshot (image/png) ──────────────────────────────────────────────────────────
    ../test-results/core-functionality-Enhance-9a004-erated-content-to-clipboard-chromium/test-failed-1.png
    ────────────────────────────────────────────────────────────────────────────────────────────────

    attachment #2: video (video/webm) ──────────────────────────────────────────────────────────────
    ../test-results/core-functionality-Enhance-9a004-erated-content-to-clipboard-chromium/video.webm
    ────────────────────────────────────────────────────────────────────────────────────────────────

    Error Context: ../test-results/core-functionality-Enhance-9a004-erated-content-to-clipboard-chromium/error-context.md
]]>
</failure>
<system-out>
<![CDATA[
[[ATTACHMENT|test-results/core-functionality-Enhance-9a004-erated-content-to-clipboard-chromium/test-failed-1.png]]

[[ATTACHMENT|test-results/core-functionality-Enhance-9a004-erated-content-to-clipboard-chromium/video.webm]]

[[ATTACHMENT|test-results/core-functionality-Enhance-9a004-erated-content-to-clipboard-chromium/error-context.md]]
]]>
</system-out>
</testcase>
<testcase name="Enhanced Figma Plugin - Core Functionality @smoke @critical › should iterate through different document types" classname="core-functionality.spec.js" time="11.834">
<failure message="core-functionality.spec.js:174:3 should iterate through different document types" type="FAILURE">
<![CDATA[  [chromium] › core-functionality.spec.js:174:3 › Enhanced Figma Plugin - Core Functionality @smoke @critical › should iterate through different document types 

    TimeoutError: page.selectOption: Timeout 10000ms exceeded.
    Call log:
      - waiting for locator('#documentType')


      187 |       
      188 |       // Select document type
    > 189 |       await page.selectOption('#documentType', docType.value);
          |                  ^
      190 |       
      191 |       // Fill form
      192 |       await page.fill('#techStackInput', 'React with TypeScript and Material-UI');
        at /Users/david/Documents/Figa-Jira-Automations-Tool/figma-ticket-generator/browser-tests/tests/core-functionality.spec.js:189:18

    attachment #1: screenshot (image/png) ──────────────────────────────────────────────────────────
    ../test-results/core-functionality-Enhance-4d2a8-gh-different-document-types-chromium/test-failed-1.png
    ────────────────────────────────────────────────────────────────────────────────────────────────

    attachment #2: video (video/webm) ──────────────────────────────────────────────────────────────
    ../test-results/core-functionality-Enhance-4d2a8-gh-different-document-types-chromium/video.webm
    ────────────────────────────────────────────────────────────────────────────────────────────────

    Error Context: ../test-results/core-functionality-Enhance-4d2a8-gh-different-document-types-chromium/error-context.md
]]>
</failure>
<system-out>
<![CDATA[
[[ATTACHMENT|test-results/core-functionality-Enhance-4d2a8-gh-different-document-types-chromium/test-failed-1.png]]

[[ATTACHMENT|test-results/core-functionality-Enhance-4d2a8-gh-different-document-types-chromium/video.webm]]

[[ATTACHMENT|test-results/core-functionality-Enhance-4d2a8-gh-different-document-types-chromium/error-context.md]]
]]>
</system-out>
</testcase>
</testsuite>
<testsuite name="cross-browser-performance.spec.js" timestamp="2025-10-23T02:33:00.593Z" hostname="chromium" tests="10" failures="9" skipped="0" time="77.501" errors="0">
<testcase name="Cross-Browser Compatibility Testing › should work consistently across all major browsers @smoke" classname="cross-browser-performance.spec.js" time="5.713">
<failure message="cross-browser-performance.spec.js:10:3 should work consistently across all major browsers @smoke" type="FAILURE">
<![CDATA[  [chromium] › cross-browser-performance.spec.js:10:3 › Cross-Browser Compatibility Testing › should work consistently across all major browsers @smoke 

    Error: expect(locator).toBeVisible() failed

    Locator: locator('#app')
    Expected: visible
    Timeout: 5000ms
    Error: element(s) not found

    Call log:
      - Expect "toBeVisible" with timeout 5000ms
      - waiting for locator('#app')


      12 |     
      13 |     // Basic functionality should work on all browsers
    > 14 |     await expect(page.locator('#app')).toBeVisible();
         |                                        ^
      15 |     await expect(page.locator('#techStackInput')).toBeVisible();
      16 |     await expect(page.locator('#generateBtn')).toBeVisible();
      17 |     
        at /Users/david/Documents/Figa-Jira-Automations-Tool/figma-ticket-generator/browser-tests/tests/cross-browser-performance.spec.js:14:40

    attachment #1: screenshot (image/png) ──────────────────────────────────────────────────────────
    ../test-results/cross-browser-performance--4ca98-ss-all-major-browsers-smoke-chromium/test-failed-1.png
    ────────────────────────────────────────────────────────────────────────────────────────────────

    attachment #2: video (video/webm) ──────────────────────────────────────────────────────────────
    ../test-results/cross-browser-performance--4ca98-ss-all-major-browsers-smoke-chromium/video.webm
    ────────────────────────────────────────────────────────────────────────────────────────────────

    Error Context: ../test-results/cross-browser-performance--4ca98-ss-all-major-browsers-smoke-chromium/error-context.md
]]>
</failure>
<system-out>
<![CDATA[Testing on: chromium

[[ATTACHMENT|test-results/cross-browser-performance--4ca98-ss-all-major-browsers-smoke-chromium/test-failed-1.png]]

[[ATTACHMENT|test-results/cross-browser-performance--4ca98-ss-all-major-browsers-smoke-chromium/video.webm]]

[[ATTACHMENT|test-results/cross-browser-performance--4ca98-ss-all-major-browsers-smoke-chromium/error-context.md]]
]]>
</system-out>
</testcase>
<testcase name="Cross-Browser Compatibility Testing › should handle CSS features consistently across browsers" classname="cross-browser-performance.spec.js" time="5.712">
<failure message="cross-browser-performance.spec.js:31:3 should handle CSS features consistently across browsers" type="FAILURE">
<![CDATA[  [chromium] › cross-browser-performance.spec.js:31:3 › Cross-Browser Compatibility Testing › should handle CSS features consistently across browsers 

    Error: expect(locator).toHaveCSS(expected) failed

    Locator: locator('.container')
    Expected pattern: /flex|grid/
    Timeout: 5000ms
    Error: element(s) not found

    Call log:
      - Expect "toHaveCSS" with timeout 5000ms
      - waiting for locator('.container')


      32 |     // Check CSS Grid/Flexbox support
      33 |     const container = page.locator('.container');
    > 34 |     await expect(container).toHaveCSS('display', /flex|grid/);
         |                             ^
      35 |     
      36 |     // Check CSS custom properties (variables)
      37 |     const primaryColor = await page.evaluate(() => {
        at /Users/david/Documents/Figa-Jira-Automations-Tool/figma-ticket-generator/browser-tests/tests/cross-browser-performance.spec.js:34:29

    attachment #1: screenshot (image/png) ──────────────────────────────────────────────────────────
    ../test-results/cross-browser-performance--356f2-onsistently-across-browsers-chromium/test-failed-1.png
    ────────────────────────────────────────────────────────────────────────────────────────────────

    attachment #2: video (video/webm) ──────────────────────────────────────────────────────────────
    ../test-results/cross-browser-performance--356f2-onsistently-across-browsers-chromium/video.webm
    ────────────────────────────────────────────────────────────────────────────────────────────────

    Error Context: ../test-results/cross-browser-performance--356f2-onsistently-across-browsers-chromium/error-context.md
]]>
</failure>
<system-out>
<![CDATA[
[[ATTACHMENT|test-results/cross-browser-performance--356f2-onsistently-across-browsers-chromium/test-failed-1.png]]

[[ATTACHMENT|test-results/cross-browser-performance--356f2-onsistently-across-browsers-chromium/video.webm]]

[[ATTACHMENT|test-results/cross-browser-performance--356f2-onsistently-across-browsers-chromium/error-context.md]]
]]>
</system-out>
</testcase>
<testcase name="Cross-Browser Compatibility Testing › should handle JavaScript features consistently" classname="cross-browser-performance.spec.js" time="0.617">
<system-out>
<![CDATA[chromium: Clipboard API available
]]>
</system-out>
</testcase>
<testcase name="Mobile and Touch Device Testing › should work on mobile Chrome" classname="cross-browser-performance.spec.js" time="5.705">
<failure message="cross-browser-performance.spec.js:87:3 should work on mobile Chrome" type="FAILURE">
<![CDATA[  [chromium] › cross-browser-performance.spec.js:87:3 › Mobile and Touch Device Testing › should work on mobile Chrome 

    Error: expect(locator).toBeVisible() failed

    Locator: locator('#app')
    Expected: visible
    Timeout: 5000ms
    Error: element(s) not found

    Call log:
      - Expect "toBeVisible" with timeout 5000ms
      - waiting for locator('#app')


      92 |     
      93 |     // Should be responsive
    > 94 |     await expect(page.locator('#app')).toBeVisible();
         |                                        ^
      95 |     
      96 |     // Touch interactions should work
      97 |     await page.tap('#techStackInput');
        at /Users/david/Documents/Figa-Jira-Automations-Tool/figma-ticket-generator/browser-tests/tests/cross-browser-performance.spec.js:94:40

    attachment #1: screenshot (image/png) ──────────────────────────────────────────────────────────
    ../test-results/cross-browser-performance--c522b-hould-work-on-mobile-Chrome-chromium/test-failed-1.png
    ────────────────────────────────────────────────────────────────────────────────────────────────

    attachment #2: video (video/webm) ──────────────────────────────────────────────────────────────
    ../test-results/cross-browser-performance--c522b-hould-work-on-mobile-Chrome-chromium/video.webm
    ────────────────────────────────────────────────────────────────────────────────────────────────

    Error Context: ../test-results/cross-browser-performance--c522b-hould-work-on-mobile-Chrome-chromium/error-context.md
]]>
</failure>
<system-out>
<![CDATA[
[[ATTACHMENT|test-results/cross-browser-performance--c522b-hould-work-on-mobile-Chrome-chromium/test-failed-1.png]]

[[ATTACHMENT|test-results/cross-browser-performance--c522b-hould-work-on-mobile-Chrome-chromium/video.webm]]

[[ATTACHMENT|test-results/cross-browser-performance--c522b-hould-work-on-mobile-Chrome-chromium/error-context.md]]
]]>
</system-out>
</testcase>
<testcase name="Mobile and Touch Device Testing › should work on mobile Safari" classname="cross-browser-performance.spec.js" time="5.708">
<failure message="cross-browser-performance.spec.js:107:3 should work on mobile Safari" type="FAILURE">
<![CDATA[  [chromium] › cross-browser-performance.spec.js:107:3 › Mobile and Touch Device Testing › should work on mobile Safari 

    Error: expect(locator).toBeVisible() failed

    Locator: locator('#techStackInput')
    Expected: visible
    Timeout: 5000ms
    Error: element(s) not found

    Call log:
      - Expect "toBeVisible" with timeout 5000ms
      - waiting for locator('#techStackInput')


      112 |     
      113 |     // Test iOS-specific behaviors
    > 114 |     await expect(page.locator('#techStackInput')).toBeVisible();
          |                                                   ^
      115 |     
      116 |     // iOS Safari input handling
      117 |     await page.tap('#techStackInput');
        at /Users/david/Documents/Figa-Jira-Automations-Tool/figma-ticket-generator/browser-tests/tests/cross-browser-performance.spec.js:114:51

    attachment #1: screenshot (image/png) ──────────────────────────────────────────────────────────
    ../test-results/cross-browser-performance--cfd95-hould-work-on-mobile-Safari-chromium/test-failed-1.png
    ────────────────────────────────────────────────────────────────────────────────────────────────

    attachment #2: video (video/webm) ──────────────────────────────────────────────────────────────
    ../test-results/cross-browser-performance--cfd95-hould-work-on-mobile-Safari-chromium/video.webm
    ────────────────────────────────────────────────────────────────────────────────────────────────

    Error Context: ../test-results/cross-browser-performance--cfd95-hould-work-on-mobile-Safari-chromium/error-context.md
]]>
</failure>
<system-out>
<![CDATA[
[[ATTACHMENT|test-results/cross-browser-performance--cfd95-hould-work-on-mobile-Safari-chromium/test-failed-1.png]]

[[ATTACHMENT|test-results/cross-browser-performance--cfd95-hould-work-on-mobile-Safari-chromium/video.webm]]

[[ATTACHMENT|test-results/cross-browser-performance--cfd95-hould-work-on-mobile-Safari-chromium/error-context.md]]
]]>
</system-out>
</testcase>
<testcase name="Mobile and Touch Device Testing › should handle touch gestures and mobile interactions" classname="cross-browser-performance.spec.js" time="10.788">
<failure message="cross-browser-performance.spec.js:128:3 should handle touch gestures and mobile interactions" type="FAILURE">
<![CDATA[  [chromium] › cross-browser-performance.spec.js:128:3 › Mobile and Touch Device Testing › should handle touch gestures and mobile interactions 

    TimeoutError: page.fill: Timeout 10000ms exceeded.
    Call log:
      - waiting for locator('#techStackInput')


      132 |     
      133 |     // Test touch scrolling (if content is scrollable)
    > 134 |     await page.fill('#techStackInput', 'Very long tech stack description that should trigger various UI states and potentially scrollable content areas for testing mobile scrolling behavior');
          |                ^
      135 |     
      136 |     // Test mobile form submission
      137 |     await page.tap('#generateBtn');
        at /Users/david/Documents/Figa-Jira-Automations-Tool/figma-ticket-generator/browser-tests/tests/cross-browser-performance.spec.js:134:16

    attachment #1: screenshot (image/png) ──────────────────────────────────────────────────────────
    ../test-results/cross-browser-performance--79813-res-and-mobile-interactions-chromium/test-failed-1.png
    ────────────────────────────────────────────────────────────────────────────────────────────────

    attachment #2: video (video/webm) ──────────────────────────────────────────────────────────────
    ../test-results/cross-browser-performance--79813-res-and-mobile-interactions-chromium/video.webm
    ────────────────────────────────────────────────────────────────────────────────────────────────

    Error Context: ../test-results/cross-browser-performance--79813-res-and-mobile-interactions-chromium/error-context.md
]]>
</failure>
<system-out>
<![CDATA[
[[ATTACHMENT|test-results/cross-browser-performance--79813-res-and-mobile-interactions-chromium/test-failed-1.png]]

[[ATTACHMENT|test-results/cross-browser-performance--79813-res-and-mobile-interactions-chromium/video.webm]]

[[ATTACHMENT|test-results/cross-browser-performance--79813-res-and-mobile-interactions-chromium/error-context.md]]
]]>
</system-out>
</testcase>
<testcase name="Performance and Load Testing @critical › should handle multiple rapid requests without breaking" classname="cross-browser-performance.spec.js" time="10.813">
<failure message="cross-browser-performance.spec.js:153:3 should handle multiple rapid requests without breaking" type="FAILURE">
<![CDATA[  [chromium] › cross-browser-performance.spec.js:153:3 › Performance and Load Testing @critical › should handle multiple rapid requests without breaking 

    TimeoutError: page.fill: Timeout 10000ms exceeded.
    Call log:
      - waiting for locator('#techStackInput')


      165 |     // Make multiple rapid requests
      166 |     for (let i = 0; i < testInputs.length; i++) {
    > 167 |       await page.fill('#techStackInput', testInputs[i]);
          |                  ^
      168 |       
      169 |       // Don't wait for previous request to complete
      170 |       page.click('#generateBtn'); // Note: no await here for rapid fire
        at /Users/david/Documents/Figa-Jira-Automations-Tool/figma-ticket-generator/browser-tests/tests/cross-browser-performance.spec.js:167:18

    attachment #1: screenshot (image/png) ──────────────────────────────────────────────────────────
    ../test-results/cross-browser-performance--46aea-d-requests-without-breaking-chromium/test-failed-1.png
    ────────────────────────────────────────────────────────────────────────────────────────────────

    attachment #2: video (video/webm) ──────────────────────────────────────────────────────────────
    ../test-results/cross-browser-performance--46aea-d-requests-without-breaking-chromium/video.webm
    ────────────────────────────────────────────────────────────────────────────────────────────────

    Error Context: ../test-results/cross-browser-performance--46aea-d-requests-without-breaking-chromium/error-context.md
]]>
</failure>
<system-out>
<![CDATA[
[[ATTACHMENT|test-results/cross-browser-performance--46aea-d-requests-without-breaking-chromium/test-failed-1.png]]

[[ATTACHMENT|test-results/cross-browser-performance--46aea-d-requests-without-breaking-chromium/video.webm]]

[[ATTACHMENT|test-results/cross-browser-performance--46aea-d-requests-without-breaking-chromium/error-context.md]]
]]>
</system-out>
</testcase>
<testcase name="Performance and Load Testing @critical › should handle large input text without performance degradation" classname="cross-browser-performance.spec.js" time="10.828">
<failure message="cross-browser-performance.spec.js:184:3 should handle large input text without performance degradation" type="FAILURE">
<![CDATA[  [chromium] › cross-browser-performance.spec.js:184:3 › Performance and Load Testing @critical › should handle large input text without performance degradation 

    TimeoutError: page.fill: Timeout 10000ms exceeded.
    Call log:
      - waiting for locator('#techStackInput')


      192 |     
      193 |     // Fill large input
    > 194 |     await page.fill('#techStackInput', largeInput);
          |                ^
      195 |     
      196 |     // Should still respond reasonably quickly
      197 |     await page.click('#generateBtn');
        at /Users/david/Documents/Figa-Jira-Automations-Tool/figma-ticket-generator/browser-tests/tests/cross-browser-performance.spec.js:194:16

    attachment #1: screenshot (image/png) ──────────────────────────────────────────────────────────
    ../test-results/cross-browser-performance--5e7fa-out-performance-degradation-chromium/test-failed-1.png
    ────────────────────────────────────────────────────────────────────────────────────────────────

    attachment #2: video (video/webm) ──────────────────────────────────────────────────────────────
    ../test-results/cross-browser-performance--5e7fa-out-performance-degradation-chromium/video.webm
    ────────────────────────────────────────────────────────────────────────────────────────────────

    Error Context: ../test-results/cross-browser-performance--5e7fa-out-performance-degradation-chromium/error-context.md
]]>
</failure>
<system-out>
<![CDATA[
[[ATTACHMENT|test-results/cross-browser-performance--5e7fa-out-performance-degradation-chromium/test-failed-1.png]]

[[ATTACHMENT|test-results/cross-browser-performance--5e7fa-out-performance-degradation-chromium/video.webm]]

[[ATTACHMENT|test-results/cross-browser-performance--5e7fa-out-performance-degradation-chromium/error-context.md]]
]]>
</system-out>
</testcase>
<testcase name="Performance and Load Testing @critical › should maintain responsiveness during long-running operations" classname="cross-browser-performance.spec.js" time="10.831">
<failure message="cross-browser-performance.spec.js:213:3 should maintain responsiveness during long-running operations" type="FAILURE">
<![CDATA[  [chromium] › cross-browser-performance.spec.js:213:3 › Performance and Load Testing @critical › should maintain responsiveness during long-running operations 

    TimeoutError: page.fill: Timeout 10000ms exceeded.
    Call log:
      - waiting for locator('#techStackInput')


      222 |     
      223 |     // Start generation
    > 224 |     await page.fill('#techStackInput', 'Performance test: React with TypeScript');
          |                ^
      225 |     await page.click('#generateBtn');
      226 |     
      227 |     // UI should remain responsive during operation
        at /Users/david/Documents/Figa-Jira-Automations-Tool/figma-ticket-generator/browser-tests/tests/cross-browser-performance.spec.js:224:16

    attachment #1: screenshot (image/png) ──────────────────────────────────────────────────────────
    ../test-results/cross-browser-performance--6d154-ing-long-running-operations-chromium/test-failed-1.png
    ────────────────────────────────────────────────────────────────────────────────────────────────

    attachment #2: video (video/webm) ──────────────────────────────────────────────────────────────
    ../test-results/cross-browser-performance--6d154-ing-long-running-operations-chromium/video.webm
    ────────────────────────────────────────────────────────────────────────────────────────────────

    Error Context: ../test-results/cross-browser-performance--6d154-ing-long-running-operations-chromium/error-context.md
]]>
</failure>
<system-out>
<![CDATA[
[[ATTACHMENT|test-results/cross-browser-performance--6d154-ing-long-running-operations-chromium/test-failed-1.png]]

[[ATTACHMENT|test-results/cross-browser-performance--6d154-ing-long-running-operations-chromium/video.webm]]

[[ATTACHMENT|test-results/cross-browser-performance--6d154-ing-long-running-operations-chromium/error-context.md]]
]]>
</system-out>
</testcase>
<testcase name="Performance and Load Testing @critical › should handle memory usage efficiently with multiple operations" classname="cross-browser-performance.spec.js" time="10.786">
<failure message="cross-browser-performance.spec.js:245:3 should handle memory usage efficiently with multiple operations" type="FAILURE">
<![CDATA[  [chromium] › cross-browser-performance.spec.js:245:3 › Performance and Load Testing @critical › should handle memory usage efficiently with multiple operations 

    TimeoutError: page.fill: Timeout 10000ms exceeded.
    Call log:
      - waiting for locator('#techStackInput')


      251 |     
      252 |     for (let i = 0; i < iterations; i++) {
    > 253 |       await page.fill('#techStackInput', `Iteration ${i + 1}: React with TypeScript and various libraries`);
          |                  ^
      254 |       await page.click('#generateBtn');
      255 |       await page.waitForSelector('#results', { state: 'visible', timeout: 30000 });
      256 |       
        at /Users/david/Documents/Figa-Jira-Automations-Tool/figma-ticket-generator/browser-tests/tests/cross-browser-performance.spec.js:253:18

    attachment #1: screenshot (image/png) ──────────────────────────────────────────────────────────
    ../test-results/cross-browser-performance--1ef7e-ly-with-multiple-operations-chromium/test-failed-1.png
    ────────────────────────────────────────────────────────────────────────────────────────────────

    attachment #2: video (video/webm) ──────────────────────────────────────────────────────────────
    ../test-results/cross-browser-performance--1ef7e-ly-with-multiple-operations-chromium/video.webm
    ────────────────────────────────────────────────────────────────────────────────────────────────

    Error Context: ../test-results/cross-browser-performance--1ef7e-ly-with-multiple-operations-chromium/error-context.md
]]>
</failure>
<system-out>
<![CDATA[
[[ATTACHMENT|test-results/cross-browser-performance--1ef7e-ly-with-multiple-operations-chromium/test-failed-1.png]]

[[ATTACHMENT|test-results/cross-browser-performance--1ef7e-ly-with-multiple-operations-chromium/video.webm]]

[[ATTACHMENT|test-results/cross-browser-performance--1ef7e-ly-with-multiple-operations-chromium/error-context.md]]
]]>
</system-out>
</testcase>
</testsuite>
<testsuite name="debug-test.spec.js" timestamp="2025-10-23T02:33:00.593Z" hostname="chromium" tests="1" failures="1" skipped="0" time="10.772" errors="0">
<testcase name="debug UI generation" classname="debug-test.spec.js" time="10.772">
<failure message="debug-test.spec.js:3:1 debug UI generation" type="FAILURE">
<![CDATA[  [chromium] › debug-test.spec.js:3:1 › debug UI generation ────────────────────────────────────────

    TimeoutError: page.fill: Timeout 10000ms exceeded.
    Call log:
      - waiting for locator('#techStackInput')


      12 |   
      13 |   // Fill input
    > 14 |   await page.fill('#techStackInput', 'React + TypeScript');
         |              ^
      15 |   
      16 |   // Click generate button
      17 |   console.log('Clicking generate button...');
        at /Users/david/Documents/Figa-Jira-Automations-Tool/figma-ticket-generator/browser-tests/tests/debug-test.spec.js:14:14

    attachment #1: screenshot (image/png) ──────────────────────────────────────────────────────────
    ../test-results/debug-test-debug-UI-generation-chromium/test-failed-1.png
    ────────────────────────────────────────────────────────────────────────────────────────────────

    attachment #2: video (video/webm) ──────────────────────────────────────────────────────────────
    ../test-results/debug-test-debug-UI-generation-chromium/video.webm
    ────────────────────────────────────────────────────────────────────────────────────────────────

    Error Context: ../test-results/debug-test-debug-UI-generation-chromium/error-context.md
]]>
</failure>
<system-out>
<![CDATA[BROWSER: Failed to load resource: the server responded with a status of 404 (File not found)

[[ATTACHMENT|test-results/debug-test-debug-UI-generation-chromium/test-failed-1.png]]

[[ATTACHMENT|test-results/debug-test-debug-UI-generation-chromium/video.webm]]

[[ATTACHMENT|test-results/debug-test-debug-UI-generation-chromium/error-context.md]]
]]>
</system-out>
</testcase>
</testsuite>
<testsuite name="enhanced-validation.spec.js" timestamp="2025-10-23T02:33:00.593Z" hostname="chromium" tests="4" failures="4" skipped="0" time="43.139" errors="0">
<testcase name="Enhanced Interface Validation @smoke › should have all restored features visible and functional" classname="enhanced-validation.spec.js" time="10.782">
<failure message="enhanced-validation.spec.js:19:3 should have all restored features visible and functional" type="FAILURE">
<![CDATA[  [chromium] › enhanced-validation.spec.js:19:3 › Enhanced Interface Validation @smoke › should have all restored features visible and functional 

    TimeoutError: page.click: Timeout 10000ms exceeded.
    Call log:
      - waiting for locator('[data-tab="generator"]')


      13 |     
      14 |     // Switch to the Figma to Document tab
    > 15 |     await page.click('[data-tab="generator"]');
         |                ^
      16 |     await page.waitForTimeout(500);
      17 |   });
      18 |
        at /Users/david/Documents/Figa-Jira-Automations-Tool/figma-ticket-generator/browser-tests/tests/enhanced-validation.spec.js:15:16

    attachment #1: screenshot (image/png) ──────────────────────────────────────────────────────────
    ../test-results/enhanced-validation-Enhanc-86339-ures-visible-and-functional-chromium/test-failed-1.png
    ────────────────────────────────────────────────────────────────────────────────────────────────

    attachment #2: video (video/webm) ──────────────────────────────────────────────────────────────
    ../test-results/enhanced-validation-Enhanc-86339-ures-visible-and-functional-chromium/video.webm
    ────────────────────────────────────────────────────────────────────────────────────────────────

    Error Context: ../test-results/enhanced-validation-Enhanc-86339-ures-visible-and-functional-chromium/error-context.md
]]>
</failure>
<system-out>
<![CDATA[
[[ATTACHMENT|test-results/enhanced-validation-Enhanc-86339-ures-visible-and-functional-chromium/test-failed-1.png]]

[[ATTACHMENT|test-results/enhanced-validation-Enhanc-86339-ures-visible-and-functional-chromium/video.webm]]

[[ATTACHMENT|test-results/enhanced-validation-Enhanc-86339-ures-visible-and-functional-chromium/error-context.md]]
]]>
</system-out>
</testcase>
<testcase name="Enhanced Interface Validation @smoke › should handle tech stack input and document type interaction" classname="enhanced-validation.spec.js" time="10.801">
<failure message="enhanced-validation.spec.js:56:3 should handle tech stack input and document type interaction" type="FAILURE">
<![CDATA[  [chromium] › enhanced-validation.spec.js:56:3 › Enhanced Interface Validation @smoke › should handle tech stack input and document type interaction 

    TimeoutError: page.click: Timeout 10000ms exceeded.
    Call log:
      - waiting for locator('[data-tab="generator"]')


      13 |     
      14 |     // Switch to the Figma to Document tab
    > 15 |     await page.click('[data-tab="generator"]');
         |                ^
      16 |     await page.waitForTimeout(500);
      17 |   });
      18 |
        at /Users/david/Documents/Figa-Jira-Automations-Tool/figma-ticket-generator/browser-tests/tests/enhanced-validation.spec.js:15:16

    attachment #1: screenshot (image/png) ──────────────────────────────────────────────────────────
    ../test-results/enhanced-validation-Enhanc-9c821-d-document-type-interaction-chromium/test-failed-1.png
    ────────────────────────────────────────────────────────────────────────────────────────────────

    attachment #2: video (video/webm) ──────────────────────────────────────────────────────────────
    ../test-results/enhanced-validation-Enhanc-9c821-d-document-type-interaction-chromium/video.webm
    ────────────────────────────────────────────────────────────────────────────────────────────────

    Error Context: ../test-results/enhanced-validation-Enhanc-9c821-d-document-type-interaction-chromium/error-context.md
]]>
</failure>
<system-out>
<![CDATA[
[[ATTACHMENT|test-results/enhanced-validation-Enhanc-9c821-d-document-type-interaction-chromium/test-failed-1.png]]

[[ATTACHMENT|test-results/enhanced-validation-Enhanc-9c821-d-document-type-interaction-chromium/video.webm]]

[[ATTACHMENT|test-results/enhanced-validation-Enhanc-9c821-d-document-type-interaction-chromium/error-context.md]]
]]>
</system-out>
</testcase>
<testcase name="Enhanced Interface Validation @smoke › should persist settings in localStorage" classname="enhanced-validation.spec.js" time="10.792">
<failure message="enhanced-validation.spec.js:85:3 should persist settings in localStorage" type="FAILURE">
<![CDATA[  [chromium] › enhanced-validation.spec.js:85:3 › Enhanced Interface Validation @smoke › should persist settings in localStorage 

    TimeoutError: page.click: Timeout 10000ms exceeded.
    Call log:
      - waiting for locator('[data-tab="generator"]')


      13 |     
      14 |     // Switch to the Figma to Document tab
    > 15 |     await page.click('[data-tab="generator"]');
         |                ^
      16 |     await page.waitForTimeout(500);
      17 |   });
      18 |
        at /Users/david/Documents/Figa-Jira-Automations-Tool/figma-ticket-generator/browser-tests/tests/enhanced-validation.spec.js:15:16

    attachment #1: screenshot (image/png) ──────────────────────────────────────────────────────────
    ../test-results/enhanced-validation-Enhanc-11432-st-settings-in-localStorage-chromium/test-failed-1.png
    ────────────────────────────────────────────────────────────────────────────────────────────────

    attachment #2: video (video/webm) ──────────────────────────────────────────────────────────────
    ../test-results/enhanced-validation-Enhanc-11432-st-settings-in-localStorage-chromium/video.webm
    ────────────────────────────────────────────────────────────────────────────────────────────────

    Error Context: ../test-results/enhanced-validation-Enhanc-11432-st-settings-in-localStorage-chromium/error-context.md
]]>
</failure>
<system-out>
<![CDATA[
[[ATTACHMENT|test-results/enhanced-validation-Enhanc-11432-st-settings-in-localStorage-chromium/test-failed-1.png]]

[[ATTACHMENT|test-results/enhanced-validation-Enhanc-11432-st-settings-in-localStorage-chromium/video.webm]]

[[ATTACHMENT|test-results/enhanced-validation-Enhanc-11432-st-settings-in-localStorage-chromium/error-context.md]]
]]>
</system-out>
</testcase>
<testcase name="Enhanced Interface Validation @smoke › should have MCP server integration ready" classname="enhanced-validation.spec.js" time="10.764">
<failure message="enhanced-validation.spec.js:110:3 should have MCP server integration ready" type="FAILURE">
<![CDATA[  [chromium] › enhanced-validation.spec.js:110:3 › Enhanced Interface Validation @smoke › should have MCP server integration ready 

    TimeoutError: page.click: Timeout 10000ms exceeded.
    Call log:
      - waiting for locator('[data-tab="generator"]')


      13 |     
      14 |     // Switch to the Figma to Document tab
    > 15 |     await page.click('[data-tab="generator"]');
         |                ^
      16 |     await page.waitForTimeout(500);
      17 |   });
      18 |
        at /Users/david/Documents/Figa-Jira-Automations-Tool/figma-ticket-generator/browser-tests/tests/enhanced-validation.spec.js:15:16

    attachment #1: screenshot (image/png) ──────────────────────────────────────────────────────────
    ../test-results/enhanced-validation-Enhanc-00eeb-CP-server-integration-ready-chromium/test-failed-1.png
    ────────────────────────────────────────────────────────────────────────────────────────────────

    attachment #2: video (video/webm) ──────────────────────────────────────────────────────────────
    ../test-results/enhanced-validation-Enhanc-00eeb-CP-server-integration-ready-chromium/video.webm
    ────────────────────────────────────────────────────────────────────────────────────────────────

    Error Context: ../test-results/enhanced-validation-Enhanc-00eeb-CP-server-integration-ready-chromium/error-context.md
]]>
</failure>
<system-out>
<![CDATA[
[[ATTACHMENT|test-results/enhanced-validation-Enhanc-00eeb-CP-server-integration-ready-chromium/test-failed-1.png]]

[[ATTACHMENT|test-results/enhanced-validation-Enhanc-00eeb-CP-server-integration-ready-chromium/video.webm]]

[[ATTACHMENT|test-results/enhanced-validation-Enhanc-00eeb-CP-server-integration-ready-chromium/error-context.md]]
]]>
</system-out>
</testcase>
</testsuite>
<testsuite name="main-application.spec.js" timestamp="2025-10-23T02:33:00.593Z" hostname="chromium" tests="14" failures="14" skipped="0" time="100.205" errors="0">
<testcase name="Main Application - Full Feature E2E Tests › should load main application with tabbed interface" classname="main-application.spec.js" time="5.687">
<failure message="main-application.spec.js:11:3 should load main application with tabbed interface" type="FAILURE">
<![CDATA[  [chromium] › main-application.spec.js:11:3 › Main Application - Full Feature E2E Tests › should load main application with tabbed interface 

    Error: expect(locator).toBeVisible() failed

    Locator: locator('.tab-header')
    Expected: visible
    Timeout: 5000ms
    Error: element(s) not found

    Call log:
      - Expect "toBeVisible" with timeout 5000ms
      - waiting for locator('.tab-header')


      11 |   test('should load main application with tabbed interface', async ({ page }) => {
      12 |     // Check main structure loads
    > 13 |     await expect(page.locator('.tab-header')).toBeVisible();
         |                                               ^
      14 |     await expect(page.locator('.tab-nav')).toBeVisible();
      15 |     
      16 |     // Check both tabs exist
        at /Users/david/Documents/Figa-Jira-Automations-Tool/figma-ticket-generator/browser-tests/tests/main-application.spec.js:13:47

    attachment #1: screenshot (image/png) ──────────────────────────────────────────────────────────
    ../test-results/main-application-Main-Appl-60c74-ation-with-tabbed-interface-chromium/test-failed-1.png
    ────────────────────────────────────────────────────────────────────────────────────────────────

    attachment #2: video (video/webm) ──────────────────────────────────────────────────────────────
    ../test-results/main-application-Main-Appl-60c74-ation-with-tabbed-interface-chromium/video.webm
    ────────────────────────────────────────────────────────────────────────────────────────────────

    Error Context: ../test-results/main-application-Main-Appl-60c74-ation-with-tabbed-interface-chromium/error-context.md
]]>
</failure>
<system-out>
<![CDATA[
[[ATTACHMENT|test-results/main-application-Main-Appl-60c74-ation-with-tabbed-interface-chromium/test-failed-1.png]]

[[ATTACHMENT|test-results/main-application-Main-Appl-60c74-ation-with-tabbed-interface-chromium/video.webm]]

[[ATTACHMENT|test-results/main-application-Main-Appl-60c74-ation-with-tabbed-interface-chromium/error-context.md]]
]]>
</system-out>
</testcase>
<testcase name="Main Application - Full Feature E2E Tests › should switch between Design Health and Ticket Generator tabs" classname="main-application.spec.js" time="10.857">
<failure message="main-application.spec.js:25:3 should switch between Design Health and Ticket Generator tabs" type="FAILURE">
<![CDATA[  [chromium] › main-application.spec.js:25:3 › Main Application - Full Feature E2E Tests › should switch between Design Health and Ticket Generator tabs 

    TimeoutError: page.click: Timeout 10000ms exceeded.
    Call log:
      - waiting for locator('[data-tab="health"]')


      25 |   test('should switch between Design Health and Ticket Generator tabs', async ({ page }) => {
      26 |     // Click on Design Health tab
    > 27 |     await page.click('[data-tab="health"]');
         |                ^
      28 |     
      29 |     // Check tab switching
      30 |     await expect(page.locator('[data-tab="health"].active')).toBeVisible();
        at /Users/david/Documents/Figa-Jira-Automations-Tool/figma-ticket-generator/browser-tests/tests/main-application.spec.js:27:16

    attachment #1: screenshot (image/png) ──────────────────────────────────────────────────────────
    ../test-results/main-application-Main-Appl-b9643-h-and-Ticket-Generator-tabs-chromium/test-failed-1.png
    ────────────────────────────────────────────────────────────────────────────────────────────────

    attachment #2: video (video/webm) ──────────────────────────────────────────────────────────────
    ../test-results/main-application-Main-Appl-b9643-h-and-Ticket-Generator-tabs-chromium/video.webm
    ────────────────────────────────────────────────────────────────────────────────────────────────

    Error Context: ../test-results/main-application-Main-Appl-b9643-h-and-Ticket-Generator-tabs-chromium/error-context.md
]]>
</failure>
<system-out>
<![CDATA[
[[ATTACHMENT|test-results/main-application-Main-Appl-b9643-h-and-Ticket-Generator-tabs-chromium/test-failed-1.png]]

[[ATTACHMENT|test-results/main-application-Main-Appl-b9643-h-and-Ticket-Generator-tabs-chromium/video.webm]]

[[ATTACHMENT|test-results/main-application-Main-Appl-b9643-h-and-Ticket-Generator-tabs-chromium/error-context.md]]
]]>
</system-out>
</testcase>
<testcase name="Main Application - Full Feature E2E Tests › should display Design Health metrics dashboard" classname="main-application.spec.js" time="10.785">
<failure message="main-application.spec.js:40:3 should display Design Health metrics dashboard" type="FAILURE">
<![CDATA[  [chromium] › main-application.spec.js:40:3 › Main Application - Full Feature E2E Tests › should display Design Health metrics dashboard 

    TimeoutError: page.click: Timeout 10000ms exceeded.
    Call log:
      - waiting for locator('[data-tab="health"]')


      40 |   test('should display Design Health metrics dashboard', async ({ page }) => {
      41 |     // Switch to health tab
    > 42 |     await page.click('[data-tab="health"]');
         |                ^
      43 |     
      44 |     // Check health metrics structure
      45 |     await expect(page.locator('.metric-grid')).toBeVisible();
        at /Users/david/Documents/Figa-Jira-Automations-Tool/figma-ticket-generator/browser-tests/tests/main-application.spec.js:42:16

    attachment #1: screenshot (image/png) ──────────────────────────────────────────────────────────
    ../test-results/main-application-Main-Appl-6771a-gn-Health-metrics-dashboard-chromium/test-failed-1.png
    ────────────────────────────────────────────────────────────────────────────────────────────────

    attachment #2: video (video/webm) ──────────────────────────────────────────────────────────────
    ../test-results/main-application-Main-Appl-6771a-gn-Health-metrics-dashboard-chromium/video.webm
    ────────────────────────────────────────────────────────────────────────────────────────────────

    Error Context: ../test-results/main-application-Main-Appl-6771a-gn-Health-metrics-dashboard-chromium/error-context.md
]]>
</failure>
<system-out>
<![CDATA[
[[ATTACHMENT|test-results/main-application-Main-Appl-6771a-gn-Health-metrics-dashboard-chromium/test-failed-1.png]]

[[ATTACHMENT|test-results/main-application-Main-Appl-6771a-gn-Health-metrics-dashboard-chromium/video.webm]]

[[ATTACHMENT|test-results/main-application-Main-Appl-6771a-gn-Health-metrics-dashboard-chromium/error-context.md]]
]]>
</system-out>
</testcase>
<testcase name="Main Application - Full Feature E2E Tests › should show MCP server status correctly" classname="main-application.spec.js" time="5.711">
<failure message="main-application.spec.js:58:3 should show MCP server status correctly" type="FAILURE">
<![CDATA[  [chromium] › main-application.spec.js:58:3 › Main Application - Full Feature E2E Tests › should show MCP server status correctly 

    Error: expect(locator).toBeVisible() failed

    Locator: locator('#mcpStatus')
    Expected: visible
    Timeout: 5000ms
    Error: element(s) not found

    Call log:
      - Expect "toBeVisible" with timeout 5000ms
      - waiting for locator('#mcpStatus')


      58 |   test('should show MCP server status correctly', async ({ page }) => {
      59 |     // Check MCP status indicator
    > 60 |     await expect(page.locator('#mcpStatus')).toBeVisible();
         |                                              ^
      61 |     await expect(page.locator('#mcpStatusText')).toBeVisible();
      62 |     
      63 |     // Wait for status check to complete
        at /Users/david/Documents/Figa-Jira-Automations-Tool/figma-ticket-generator/browser-tests/tests/main-application.spec.js:60:46

    attachment #1: screenshot (image/png) ──────────────────────────────────────────────────────────
    ../test-results/main-application-Main-Appl-7002b-MCP-server-status-correctly-chromium/test-failed-1.png
    ────────────────────────────────────────────────────────────────────────────────────────────────

    attachment #2: video (video/webm) ──────────────────────────────────────────────────────────────
    ../test-results/main-application-Main-Appl-7002b-MCP-server-status-correctly-chromium/video.webm
    ────────────────────────────────────────────────────────────────────────────────────────────────

    Error Context: ../test-results/main-application-Main-Appl-7002b-MCP-server-status-correctly-chromium/error-context.md
]]>
</failure>
<system-out>
<![CDATA[
[[ATTACHMENT|test-results/main-application-Main-Appl-7002b-MCP-server-status-correctly-chromium/test-failed-1.png]]

[[ATTACHMENT|test-results/main-application-Main-Appl-7002b-MCP-server-status-correctly-chromium/video.webm]]

[[ATTACHMENT|test-results/main-application-Main-Appl-7002b-MCP-server-status-correctly-chromium/error-context.md]]
]]>
</system-out>
</testcase>
<testcase name="Main Application - Full Feature E2E Tests › should have generation mode selection with MCP as default" classname="main-application.spec.js" time="5.712">
<failure message="main-application.spec.js:71:3 should have generation mode selection with MCP as default" type="FAILURE">
<![CDATA[  [chromium] › main-application.spec.js:71:3 › Main Application - Full Feature E2E Tests › should have generation mode selection with MCP as default 

    Error: expect(locator).toBeAttached() failed

    Locator: locator('#modeMCP')
    Expected: attached
    Timeout: 5000ms
    Error: element(s) not found

    Call log:
      - Expect "toBeAttached" with timeout 5000ms
      - waiting for locator('#modeMCP')


      71 |   test('should have generation mode selection with MCP as default', async ({ page }) => {
      72 |     // Check mode selection exists in DOM (radio buttons are hidden but functional)
    > 73 |     await expect(page.locator('#modeMCP')).toBeAttached();
         |                                            ^
      74 |     await expect(page.locator('#modeOpenAI')).toBeAttached();
      75 |     
      76 |     // MCP should be checked by default
        at /Users/david/Documents/Figa-Jira-Automations-Tool/figma-ticket-generator/browser-tests/tests/main-application.spec.js:73:44

    attachment #1: screenshot (image/png) ──────────────────────────────────────────────────────────
    ../test-results/main-application-Main-Appl-81257-lection-with-MCP-as-default-chromium/test-failed-1.png
    ────────────────────────────────────────────────────────────────────────────────────────────────

    attachment #2: video (video/webm) ──────────────────────────────────────────────────────────────
    ../test-results/main-application-Main-Appl-81257-lection-with-MCP-as-default-chromium/video.webm
    ────────────────────────────────────────────────────────────────────────────────────────────────

    Error Context: ../test-results/main-application-Main-Appl-81257-lection-with-MCP-as-default-chromium/error-context.md
]]>
</failure>
<system-out>
<![CDATA[
[[ATTACHMENT|test-results/main-application-Main-Appl-81257-lection-with-MCP-as-default-chromium/test-failed-1.png]]

[[ATTACHMENT|test-results/main-application-Main-Appl-81257-lection-with-MCP-as-default-chromium/video.webm]]

[[ATTACHMENT|test-results/main-application-Main-Appl-81257-lection-with-MCP-as-default-chromium/error-context.md]]
]]>
</system-out>
</testcase>
<testcase name="Main Application - Full Feature E2E Tests › should switch between MCP and OpenAI modes" classname="main-application.spec.js" time="10.804">
<failure message="main-application.spec.js:84:3 should switch between MCP and OpenAI modes" type="FAILURE">
<![CDATA[  [chromium] › main-application.spec.js:84:3 › Main Application - Full Feature E2E Tests › should switch between MCP and OpenAI modes 

    TimeoutError: page.click: Timeout 10000ms exceeded.
    Call log:
      - waiting for locator('label[for="modeOpenAI"]')


      84 |   test('should switch between MCP and OpenAI modes', async ({ page }) => {
      85 |     // Switch to OpenAI mode by clicking its label
    > 86 |     await page.click('label[for="modeOpenAI"]');
         |                ^
      87 |     
      88 |     // Check UI updates
      89 |     await expect(page.locator('#modeOpenAI')).toBeChecked();
        at /Users/david/Documents/Figa-Jira-Automations-Tool/figma-ticket-generator/browser-tests/tests/main-application.spec.js:86:16

    attachment #1: screenshot (image/png) ──────────────────────────────────────────────────────────
    ../test-results/main-application-Main-Appl-2adf8-etween-MCP-and-OpenAI-modes-chromium/test-failed-1.png
    ────────────────────────────────────────────────────────────────────────────────────────────────

    attachment #2: video (video/webm) ──────────────────────────────────────────────────────────────
    ../test-results/main-application-Main-Appl-2adf8-etween-MCP-and-OpenAI-modes-chromium/video.webm
    ────────────────────────────────────────────────────────────────────────────────────────────────

    Error Context: ../test-results/main-application-Main-Appl-2adf8-etween-MCP-and-OpenAI-modes-chromium/error-context.md
]]>
</failure>
<system-out>
<![CDATA[
[[ATTACHMENT|test-results/main-application-Main-Appl-2adf8-etween-MCP-and-OpenAI-modes-chromium/test-failed-1.png]]

[[ATTACHMENT|test-results/main-application-Main-Appl-2adf8-etween-MCP-and-OpenAI-modes-chromium/video.webm]]

[[ATTACHMENT|test-results/main-application-Main-Appl-2adf8-etween-MCP-and-OpenAI-modes-chromium/error-context.md]]
]]>
</system-out>
</testcase>
<testcase name="Main Application - Full Feature E2E Tests › should have all ticket template options" classname="main-application.spec.js" time="5.712">
<failure message="main-application.spec.js:103:3 should have all ticket template options" type="FAILURE">
<![CDATA[  [chromium] › main-application.spec.js:103:3 › Main Application - Full Feature E2E Tests › should have all ticket template options 

    Error: expect(locator).toBeVisible() failed

    Locator: locator('#template')
    Expected: visible
    Timeout: 5000ms
    Error: element(s) not found

    Call log:
      - Expect "toBeVisible" with timeout 5000ms
      - waiting for locator('#template')


      103 |   test('should have all ticket template options', async ({ page }) => {
      104 |     // Check template dropdown
    > 105 |     await expect(page.locator('#template')).toBeVisible();
          |                                             ^
      106 |     
      107 |     // Check all template options exist in DOM
      108 |     const templateOptions = ['component', 'feature', 'bug', 'page', 'custom'];
        at /Users/david/Documents/Figa-Jira-Automations-Tool/figma-ticket-generator/browser-tests/tests/main-application.spec.js:105:45

    attachment #1: screenshot (image/png) ──────────────────────────────────────────────────────────
    ../test-results/main-application-Main-Appl-c6ad2-all-ticket-template-options-chromium/test-failed-1.png
    ────────────────────────────────────────────────────────────────────────────────────────────────

    attachment #2: video (video/webm) ──────────────────────────────────────────────────────────────
    ../test-results/main-application-Main-Appl-c6ad2-all-ticket-template-options-chromium/video.webm
    ────────────────────────────────────────────────────────────────────────────────────────────────

    Error Context: ../test-results/main-application-Main-Appl-c6ad2-all-ticket-template-options-chromium/error-context.md
]]>
</failure>
<system-out>
<![CDATA[
[[ATTACHMENT|test-results/main-application-Main-Appl-c6ad2-all-ticket-template-options-chromium/test-failed-1.png]]

[[ATTACHMENT|test-results/main-application-Main-Appl-c6ad2-all-ticket-template-options-chromium/video.webm]]

[[ATTACHMENT|test-results/main-application-Main-Appl-c6ad2-all-ticket-template-options-chromium/error-context.md]]
]]>
</system-out>
</testcase>
<testcase name="Main Application - Full Feature E2E Tests › should generate ticket with MCP mode (mock selection)" classname="main-application.spec.js" time="10.796">
<failure message="main-application.spec.js:121:3 should generate ticket with MCP mode (mock selection)" type="FAILURE">
<![CDATA[  [chromium] › main-application.spec.js:121:3 › Main Application - Full Feature E2E Tests › should generate ticket with MCP mode (mock selection) 

    TimeoutError: page.selectOption: Timeout 10000ms exceeded.
    Call log:
      - waiting for locator('#template')


      121 |   test('should generate ticket with MCP mode (mock selection)', async ({ page }) => {
      122 |     // Fill template and instructions
    > 123 |     await page.selectOption('#template', 'component');
          |                ^
      124 |     await page.fill('#customPrompt', 'Test component with accessibility requirements');
      125 |     
      126 |     // Mock the entire generation flow
        at /Users/david/Documents/Figa-Jira-Automations-Tool/figma-ticket-generator/browser-tests/tests/main-application.spec.js:123:16

    attachment #1: screenshot (image/png) ──────────────────────────────────────────────────────────
    ../test-results/main-application-Main-Appl-5188c-th-MCP-mode-mock-selection--chromium/test-failed-1.png
    ────────────────────────────────────────────────────────────────────────────────────────────────

    attachment #2: video (video/webm) ──────────────────────────────────────────────────────────────
    ../test-results/main-application-Main-Appl-5188c-th-MCP-mode-mock-selection--chromium/video.webm
    ────────────────────────────────────────────────────────────────────────────────────────────────

    Error Context: ../test-results/main-application-Main-Appl-5188c-th-MCP-mode-mock-selection--chromium/error-context.md
]]>
</failure>
<system-out>
<![CDATA[
[[ATTACHMENT|test-results/main-application-Main-Appl-5188c-th-MCP-mode-mock-selection--chromium/test-failed-1.png]]

[[ATTACHMENT|test-results/main-application-Main-Appl-5188c-th-MCP-mode-mock-selection--chromium/video.webm]]

[[ATTACHMENT|test-results/main-application-Main-Appl-5188c-th-MCP-mode-mock-selection--chromium/error-context.md]]
]]>
</system-out>
</testcase>
<testcase name="Main Application - Full Feature E2E Tests › should handle copy to clipboard functionality" classname="main-application.spec.js" time="10.754">
<failure message="main-application.spec.js:184:3 should handle copy to clipboard functionality" type="FAILURE">
<![CDATA[  [chromium] › main-application.spec.js:184:3 › Main Application - Full Feature E2E Tests › should handle copy to clipboard functionality 

    TimeoutError: page.fill: Timeout 10000ms exceeded.
    Call log:
      - waiting for locator('#output')


      184 |   test('should handle copy to clipboard functionality', async ({ page }) => {
      185 |     // First generate some content
    > 186 |     await page.fill('#output', 'Test ticket content for clipboard testing');
          |                ^
      187 |     await page.locator('#copy').evaluate(el => el.disabled = false);
      188 |     
      189 |     // Click copy button
        at /Users/david/Documents/Figa-Jira-Automations-Tool/figma-ticket-generator/browser-tests/tests/main-application.spec.js:186:16

    attachment #1: screenshot (image/png) ──────────────────────────────────────────────────────────
    ../test-results/main-application-Main-Appl-0a113--to-clipboard-functionality-chromium/test-failed-1.png
    ────────────────────────────────────────────────────────────────────────────────────────────────

    attachment #2: video (video/webm) ──────────────────────────────────────────────────────────────
    ../test-results/main-application-Main-Appl-0a113--to-clipboard-functionality-chromium/video.webm
    ────────────────────────────────────────────────────────────────────────────────────────────────

    Error Context: ../test-results/main-application-Main-Appl-0a113--to-clipboard-functionality-chromium/error-context.md
]]>
</failure>
<system-out>
<![CDATA[
[[ATTACHMENT|test-results/main-application-Main-Appl-0a113--to-clipboard-functionality-chromium/test-failed-1.png]]

[[ATTACHMENT|test-results/main-application-Main-Appl-0a113--to-clipboard-functionality-chromium/video.webm]]

[[ATTACHMENT|test-results/main-application-Main-Appl-0a113--to-clipboard-functionality-chromium/error-context.md]]
]]>
</system-out>
</testcase>
<testcase name="Main Application - Full Feature E2E Tests › should persist settings in localStorage" classname="main-application.spec.js" time="10.769">
<failure message="main-application.spec.js:196:3 should persist settings in localStorage" type="FAILURE">
<![CDATA[  [chromium] › main-application.spec.js:196:3 › Main Application - Full Feature E2E Tests › should persist settings in localStorage 

    TimeoutError: page.selectOption: Timeout 10000ms exceeded.
    Call log:
      - waiting for locator('#template')


      196 |   test('should persist settings in localStorage', async ({ page }) => {
      197 |     // Change template setting and trigger save
    > 198 |     await page.selectOption('#template', 'feature');
          |                ^
      199 |     await page.fill('#customPrompt', 'Persistent test instructions');
      200 |     
      201 |     // Trigger the saveSettings function by changing focus
        at /Users/david/Documents/Figa-Jira-Automations-Tool/figma-ticket-generator/browser-tests/tests/main-application.spec.js:198:16

    attachment #1: screenshot (image/png) ──────────────────────────────────────────────────────────
    ../test-results/main-application-Main-Appl-3f67b-st-settings-in-localStorage-chromium/test-failed-1.png
    ────────────────────────────────────────────────────────────────────────────────────────────────

    attachment #2: video (video/webm) ──────────────────────────────────────────────────────────────
    ../test-results/main-application-Main-Appl-3f67b-st-settings-in-localStorage-chromium/video.webm
    ────────────────────────────────────────────────────────────────────────────────────────────────

    Error Context: ../test-results/main-application-Main-Appl-3f67b-st-settings-in-localStorage-chromium/error-context.md
]]>
</failure>
<system-out>
<![CDATA[
[[ATTACHMENT|test-results/main-application-Main-Appl-3f67b-st-settings-in-localStorage-chromium/test-failed-1.png]]

[[ATTACHMENT|test-results/main-application-Main-Appl-3f67b-st-settings-in-localStorage-chromium/video.webm]]

[[ATTACHMENT|test-results/main-application-Main-Appl-3f67b-st-settings-in-localStorage-chromium/error-context.md]]
]]>
</system-out>
</testcase>
<testcase name="Main Application - Full Feature E2E Tests › should show design system integration section when appropriate" classname="main-application.spec.js" time="5.687">
<failure message="main-application.spec.js:234:3 should show design system integration section when appropriate" type="FAILURE">
<![CDATA[  [chromium] › main-application.spec.js:234:3 › Main Application - Full Feature E2E Tests › should show design system integration section when appropriate 

    Error: expect(locator).toHaveClass(expected) failed

    Locator: locator('#designSystemSection')
    Expected pattern: /hidden/
    Timeout: 5000ms
    Error: element(s) not found

    Call log:
      - Expect "toHaveClass" with timeout 5000ms
      - waiting for locator('#designSystemSection')


      234 |   test('should show design system integration section when appropriate', async ({ page }) => {
      235 |     // Design system section should be hidden initially
    > 236 |     await expect(page.locator('#designSystemSection')).toHaveClass(/hidden/);
          |                                                        ^
      237 |     
      238 |     // Simulate design system detection
      239 |     await page.evaluate(() => {
        at /Users/david/Documents/Figa-Jira-Automations-Tool/figma-ticket-generator/browser-tests/tests/main-application.spec.js:236:56

    attachment #1: screenshot (image/png) ──────────────────────────────────────────────────────────
    ../test-results/main-application-Main-Appl-59ef1-on-section-when-appropriate-chromium/test-failed-1.png
    ────────────────────────────────────────────────────────────────────────────────────────────────

    attachment #2: video (video/webm) ──────────────────────────────────────────────────────────────
    ../test-results/main-application-Main-Appl-59ef1-on-section-when-appropriate-chromium/video.webm
    ────────────────────────────────────────────────────────────────────────────────────────────────

    Error Context: ../test-results/main-application-Main-Appl-59ef1-on-section-when-appropriate-chromium/error-context.md
]]>
</failure>
<system-out>
<![CDATA[
[[ATTACHMENT|test-results/main-application-Main-Appl-59ef1-on-section-when-appropriate-chromium/test-failed-1.png]]

[[ATTACHMENT|test-results/main-application-Main-Appl-59ef1-on-section-when-appropriate-chromium/video.webm]]

[[ATTACHMENT|test-results/main-application-Main-Appl-59ef1-on-section-when-appropriate-chromium/error-context.md]]
]]>
</system-out>
</testcase>
<testcase name="Main Application - Full Feature E2E Tests › should handle responsive design across viewports" classname="main-application.spec.js" time="5.679">
<failure message="main-application.spec.js:262:3 should handle responsive design across viewports" type="FAILURE">
<![CDATA[  [chromium] › main-application.spec.js:262:3 › Main Application - Full Feature E2E Tests › should handle responsive design across viewports 

    Error: expect(locator).toBeVisible() failed

    Locator: locator('.tab-container')
    Expected: visible
    Timeout: 5000ms
    Error: element(s) not found

    Call log:
      - Expect "toBeVisible" with timeout 5000ms
      - waiting for locator('.tab-container')


      263 |     // Test desktop viewport
      264 |     await page.setViewportSize({ width: 1280, height: 720 });
    > 265 |     await expect(page.locator('.tab-container')).toBeVisible();
          |                                                  ^
      266 |     
      267 |     // Test tablet viewport  
      268 |     await page.setViewportSize({ width: 768, height: 1024 });
        at /Users/david/Documents/Figa-Jira-Automations-Tool/figma-ticket-generator/browser-tests/tests/main-application.spec.js:265:50

    attachment #1: screenshot (image/png) ──────────────────────────────────────────────────────────
    ../test-results/main-application-Main-Appl-6b403-ive-design-across-viewports-chromium/test-failed-1.png
    ────────────────────────────────────────────────────────────────────────────────────────────────

    attachment #2: video (video/webm) ──────────────────────────────────────────────────────────────
    ../test-results/main-application-Main-Appl-6b403-ive-design-across-viewports-chromium/video.webm
    ────────────────────────────────────────────────────────────────────────────────────────────────

    Error Context: ../test-results/main-application-Main-Appl-6b403-ive-design-across-viewports-chromium/error-context.md
]]>
</failure>
<system-out>
<![CDATA[
[[ATTACHMENT|test-results/main-application-Main-Appl-6b403-ive-design-across-viewports-chromium/test-failed-1.png]]

[[ATTACHMENT|test-results/main-application-Main-Appl-6b403-ive-design-across-viewports-chromium/video.webm]]

[[ATTACHMENT|test-results/main-application-Main-Appl-6b403-ive-design-across-viewports-chromium/error-context.md]]
]]>
</system-out>
</testcase>
<testcase name="Main Application - Full Feature E2E Tests › should validate accessibility features" classname="main-application.spec.js" time="0.62">
<failure message="main-application.spec.js:280:3 should validate accessibility features" type="FAILURE">
<![CDATA[  [chromium] › main-application.spec.js:280:3 › Main Application - Full Feature E2E Tests › should validate accessibility features 

    Error: expect(received).toBeGreaterThan(expected)

    Expected: > 0
    Received:   0

      282 |     const interactiveElements = page.locator('button, input, select, textarea');
      283 |     const count = await interactiveElements.count();
    > 284 |     expect(count).toBeGreaterThan(0);
          |                   ^
      285 |     
      286 |     // Check that form elements are properly labeled
      287 |     const labelCount = await page.locator('label').count();
        at /Users/david/Documents/Figa-Jira-Automations-Tool/figma-ticket-generator/browser-tests/tests/main-application.spec.js:284:19

    attachment #1: screenshot (image/png) ──────────────────────────────────────────────────────────
    ../test-results/main-application-Main-Appl-eba65-date-accessibility-features-chromium/test-failed-1.png
    ────────────────────────────────────────────────────────────────────────────────────────────────

    attachment #2: video (video/webm) ──────────────────────────────────────────────────────────────
    ../test-results/main-application-Main-Appl-eba65-date-accessibility-features-chromium/video.webm
    ────────────────────────────────────────────────────────────────────────────────────────────────

    Error Context: ../test-results/main-application-Main-Appl-eba65-date-accessibility-features-chromium/error-context.md
]]>
</failure>
<system-out>
<![CDATA[
[[ATTACHMENT|test-results/main-application-Main-Appl-eba65-date-accessibility-features-chromium/test-failed-1.png]]

[[ATTACHMENT|test-results/main-application-Main-Appl-eba65-date-accessibility-features-chromium/video.webm]]

[[ATTACHMENT|test-results/main-application-Main-Appl-eba65-date-accessibility-features-chromium/error-context.md]]
]]>
</system-out>
</testcase>
<testcase name="Main Application - Full Feature E2E Tests › should integrate with E2E test infrastructure" classname="main-application.spec.js" time="0.632">
<failure message="main-application.spec.js:301:3 should integrate with E2E test infrastructure" type="FAILURE">
<![CDATA[  [chromium] › main-application.spec.js:301:3 › Main Application - Full Feature E2E Tests › should integrate with E2E test infrastructure 

    Error: expect(received).toBe(expected) // Object.is equality

    Expected: true
    Received: false

      316 |     });
      317 |     
    > 318 |     expect(mcpResponse).toBe(true);
          |                         ^
      319 |     
      320 |     // Check HTTP server serving files correctly
      321 |     const currentUrl = page.url();
        at /Users/david/Documents/Figa-Jira-Automations-Tool/figma-ticket-generator/browser-tests/tests/main-application.spec.js:318:25

    attachment #1: screenshot (image/png) ──────────────────────────────────────────────────────────
    ../test-results/main-application-Main-Appl-3d5a6-ith-E2E-test-infrastructure-chromium/test-failed-1.png
    ────────────────────────────────────────────────────────────────────────────────────────────────

    attachment #2: video (video/webm) ──────────────────────────────────────────────────────────────
    ../test-results/main-application-Main-Appl-3d5a6-ith-E2E-test-infrastructure-chromium/video.webm
    ────────────────────────────────────────────────────────────────────────────────────────────────

    Error Context: ../test-results/main-application-Main-Appl-3d5a6-ith-E2E-test-infrastructure-chromium/error-context.md
]]>
</failure>
<system-out>
<![CDATA[
[[ATTACHMENT|test-results/main-application-Main-Appl-3d5a6-ith-E2E-test-infrastructure-chromium/test-failed-1.png]]

[[ATTACHMENT|test-results/main-application-Main-Appl-3d5a6-ith-E2E-test-infrastructure-chromium/video.webm]]

[[ATTACHMENT|test-results/main-application-Main-Appl-3d5a6-ith-E2E-test-infrastructure-chromium/error-context.md]]
]]>
</system-out>
</testcase>
</testsuite>
<testsuite name="mcp-integration.spec.js" timestamp="2025-10-23T02:33:00.593Z" hostname="chromium" tests="7" failures="7" skipped="0" time="75.529" errors="0">
<testcase name="MCP Server Integration E2E Testing @critical › should successfully connect to MCP server and receive enhanced responses" classname="mcp-integration.spec.js" time="10.779">
<failure message="mcp-integration.spec.js:10:3 should successfully connect to MCP server and receive enhanced responses" type="FAILURE">
<![CDATA[  [chromium] › mcp-integration.spec.js:10:3 › MCP Server Integration E2E Testing @critical › should successfully connect to MCP server and receive enhanced responses 

    TimeoutError: page.fill: Timeout 10000ms exceeded.
    Call log:
      - waiting for locator('#techStackInput')


      26 |     
      27 |     // Generate enhanced ticket
    > 28 |     await page.fill('#techStackInput', 'React with TypeScript, Chakra UI, React Query, and Vitest');
         |                ^
      29 |     await page.selectOption('#documentType', 'jira');
      30 |     await page.click('#generateBtn');
      31 |     
        at /Users/david/Documents/Figa-Jira-Automations-Tool/figma-ticket-generator/browser-tests/tests/mcp-integration.spec.js:28:16

    attachment #1: screenshot (image/png) ──────────────────────────────────────────────────────────
    ../test-results/mcp-integration-MCP-Server-217aa--receive-enhanced-responses-chromium/test-failed-1.png
    ────────────────────────────────────────────────────────────────────────────────────────────────

    attachment #2: video (video/webm) ──────────────────────────────────────────────────────────────
    ../test-results/mcp-integration-MCP-Server-217aa--receive-enhanced-responses-chromium/video.webm
    ────────────────────────────────────────────────────────────────────────────────────────────────

    Error Context: ../test-results/mcp-integration-MCP-Server-217aa--receive-enhanced-responses-chromium/error-context.md
]]>
</failure>
<system-out>
<![CDATA[
[[ATTACHMENT|test-results/mcp-integration-MCP-Server-217aa--receive-enhanced-responses-chromium/test-failed-1.png]]

[[ATTACHMENT|test-results/mcp-integration-MCP-Server-217aa--receive-enhanced-responses-chromium/video.webm]]

[[ATTACHMENT|test-results/mcp-integration-MCP-Server-217aa--receive-enhanced-responses-chromium/error-context.md]]
]]>
</system-out>
</testcase>
<testcase name="MCP Server Integration E2E Testing @critical › should handle MCP server timeout gracefully" classname="mcp-integration.spec.js" time="10.805">
<failure message="mcp-integration.spec.js:55:3 should handle MCP server timeout gracefully" type="FAILURE">
<![CDATA[  [chromium] › mcp-integration.spec.js:55:3 › MCP Server Integration E2E Testing @critical › should handle MCP server timeout gracefully 

    TimeoutError: page.fill: Timeout 10000ms exceeded.
    Call log:
      - waiting for locator('#techStackInput')


      61 |     });
      62 |     
    > 63 |     await page.fill('#techStackInput', 'Vue 3 with Composition API');
         |                ^
      64 |     await page.click('#generateBtn');
      65 |     
      66 |     // Should show fallback after timeout
        at /Users/david/Documents/Figa-Jira-Automations-Tool/figma-ticket-generator/browser-tests/tests/mcp-integration.spec.js:63:16

    attachment #1: screenshot (image/png) ──────────────────────────────────────────────────────────
    ../test-results/mcp-integration-MCP-Server-b3ee6-P-server-timeout-gracefully-chromium/test-failed-1.png
    ────────────────────────────────────────────────────────────────────────────────────────────────

    attachment #2: video (video/webm) ──────────────────────────────────────────────────────────────
    ../test-results/mcp-integration-MCP-Server-b3ee6-P-server-timeout-gracefully-chromium/video.webm
    ────────────────────────────────────────────────────────────────────────────────────────────────

    Error Context: ../test-results/mcp-integration-MCP-Server-b3ee6-P-server-timeout-gracefully-chromium/error-context.md
]]>
</failure>
<system-out>
<![CDATA[
[[ATTACHMENT|test-results/mcp-integration-MCP-Server-b3ee6-P-server-timeout-gracefully-chromium/test-failed-1.png]]

[[ATTACHMENT|test-results/mcp-integration-MCP-Server-b3ee6-P-server-timeout-gracefully-chromium/video.webm]]

[[ATTACHMENT|test-results/mcp-integration-MCP-Server-b3ee6-P-server-timeout-gracefully-chromium/error-context.md]]
]]>
</system-out>
</testcase>
<testcase name="MCP Server Integration E2E Testing @critical › should send correct request payload to MCP server" classname="mcp-integration.spec.js" time="10.797">
<failure message="mcp-integration.spec.js:74:3 should send correct request payload to MCP server" type="FAILURE">
<![CDATA[  [chromium] › mcp-integration.spec.js:74:3 › MCP Server Integration E2E Testing @critical › should send correct request payload to MCP server 

    TimeoutError: page.fill: Timeout 10000ms exceeded.
    Call log:
      - waiting for locator('#techStackInput')


      94 |     // Generate ticket with specific parameters
      95 |     const techStackInput = 'Angular with RxJS, Angular Material, NgRx, and Jasmine testing';
    > 96 |     await page.fill('#techStackInput', techStackInput);
         |                ^
      97 |     await page.selectOption('#documentType', 'confluence');
      98 |     await page.click('#generateBtn');
      99 |     
        at /Users/david/Documents/Figa-Jira-Automations-Tool/figma-ticket-generator/browser-tests/tests/mcp-integration.spec.js:96:16

    attachment #1: screenshot (image/png) ──────────────────────────────────────────────────────────
    ../test-results/mcp-integration-MCP-Server-a0f53-quest-payload-to-MCP-server-chromium/test-failed-1.png
    ────────────────────────────────────────────────────────────────────────────────────────────────

    attachment #2: video (video/webm) ──────────────────────────────────────────────────────────────
    ../test-results/mcp-integration-MCP-Server-a0f53-quest-payload-to-MCP-server-chromium/video.webm
    ────────────────────────────────────────────────────────────────────────────────────────────────

    Error Context: ../test-results/mcp-integration-MCP-Server-a0f53-quest-payload-to-MCP-server-chromium/error-context.md
]]>
</failure>
<system-out>
<![CDATA[
[[ATTACHMENT|test-results/mcp-integration-MCP-Server-a0f53-quest-payload-to-MCP-server-chromium/test-failed-1.png]]

[[ATTACHMENT|test-results/mcp-integration-MCP-Server-a0f53-quest-payload-to-MCP-server-chromium/video.webm]]

[[ATTACHMENT|test-results/mcp-integration-MCP-Server-a0f53-quest-payload-to-MCP-server-chromium/error-context.md]]
]]>
</system-out>
</testcase>
<testcase name="MCP Server Integration E2E Testing @critical › should handle different document types with MCP integration" classname="mcp-integration.spec.js" time="10.807">
<failure message="mcp-integration.spec.js:118:3 should handle different document types with MCP integration" type="FAILURE">
<![CDATA[  [chromium] › mcp-integration.spec.js:118:3 › MCP Server Integration E2E Testing @critical › should handle different document types with MCP integration 

    TimeoutError: page.fill: Timeout 10000ms exceeded.
    Call log:
      - waiting for locator('#techStackInput')


      169 |       
      170 |       // Test the specific document type
    > 171 |       await page.fill('#techStackInput', testCase.techStack);
          |                  ^
      172 |       await page.selectOption('#documentType', testCase.type);
      173 |       await page.click('#generateBtn');
      174 |       
        at /Users/david/Documents/Figa-Jira-Automations-Tool/figma-ticket-generator/browser-tests/tests/mcp-integration.spec.js:171:18

    attachment #1: screenshot (image/png) ──────────────────────────────────────────────────────────
    ../test-results/mcp-integration-MCP-Server-b9f76--types-with-MCP-integration-chromium/test-failed-1.png
    ────────────────────────────────────────────────────────────────────────────────────────────────

    attachment #2: video (video/webm) ──────────────────────────────────────────────────────────────
    ../test-results/mcp-integration-MCP-Server-b9f76--types-with-MCP-integration-chromium/video.webm
    ────────────────────────────────────────────────────────────────────────────────────────────────

    Error Context: ../test-results/mcp-integration-MCP-Server-b9f76--types-with-MCP-integration-chromium/error-context.md
]]>
</failure>
<system-out>
<![CDATA[
[[ATTACHMENT|test-results/mcp-integration-MCP-Server-b9f76--types-with-MCP-integration-chromium/test-failed-1.png]]

[[ATTACHMENT|test-results/mcp-integration-MCP-Server-b9f76--types-with-MCP-integration-chromium/video.webm]]

[[ATTACHMENT|test-results/mcp-integration-MCP-Server-b9f76--types-with-MCP-integration-chromium/error-context.md]]
]]>
</system-out>
</testcase>
<testcase name="MCP Server Integration E2E Testing @critical › should retry failed requests with exponential backoff" classname="mcp-integration.spec.js" time="10.798">
<failure message="mcp-integration.spec.js:187:3 should retry failed requests with exponential backoff" type="FAILURE">
<![CDATA[  [chromium] › mcp-integration.spec.js:187:3 › MCP Server Integration E2E Testing @critical › should retry failed requests with exponential backoff 

    TimeoutError: page.fill: Timeout 10000ms exceeded.
    Call log:
      - waiting for locator('#techStackInput')


      210 |     
      211 |     // Generate ticket
    > 212 |     await page.fill('#techStackInput', 'React with TypeScript');
          |                ^
      213 |     await page.click('#generateBtn');
      214 |     
      215 |     // Should eventually succeed
        at /Users/david/Documents/Figa-Jira-Automations-Tool/figma-ticket-generator/browser-tests/tests/mcp-integration.spec.js:212:16

    attachment #1: screenshot (image/png) ──────────────────────────────────────────────────────────
    ../test-results/mcp-integration-MCP-Server-48f1e-ts-with-exponential-backoff-chromium/test-failed-1.png
    ────────────────────────────────────────────────────────────────────────────────────────────────

    attachment #2: video (video/webm) ──────────────────────────────────────────────────────────────
    ../test-results/mcp-integration-MCP-Server-48f1e-ts-with-exponential-backoff-chromium/video.webm
    ────────────────────────────────────────────────────────────────────────────────────────────────

    Error Context: ../test-results/mcp-integration-MCP-Server-48f1e-ts-with-exponential-backoff-chromium/error-context.md
]]>
</failure>
<system-out>
<![CDATA[
[[ATTACHMENT|test-results/mcp-integration-MCP-Server-48f1e-ts-with-exponential-backoff-chromium/test-failed-1.png]]

[[ATTACHMENT|test-results/mcp-integration-MCP-Server-48f1e-ts-with-exponential-backoff-chromium/video.webm]]

[[ATTACHMENT|test-results/mcp-integration-MCP-Server-48f1e-ts-with-exponential-backoff-chromium/error-context.md]]
]]>
</system-out>
</testcase>
<testcase name="MCP Server Integration E2E Testing @critical › should validate MCP response format and handle malformed responses" classname="mcp-integration.spec.js" time="10.779">
<failure message="mcp-integration.spec.js:226:3 should validate MCP response format and handle malformed responses" type="FAILURE">
<![CDATA[  [chromium] › mcp-integration.spec.js:226:3 › MCP Server Integration E2E Testing @critical › should validate MCP response format and handle malformed responses 

    TimeoutError: page.fill: Timeout 10000ms exceeded.
    Call log:
      - waiting for locator('#techStackInput')


      269 |       
      270 |       // Generate ticket
    > 271 |       await page.fill('#techStackInput', `Test case ${i + 1}: React with TypeScript`);
          |                  ^
      272 |       await page.click('#generateBtn');
      273 |       
      274 |       // Wait for results
        at /Users/david/Documents/Figa-Jira-Automations-Tool/figma-ticket-generator/browser-tests/tests/mcp-integration.spec.js:271:18

    attachment #1: screenshot (image/png) ──────────────────────────────────────────────────────────
    ../test-results/mcp-integration-MCP-Server-23a2c--handle-malformed-responses-chromium/test-failed-1.png
    ────────────────────────────────────────────────────────────────────────────────────────────────

    attachment #2: video (video/webm) ──────────────────────────────────────────────────────────────
    ../test-results/mcp-integration-MCP-Server-23a2c--handle-malformed-responses-chromium/video.webm
    ────────────────────────────────────────────────────────────────────────────────────────────────

    Error Context: ../test-results/mcp-integration-MCP-Server-23a2c--handle-malformed-responses-chromium/error-context.md
]]>
</failure>
<system-out>
<![CDATA[
[[ATTACHMENT|test-results/mcp-integration-MCP-Server-23a2c--handle-malformed-responses-chromium/test-failed-1.png]]

[[ATTACHMENT|test-results/mcp-integration-MCP-Server-23a2c--handle-malformed-responses-chromium/video.webm]]

[[ATTACHMENT|test-results/mcp-integration-MCP-Server-23a2c--handle-malformed-responses-chromium/error-context.md]]
]]>
</system-out>
</testcase>
<testcase name="MCP Server Integration E2E Testing @critical › should monitor MCP server performance metrics" classname="mcp-integration.spec.js" time="10.764">
<failure message="mcp-integration.spec.js:292:3 should monitor MCP server performance metrics" type="FAILURE">
<![CDATA[  [chromium] › mcp-integration.spec.js:292:3 › MCP Server Integration E2E Testing @critical › should monitor MCP server performance metrics 

    TimeoutError: page.fill: Timeout 10000ms exceeded.
    Call log:
      - waiting for locator('#techStackInput')


      318 |     
      319 |     // Generate ticket
    > 320 |     await page.fill('#techStackInput', 'Complex: React with TypeScript, Redux Toolkit, React Query, Material-UI, Formik, Yup validation, React Testing Library, MSW, Storybook');
          |                ^
      321 |     await page.click('#generateBtn');
      322 |     
      323 |     // Wait for completion
        at /Users/david/Documents/Figa-Jira-Automations-Tool/figma-ticket-generator/browser-tests/tests/mcp-integration.spec.js:320:16

    attachment #1: screenshot (image/png) ──────────────────────────────────────────────────────────
    ../test-results/mcp-integration-MCP-Server-78469--server-performance-metrics-chromium/test-failed-1.png
    ────────────────────────────────────────────────────────────────────────────────────────────────

    attachment #2: video (video/webm) ──────────────────────────────────────────────────────────────
    ../test-results/mcp-integration-MCP-Server-78469--server-performance-metrics-chromium/video.webm
    ────────────────────────────────────────────────────────────────────────────────────────────────

    Error Context: ../test-results/mcp-integration-MCP-Server-78469--server-performance-metrics-chromium/error-context.md
]]>
</failure>
<system-out>
<![CDATA[
[[ATTACHMENT|test-results/mcp-integration-MCP-Server-78469--server-performance-metrics-chromium/test-failed-1.png]]

[[ATTACHMENT|test-results/mcp-integration-MCP-Server-78469--server-performance-metrics-chromium/video.webm]]

[[ATTACHMENT|test-results/mcp-integration-MCP-Server-78469--server-performance-metrics-chromium/error-context.md]]
]]>
</system-out>
</testcase>
</testsuite>
<testsuite name="ui-ux-experience.spec.js" timestamp="2025-10-23T02:33:00.593Z" hostname="chromium" tests="14" failures="14" skipped="0" time="120.841" errors="0">
<testcase name="UI/UX Experience Testing @smoke › should have responsive design across different viewports" classname="ui-ux-experience.spec.js" time="5.716">
<failure message="ui-ux-experience.spec.js:10:3 should have responsive design across different viewports" type="FAILURE">
<![CDATA[  [chromium] › ui-ux-experience.spec.js:10:3 › UI/UX Experience Testing @smoke › should have responsive design across different viewports 

    Error: expect(locator).toBeVisible() failed

    Locator: locator('#app')
    Expected: visible
    Timeout: 5000ms
    Error: element(s) not found

    Call log:
      - Expect "toBeVisible" with timeout 5000ms
      - waiting for locator('#app')


      11 |     // Test desktop viewport
      12 |     await page.setViewportSize({ width: 1280, height: 720 });
    > 13 |     await expect(page.locator('#app')).toBeVisible();
         |                                        ^
      14 |     await expect(page.locator('#generator-tab .content')).toBeVisible();
      15 |     
      16 |     // Test tablet viewport
        at /Users/david/Documents/Figa-Jira-Automations-Tool/figma-ticket-generator/browser-tests/tests/ui-ux-experience.spec.js:13:40

    attachment #1: screenshot (image/png) ──────────────────────────────────────────────────────────
    ../test-results/ui-ux-experience-UI-UX-Exp-dd71f--across-different-viewports-chromium/test-failed-1.png
    ────────────────────────────────────────────────────────────────────────────────────────────────

    attachment #2: video (video/webm) ──────────────────────────────────────────────────────────────
    ../test-results/ui-ux-experience-UI-UX-Exp-dd71f--across-different-viewports-chromium/video.webm
    ────────────────────────────────────────────────────────────────────────────────────────────────

    Error Context: ../test-results/ui-ux-experience-UI-UX-Exp-dd71f--across-different-viewports-chromium/error-context.md
]]>
</failure>
<system-out>
<![CDATA[
[[ATTACHMENT|test-results/ui-ux-experience-UI-UX-Exp-dd71f--across-different-viewports-chromium/test-failed-1.png]]

[[ATTACHMENT|test-results/ui-ux-experience-UI-UX-Exp-dd71f--across-different-viewports-chromium/video.webm]]

[[ATTACHMENT|test-results/ui-ux-experience-UI-UX-Exp-dd71f--across-different-viewports-chromium/error-context.md]]
]]>
</system-out>
</testcase>
<testcase name="UI/UX Experience Testing @smoke › should show proper loading animations and states" classname="ui-ux-experience.spec.js" time="10.807">
<failure message="ui-ux-experience.spec.js:31:3 should show proper loading animations and states" type="FAILURE">
<![CDATA[  [chromium] › ui-ux-experience.spec.js:31:3 › UI/UX Experience Testing @smoke › should show proper loading animations and states 

    TimeoutError: page.fill: Timeout 10000ms exceeded.
    Call log:
      - waiting for locator('#techStackInput')


      31 |   test('should show proper loading animations and states', async ({ page }) => {
      32 |     // Fill input to enable generation
    > 33 |     await page.fill('#techStackInput', 'React with TypeScript and Material-UI');
         |                ^
      34 |     
      35 |     // Mock slow response to test loading states
      36 |     await page.route('**/generate-enhanced-ticket', async route => {
        at /Users/david/Documents/Figa-Jira-Automations-Tool/figma-ticket-generator/browser-tests/tests/ui-ux-experience.spec.js:33:16

    attachment #1: screenshot (image/png) ──────────────────────────────────────────────────────────
    ../test-results/ui-ux-experience-UI-UX-Exp-3f210-ading-animations-and-states-chromium/test-failed-1.png
    ────────────────────────────────────────────────────────────────────────────────────────────────

    attachment #2: video (video/webm) ──────────────────────────────────────────────────────────────
    ../test-results/ui-ux-experience-UI-UX-Exp-3f210-ading-animations-and-states-chromium/video.webm
    ────────────────────────────────────────────────────────────────────────────────────────────────

    Error Context: ../test-results/ui-ux-experience-UI-UX-Exp-3f210-ading-animations-and-states-chromium/error-context.md
]]>
</failure>
<system-out>
<![CDATA[
[[ATTACHMENT|test-results/ui-ux-experience-UI-UX-Exp-3f210-ading-animations-and-states-chromium/test-failed-1.png]]

[[ATTACHMENT|test-results/ui-ux-experience-UI-UX-Exp-3f210-ading-animations-and-states-chromium/video.webm]]

[[ATTACHMENT|test-results/ui-ux-experience-UI-UX-Exp-3f210-ading-animations-and-states-chromium/error-context.md]]
]]>
</system-out>
</testcase>
<testcase name="UI/UX Experience Testing @smoke › should display confidence indicators with proper styling" classname="ui-ux-experience.spec.js" time="10.822">
<failure message="ui-ux-experience.spec.js:63:3 should display confidence indicators with proper styling" type="FAILURE">
<![CDATA[  [chromium] › ui-ux-experience.spec.js:63:3 › UI/UX Experience Testing @smoke › should display confidence indicators with proper styling 

    TimeoutError: page.fill: Timeout 10000ms exceeded.
    Call log:
      - waiting for locator('#techStackInput')


      78 |     
      79 |     for (const testCase of testCases) {
    > 80 |       await page.fill('#techStackInput', testCase.input);
         |                  ^
      81 |       await page.dispatchEvent('#techStackInput', 'input');
      82 |       
      83 |       // Wait for parsing
        at /Users/david/Documents/Figa-Jira-Automations-Tool/figma-ticket-generator/browser-tests/tests/ui-ux-experience.spec.js:80:18

    attachment #1: screenshot (image/png) ──────────────────────────────────────────────────────────
    ../test-results/ui-ux-experience-UI-UX-Exp-56438-icators-with-proper-styling-chromium/test-failed-1.png
    ────────────────────────────────────────────────────────────────────────────────────────────────

    attachment #2: video (video/webm) ──────────────────────────────────────────────────────────────
    ../test-results/ui-ux-experience-UI-UX-Exp-56438-icators-with-proper-styling-chromium/video.webm
    ────────────────────────────────────────────────────────────────────────────────────────────────

    Error Context: ../test-results/ui-ux-experience-UI-UX-Exp-56438-icators-with-proper-styling-chromium/error-context.md
]]>
</failure>
<system-out>
<![CDATA[
[[ATTACHMENT|test-results/ui-ux-experience-UI-UX-Exp-56438-icators-with-proper-styling-chromium/test-failed-1.png]]

[[ATTACHMENT|test-results/ui-ux-experience-UI-UX-Exp-56438-icators-with-proper-styling-chromium/video.webm]]

[[ATTACHMENT|test-results/ui-ux-experience-UI-UX-Exp-56438-icators-with-proper-styling-chromium/error-context.md]]
]]>
</system-out>
</testcase>
<testcase name="UI/UX Experience Testing @smoke › should show interactive suggestion pills" classname="ui-ux-experience.spec.js" time="10.8">
<failure message="ui-ux-experience.spec.js:105:3 should show interactive suggestion pills" type="FAILURE">
<![CDATA[  [chromium] › ui-ux-experience.spec.js:105:3 › UI/UX Experience Testing @smoke › should show interactive suggestion pills 

    TimeoutError: page.fill: Timeout 10000ms exceeded.
    Call log:
      - waiting for locator('#techStackInput')


      104 |
      105 |   test('should show interactive suggestion pills', async ({ page }) => {
    > 106 |     await page.fill('#techStackInput', 'React TypeScript');
          |                ^
      107 |     await page.dispatchEvent('#techStackInput', 'input');
      108 |     
      109 |     // Wait for suggestions to appear
        at /Users/david/Documents/Figa-Jira-Automations-Tool/figma-ticket-generator/browser-tests/tests/ui-ux-experience.spec.js:106:16

    attachment #1: screenshot (image/png) ──────────────────────────────────────────────────────────
    ../test-results/ui-ux-experience-UI-UX-Exp-0ee59-nteractive-suggestion-pills-chromium/test-failed-1.png
    ────────────────────────────────────────────────────────────────────────────────────────────────

    attachment #2: video (video/webm) ──────────────────────────────────────────────────────────────
    ../test-results/ui-ux-experience-UI-UX-Exp-0ee59-nteractive-suggestion-pills-chromium/video.webm
    ────────────────────────────────────────────────────────────────────────────────────────────────

    Error Context: ../test-results/ui-ux-experience-UI-UX-Exp-0ee59-nteractive-suggestion-pills-chromium/error-context.md
]]>
</failure>
<system-out>
<![CDATA[
[[ATTACHMENT|test-results/ui-ux-experience-UI-UX-Exp-0ee59-nteractive-suggestion-pills-chromium/test-failed-1.png]]

[[ATTACHMENT|test-results/ui-ux-experience-UI-UX-Exp-0ee59-nteractive-suggestion-pills-chromium/video.webm]]

[[ATTACHMENT|test-results/ui-ux-experience-UI-UX-Exp-0ee59-nteractive-suggestion-pills-chromium/error-context.md]]
]]>
</system-out>
</testcase>
<testcase name="UI/UX Experience Testing @smoke › should handle error states gracefully with proper styling" classname="ui-ux-experience.spec.js" time="10.816">
<failure message="ui-ux-experience.spec.js:130:3 should handle error states gracefully with proper styling" type="FAILURE">
<![CDATA[  [chromium] › ui-ux-experience.spec.js:130:3 › UI/UX Experience Testing @smoke › should handle error states gracefully with proper styling 

    TimeoutError: page.click: Timeout 10000ms exceeded.
    Call log:
      - waiting for locator('#generate')


      130 |   test('should handle error states gracefully with proper styling', async ({ page }) => {
      131 |     // Test empty input error
    > 132 |     await page.click('#generate');
          |                ^
      133 |     
      134 |     const errorMessage = page.locator('.error-message');
      135 |     await expect(errorMessage).toBeVisible();
        at /Users/david/Documents/Figa-Jira-Automations-Tool/figma-ticket-generator/browser-tests/tests/ui-ux-experience.spec.js:132:16

    attachment #1: screenshot (image/png) ──────────────────────────────────────────────────────────
    ../test-results/ui-ux-experience-UI-UX-Exp-80c6b-cefully-with-proper-styling-chromium/test-failed-1.png
    ────────────────────────────────────────────────────────────────────────────────────────────────

    attachment #2: video (video/webm) ──────────────────────────────────────────────────────────────
    ../test-results/ui-ux-experience-UI-UX-Exp-80c6b-cefully-with-proper-styling-chromium/video.webm
    ────────────────────────────────────────────────────────────────────────────────────────────────

    Error Context: ../test-results/ui-ux-experience-UI-UX-Exp-80c6b-cefully-with-proper-styling-chromium/error-context.md
]]>
</failure>
<system-out>
<![CDATA[
[[ATTACHMENT|test-results/ui-ux-experience-UI-UX-Exp-80c6b-cefully-with-proper-styling-chromium/test-failed-1.png]]

[[ATTACHMENT|test-results/ui-ux-experience-UI-UX-Exp-80c6b-cefully-with-proper-styling-chromium/video.webm]]

[[ATTACHMENT|test-results/ui-ux-experience-UI-UX-Exp-80c6b-cefully-with-proper-styling-chromium/error-context.md]]
]]>
</system-out>
</testcase>
<testcase name="UI/UX Experience Testing @smoke › should show proper visual feedback for copy action" classname="ui-ux-experience.spec.js" time="10.775">
<failure message="ui-ux-experience.spec.js:144:3 should show proper visual feedback for copy action" type="FAILURE">
<![CDATA[  [chromium] › ui-ux-experience.spec.js:144:3 › UI/UX Experience Testing @smoke › should show proper visual feedback for copy action 

    TimeoutError: page.fill: Timeout 10000ms exceeded.
    Call log:
      - waiting for locator('#techStackInput')


      144 |   test('should show proper visual feedback for copy action', async ({ page }) => {
      145 |     // Generate content first
    > 146 |     await page.fill('#techStackInput', 'Angular with TypeScript');
          |                ^
      147 |     await page.click('#generate');
      148 |     await page.waitForSelector('#results', { state: 'visible', timeout: 20000 });
      149 |     
        at /Users/david/Documents/Figa-Jira-Automations-Tool/figma-ticket-generator/browser-tests/tests/ui-ux-experience.spec.js:146:16

    attachment #1: screenshot (image/png) ──────────────────────────────────────────────────────────
    ../test-results/ui-ux-experience-UI-UX-Exp-b36f5-al-feedback-for-copy-action-chromium/test-failed-1.png
    ────────────────────────────────────────────────────────────────────────────────────────────────

    attachment #2: video (video/webm) ──────────────────────────────────────────────────────────────
    ../test-results/ui-ux-experience-UI-UX-Exp-b36f5-al-feedback-for-copy-action-chromium/video.webm
    ────────────────────────────────────────────────────────────────────────────────────────────────

    Error Context: ../test-results/ui-ux-experience-UI-UX-Exp-b36f5-al-feedback-for-copy-action-chromium/error-context.md
]]>
</failure>
<system-out>
<![CDATA[
[[ATTACHMENT|test-results/ui-ux-experience-UI-UX-Exp-b36f5-al-feedback-for-copy-action-chromium/test-failed-1.png]]

[[ATTACHMENT|test-results/ui-ux-experience-UI-UX-Exp-b36f5-al-feedback-for-copy-action-chromium/video.webm]]

[[ATTACHMENT|test-results/ui-ux-experience-UI-UX-Exp-b36f5-al-feedback-for-copy-action-chromium/error-context.md]]
]]>
</system-out>
</testcase>
<testcase name="UI/UX Experience Testing @smoke › should maintain visual consistency across different document types" classname="ui-ux-experience.spec.js" time="10.848">
<failure message="ui-ux-experience.spec.js:166:3 should maintain visual consistency across different document types" type="FAILURE">
<![CDATA[  [chromium] › ui-ux-experience.spec.js:166:3 › UI/UX Experience Testing @smoke › should maintain visual consistency across different document types 

    TimeoutError: page.selectOption: Timeout 10000ms exceeded.
    Call log:
      - waiting for locator('#documentType')


      168 |     
      169 |     for (const docType of documentTypes) {
    > 170 |       await page.selectOption('#documentType', docType);
          |                  ^
      171 |       
      172 |       // UI should remain consistent
      173 |       await expect(page.locator('#documentType')).toBeVisible();
        at /Users/david/Documents/Figa-Jira-Automations-Tool/figma-ticket-generator/browser-tests/tests/ui-ux-experience.spec.js:170:18

    attachment #1: screenshot (image/png) ──────────────────────────────────────────────────────────
    ../test-results/ui-ux-experience-UI-UX-Exp-efb6a-ss-different-document-types-chromium/test-failed-1.png
    ────────────────────────────────────────────────────────────────────────────────────────────────

    attachment #2: video (video/webm) ──────────────────────────────────────────────────────────────
    ../test-results/ui-ux-experience-UI-UX-Exp-efb6a-ss-different-document-types-chromium/video.webm
    ────────────────────────────────────────────────────────────────────────────────────────────────

    Error Context: ../test-results/ui-ux-experience-UI-UX-Exp-efb6a-ss-different-document-types-chromium/error-context.md
]]>
</failure>
<system-out>
<![CDATA[
[[ATTACHMENT|test-results/ui-ux-experience-UI-UX-Exp-efb6a-ss-different-document-types-chromium/test-failed-1.png]]

[[ATTACHMENT|test-results/ui-ux-experience-UI-UX-Exp-efb6a-ss-different-document-types-chromium/video.webm]]

[[ATTACHMENT|test-results/ui-ux-experience-UI-UX-Exp-efb6a-ss-different-document-types-chromium/error-context.md]]
]]>
</system-out>
</testcase>
<testcase name="UI/UX Experience Testing @smoke › should display proper typography and spacing" classname="ui-ux-experience.spec.js" time="5.721">
<failure message="ui-ux-experience.spec.js:184:3 should display proper typography and spacing" type="FAILURE">
<![CDATA[  [chromium] › ui-ux-experience.spec.js:184:3 › UI/UX Experience Testing @smoke › should display proper typography and spacing 

    Error: expect(locator).toHaveCSS(expected) failed

    Locator: locator('h1')
    Expected pattern: /24px|1\.5rem/
    Received string:  "32px"
    Timeout: 5000ms

    Call log:
      - Expect "toHaveCSS" with timeout 5000ms
      - waiting for locator('h1')
        9 × locator resolved to <h1>Error response</h1>
          - unexpected value "32px"


      185 |     // Check main heading typography
      186 |     const heading = page.locator('h1');
    > 187 |     await expect(heading).toHaveCSS('font-size', /24px|1\.5rem/);
          |                           ^
      188 |     await expect(heading).toHaveCSS('font-weight', /600|bold/);
      189 |     
      190 |     // Check subtitle styling
        at /Users/david/Documents/Figa-Jira-Automations-Tool/figma-ticket-generator/browser-tests/tests/ui-ux-experience.spec.js:187:27

    attachment #1: screenshot (image/png) ──────────────────────────────────────────────────────────
    ../test-results/ui-ux-experience-UI-UX-Exp-0f64e-oper-typography-and-spacing-chromium/test-failed-1.png
    ────────────────────────────────────────────────────────────────────────────────────────────────

    attachment #2: video (video/webm) ──────────────────────────────────────────────────────────────
    ../test-results/ui-ux-experience-UI-UX-Exp-0f64e-oper-typography-and-spacing-chromium/video.webm
    ────────────────────────────────────────────────────────────────────────────────────────────────

    Error Context: ../test-results/ui-ux-experience-UI-UX-Exp-0f64e-oper-typography-and-spacing-chromium/error-context.md
]]>
</failure>
<system-out>
<![CDATA[
[[ATTACHMENT|test-results/ui-ux-experience-UI-UX-Exp-0f64e-oper-typography-and-spacing-chromium/test-failed-1.png]]

[[ATTACHMENT|test-results/ui-ux-experience-UI-UX-Exp-0f64e-oper-typography-and-spacing-chromium/video.webm]]

[[ATTACHMENT|test-results/ui-ux-experience-UI-UX-Exp-0f64e-oper-typography-and-spacing-chromium/error-context.md]]
]]>
</system-out>
</testcase>
<testcase name="UI/UX Experience Testing @smoke › should handle focus states and keyboard navigation" classname="ui-ux-experience.spec.js" time="5.723">
<failure message="ui-ux-experience.spec.js:205:3 should handle focus states and keyboard navigation" type="FAILURE">
<![CDATA[  [chromium] › ui-ux-experience.spec.js:205:3 › UI/UX Experience Testing @smoke › should handle focus states and keyboard navigation 

    Error: expect(locator).toBeFocused() failed

    Locator: locator('#techStackInput')
    Expected: focused
    Timeout: 5000ms
    Error: element(s) not found

    Call log:
      - Expect "toBeFocused" with timeout 5000ms
      - waiting for locator('#techStackInput')


      206 |     // Test tab navigation
      207 |     await page.keyboard.press('Tab');
    > 208 |     await expect(page.locator('#techStackInput')).toBeFocused();
          |                                                   ^
      209 |     
      210 |     await page.keyboard.press('Tab');
      211 |     await expect(page.locator('#documentType')).toBeFocused();
        at /Users/david/Documents/Figa-Jira-Automations-Tool/figma-ticket-generator/browser-tests/tests/ui-ux-experience.spec.js:208:51

    attachment #1: screenshot (image/png) ──────────────────────────────────────────────────────────
    ../test-results/ui-ux-experience-UI-UX-Exp-f3fb3-tes-and-keyboard-navigation-chromium/test-failed-1.png
    ────────────────────────────────────────────────────────────────────────────────────────────────

    attachment #2: video (video/webm) ──────────────────────────────────────────────────────────────
    ../test-results/ui-ux-experience-UI-UX-Exp-f3fb3-tes-and-keyboard-navigation-chromium/video.webm
    ────────────────────────────────────────────────────────────────────────────────────────────────

    Error Context: ../test-results/ui-ux-experience-UI-UX-Exp-f3fb3-tes-and-keyboard-navigation-chromium/error-context.md
]]>
</failure>
<system-out>
<![CDATA[
[[ATTACHMENT|test-results/ui-ux-experience-UI-UX-Exp-f3fb3-tes-and-keyboard-navigation-chromium/test-failed-1.png]]

[[ATTACHMENT|test-results/ui-ux-experience-UI-UX-Exp-f3fb3-tes-and-keyboard-navigation-chromium/video.webm]]

[[ATTACHMENT|test-results/ui-ux-experience-UI-UX-Exp-f3fb3-tes-and-keyboard-navigation-chromium/error-context.md]]
]]>
</system-out>
</testcase>
<testcase name="UI/UX Experience Testing @smoke › should display results with proper formatting and styling" classname="ui-ux-experience.spec.js" time="10.801">
<failure message="ui-ux-experience.spec.js:227:3 should display results with proper formatting and styling" type="FAILURE">
<![CDATA[  [chromium] › ui-ux-experience.spec.js:227:3 › UI/UX Experience Testing @smoke › should display results with proper formatting and styling 

    TimeoutError: page.fill: Timeout 10000ms exceeded.
    Call log:
      - waiting for locator('#techStackInput')


      227 |   test('should display results with proper formatting and styling', async ({ page }) => {
      228 |     // Generate content
    > 229 |     await page.fill('#techStackInput', 'Next.js with TypeScript and Tailwind CSS');
          |                ^
      230 |     await page.click('#generate');
      231 |     await page.waitForSelector('#results', { state: 'visible', timeout: 20000 });
      232 |     
        at /Users/david/Documents/Figa-Jira-Automations-Tool/figma-ticket-generator/browser-tests/tests/ui-ux-experience.spec.js:229:16

    attachment #1: screenshot (image/png) ──────────────────────────────────────────────────────────
    ../test-results/ui-ux-experience-UI-UX-Exp-2d322-oper-formatting-and-styling-chromium/test-failed-1.png
    ────────────────────────────────────────────────────────────────────────────────────────────────

    attachment #2: video (video/webm) ──────────────────────────────────────────────────────────────
    ../test-results/ui-ux-experience-UI-UX-Exp-2d322-oper-formatting-and-styling-chromium/video.webm
    ────────────────────────────────────────────────────────────────────────────────────────────────

    Error Context: ../test-results/ui-ux-experience-UI-UX-Exp-2d322-oper-formatting-and-styling-chromium/error-context.md
]]>
</failure>
<system-out>
<![CDATA[
[[ATTACHMENT|test-results/ui-ux-experience-UI-UX-Exp-2d322-oper-formatting-and-styling-chromium/test-failed-1.png]]

[[ATTACHMENT|test-results/ui-ux-experience-UI-UX-Exp-2d322-oper-formatting-and-styling-chromium/video.webm]]

[[ATTACHMENT|test-results/ui-ux-experience-UI-UX-Exp-2d322-oper-formatting-and-styling-chromium/error-context.md]]
]]>
</system-out>
</testcase>
<testcase name="UI/UX Experience Testing @smoke › should have enhanced tech stack interface with suggestion pills" classname="ui-ux-experience.spec.js" time="5.747">
<failure message="ui-ux-experience.spec.js:249:3 should have enhanced tech stack interface with suggestion pills" type="FAILURE">
<![CDATA[  [chromium] › ui-ux-experience.spec.js:249:3 › UI/UX Experience Testing @smoke › should have enhanced tech stack interface with suggestion pills 

    Error: expect(locator).toBeVisible() failed

    Locator: locator('.tech-stack-header')
    Expected: visible
    Timeout: 5000ms
    Error: element(s) not found

    Call log:
      - Expect "toBeVisible" with timeout 5000ms
      - waiting for locator('.tech-stack-header')


      249 |   test('should have enhanced tech stack interface with suggestion pills', async ({ page }) => {
      250 |     // Check for tech stack header with AI-powered badge
    > 251 |     await expect(page.locator('.tech-stack-header')).toBeVisible();
          |                                                      ^
      252 |     await expect(page.locator('.ai-powered-badge')).toBeVisible();
      253 |     await expect(page.locator('.ai-powered-badge')).toHaveText('AI-Powered');
      254 |     
        at /Users/david/Documents/Figa-Jira-Automations-Tool/figma-ticket-generator/browser-tests/tests/ui-ux-experience.spec.js:251:54

    attachment #1: screenshot (image/png) ──────────────────────────────────────────────────────────
    ../test-results/ui-ux-experience-UI-UX-Exp-cad46-rface-with-suggestion-pills-chromium/test-failed-1.png
    ────────────────────────────────────────────────────────────────────────────────────────────────

    attachment #2: video (video/webm) ──────────────────────────────────────────────────────────────
    ../test-results/ui-ux-experience-UI-UX-Exp-cad46-rface-with-suggestion-pills-chromium/video.webm
    ────────────────────────────────────────────────────────────────────────────────────────────────

    Error Context: ../test-results/ui-ux-experience-UI-UX-Exp-cad46-rface-with-suggestion-pills-chromium/error-context.md
]]>
</failure>
<system-out>
<![CDATA[
[[ATTACHMENT|test-results/ui-ux-experience-UI-UX-Exp-cad46-rface-with-suggestion-pills-chromium/test-failed-1.png]]

[[ATTACHMENT|test-results/ui-ux-experience-UI-UX-Exp-cad46-rface-with-suggestion-pills-chromium/video.webm]]

[[ATTACHMENT|test-results/ui-ux-experience-UI-UX-Exp-cad46-rface-with-suggestion-pills-chromium/error-context.md]]
]]>
</system-out>
</testcase>
<testcase name="UI/UX Experience Testing @smoke › should handle tech stack parse button functionality" classname="ui-ux-experience.spec.js" time="5.799">
<failure message="ui-ux-experience.spec.js:273:3 should handle tech stack parse button functionality" type="FAILURE">
<![CDATA[  [chromium] › ui-ux-experience.spec.js:273:3 › UI/UX Experience Testing @smoke › should handle tech stack parse button functionality 

    Error: expect(locator).toBeVisible() failed

    Locator: locator('.parse-tech-stack')
    Expected: visible
    Timeout: 5000ms
    Error: element(s) not found

    Call log:
      - Expect "toBeVisible" with timeout 5000ms
      - waiting for locator('.parse-tech-stack')


      276 |     
      277 |     // Parse button should be visible
    > 278 |     await expect(parseButton).toBeVisible();
          |                               ^
      279 |     await expect(parseButton).toHaveText(/Parse Tech Stack/);
      280 |     
      281 |     // Test empty input validation
        at /Users/david/Documents/Figa-Jira-Automations-Tool/figma-ticket-generator/browser-tests/tests/ui-ux-experience.spec.js:278:31

    attachment #1: screenshot (image/png) ──────────────────────────────────────────────────────────
    ../test-results/ui-ux-experience-UI-UX-Exp-2c5a3--parse-button-functionality-chromium/test-failed-1.png
    ────────────────────────────────────────────────────────────────────────────────────────────────

    attachment #2: video (video/webm) ──────────────────────────────────────────────────────────────
    ../test-results/ui-ux-experience-UI-UX-Exp-2c5a3--parse-button-functionality-chromium/video.webm
    ────────────────────────────────────────────────────────────────────────────────────────────────

    Error Context: ../test-results/ui-ux-experience-UI-UX-Exp-2c5a3--parse-button-functionality-chromium/error-context.md
]]>
</failure>
<system-out>
<![CDATA[
[[ATTACHMENT|test-results/ui-ux-experience-UI-UX-Exp-2c5a3--parse-button-functionality-chromium/test-failed-1.png]]

[[ATTACHMENT|test-results/ui-ux-experience-UI-UX-Exp-2c5a3--parse-button-functionality-chromium/video.webm]]

[[ATTACHMENT|test-results/ui-ux-experience-UI-UX-Exp-2c5a3--parse-button-functionality-chromium/error-context.md]]
]]>
</system-out>
</testcase>
<testcase name="UI/UX Experience Testing @smoke › should display different colored suggestion pills for different tech types" classname="ui-ux-experience.spec.js" time="5.697">
<failure message="ui-ux-experience.spec.js:302:3 should display different colored suggestion pills for different tech types" type="FAILURE">
<![CDATA[  [chromium] › ui-ux-experience.spec.js:302:3 › UI/UX Experience Testing @smoke › should display different colored suggestion pills for different tech types 

    Error: expect(locator).toBeVisible() failed

    Locator: locator('.suggestions-grid .suggestion-pill[data-type="react"]')
    Expected: visible
    Timeout: 5000ms
    Error: element(s) not found

    Call log:
      - Expect "toBeVisible" with timeout 5000ms
      - waiting for locator('.suggestions-grid .suggestion-pill[data-type="react"]')


      306 |     
      307 |     // Check React pill styling
    > 308 |     await expect(reactPill).toBeVisible();
          |                             ^
      309 |     await expect(reactPill).toHaveCSS('border-color', /rgb\(97, 218, 251\)/);
      310 |     
      311 |     // Check Vue pill styling
        at /Users/david/Documents/Figa-Jira-Automations-Tool/figma-ticket-generator/browser-tests/tests/ui-ux-experience.spec.js:308:29

    attachment #1: screenshot (image/png) ──────────────────────────────────────────────────────────
    ../test-results/ui-ux-experience-UI-UX-Exp-15b63-ls-for-different-tech-types-chromium/test-failed-1.png
    ────────────────────────────────────────────────────────────────────────────────────────────────

    attachment #2: video (video/webm) ──────────────────────────────────────────────────────────────
    ../test-results/ui-ux-experience-UI-UX-Exp-15b63-ls-for-different-tech-types-chromium/video.webm
    ────────────────────────────────────────────────────────────────────────────────────────────────

    Error Context: ../test-results/ui-ux-experience-UI-UX-Exp-15b63-ls-for-different-tech-types-chromium/error-context.md
]]>
</failure>
<system-out>
<![CDATA[
[[ATTACHMENT|test-results/ui-ux-experience-UI-UX-Exp-15b63-ls-for-different-tech-types-chromium/test-failed-1.png]]

[[ATTACHMENT|test-results/ui-ux-experience-UI-UX-Exp-15b63-ls-for-different-tech-types-chromium/video.webm]]

[[ATTACHMENT|test-results/ui-ux-experience-UI-UX-Exp-15b63-ls-for-different-tech-types-chromium/error-context.md]]
]]>
</system-out>
</testcase>
<testcase name="UI/UX Experience Testing @smoke › should show confidence indicator with proper styling and animation" classname="ui-ux-experience.spec.js" time="10.769">
<failure message="ui-ux-experience.spec.js:324:3 should show confidence indicator with proper styling and animation" type="FAILURE">
<![CDATA[  [chromium] › ui-ux-experience.spec.js:324:3 › UI/UX Experience Testing @smoke › should show confidence indicator with proper styling and animation 

    TimeoutError: page.fill: Timeout 10000ms exceeded.
    Call log:
      - waiting for locator('#techStackInput')


      324 |   test('should show confidence indicator with proper styling and animation', async ({ page }) => {
      325 |     // Fill tech stack to trigger confidence indicator
    > 326 |     await page.fill('#techStackInput', 'React with TypeScript, Material-UI, and Redux Toolkit for state management');
          |                ^
      327 |     
      328 |     // Wait for confidence indicator to appear
      329 |     await expect(page.locator('.parse-button-container .confidence-indicator.show')).toBeVisible();
        at /Users/david/Documents/Figa-Jira-Automations-Tool/figma-ticket-generator/browser-tests/tests/ui-ux-experience.spec.js:326:16

    attachment #1: screenshot (image/png) ──────────────────────────────────────────────────────────
    ../test-results/ui-ux-experience-UI-UX-Exp-eb767-roper-styling-and-animation-chromium/test-failed-1.png
    ────────────────────────────────────────────────────────────────────────────────────────────────

    attachment #2: video (video/webm) ──────────────────────────────────────────────────────────────
    ../test-results/ui-ux-experience-UI-UX-Exp-eb767-roper-styling-and-animation-chromium/video.webm
    ────────────────────────────────────────────────────────────────────────────────────────────────

    Error Context: ../test-results/ui-ux-experience-UI-UX-Exp-eb767-roper-styling-and-animation-chromium/error-context.md
]]>
</failure>
<system-out>
<![CDATA[
[[ATTACHMENT|test-results/ui-ux-experience-UI-UX-Exp-eb767-roper-styling-and-animation-chromium/test-failed-1.png]]

[[ATTACHMENT|test-results/ui-ux-experience-UI-UX-Exp-eb767-roper-styling-and-animation-chromium/video.webm]]

[[ATTACHMENT|test-results/ui-ux-experience-UI-UX-Exp-eb767-roper-styling-and-animation-chromium/error-context.md]]
]]>
</system-out>
</testcase>
</testsuite>
<testsuite name="visual-interactive.spec.js" timestamp="2025-10-23T02:33:00.593Z" hostname="chromium" tests="11" failures="11" skipped="0" time="104.486" errors="0">
<testcase name="Visual Regression Testing › should match initial UI layout screenshot" classname="visual-interactive.spec.js" time="5.701">
<failure message="visual-interactive.spec.js:10:3 should match initial UI layout screenshot" type="FAILURE">
<![CDATA[  [chromium] › visual-interactive.spec.js:10:3 › Visual Regression Testing › should match initial UI layout screenshot 

    Error: expect(locator).toBeVisible() failed

    Locator: locator('#app')
    Expected: visible
    Timeout: 5000ms
    Error: element(s) not found

    Call log:
      - Expect "toBeVisible" with timeout 5000ms
      - waiting for locator('#app')


      10 |   test('should match initial UI layout screenshot', async ({ page }) => {
      11 |     // Wait for all elements to be stable
    > 12 |     await expect(page.locator('#app')).toBeVisible();
         |                                        ^
      13 |     await page.waitForTimeout(1000); // Allow for any animations to settle
      14 |     
      15 |     // Take full page screenshot
        at /Users/david/Documents/Figa-Jira-Automations-Tool/figma-ticket-generator/browser-tests/tests/visual-interactive.spec.js:12:40

    attachment #1: screenshot (image/png) ──────────────────────────────────────────────────────────
    ../test-results/visual-interactive-Visual--0dfff-nitial-UI-layout-screenshot-chromium/test-failed-1.png
    ────────────────────────────────────────────────────────────────────────────────────────────────

    attachment #2: video (video/webm) ──────────────────────────────────────────────────────────────
    ../test-results/visual-interactive-Visual--0dfff-nitial-UI-layout-screenshot-chromium/video.webm
    ────────────────────────────────────────────────────────────────────────────────────────────────

    Error Context: ../test-results/visual-interactive-Visual--0dfff-nitial-UI-layout-screenshot-chromium/error-context.md
]]>
</failure>
<system-out>
<![CDATA[
[[ATTACHMENT|test-results/visual-interactive-Visual--0dfff-nitial-UI-layout-screenshot-chromium/test-failed-1.png]]

[[ATTACHMENT|test-results/visual-interactive-Visual--0dfff-nitial-UI-layout-screenshot-chromium/video.webm]]

[[ATTACHMENT|test-results/visual-interactive-Visual--0dfff-nitial-UI-layout-screenshot-chromium/error-context.md]]
]]>
</system-out>
</testcase>
<testcase name="Visual Regression Testing › should match confidence indicator appearance" classname="visual-interactive.spec.js" time="10.781">
<failure message="visual-interactive.spec.js:22:3 should match confidence indicator appearance" type="FAILURE">
<![CDATA[  [chromium] › visual-interactive.spec.js:22:3 › Visual Regression Testing › should match confidence indicator appearance 

    TimeoutError: page.fill: Timeout 10000ms exceeded.
    Call log:
      - waiting for locator('#techStackInput')


      22 |   test('should match confidence indicator appearance', async ({ page }) => {
      23 |     // Fill input to trigger confidence indicator
    > 24 |     await page.fill('#techStackInput', 'React with TypeScript, Material-UI, and Jest');
         |                ^
      25 |     await page.dispatchEvent('#techStackInput', 'input');
      26 |     
      27 |     // Wait for parsing and confidence indicator
        at /Users/david/Documents/Figa-Jira-Automations-Tool/figma-ticket-generator/browser-tests/tests/visual-interactive.spec.js:24:16

    attachment #1: screenshot (image/png) ──────────────────────────────────────────────────────────
    ../test-results/visual-interactive-Visual--e9c49-idence-indicator-appearance-chromium/test-failed-1.png
    ────────────────────────────────────────────────────────────────────────────────────────────────

    attachment #2: video (video/webm) ──────────────────────────────────────────────────────────────
    ../test-results/visual-interactive-Visual--e9c49-idence-indicator-appearance-chromium/video.webm
    ────────────────────────────────────────────────────────────────────────────────────────────────

    Error Context: ../test-results/visual-interactive-Visual--e9c49-idence-indicator-appearance-chromium/error-context.md
]]>
</failure>
<system-out>
<![CDATA[
[[ATTACHMENT|test-results/visual-interactive-Visual--e9c49-idence-indicator-appearance-chromium/test-failed-1.png]]

[[ATTACHMENT|test-results/visual-interactive-Visual--e9c49-idence-indicator-appearance-chromium/video.webm]]

[[ATTACHMENT|test-results/visual-interactive-Visual--e9c49-idence-indicator-appearance-chromium/error-context.md]]
]]>
</system-out>
</testcase>
<testcase name="Visual Regression Testing › should match loading state appearance" classname="visual-interactive.spec.js" time="10.787">
<failure message="visual-interactive.spec.js:37:3 should match loading state appearance" type="FAILURE">
<![CDATA[  [chromium] › visual-interactive.spec.js:37:3 › Visual Regression Testing › should match loading state appearance 

    TimeoutError: page.fill: Timeout 10000ms exceeded.
    Call log:
      - waiting for locator('#techStackInput')


      42 |     });
      43 |     
    > 44 |     await page.fill('#techStackInput', 'Vue 3 with TypeScript');
         |                ^
      45 |     await page.click('#generateBtn');
      46 |     
      47 |     // Capture loading state
        at /Users/david/Documents/Figa-Jira-Automations-Tool/figma-ticket-generator/browser-tests/tests/visual-interactive.spec.js:44:16

    attachment #1: screenshot (image/png) ──────────────────────────────────────────────────────────
    ../test-results/visual-interactive-Visual--c6e16-ch-loading-state-appearance-chromium/test-failed-1.png
    ────────────────────────────────────────────────────────────────────────────────────────────────

    attachment #2: video (video/webm) ──────────────────────────────────────────────────────────────
    ../test-results/visual-interactive-Visual--c6e16-ch-loading-state-appearance-chromium/video.webm
    ────────────────────────────────────────────────────────────────────────────────────────────────

    Error Context: ../test-results/visual-interactive-Visual--c6e16-ch-loading-state-appearance-chromium/error-context.md
]]>
</failure>
<system-out>
<![CDATA[
[[ATTACHMENT|test-results/visual-interactive-Visual--c6e16-ch-loading-state-appearance-chromium/test-failed-1.png]]

[[ATTACHMENT|test-results/visual-interactive-Visual--c6e16-ch-loading-state-appearance-chromium/video.webm]]

[[ATTACHMENT|test-results/visual-interactive-Visual--c6e16-ch-loading-state-appearance-chromium/error-context.md]]
]]>
</system-out>
</testcase>
<testcase name="Visual Regression Testing › should match results layout appearance" classname="visual-interactive.spec.js" time="10.779">
<failure message="visual-interactive.spec.js:56:3 should match results layout appearance" type="FAILURE">
<![CDATA[  [chromium] › visual-interactive.spec.js:56:3 › Visual Regression Testing › should match results layout appearance 

    TimeoutError: page.fill: Timeout 10000ms exceeded.
    Call log:
      - waiting for locator('#techStackInput')


      56 |   test('should match results layout appearance', async ({ page }) => {
      57 |     // Generate content
    > 58 |     await page.fill('#techStackInput', 'Angular with RxJS and Angular Material');
         |                ^
      59 |     await page.click('#generateBtn');
      60 |     await page.waitForSelector('#results', { state: 'visible', timeout: 30000 });
      61 |     
        at /Users/david/Documents/Figa-Jira-Automations-Tool/figma-ticket-generator/browser-tests/tests/visual-interactive.spec.js:58:16

    attachment #1: screenshot (image/png) ──────────────────────────────────────────────────────────
    ../test-results/visual-interactive-Visual--b5197-h-results-layout-appearance-chromium/test-failed-1.png
    ────────────────────────────────────────────────────────────────────────────────────────────────

    attachment #2: video (video/webm) ──────────────────────────────────────────────────────────────
    ../test-results/visual-interactive-Visual--b5197-h-results-layout-appearance-chromium/video.webm
    ────────────────────────────────────────────────────────────────────────────────────────────────

    Error Context: ../test-results/visual-interactive-Visual--b5197-h-results-layout-appearance-chromium/error-context.md
]]>
</failure>
<system-out>
<![CDATA[
[[ATTACHMENT|test-results/visual-interactive-Visual--b5197-h-results-layout-appearance-chromium/test-failed-1.png]]

[[ATTACHMENT|test-results/visual-interactive-Visual--b5197-h-results-layout-appearance-chromium/video.webm]]

[[ATTACHMENT|test-results/visual-interactive-Visual--b5197-h-results-layout-appearance-chromium/error-context.md]]
]]>
</system-out>
</testcase>
<testcase name="Visual Regression Testing › should match mobile layout appearance" classname="visual-interactive.spec.js" time="1.808">
<failure message="visual-interactive.spec.js:71:3 should match mobile layout appearance" type="FAILURE">
<![CDATA[  [chromium] › visual-interactive.spec.js:71:3 › Visual Regression Testing › should match mobile layout appearance 

    Error: expect(page).toHaveScreenshot(expected) failed

      46579 pixels (ratio 0.19 of all image pixels) are different.

      Snapshot: mobile-layout.png

    Call log:
      - Expect "toHaveScreenshot(mobile-layout.png)" with timeout 5000ms
        - verifying given screenshot expectation
      - taking page screenshot
        - disabled all CSS animations
      - waiting for fonts to load...
      - fonts loaded
      - 46579 pixels (ratio 0.19 of all image pixels) are different.
      - waiting 100ms before taking screenshot
      - taking page screenshot
        - disabled all CSS animations
      - waiting for fonts to load...
      - fonts loaded
      - captured a stable screenshot
      - 46579 pixels (ratio 0.19 of all image pixels) are different.


      77 |     
      78 |     // Take mobile screenshot
    > 79 |     await expect(page).toHaveScreenshot('mobile-layout.png', {
         |                        ^
      80 |       fullPage: true,
      81 |       threshold: 0.3
      82 |     });
        at /Users/david/Documents/Figa-Jira-Automations-Tool/figma-ticket-generator/browser-tests/tests/visual-interactive.spec.js:79:24

    attachment #1: mobile-layout (image/png) ───────────────────────────────────────────────────────
    Expected: visual-interactive.spec.js-snapshots/mobile-layout-chromium-darwin.png
    Received: ../test-results/visual-interactive-Visual--46fcc-ch-mobile-layout-appearance-chromium/mobile-layout-actual.png
    Diff:     ../test-results/visual-interactive-Visual--46fcc-ch-mobile-layout-appearance-chromium/mobile-layout-diff.png
    ────────────────────────────────────────────────────────────────────────────────────────────────

    attachment #2: screenshot (image/png) ──────────────────────────────────────────────────────────
    ../test-results/visual-interactive-Visual--46fcc-ch-mobile-layout-appearance-chromium/test-failed-1.png
    ────────────────────────────────────────────────────────────────────────────────────────────────

    attachment #3: video (video/webm) ──────────────────────────────────────────────────────────────
    ../test-results/visual-interactive-Visual--46fcc-ch-mobile-layout-appearance-chromium/video.webm
    ────────────────────────────────────────────────────────────────────────────────────────────────

    Error Context: ../test-results/visual-interactive-Visual--46fcc-ch-mobile-layout-appearance-chromium/error-context.md
]]>
</failure>
<system-out>
<![CDATA[
[[ATTACHMENT|tests/visual-interactive.spec.js-snapshots/mobile-layout-chromium-darwin.png]]

[[ATTACHMENT|test-results/visual-interactive-Visual--46fcc-ch-mobile-layout-appearance-chromium/mobile-layout-actual.png]]

[[ATTACHMENT|test-results/visual-interactive-Visual--46fcc-ch-mobile-layout-appearance-chromium/mobile-layout-diff.png]]

[[ATTACHMENT|test-results/visual-interactive-Visual--46fcc-ch-mobile-layout-appearance-chromium/test-failed-1.png]]

[[ATTACHMENT|test-results/visual-interactive-Visual--46fcc-ch-mobile-layout-appearance-chromium/video.webm]]

[[ATTACHMENT|test-results/visual-interactive-Visual--46fcc-ch-mobile-layout-appearance-chromium/error-context.md]]
]]>
</system-out>
</testcase>
<testcase name="Interactive UI Testing › should handle hover states correctly" classname="visual-interactive.spec.js" time="10.765">
<failure message="visual-interactive.spec.js:93:3 should handle hover states correctly" type="FAILURE">
<![CDATA[  [chromium] › visual-interactive.spec.js:93:3 › Interactive UI Testing › should handle hover states correctly 

    TimeoutError: locator.hover: Timeout 10000ms exceeded.
    Call log:
      - waiting for locator('#generateBtn')


      94 |     // Test button hover state
      95 |     const generateBtn = page.locator('#generateBtn');
    > 96 |     await generateBtn.hover();
         |                       ^
      97 |     
      98 |     // Check hover styling
      99 |     const hoverColor = await generateBtn.evaluate(el => 
        at /Users/david/Documents/Figa-Jira-Automations-Tool/figma-ticket-generator/browser-tests/tests/visual-interactive.spec.js:96:23

    attachment #1: screenshot (image/png) ──────────────────────────────────────────────────────────
    ../test-results/visual-interactive-Interac-343fe-ndle-hover-states-correctly-chromium/test-failed-1.png
    ────────────────────────────────────────────────────────────────────────────────────────────────

    attachment #2: video (video/webm) ──────────────────────────────────────────────────────────────
    ../test-results/visual-interactive-Interac-343fe-ndle-hover-states-correctly-chromium/video.webm
    ────────────────────────────────────────────────────────────────────────────────────────────────

    Error Context: ../test-results/visual-interactive-Interac-343fe-ndle-hover-states-correctly-chromium/error-context.md
]]>
</failure>
<system-out>
<![CDATA[
[[ATTACHMENT|test-results/visual-interactive-Interac-343fe-ndle-hover-states-correctly-chromium/test-failed-1.png]]

[[ATTACHMENT|test-results/visual-interactive-Interac-343fe-ndle-hover-states-correctly-chromium/video.webm]]

[[ATTACHMENT|test-results/visual-interactive-Interac-343fe-ndle-hover-states-correctly-chromium/error-context.md]]
]]>
</system-out>
</testcase>
<testcase name="Interactive UI Testing › should handle click animations and feedback" classname="visual-interactive.spec.js" time="10.751">
<failure message="visual-interactive.spec.js:123:3 should handle click animations and feedback" type="FAILURE">
<![CDATA[  [chromium] › visual-interactive.spec.js:123:3 › Interactive UI Testing › should handle click animations and feedback 

    TimeoutError: page.fill: Timeout 10000ms exceeded.
    Call log:
      - waiting for locator('#techStackInput')


      123 |   test('should handle click animations and feedback', async ({ page }) => {
      124 |     // Fill form to enable generation
    > 125 |     await page.fill('#techStackInput', 'Svelte with SvelteKit');
          |                ^
      126 |     
      127 |     // Click generate button and check immediate feedback
      128 |     const generateBtn = page.locator('#generateBtn');
        at /Users/david/Documents/Figa-Jira-Automations-Tool/figma-ticket-generator/browser-tests/tests/visual-interactive.spec.js:125:16

    attachment #1: screenshot (image/png) ──────────────────────────────────────────────────────────
    ../test-results/visual-interactive-Interac-17605-ick-animations-and-feedback-chromium/test-failed-1.png
    ────────────────────────────────────────────────────────────────────────────────────────────────

    attachment #2: video (video/webm) ──────────────────────────────────────────────────────────────
    ../test-results/visual-interactive-Interac-17605-ick-animations-and-feedback-chromium/video.webm
    ────────────────────────────────────────────────────────────────────────────────────────────────

    Error Context: ../test-results/visual-interactive-Interac-17605-ick-animations-and-feedback-chromium/error-context.md
]]>
</failure>
<system-out>
<![CDATA[
[[ATTACHMENT|test-results/visual-interactive-Interac-17605-ick-animations-and-feedback-chromium/test-failed-1.png]]

[[ATTACHMENT|test-results/visual-interactive-Interac-17605-ick-animations-and-feedback-chromium/video.webm]]

[[ATTACHMENT|test-results/visual-interactive-Interac-17605-ick-animations-and-feedback-chromium/error-context.md]]
]]>
</system-out>
</testcase>
<testcase name="Interactive UI Testing › should handle form validation feedback" classname="visual-interactive.spec.js" time="10.793">
<failure message="visual-interactive.spec.js:146:3 should handle form validation feedback" type="FAILURE">
<![CDATA[  [chromium] › visual-interactive.spec.js:146:3 › Interactive UI Testing › should handle form validation feedback 

    TimeoutError: page.click: Timeout 10000ms exceeded.
    Call log:
      - waiting for locator('#generateBtn')


      146 |   test('should handle form validation feedback', async ({ page }) => {
      147 |     // Submit empty form
    > 148 |     await page.click('#generateBtn');
          |                ^
      149 |     
      150 |     // Should show validation error with proper styling
      151 |     const errorMessage = page.locator('.error-message');
        at /Users/david/Documents/Figa-Jira-Automations-Tool/figma-ticket-generator/browser-tests/tests/visual-interactive.spec.js:148:16

    attachment #1: screenshot (image/png) ──────────────────────────────────────────────────────────
    ../test-results/visual-interactive-Interac-2a1d4-le-form-validation-feedback-chromium/test-failed-1.png
    ────────────────────────────────────────────────────────────────────────────────────────────────

    attachment #2: video (video/webm) ──────────────────────────────────────────────────────────────
    ../test-results/visual-interactive-Interac-2a1d4-le-form-validation-feedback-chromium/video.webm
    ────────────────────────────────────────────────────────────────────────────────────────────────

    Error Context: ../test-results/visual-interactive-Interac-2a1d4-le-form-validation-feedback-chromium/error-context.md
]]>
</failure>
<system-out>
<![CDATA[
[[ATTACHMENT|test-results/visual-interactive-Interac-2a1d4-le-form-validation-feedback-chromium/test-failed-1.png]]

[[ATTACHMENT|test-results/visual-interactive-Interac-2a1d4-le-form-validation-feedback-chromium/video.webm]]

[[ATTACHMENT|test-results/visual-interactive-Interac-2a1d4-le-form-validation-feedback-chromium/error-context.md]]
]]>
</system-out>
</testcase>
<testcase name="Interactive UI Testing › should handle copy button interaction" classname="visual-interactive.spec.js" time="10.759">
<failure message="visual-interactive.spec.js:168:3 should handle copy button interaction" type="FAILURE">
<![CDATA[  [chromium] › visual-interactive.spec.js:168:3 › Interactive UI Testing › should handle copy button interaction 

    TimeoutError: page.fill: Timeout 10000ms exceeded.
    Call log:
      - waiting for locator('#techStackInput')


      168 |   test('should handle copy button interaction', async ({ page }) => {
      169 |     // Generate content first
    > 170 |     await page.fill('#techStackInput', 'Next.js with TypeScript');
          |                ^
      171 |     await page.click('#generateBtn');
      172 |     await page.waitForSelector('#results', { state: 'visible', timeout: 30000 });
      173 |     
        at /Users/david/Documents/Figa-Jira-Automations-Tool/figma-ticket-generator/browser-tests/tests/visual-interactive.spec.js:170:16

    attachment #1: screenshot (image/png) ──────────────────────────────────────────────────────────
    ../test-results/visual-interactive-Interac-67df8-dle-copy-button-interaction-chromium/test-failed-1.png
    ────────────────────────────────────────────────────────────────────────────────────────────────

    attachment #2: video (video/webm) ──────────────────────────────────────────────────────────────
    ../test-results/visual-interactive-Interac-67df8-dle-copy-button-interaction-chromium/video.webm
    ────────────────────────────────────────────────────────────────────────────────────────────────

    Error Context: ../test-results/visual-interactive-Interac-67df8-dle-copy-button-interaction-chromium/error-context.md
]]>
</failure>
<system-out>
<![CDATA[
[[ATTACHMENT|test-results/visual-interactive-Interac-67df8-dle-copy-button-interaction-chromium/test-failed-1.png]]

[[ATTACHMENT|test-results/visual-interactive-Interac-67df8-dle-copy-button-interaction-chromium/video.webm]]

[[ATTACHMENT|test-results/visual-interactive-Interac-67df8-dle-copy-button-interaction-chromium/error-context.md]]
]]>
</system-out>
</testcase>
<testcase name="Interactive UI Testing › should handle dynamic content updates smoothly" classname="visual-interactive.spec.js" time="10.77">
<failure message="visual-interactive.spec.js:195:3 should handle dynamic content updates smoothly" type="FAILURE">
<![CDATA[  [chromium] › visual-interactive.spec.js:195:3 › Interactive UI Testing › should handle dynamic content updates smoothly 

    TimeoutError: locator.fill: Timeout 10000ms exceeded.
    Call log:
      - waiting for locator('#techStackInput')


      221 |     
      222 |     for (const input of testInputs) {
    > 223 |       await techStackInput.fill(input);
          |                            ^
      224 |       await techStackInput.dispatchEvent('input');
      225 |       await page.waitForTimeout(100); // Small delay between inputs
      226 |     }
        at /Users/david/Documents/Figa-Jira-Automations-Tool/figma-ticket-generator/browser-tests/tests/visual-interactive.spec.js:223:28

    attachment #1: screenshot (image/png) ──────────────────────────────────────────────────────────
    ../test-results/visual-interactive-Interac-d04b1-ic-content-updates-smoothly-chromium/test-failed-1.png
    ────────────────────────────────────────────────────────────────────────────────────────────────

    attachment #2: video (video/webm) ──────────────────────────────────────────────────────────────
    ../test-results/visual-interactive-Interac-d04b1-ic-content-updates-smoothly-chromium/video.webm
    ────────────────────────────────────────────────────────────────────────────────────────────────

    Error Context: ../test-results/visual-interactive-Interac-d04b1-ic-content-updates-smoothly-chromium/error-context.md
]]>
</failure>
<system-out>
<![CDATA[
[[ATTACHMENT|test-results/visual-interactive-Interac-d04b1-ic-content-updates-smoothly-chromium/test-failed-1.png]]

[[ATTACHMENT|test-results/visual-interactive-Interac-d04b1-ic-content-updates-smoothly-chromium/video.webm]]

[[ATTACHMENT|test-results/visual-interactive-Interac-d04b1-ic-content-updates-smoothly-chromium/error-context.md]]
]]>
</system-out>
</testcase>
<testcase name="Interactive UI Testing › should handle document type switching smoothly" classname="visual-interactive.spec.js" time="10.792">
<failure message="visual-interactive.spec.js:237:3 should handle document type switching smoothly" type="FAILURE">
<![CDATA[  [chromium] › visual-interactive.spec.js:237:3 › Interactive UI Testing › should handle document type switching smoothly 

    TimeoutError: page.fill: Timeout 10000ms exceeded.
    Call log:
      - waiting for locator('#techStackInput')


      236 |
      237 |   test('should handle document type switching smoothly', async ({ page }) => {
    > 238 |     await page.fill('#techStackInput', 'Angular with RxJS');
          |                ^
      239 |     
      240 |     const documentTypes = ['jira', 'confluence', 'agent'];
      241 |     
        at /Users/david/Documents/Figa-Jira-Automations-Tool/figma-ticket-generator/browser-tests/tests/visual-interactive.spec.js:238:16

    attachment #1: screenshot (image/png) ──────────────────────────────────────────────────────────
    ../test-results/visual-interactive-Interac-37c16-ent-type-switching-smoothly-chromium/test-failed-1.png
    ────────────────────────────────────────────────────────────────────────────────────────────────

    attachment #2: video (video/webm) ──────────────────────────────────────────────────────────────
    ../test-results/visual-interactive-Interac-37c16-ent-type-switching-smoothly-chromium/video.webm
    ────────────────────────────────────────────────────────────────────────────────────────────────

    Error Context: ../test-results/visual-interactive-Interac-37c16-ent-type-switching-smoothly-chromium/error-context.md
]]>
</failure>
<system-out>
<![CDATA[
[[ATTACHMENT|test-results/visual-interactive-Interac-37c16-ent-type-switching-smoothly-chromium/test-failed-1.png]]

[[ATTACHMENT|test-results/visual-interactive-Interac-37c16-ent-type-switching-smoothly-chromium/video.webm]]

[[ATTACHMENT|test-results/visual-interactive-Interac-37c16-ent-type-switching-smoothly-chromium/error-context.md]]
]]>
</system-out>
</testcase>
</testsuite>
<testsuite name="accessibility-edge-cases.spec.js" timestamp="2025-10-23T02:33:00.593Z" hostname="firefox" tests="13" failures="12" skipped="0" time="119.813" errors="0">
<testcase name="Accessibility Testing @critical › should meet WCAG 2.1 AA accessibility standards" classname="accessibility-edge-cases.spec.js" time="6.272">
<failure message="accessibility-edge-cases.spec.js:10:3 should meet WCAG 2.1 AA accessibility standards" type="FAILURE">
<![CDATA[  [firefox] › accessibility-edge-cases.spec.js:10:3 › Accessibility Testing @critical › should meet WCAG 2.1 AA accessibility standards 

    Error: expect(locator).toHaveAttribute() failed

    Locator:  locator('h1')
    Expected: have attribute
    Received: attribute not present
    Timeout:  5000ms

    Call log:
      - Expect "toHaveAttribute" with timeout 5000ms
      - waiting for locator('h1')
        9 × locator resolved to <h1>Error response</h1>
          - unexpected value "attribute not present"


      12 |     const h1 = page.locator('h1');
      13 |     await expect(h1).toBeVisible();
    > 14 |     await expect(h1).toHaveAttribute('id'); // Should have id for navigation
         |                      ^
      15 |     
      16 |     // Check for proper labels
      17 |     await expect(page.locator('#techStackInput')).toHaveAttribute('aria-label');
        at /Users/david/Documents/Figa-Jira-Automations-Tool/figma-ticket-generator/browser-tests/tests/accessibility-edge-cases.spec.js:14:22

    attachment #1: screenshot (image/png) ──────────────────────────────────────────────────────────
    ../test-results/accessibility-edge-cases-A-a129e--AA-accessibility-standards-firefox/test-failed-1.png
    ────────────────────────────────────────────────────────────────────────────────────────────────

    attachment #2: video (video/webm) ──────────────────────────────────────────────────────────────
    ../test-results/accessibility-edge-cases-A-a129e--AA-accessibility-standards-firefox/video.webm
    ────────────────────────────────────────────────────────────────────────────────────────────────

    Error Context: ../test-results/accessibility-edge-cases-A-a129e--AA-accessibility-standards-firefox/error-context.md
]]>
</failure>
<system-out>
<![CDATA[
[[ATTACHMENT|test-results/accessibility-edge-cases-A-a129e--AA-accessibility-standards-firefox/test-failed-1.png]]

[[ATTACHMENT|test-results/accessibility-edge-cases-A-a129e--AA-accessibility-standards-firefox/video.webm]]

[[ATTACHMENT|test-results/accessibility-edge-cases-A-a129e--AA-accessibility-standards-firefox/error-context.md]]
]]>
</system-out>
</testcase>
<testcase name="Accessibility Testing @critical › should be fully keyboard navigable" classname="accessibility-edge-cases.spec.js" time="6.173">
<failure message="accessibility-edge-cases.spec.js:42:3 should be fully keyboard navigable" type="FAILURE">
<![CDATA[  [firefox] › accessibility-edge-cases.spec.js:42:3 › Accessibility Testing @critical › should be fully keyboard navigable 

    Error: expect(locator).toBeFocused() failed

    Locator: locator('#techStackInput')
    Expected: focused
    Timeout: 5000ms
    Error: element(s) not found

    Call log:
      - Expect "toBeFocused" with timeout 5000ms
      - waiting for locator('#techStackInput')


      43 |     // Start from beginning
      44 |     await page.keyboard.press('Tab');
    > 45 |     await expect(page.locator('#techStackInput')).toBeFocused();
         |                                                   ^
      46 |     
      47 |     // Type in input
      48 |     await page.keyboard.type('React with TypeScript');
        at /Users/david/Documents/Figa-Jira-Automations-Tool/figma-ticket-generator/browser-tests/tests/accessibility-edge-cases.spec.js:45:51

    attachment #1: screenshot (image/png) ──────────────────────────────────────────────────────────
    ../test-results/accessibility-edge-cases-A-2250b-be-fully-keyboard-navigable-firefox/test-failed-1.png
    ────────────────────────────────────────────────────────────────────────────────────────────────

    attachment #2: video (video/webm) ──────────────────────────────────────────────────────────────
    ../test-results/accessibility-edge-cases-A-2250b-be-fully-keyboard-navigable-firefox/video.webm
    ────────────────────────────────────────────────────────────────────────────────────────────────

    Error Context: ../test-results/accessibility-edge-cases-A-2250b-be-fully-keyboard-navigable-firefox/error-context.md
]]>
</failure>
<system-out>
<![CDATA[
[[ATTACHMENT|test-results/accessibility-edge-cases-A-2250b-be-fully-keyboard-navigable-firefox/test-failed-1.png]]

[[ATTACHMENT|test-results/accessibility-edge-cases-A-2250b-be-fully-keyboard-navigable-firefox/video.webm]]

[[ATTACHMENT|test-results/accessibility-edge-cases-A-2250b-be-fully-keyboard-navigable-firefox/error-context.md]]
]]>
</system-out>
</testcase>
<testcase name="Accessibility Testing @critical › should work with screen readers" classname="accessibility-edge-cases.spec.js" time="6.157">
<failure message="accessibility-edge-cases.spec.js:69:3 should work with screen readers" type="FAILURE">
<![CDATA[  [firefox] › accessibility-edge-cases.spec.js:69:3 › Accessibility Testing @critical › should work with screen readers 

    Error: expect(locator).toHaveAttribute(expected) failed

    Locator: locator('#techStackInput')
    Expected: "textbox"
    Timeout: 5000ms
    Error: element(s) not found

    Call log:
      - Expect "toHaveAttribute" with timeout 5000ms
      - waiting for locator('#techStackInput')


      69 |   test('should work with screen readers', async ({ page }) => {
      70 |     // Check for proper ARIA attributes
    > 71 |     await expect(page.locator('#techStackInput')).toHaveAttribute('role', 'textbox');
         |                                                   ^
      72 |     await expect(page.locator('#documentType')).toHaveAttribute('role', 'combobox');
      73 |     await expect(page.locator('#generateBtn')).toHaveAttribute('role', 'button');
      74 |     
        at /Users/david/Documents/Figa-Jira-Automations-Tool/figma-ticket-generator/browser-tests/tests/accessibility-edge-cases.spec.js:71:51

    attachment #1: screenshot (image/png) ──────────────────────────────────────────────────────────
    ../test-results/accessibility-edge-cases-A-12313-ld-work-with-screen-readers-firefox/test-failed-1.png
    ────────────────────────────────────────────────────────────────────────────────────────────────

    attachment #2: video (video/webm) ──────────────────────────────────────────────────────────────
    ../test-results/accessibility-edge-cases-A-12313-ld-work-with-screen-readers-firefox/video.webm
    ────────────────────────────────────────────────────────────────────────────────────────────────

    Error Context: ../test-results/accessibility-edge-cases-A-12313-ld-work-with-screen-readers-firefox/error-context.md
]]>
</failure>
<system-out>
<![CDATA[
[[ATTACHMENT|test-results/accessibility-edge-cases-A-12313-ld-work-with-screen-readers-firefox/test-failed-1.png]]

[[ATTACHMENT|test-results/accessibility-edge-cases-A-12313-ld-work-with-screen-readers-firefox/video.webm]]

[[ATTACHMENT|test-results/accessibility-edge-cases-A-12313-ld-work-with-screen-readers-firefox/error-context.md]]
]]>
</system-out>
</testcase>
<testcase name="Accessibility Testing @critical › should handle focus management correctly" classname="accessibility-edge-cases.spec.js" time="6.083">
<failure message="accessibility-edge-cases.spec.js:91:3 should handle focus management correctly" type="FAILURE">
<![CDATA[  [firefox] › accessibility-edge-cases.spec.js:91:3 › Accessibility Testing @critical › should handle focus management correctly 

    Error: expect(locator).toHaveCSS(expected) failed

    Locator: locator(':focus')
    Expected pattern: /2px solid|auto/
    Timeout: 5000ms
    Error: element(s) not found

    Call log:
      - Expect "toHaveCSS" with timeout 5000ms
      - waiting for locator(':focus')


      93 |     await page.keyboard.press('Tab');
      94 |     const focusedElement = page.locator(':focus');
    > 95 |     await expect(focusedElement).toHaveCSS('outline', /2px solid|auto/);
         |                                  ^
      96 |     
      97 |     // Focus should move logically through the page
      98 |     const focusOrder = [
        at /Users/david/Documents/Figa-Jira-Automations-Tool/figma-ticket-generator/browser-tests/tests/accessibility-edge-cases.spec.js:95:34

    attachment #1: screenshot (image/png) ──────────────────────────────────────────────────────────
    ../test-results/accessibility-edge-cases-A-0a98b--focus-management-correctly-firefox/test-failed-1.png
    ────────────────────────────────────────────────────────────────────────────────────────────────

    attachment #2: video (video/webm) ──────────────────────────────────────────────────────────────
    ../test-results/accessibility-edge-cases-A-0a98b--focus-management-correctly-firefox/video.webm
    ────────────────────────────────────────────────────────────────────────────────────────────────

    Error Context: ../test-results/accessibility-edge-cases-A-0a98b--focus-management-correctly-firefox/error-context.md
]]>
</failure>
<system-out>
<![CDATA[
[[ATTACHMENT|test-results/accessibility-edge-cases-A-0a98b--focus-management-correctly-firefox/test-failed-1.png]]

[[ATTACHMENT|test-results/accessibility-edge-cases-A-0a98b--focus-management-correctly-firefox/video.webm]]

[[ATTACHMENT|test-results/accessibility-edge-cases-A-0a98b--focus-management-correctly-firefox/error-context.md]]
]]>
</system-out>
</testcase>
<testcase name="Accessibility Testing @critical › should provide proper error announcements for screen readers" classname="accessibility-edge-cases.spec.js" time="11.045">
<failure message="accessibility-edge-cases.spec.js:122:3 should provide proper error announcements for screen readers" type="FAILURE">
<![CDATA[  [firefox] › accessibility-edge-cases.spec.js:122:3 › Accessibility Testing @critical › should provide proper error announcements for screen readers 

    TimeoutError: page.click: Timeout 10000ms exceeded.
    Call log:
      - waiting for locator('#generateBtn')


      122 |   test('should provide proper error announcements for screen readers', async ({ page }) => {
      123 |     // Try to generate without input
    > 124 |     await page.click('#generateBtn');
          |                ^
      125 |     
      126 |     // Error should be announced
      127 |     const errorMessage = page.locator('.error-message');
        at /Users/david/Documents/Figa-Jira-Automations-Tool/figma-ticket-generator/browser-tests/tests/accessibility-edge-cases.spec.js:124:16

    attachment #1: screenshot (image/png) ──────────────────────────────────────────────────────────
    ../test-results/accessibility-edge-cases-A-1d378-ncements-for-screen-readers-firefox/test-failed-1.png
    ────────────────────────────────────────────────────────────────────────────────────────────────

    attachment #2: video (video/webm) ──────────────────────────────────────────────────────────────
    ../test-results/accessibility-edge-cases-A-1d378-ncements-for-screen-readers-firefox/video.webm
    ────────────────────────────────────────────────────────────────────────────────────────────────

    Error Context: ../test-results/accessibility-edge-cases-A-1d378-ncements-for-screen-readers-firefox/error-context.md
]]>
</failure>
<system-out>
<![CDATA[
[[ATTACHMENT|test-results/accessibility-edge-cases-A-1d378-ncements-for-screen-readers-firefox/test-failed-1.png]]

[[ATTACHMENT|test-results/accessibility-edge-cases-A-1d378-ncements-for-screen-readers-firefox/video.webm]]

[[ATTACHMENT|test-results/accessibility-edge-cases-A-1d378-ncements-for-screen-readers-firefox/error-context.md]]
]]>
</system-out>
</testcase>
<testcase name="Accessibility Testing @critical › should have proper semantic HTML structure" classname="accessibility-edge-cases.spec.js" time="6.064">
<failure message="accessibility-edge-cases.spec.js:136:3 should have proper semantic HTML structure" type="FAILURE">
<![CDATA[  [firefox] › accessibility-edge-cases.spec.js:136:3 › Accessibility Testing @critical › should have proper semantic HTML structure 

    Error: expect(locator).toBeVisible() failed

    Locator: locator('main')
    Expected: visible
    Timeout: 5000ms
    Error: element(s) not found

    Call log:
      - Expect "toBeVisible" with timeout 5000ms
      - waiting for locator('main')


      136 |   test('should have proper semantic HTML structure', async ({ page }) => {
      137 |     // Check for proper landmarks
    > 138 |     await expect(page.locator('main')).toBeVisible();
          |                                        ^
      139 |     await expect(page.locator('header')).toBeVisible();
      140 |     
      141 |     // Check for proper form structure
        at /Users/david/Documents/Figa-Jira-Automations-Tool/figma-ticket-generator/browser-tests/tests/accessibility-edge-cases.spec.js:138:40

    attachment #1: screenshot (image/png) ──────────────────────────────────────────────────────────
    ../test-results/accessibility-edge-cases-A-4809b-per-semantic-HTML-structure-firefox/test-failed-1.png
    ────────────────────────────────────────────────────────────────────────────────────────────────

    attachment #2: video (video/webm) ──────────────────────────────────────────────────────────────
    ../test-results/accessibility-edge-cases-A-4809b-per-semantic-HTML-structure-firefox/video.webm
    ────────────────────────────────────────────────────────────────────────────────────────────────

    Error Context: ../test-results/accessibility-edge-cases-A-4809b-per-semantic-HTML-structure-firefox/error-context.md
]]>
</failure>
<system-out>
<![CDATA[
[[ATTACHMENT|test-results/accessibility-edge-cases-A-4809b-per-semantic-HTML-structure-firefox/test-failed-1.png]]

[[ATTACHMENT|test-results/accessibility-edge-cases-A-4809b-per-semantic-HTML-structure-firefox/video.webm]]

[[ATTACHMENT|test-results/accessibility-edge-cases-A-4809b-per-semantic-HTML-structure-firefox/error-context.md]]
]]>
</system-out>
</testcase>
<testcase name="Error Handling and Edge Cases @critical › should handle network failures gracefully" classname="accessibility-edge-cases.spec.js" time="11.106">
<failure message="accessibility-edge-cases.spec.js:161:3 should handle network failures gracefully" type="FAILURE">
<![CDATA[  [firefox] › accessibility-edge-cases.spec.js:161:3 › Error Handling and Edge Cases @critical › should handle network failures gracefully 

    TimeoutError: page.fill: Timeout 10000ms exceeded.
    Call log:
      - waiting for locator('#techStackInput')


      163 |     await page.route('**/*', route => route.abort('failed'));
      164 |     
    > 165 |     await page.fill('#techStackInput', 'React with TypeScript');
          |                ^
      166 |     await page.click('#generateBtn');
      167 |     
      168 |     // Should show appropriate error message
        at /Users/david/Documents/Figa-Jira-Automations-Tool/figma-ticket-generator/browser-tests/tests/accessibility-edge-cases.spec.js:165:16

    attachment #1: screenshot (image/png) ──────────────────────────────────────────────────────────
    ../test-results/accessibility-edge-cases-E-db327-network-failures-gracefully-firefox/test-failed-1.png
    ────────────────────────────────────────────────────────────────────────────────────────────────

    attachment #2: video (video/webm) ──────────────────────────────────────────────────────────────
    ../test-results/accessibility-edge-cases-E-db327-network-failures-gracefully-firefox/video.webm
    ────────────────────────────────────────────────────────────────────────────────────────────────

    Error Context: ../test-results/accessibility-edge-cases-E-db327-network-failures-gracefully-firefox/error-context.md
]]>
</failure>
<system-out>
<![CDATA[
[[ATTACHMENT|test-results/accessibility-edge-cases-E-db327-network-failures-gracefully-firefox/test-failed-1.png]]

[[ATTACHMENT|test-results/accessibility-edge-cases-E-db327-network-failures-gracefully-firefox/video.webm]]

[[ATTACHMENT|test-results/accessibility-edge-cases-E-db327-network-failures-gracefully-firefox/error-context.md]]
]]>
</system-out>
</testcase>
<testcase name="Error Handling and Edge Cases @critical › should handle malicious input safely" classname="accessibility-edge-cases.spec.js" time="11.154">
<failure message="accessibility-edge-cases.spec.js:182:3 should handle malicious input safely" type="FAILURE">
<![CDATA[  [firefox] › accessibility-edge-cases.spec.js:182:3 › Error Handling and Edge Cases @critical › should handle malicious input safely 

    TimeoutError: page.fill: Timeout 10000ms exceeded.
    Call log:
      - waiting for locator('#techStackInput')


      195 |     for (const maliciousInput of maliciousInputs) {
      196 |       // Clear and fill with malicious input
    > 197 |       await page.fill('#techStackInput', maliciousInput);
          |                  ^
      198 |       await page.click('#generateBtn');
      199 |       
      200 |       // Wait for processing
        at /Users/david/Documents/Figa-Jira-Automations-Tool/figma-ticket-generator/browser-tests/tests/accessibility-edge-cases.spec.js:197:18

    attachment #1: screenshot (image/png) ──────────────────────────────────────────────────────────
    ../test-results/accessibility-edge-cases-E-56e05-ndle-malicious-input-safely-firefox/test-failed-1.png
    ────────────────────────────────────────────────────────────────────────────────────────────────

    attachment #2: video (video/webm) ──────────────────────────────────────────────────────────────
    ../test-results/accessibility-edge-cases-E-56e05-ndle-malicious-input-safely-firefox/video.webm
    ────────────────────────────────────────────────────────────────────────────────────────────────

    Error Context: ../test-results/accessibility-edge-cases-E-56e05-ndle-malicious-input-safely-firefox/error-context.md
]]>
</failure>
<system-out>
<![CDATA[
[[ATTACHMENT|test-results/accessibility-edge-cases-E-56e05-ndle-malicious-input-safely-firefox/test-failed-1.png]]

[[ATTACHMENT|test-results/accessibility-edge-cases-E-56e05-ndle-malicious-input-safely-firefox/video.webm]]

[[ATTACHMENT|test-results/accessibility-edge-cases-E-56e05-ndle-malicious-input-safely-firefox/error-context.md]]
]]>
</system-out>
</testcase>
<testcase name="Error Handling and Edge Cases @critical › should handle extremely long input gracefully" classname="accessibility-edge-cases.spec.js" time="11.149">
<system-out>
<![CDATA[Browser limitation with extremely large input: page.fill: Timeout 10000ms exceeded.
Call log:
[2m  - waiting for locator('#techStackInput')[22m

]]>
</system-out>
</testcase>
<testcase name="Error Handling and Edge Cases @critical › should handle rapid clicking and interaction spam" classname="accessibility-edge-cases.spec.js" time="11.171">
<failure message="accessibility-edge-cases.spec.js:250:3 should handle rapid clicking and interaction spam" type="FAILURE">
<![CDATA[  [firefox] › accessibility-edge-cases.spec.js:250:3 › Error Handling and Edge Cases @critical › should handle rapid clicking and interaction spam 

    TimeoutError: page.fill: Timeout 10000ms exceeded.
    Call log:
      - waiting for locator('#techStackInput')


      249 |
      250 |   test('should handle rapid clicking and interaction spam', async ({ page }) => {
    > 251 |     await page.fill('#techStackInput', 'React with TypeScript');
          |                ^
      252 |     
      253 |     // Rapidly click generate button multiple times
      254 |     const clickPromises = [];
        at /Users/david/Documents/Figa-Jira-Automations-Tool/figma-ticket-generator/browser-tests/tests/accessibility-edge-cases.spec.js:251:16

    attachment #1: screenshot (image/png) ──────────────────────────────────────────────────────────
    ../test-results/accessibility-edge-cases-E-27bed-icking-and-interaction-spam-firefox/test-failed-1.png
    ────────────────────────────────────────────────────────────────────────────────────────────────

    attachment #2: video (video/webm) ──────────────────────────────────────────────────────────────
    ../test-results/accessibility-edge-cases-E-27bed-icking-and-interaction-spam-firefox/video.webm
    ────────────────────────────────────────────────────────────────────────────────────────────────

    Error Context: ../test-results/accessibility-edge-cases-E-27bed-icking-and-interaction-spam-firefox/error-context.md
]]>
</failure>
<system-out>
<![CDATA[
[[ATTACHMENT|test-results/accessibility-edge-cases-E-27bed-icking-and-interaction-spam-firefox/test-failed-1.png]]

[[ATTACHMENT|test-results/accessibility-edge-cases-E-27bed-icking-and-interaction-spam-firefox/video.webm]]

[[ATTACHMENT|test-results/accessibility-edge-cases-E-27bed-icking-and-interaction-spam-firefox/error-context.md]]
]]>
</system-out>
</testcase>
<testcase name="Error Handling and Edge Cases @critical › should handle browser tab switching and focus loss" classname="accessibility-edge-cases.spec.js" time="11.077">
<failure message="accessibility-edge-cases.spec.js:278:3 should handle browser tab switching and focus loss" type="FAILURE">
<![CDATA[  [firefox] › accessibility-edge-cases.spec.js:278:3 › Error Handling and Edge Cases @critical › should handle browser tab switching and focus loss 

    TimeoutError: page.fill: Timeout 10000ms exceeded.
    Call log:
      - waiting for locator('#techStackInput')


      278 |   test('should handle browser tab switching and focus loss', async ({ page, context }) => {
      279 |     // Start a generation
    > 280 |     await page.fill('#techStackInput', 'Angular with RxJS');
          |                ^
      281 |     await page.click('#generateBtn');
      282 |     
      283 |     // Create new tab and switch to it (simulate user switching tabs)
        at /Users/david/Documents/Figa-Jira-Automations-Tool/figma-ticket-generator/browser-tests/tests/accessibility-edge-cases.spec.js:280:16

    attachment #1: screenshot (image/png) ──────────────────────────────────────────────────────────
    ../test-results/accessibility-edge-cases-E-8d902-ab-switching-and-focus-loss-firefox/test-failed-1.png
    ────────────────────────────────────────────────────────────────────────────────────────────────

    attachment #2: video (video/webm) ──────────────────────────────────────────────────────────────
    ../test-results/accessibility-edge-cases-E-8d902-ab-switching-and-focus-loss-firefox/video.webm
    ────────────────────────────────────────────────────────────────────────────────────────────────

    Error Context: ../test-results/accessibility-edge-cases-E-8d902-ab-switching-and-focus-loss-firefox/error-context.md
]]>
</failure>
<system-out>
<![CDATA[
[[ATTACHMENT|test-results/accessibility-edge-cases-E-8d902-ab-switching-and-focus-loss-firefox/test-failed-1.png]]

[[ATTACHMENT|test-results/accessibility-edge-cases-E-8d902-ab-switching-and-focus-loss-firefox/video.webm]]

[[ATTACHMENT|test-results/accessibility-edge-cases-E-8d902-ab-switching-and-focus-loss-firefox/error-context.md]]
]]>
</system-out>
</testcase>
<testcase name="Error Handling and Edge Cases @critical › should handle page refresh during operation" classname="accessibility-edge-cases.spec.js" time="11.247">
<failure message="accessibility-edge-cases.spec.js:299:3 should handle page refresh during operation" type="FAILURE">
<![CDATA[  [firefox] › accessibility-edge-cases.spec.js:299:3 › Error Handling and Edge Cases @critical › should handle page refresh during operation 

    TimeoutError: page.fill: Timeout 10000ms exceeded.
    Call log:
      - waiting for locator('#techStackInput')


      299 |   test('should handle page refresh during operation', async ({ page }) => {
      300 |     // Start generation
    > 301 |     await page.fill('#techStackInput', 'Svelte with SvelteKit');
          |                ^
      302 |     await page.click('#generateBtn');
      303 |     
      304 |     // Wait for loading state
        at /Users/david/Documents/Figa-Jira-Automations-Tool/figma-ticket-generator/browser-tests/tests/accessibility-edge-cases.spec.js:301:16

    attachment #1: screenshot (image/png) ──────────────────────────────────────────────────────────
    ../test-results/accessibility-edge-cases-E-16c27-ge-refresh-during-operation-firefox/test-failed-1.png
    ────────────────────────────────────────────────────────────────────────────────────────────────

    attachment #2: video (video/webm) ──────────────────────────────────────────────────────────────
    ../test-results/accessibility-edge-cases-E-16c27-ge-refresh-during-operation-firefox/video.webm
    ────────────────────────────────────────────────────────────────────────────────────────────────

    Error Context: ../test-results/accessibility-edge-cases-E-16c27-ge-refresh-during-operation-firefox/error-context.md
]]>
</failure>
<system-out>
<![CDATA[
[[ATTACHMENT|test-results/accessibility-edge-cases-E-16c27-ge-refresh-during-operation-firefox/test-failed-1.png]]

[[ATTACHMENT|test-results/accessibility-edge-cases-E-16c27-ge-refresh-during-operation-firefox/video.webm]]

[[ATTACHMENT|test-results/accessibility-edge-cases-E-16c27-ge-refresh-during-operation-firefox/error-context.md]]
]]>
</system-out>
</testcase>
<testcase name="Error Handling and Edge Cases @critical › should handle memory pressure gracefully" classname="accessibility-edge-cases.spec.js" time="11.115">
<failure message="accessibility-edge-cases.spec.js:325:3 should handle memory pressure gracefully" type="FAILURE">
<![CDATA[  [firefox] › accessibility-edge-cases.spec.js:325:3 › Error Handling and Edge Cases @critical › should handle memory pressure gracefully 

    TimeoutError: page.fill: Timeout 10000ms exceeded.
    Call log:
      - waiting for locator('#techStackInput')


      334 |     
      335 |     // Should still function under memory pressure
    > 336 |     await page.fill('#techStackInput', 'Memory pressure test: React with TypeScript');
          |                ^
      337 |     await page.click('#generateBtn');
      338 |     
      339 |     await page.waitForSelector('#results', { state: 'visible', timeout: 45000 });
        at /Users/david/Documents/Figa-Jira-Automations-Tool/figma-ticket-generator/browser-tests/tests/accessibility-edge-cases.spec.js:336:16

    attachment #1: screenshot (image/png) ──────────────────────────────────────────────────────────
    ../test-results/accessibility-edge-cases-E-fc6fa--memory-pressure-gracefully-firefox/test-failed-1.png
    ────────────────────────────────────────────────────────────────────────────────────────────────

    attachment #2: video (video/webm) ──────────────────────────────────────────────────────────────
    ../test-results/accessibility-edge-cases-E-fc6fa--memory-pressure-gracefully-firefox/video.webm
    ────────────────────────────────────────────────────────────────────────────────────────────────

    Error Context: ../test-results/accessibility-edge-cases-E-fc6fa--memory-pressure-gracefully-firefox/error-context.md
]]>
</failure>
<system-out>
<![CDATA[
[[ATTACHMENT|test-results/accessibility-edge-cases-E-fc6fa--memory-pressure-gracefully-firefox/test-failed-1.png]]

[[ATTACHMENT|test-results/accessibility-edge-cases-E-fc6fa--memory-pressure-gracefully-firefox/video.webm]]

[[ATTACHMENT|test-results/accessibility-edge-cases-E-fc6fa--memory-pressure-gracefully-firefox/error-context.md]]
]]>
</system-out>
</testcase>
</testsuite>
<testsuite name="core-functionality.spec.js" timestamp="2025-10-23T02:33:00.593Z" hostname="firefox" tests="7" failures="7" skipped="0" time="76.648" errors="0">
<testcase name="Enhanced Figma Plugin - Core Functionality @smoke @critical › should load the enhanced UI with all elements visible" classname="core-functionality.spec.js" time="6.609">
<failure message="core-functionality.spec.js:14:3 should load the enhanced UI with all elements visible" type="FAILURE">
<![CDATA[  [firefox] › core-functionality.spec.js:14:3 › Enhanced Figma Plugin - Core Functionality @smoke @critical › should load the enhanced UI with all elements visible 

    Error: expect(page).toHaveTitle(expected) failed

    Expected pattern: /Enhanced Figma Plugin/
    Received string:  "Error response"
    Timeout: 5000ms

    Call log:
      - Expect "toHaveTitle" with timeout 5000ms
        9 × unexpected value "Error response"


      14 |   test('should load the enhanced UI with all elements visible', async ({ page }) => {
      15 |     // Check page title
    > 16 |     await expect(page).toHaveTitle(/Enhanced Figma Plugin/);
         |                        ^
      17 |     
      18 |     // Verify main container is visible
      19 |     await expect(page.locator('body')).toBeVisible();
        at /Users/david/Documents/Figa-Jira-Automations-Tool/figma-ticket-generator/browser-tests/tests/core-functionality.spec.js:16:24

    attachment #1: screenshot (image/png) ──────────────────────────────────────────────────────────
    ../test-results/core-functionality-Enhance-8d18f-I-with-all-elements-visible-firefox/test-failed-1.png
    ────────────────────────────────────────────────────────────────────────────────────────────────

    attachment #2: video (video/webm) ──────────────────────────────────────────────────────────────
    ../test-results/core-functionality-Enhance-8d18f-I-with-all-elements-visible-firefox/video.webm
    ────────────────────────────────────────────────────────────────────────────────────────────────

    Error Context: ../test-results/core-functionality-Enhance-8d18f-I-with-all-elements-visible-firefox/error-context.md
]]>
</failure>
<system-out>
<![CDATA[
[[ATTACHMENT|test-results/core-functionality-Enhance-8d18f-I-with-all-elements-visible-firefox/test-failed-1.png]]

[[ATTACHMENT|test-results/core-functionality-Enhance-8d18f-I-with-all-elements-visible-firefox/video.webm]]

[[ATTACHMENT|test-results/core-functionality-Enhance-8d18f-I-with-all-elements-visible-firefox/error-context.md]]
]]>
</system-out>
</testcase>
<testcase name="Enhanced Figma Plugin - Core Functionality @smoke @critical › should show validation error for empty tech stack input" classname="core-functionality.spec.js" time="11.615">
<failure message="core-functionality.spec.js:42:3 should show validation error for empty tech stack input" type="FAILURE">
<![CDATA[  [firefox] › core-functionality.spec.js:42:3 › Enhanced Figma Plugin - Core Functionality @smoke @critical › should show validation error for empty tech stack input 

    TimeoutError: page.click: Timeout 10000ms exceeded.
    Call log:
      - waiting for locator('#generateBtn')


      42 |   test('should show validation error for empty tech stack input', async ({ page }) => {
      43 |     // Try to generate without input
    > 44 |     await page.click('#generateBtn');
         |                ^
      45 |     
      46 |     // Should show validation error
      47 |     await expect(page.locator('.error-message')).toBeVisible();
        at /Users/david/Documents/Figa-Jira-Automations-Tool/figma-ticket-generator/browser-tests/tests/core-functionality.spec.js:44:16

    attachment #1: screenshot (image/png) ──────────────────────────────────────────────────────────
    ../test-results/core-functionality-Enhance-df713--for-empty-tech-stack-input-firefox/test-failed-1.png
    ────────────────────────────────────────────────────────────────────────────────────────────────

    attachment #2: video (video/webm) ──────────────────────────────────────────────────────────────
    ../test-results/core-functionality-Enhance-df713--for-empty-tech-stack-input-firefox/video.webm
    ────────────────────────────────────────────────────────────────────────────────────────────────

    Error Context: ../test-results/core-functionality-Enhance-df713--for-empty-tech-stack-input-firefox/error-context.md
]]>
</failure>
<system-out>
<![CDATA[
[[ATTACHMENT|test-results/core-functionality-Enhance-df713--for-empty-tech-stack-input-firefox/test-failed-1.png]]

[[ATTACHMENT|test-results/core-functionality-Enhance-df713--for-empty-tech-stack-input-firefox/video.webm]]

[[ATTACHMENT|test-results/core-functionality-Enhance-df713--for-empty-tech-stack-input-firefox/error-context.md]]
]]>
</system-out>
</testcase>
<testcase name="Enhanced Figma Plugin - Core Functionality @smoke @critical › should process tech stack input and show confidence indicator" classname="core-functionality.spec.js" time="11.617">
<failure message="core-functionality.spec.js:54:3 should process tech stack input and show confidence indicator" type="FAILURE">
<![CDATA[  [firefox] › core-functionality.spec.js:54:3 › Enhanced Figma Plugin - Core Functionality @smoke @critical › should process tech stack input and show confidence indicator 

    TimeoutError: page.fill: Timeout 10000ms exceeded.
    Call log:
      - waiting for locator('#techStackInput')


      55 |     // Input a valid tech stack description
      56 |     const techStack = 'React with TypeScript, styled-components, and Jest testing';
    > 57 |     await page.fill('#techStackInput', techStack);
         |                ^
      58 |     
      59 |     // Trigger tech stack parsing (should happen on input)
      60 |     await page.dispatchEvent('#techStackInput', 'input');
        at /Users/david/Documents/Figa-Jira-Automations-Tool/figma-ticket-generator/browser-tests/tests/core-functionality.spec.js:57:16

    attachment #1: screenshot (image/png) ──────────────────────────────────────────────────────────
    ../test-results/core-functionality-Enhance-37bdf-d-show-confidence-indicator-firefox/test-failed-1.png
    ────────────────────────────────────────────────────────────────────────────────────────────────

    attachment #2: video (video/webm) ──────────────────────────────────────────────────────────────
    ../test-results/core-functionality-Enhance-37bdf-d-show-confidence-indicator-firefox/video.webm
    ────────────────────────────────────────────────────────────────────────────────────────────────

    Error Context: ../test-results/core-functionality-Enhance-37bdf-d-show-confidence-indicator-firefox/error-context.md
]]>
</failure>
<system-out>
<![CDATA[
[[ATTACHMENT|test-results/core-functionality-Enhance-37bdf-d-show-confidence-indicator-firefox/test-failed-1.png]]

[[ATTACHMENT|test-results/core-functionality-Enhance-37bdf-d-show-confidence-indicator-firefox/video.webm]]

[[ATTACHMENT|test-results/core-functionality-Enhance-37bdf-d-show-confidence-indicator-firefox/error-context.md]]
]]>
</system-out>
</testcase>
<testcase name="Enhanced Figma Plugin - Core Functionality @smoke @critical › should generate enhanced document with valid input @critical" classname="core-functionality.spec.js" time="11.193">
<failure message="core-functionality.spec.js:76:3 should generate enhanced document with valid input @critical" type="FAILURE">
<![CDATA[  [firefox] › core-functionality.spec.js:76:3 › Enhanced Figma Plugin - Core Functionality @smoke @critical › should generate enhanced document with valid input @critical 

    TimeoutError: page.fill: Timeout 10000ms exceeded.
    Call log:
      - waiting for locator('#techStackInput')


      77 |     // Input comprehensive tech stack
      78 |     const techStack = 'Next.js with TypeScript, Chakra UI for styling, React Query for data fetching, Jest and React Testing Library for testing';
    > 79 |     await page.fill('#techStackInput', techStack);
         |                ^
      80 |     
      81 |     // Select document type
      82 |     await page.selectOption('#documentType', 'jira');
        at /Users/david/Documents/Figa-Jira-Automations-Tool/figma-ticket-generator/browser-tests/tests/core-functionality.spec.js:79:16

    attachment #1: screenshot (image/png) ──────────────────────────────────────────────────────────
    ../test-results/core-functionality-Enhance-38d4c-t-with-valid-input-critical-firefox/test-failed-1.png
    ────────────────────────────────────────────────────────────────────────────────────────────────

    attachment #2: video (video/webm) ──────────────────────────────────────────────────────────────
    ../test-results/core-functionality-Enhance-38d4c-t-with-valid-input-critical-firefox/video.webm
    ────────────────────────────────────────────────────────────────────────────────────────────────

    Error Context: ../test-results/core-functionality-Enhance-38d4c-t-with-valid-input-critical-firefox/error-context.md
]]>
</failure>
<system-out>
<![CDATA[
[[ATTACHMENT|test-results/core-functionality-Enhance-38d4c-t-with-valid-input-critical-firefox/test-failed-1.png]]

[[ATTACHMENT|test-results/core-functionality-Enhance-38d4c-t-with-valid-input-critical-firefox/video.webm]]

[[ATTACHMENT|test-results/core-functionality-Enhance-38d4c-t-with-valid-input-critical-firefox/error-context.md]]
]]>
</system-out>
</testcase>
<testcase name="Enhanced Figma Plugin - Core Functionality @smoke @critical › should handle MCP server unavailable gracefully" classname="core-functionality.spec.js" time="11.986">
<failure message="core-functionality.spec.js:128:3 should handle MCP server unavailable gracefully" type="FAILURE">
<![CDATA[  [firefox] › core-functionality.spec.js:128:3 › Enhanced Figma Plugin - Core Functionality @smoke @critical › should handle MCP server unavailable gracefully 

    TimeoutError: page.fill: Timeout 10000ms exceeded.
    Call log:
      - waiting for locator('#techStackInput')


      133 |     
      134 |     // Input tech stack and generate
    > 135 |     await page.fill('#techStackInput', 'React with TypeScript');
          |                ^
      136 |     await page.click('#generateBtn');
      137 |     
      138 |     // Should show fallback message
        at /Users/david/Documents/Figa-Jira-Automations-Tool/figma-ticket-generator/browser-tests/tests/core-functionality.spec.js:135:16

    attachment #1: screenshot (image/png) ──────────────────────────────────────────────────────────
    ../test-results/core-functionality-Enhance-d3f27-rver-unavailable-gracefully-firefox/test-failed-1.png
    ────────────────────────────────────────────────────────────────────────────────────────────────

    attachment #2: video (video/webm) ──────────────────────────────────────────────────────────────
    ../test-results/core-functionality-Enhance-d3f27-rver-unavailable-gracefully-firefox/video.webm
    ────────────────────────────────────────────────────────────────────────────────────────────────

    Error Context: ../test-results/core-functionality-Enhance-d3f27-rver-unavailable-gracefully-firefox/error-context.md
]]>
</failure>
<system-out>
<![CDATA[
[[ATTACHMENT|test-results/core-functionality-Enhance-d3f27-rver-unavailable-gracefully-firefox/test-failed-1.png]]

[[ATTACHMENT|test-results/core-functionality-Enhance-d3f27-rver-unavailable-gracefully-firefox/video.webm]]

[[ATTACHMENT|test-results/core-functionality-Enhance-d3f27-rver-unavailable-gracefully-firefox/error-context.md]]
]]>
</system-out>
</testcase>
<testcase name="Enhanced Figma Plugin - Core Functionality @smoke @critical › should copy generated content to clipboard" classname="core-functionality.spec.js" time="11.568">
<failure message="core-functionality.spec.js:151:3 should copy generated content to clipboard" type="FAILURE">
<![CDATA[  [firefox] › core-functionality.spec.js:151:3 › Enhanced Figma Plugin - Core Functionality @smoke @critical › should copy generated content to clipboard 

    TimeoutError: page.fill: Timeout 10000ms exceeded.
    Call log:
      - waiting for locator('#techStackInput')


      151 |   test('should copy generated content to clipboard', async ({ page }) => {
      152 |     // Generate content first
    > 153 |     await page.fill('#techStackInput', 'Vue 3 with Composition API and Pinia');
          |                ^
      154 |     await page.click('#generateBtn');
      155 |     await page.waitForSelector('#results', { state: 'visible', timeout: 20000 });
      156 |     
        at /Users/david/Documents/Figa-Jira-Automations-Tool/figma-ticket-generator/browser-tests/tests/core-functionality.spec.js:153:16

    attachment #1: screenshot (image/png) ──────────────────────────────────────────────────────────
    ../test-results/core-functionality-Enhance-9a004-erated-content-to-clipboard-firefox/test-failed-1.png
    ────────────────────────────────────────────────────────────────────────────────────────────────

    attachment #2: video (video/webm) ──────────────────────────────────────────────────────────────
    ../test-results/core-functionality-Enhance-9a004-erated-content-to-clipboard-firefox/video.webm
    ────────────────────────────────────────────────────────────────────────────────────────────────

    Error Context: ../test-results/core-functionality-Enhance-9a004-erated-content-to-clipboard-firefox/error-context.md
]]>
</failure>
<system-out>
<![CDATA[
[[ATTACHMENT|test-results/core-functionality-Enhance-9a004-erated-content-to-clipboard-firefox/test-failed-1.png]]

[[ATTACHMENT|test-results/core-functionality-Enhance-9a004-erated-content-to-clipboard-firefox/video.webm]]

[[ATTACHMENT|test-results/core-functionality-Enhance-9a004-erated-content-to-clipboard-firefox/error-context.md]]
]]>
</system-out>
</testcase>
<testcase name="Enhanced Figma Plugin - Core Functionality @smoke @critical › should iterate through different document types" classname="core-functionality.spec.js" time="12.06">
<failure message="core-functionality.spec.js:174:3 should iterate through different document types" type="FAILURE">
<![CDATA[  [firefox] › core-functionality.spec.js:174:3 › Enhanced Figma Plugin - Core Functionality @smoke @critical › should iterate through different document types 

    TimeoutError: page.selectOption: Timeout 10000ms exceeded.
    Call log:
      - waiting for locator('#documentType')


      187 |       
      188 |       // Select document type
    > 189 |       await page.selectOption('#documentType', docType.value);
          |                  ^
      190 |       
      191 |       // Fill form
      192 |       await page.fill('#techStackInput', 'React with TypeScript and Material-UI');
        at /Users/david/Documents/Figa-Jira-Automations-Tool/figma-ticket-generator/browser-tests/tests/core-functionality.spec.js:189:18

    attachment #1: screenshot (image/png) ──────────────────────────────────────────────────────────
    ../test-results/core-functionality-Enhance-4d2a8-gh-different-document-types-firefox/test-failed-1.png
    ────────────────────────────────────────────────────────────────────────────────────────────────

    attachment #2: video (video/webm) ──────────────────────────────────────────────────────────────
    ../test-results/core-functionality-Enhance-4d2a8-gh-different-document-types-firefox/video.webm
    ────────────────────────────────────────────────────────────────────────────────────────────────

    Error Context: ../test-results/core-functionality-Enhance-4d2a8-gh-different-document-types-firefox/error-context.md
]]>
</failure>
<system-out>
<![CDATA[
[[ATTACHMENT|test-results/core-functionality-Enhance-4d2a8-gh-different-document-types-firefox/test-failed-1.png]]

[[ATTACHMENT|test-results/core-functionality-Enhance-4d2a8-gh-different-document-types-firefox/video.webm]]

[[ATTACHMENT|test-results/core-functionality-Enhance-4d2a8-gh-different-document-types-firefox/error-context.md]]
]]>
</system-out>
</testcase>
</testsuite>
<testsuite name="cross-browser-performance.spec.js" timestamp="2025-10-23T02:33:00.593Z" hostname="firefox" tests="10" failures="9" skipped="0" time="80.643" errors="0">
<testcase name="Cross-Browser Compatibility Testing › should work consistently across all major browsers @smoke" classname="cross-browser-performance.spec.js" time="6.048">
<failure message="cross-browser-performance.spec.js:10:3 should work consistently across all major browsers @smoke" type="FAILURE">
<![CDATA[  [firefox] › cross-browser-performance.spec.js:10:3 › Cross-Browser Compatibility Testing › should work consistently across all major browsers @smoke 

    Error: expect(locator).toBeVisible() failed

    Locator: locator('#app')
    Expected: visible
    Timeout: 5000ms
    Error: element(s) not found

    Call log:
      - Expect "toBeVisible" with timeout 5000ms
      - waiting for locator('#app')


      12 |     
      13 |     // Basic functionality should work on all browsers
    > 14 |     await expect(page.locator('#app')).toBeVisible();
         |                                        ^
      15 |     await expect(page.locator('#techStackInput')).toBeVisible();
      16 |     await expect(page.locator('#generateBtn')).toBeVisible();
      17 |     
        at /Users/david/Documents/Figa-Jira-Automations-Tool/figma-ticket-generator/browser-tests/tests/cross-browser-performance.spec.js:14:40

    attachment #1: screenshot (image/png) ──────────────────────────────────────────────────────────
    ../test-results/cross-browser-performance--4ca98-ss-all-major-browsers-smoke-firefox/test-failed-1.png
    ────────────────────────────────────────────────────────────────────────────────────────────────

    attachment #2: video (video/webm) ──────────────────────────────────────────────────────────────
    ../test-results/cross-browser-performance--4ca98-ss-all-major-browsers-smoke-firefox/video.webm
    ────────────────────────────────────────────────────────────────────────────────────────────────

    Error Context: ../test-results/cross-browser-performance--4ca98-ss-all-major-browsers-smoke-firefox/error-context.md
]]>
</failure>
<system-out>
<![CDATA[Testing on: firefox

[[ATTACHMENT|test-results/cross-browser-performance--4ca98-ss-all-major-browsers-smoke-firefox/test-failed-1.png]]

[[ATTACHMENT|test-results/cross-browser-performance--4ca98-ss-all-major-browsers-smoke-firefox/video.webm]]

[[ATTACHMENT|test-results/cross-browser-performance--4ca98-ss-all-major-browsers-smoke-firefox/error-context.md]]
]]>
</system-out>
</testcase>
<testcase name="Cross-Browser Compatibility Testing › should handle CSS features consistently across browsers" classname="cross-browser-performance.spec.js" time="6.068">
<failure message="cross-browser-performance.spec.js:31:3 should handle CSS features consistently across browsers" type="FAILURE">
<![CDATA[  [firefox] › cross-browser-performance.spec.js:31:3 › Cross-Browser Compatibility Testing › should handle CSS features consistently across browsers 

    Error: expect(locator).toHaveCSS(expected) failed

    Locator: locator('.container')
    Expected pattern: /flex|grid/
    Timeout: 5000ms
    Error: element(s) not found

    Call log:
      - Expect "toHaveCSS" with timeout 5000ms
      - waiting for locator('.container')


      32 |     // Check CSS Grid/Flexbox support
      33 |     const container = page.locator('.container');
    > 34 |     await expect(container).toHaveCSS('display', /flex|grid/);
         |                             ^
      35 |     
      36 |     // Check CSS custom properties (variables)
      37 |     const primaryColor = await page.evaluate(() => {
        at /Users/david/Documents/Figa-Jira-Automations-Tool/figma-ticket-generator/browser-tests/tests/cross-browser-performance.spec.js:34:29

    attachment #1: screenshot (image/png) ──────────────────────────────────────────────────────────
    ../test-results/cross-browser-performance--356f2-onsistently-across-browsers-firefox/test-failed-1.png
    ────────────────────────────────────────────────────────────────────────────────────────────────

    attachment #2: video (video/webm) ──────────────────────────────────────────────────────────────
    ../test-results/cross-browser-performance--356f2-onsistently-across-browsers-firefox/video.webm
    ────────────────────────────────────────────────────────────────────────────────────────────────

    Error Context: ../test-results/cross-browser-performance--356f2-onsistently-across-browsers-firefox/error-context.md
]]>
</failure>
<system-out>
<![CDATA[
[[ATTACHMENT|test-results/cross-browser-performance--356f2-onsistently-across-browsers-firefox/test-failed-1.png]]

[[ATTACHMENT|test-results/cross-browser-performance--356f2-onsistently-across-browsers-firefox/video.webm]]

[[ATTACHMENT|test-results/cross-browser-performance--356f2-onsistently-across-browsers-firefox/error-context.md]]
]]>
</system-out>
</testcase>
<testcase name="Cross-Browser Compatibility Testing › should handle JavaScript features consistently" classname="cross-browser-performance.spec.js" time="1.266">
<system-out>
<![CDATA[firefox: Clipboard API available
]]>
</system-out>
</testcase>
<testcase name="Mobile and Touch Device Testing › should work on mobile Chrome" classname="cross-browser-performance.spec.js" time="6.166">
<failure message="cross-browser-performance.spec.js:87:3 should work on mobile Chrome" type="FAILURE">
<![CDATA[  [firefox] › cross-browser-performance.spec.js:87:3 › Mobile and Touch Device Testing › should work on mobile Chrome 

    Error: expect(locator).toBeVisible() failed

    Locator: locator('#app')
    Expected: visible
    Timeout: 5000ms
    Error: element(s) not found

    Call log:
      - Expect "toBeVisible" with timeout 5000ms
      - waiting for locator('#app')


      92 |     
      93 |     // Should be responsive
    > 94 |     await expect(page.locator('#app')).toBeVisible();
         |                                        ^
      95 |     
      96 |     // Touch interactions should work
      97 |     await page.tap('#techStackInput');
        at /Users/david/Documents/Figa-Jira-Automations-Tool/figma-ticket-generator/browser-tests/tests/cross-browser-performance.spec.js:94:40

    attachment #1: screenshot (image/png) ──────────────────────────────────────────────────────────
    ../test-results/cross-browser-performance--c522b-hould-work-on-mobile-Chrome-firefox/test-failed-1.png
    ────────────────────────────────────────────────────────────────────────────────────────────────

    attachment #2: video (video/webm) ──────────────────────────────────────────────────────────────
    ../test-results/cross-browser-performance--c522b-hould-work-on-mobile-Chrome-firefox/video.webm
    ────────────────────────────────────────────────────────────────────────────────────────────────

    Error Context: ../test-results/cross-browser-performance--c522b-hould-work-on-mobile-Chrome-firefox/error-context.md
]]>
</failure>
<system-out>
<![CDATA[
[[ATTACHMENT|test-results/cross-browser-performance--c522b-hould-work-on-mobile-Chrome-firefox/test-failed-1.png]]

[[ATTACHMENT|test-results/cross-browser-performance--c522b-hould-work-on-mobile-Chrome-firefox/video.webm]]

[[ATTACHMENT|test-results/cross-browser-performance--c522b-hould-work-on-mobile-Chrome-firefox/error-context.md]]
]]>
</system-out>
</testcase>
<testcase name="Mobile and Touch Device Testing › should work on mobile Safari" classname="cross-browser-performance.spec.js" time="6.121">
<failure message="cross-browser-performance.spec.js:107:3 should work on mobile Safari" type="FAILURE">
<![CDATA[  [firefox] › cross-browser-performance.spec.js:107:3 › Mobile and Touch Device Testing › should work on mobile Safari 

    Error: expect(locator).toBeVisible() failed

    Locator: locator('#techStackInput')
    Expected: visible
    Timeout: 5000ms
    Error: element(s) not found

    Call log:
      - Expect "toBeVisible" with timeout 5000ms
      - waiting for locator('#techStackInput')


      112 |     
      113 |     // Test iOS-specific behaviors
    > 114 |     await expect(page.locator('#techStackInput')).toBeVisible();
          |                                                   ^
      115 |     
      116 |     // iOS Safari input handling
      117 |     await page.tap('#techStackInput');
        at /Users/david/Documents/Figa-Jira-Automations-Tool/figma-ticket-generator/browser-tests/tests/cross-browser-performance.spec.js:114:51

    attachment #1: screenshot (image/png) ──────────────────────────────────────────────────────────
    ../test-results/cross-browser-performance--cfd95-hould-work-on-mobile-Safari-firefox/test-failed-1.png
    ────────────────────────────────────────────────────────────────────────────────────────────────

    attachment #2: video (video/webm) ──────────────────────────────────────────────────────────────
    ../test-results/cross-browser-performance--cfd95-hould-work-on-mobile-Safari-firefox/video.webm
    ────────────────────────────────────────────────────────────────────────────────────────────────

    Error Context: ../test-results/cross-browser-performance--cfd95-hould-work-on-mobile-Safari-firefox/error-context.md
]]>
</failure>
<system-out>
<![CDATA[
[[ATTACHMENT|test-results/cross-browser-performance--cfd95-hould-work-on-mobile-Safari-firefox/test-failed-1.png]]

[[ATTACHMENT|test-results/cross-browser-performance--cfd95-hould-work-on-mobile-Safari-firefox/video.webm]]

[[ATTACHMENT|test-results/cross-browser-performance--cfd95-hould-work-on-mobile-Safari-firefox/error-context.md]]
]]>
</system-out>
</testcase>
<testcase name="Mobile and Touch Device Testing › should handle touch gestures and mobile interactions" classname="cross-browser-performance.spec.js" time="11.131">
<failure message="cross-browser-performance.spec.js:128:3 should handle touch gestures and mobile interactions" type="FAILURE">
<![CDATA[  [firefox] › cross-browser-performance.spec.js:128:3 › Mobile and Touch Device Testing › should handle touch gestures and mobile interactions 

    TimeoutError: page.fill: Timeout 10000ms exceeded.
    Call log:
      - waiting for locator('#techStackInput')


      132 |     
      133 |     // Test touch scrolling (if content is scrollable)
    > 134 |     await page.fill('#techStackInput', 'Very long tech stack description that should trigger various UI states and potentially scrollable content areas for testing mobile scrolling behavior');
          |                ^
      135 |     
      136 |     // Test mobile form submission
      137 |     await page.tap('#generateBtn');
        at /Users/david/Documents/Figa-Jira-Automations-Tool/figma-ticket-generator/browser-tests/tests/cross-browser-performance.spec.js:134:16

    attachment #1: screenshot (image/png) ──────────────────────────────────────────────────────────
    ../test-results/cross-browser-performance--79813-res-and-mobile-interactions-firefox/test-failed-1.png
    ────────────────────────────────────────────────────────────────────────────────────────────────

    attachment #2: video (video/webm) ──────────────────────────────────────────────────────────────
    ../test-results/cross-browser-performance--79813-res-and-mobile-interactions-firefox/video.webm
    ────────────────────────────────────────────────────────────────────────────────────────────────

    Error Context: ../test-results/cross-browser-performance--79813-res-and-mobile-interactions-firefox/error-context.md
]]>
</failure>
<system-out>
<![CDATA[
[[ATTACHMENT|test-results/cross-browser-performance--79813-res-and-mobile-interactions-firefox/test-failed-1.png]]

[[ATTACHMENT|test-results/cross-browser-performance--79813-res-and-mobile-interactions-firefox/video.webm]]

[[ATTACHMENT|test-results/cross-browser-performance--79813-res-and-mobile-interactions-firefox/error-context.md]]
]]>
</system-out>
</testcase>
<testcase name="Performance and Load Testing @critical › should handle multiple rapid requests without breaking" classname="cross-browser-performance.spec.js" time="10.702">
<failure message="cross-browser-performance.spec.js:153:3 should handle multiple rapid requests without breaking" type="FAILURE">
<![CDATA[  [firefox] › cross-browser-performance.spec.js:153:3 › Performance and Load Testing @critical › should handle multiple rapid requests without breaking 

    TimeoutError: page.fill: Timeout 10000ms exceeded.
    Call log:
      - waiting for locator('#techStackInput')


      165 |     // Make multiple rapid requests
      166 |     for (let i = 0; i < testInputs.length; i++) {
    > 167 |       await page.fill('#techStackInput', testInputs[i]);
          |                  ^
      168 |       
      169 |       // Don't wait for previous request to complete
      170 |       page.click('#generateBtn'); // Note: no await here for rapid fire
        at /Users/david/Documents/Figa-Jira-Automations-Tool/figma-ticket-generator/browser-tests/tests/cross-browser-performance.spec.js:167:18

    attachment #1: screenshot (image/png) ──────────────────────────────────────────────────────────
    ../test-results/cross-browser-performance--46aea-d-requests-without-breaking-firefox/test-failed-1.png
    ────────────────────────────────────────────────────────────────────────────────────────────────

    attachment #2: video (video/webm) ──────────────────────────────────────────────────────────────
    ../test-results/cross-browser-performance--46aea-d-requests-without-breaking-firefox/video.webm
    ────────────────────────────────────────────────────────────────────────────────────────────────

    Error Context: ../test-results/cross-browser-performance--46aea-d-requests-without-breaking-firefox/error-context.md
]]>
</failure>
<system-out>
<![CDATA[
[[ATTACHMENT|test-results/cross-browser-performance--46aea-d-requests-without-breaking-firefox/test-failed-1.png]]

[[ATTACHMENT|test-results/cross-browser-performance--46aea-d-requests-without-breaking-firefox/video.webm]]

[[ATTACHMENT|test-results/cross-browser-performance--46aea-d-requests-without-breaking-firefox/error-context.md]]
]]>
</system-out>
</testcase>
<testcase name="Performance and Load Testing @critical › should handle large input text without performance degradation" classname="cross-browser-performance.spec.js" time="11.054">
<failure message="cross-browser-performance.spec.js:184:3 should handle large input text without performance degradation" type="FAILURE">
<![CDATA[  [firefox] › cross-browser-performance.spec.js:184:3 › Performance and Load Testing @critical › should handle large input text without performance degradation 

    TimeoutError: page.fill: Timeout 10000ms exceeded.
    Call log:
      - waiting for locator('#techStackInput')


      192 |     
      193 |     // Fill large input
    > 194 |     await page.fill('#techStackInput', largeInput);
          |                ^
      195 |     
      196 |     // Should still respond reasonably quickly
      197 |     await page.click('#generateBtn');
        at /Users/david/Documents/Figa-Jira-Automations-Tool/figma-ticket-generator/browser-tests/tests/cross-browser-performance.spec.js:194:16

    attachment #1: screenshot (image/png) ──────────────────────────────────────────────────────────
    ../test-results/cross-browser-performance--5e7fa-out-performance-degradation-firefox/test-failed-1.png
    ────────────────────────────────────────────────────────────────────────────────────────────────

    attachment #2: video (video/webm) ──────────────────────────────────────────────────────────────
    ../test-results/cross-browser-performance--5e7fa-out-performance-degradation-firefox/video.webm
    ────────────────────────────────────────────────────────────────────────────────────────────────

    Error Context: ../test-results/cross-browser-performance--5e7fa-out-performance-degradation-firefox/error-context.md
]]>
</failure>
<system-out>
<![CDATA[
[[ATTACHMENT|test-results/cross-browser-performance--5e7fa-out-performance-degradation-firefox/test-failed-1.png]]

[[ATTACHMENT|test-results/cross-browser-performance--5e7fa-out-performance-degradation-firefox/video.webm]]

[[ATTACHMENT|test-results/cross-browser-performance--5e7fa-out-performance-degradation-firefox/error-context.md]]
]]>
</system-out>
</testcase>
<testcase name="Performance and Load Testing @critical › should maintain responsiveness during long-running operations" classname="cross-browser-performance.spec.js" time="11.044">
<failure message="cross-browser-performance.spec.js:213:3 should maintain responsiveness during long-running operations" type="FAILURE">
<![CDATA[  [firefox] › cross-browser-performance.spec.js:213:3 › Performance and Load Testing @critical › should maintain responsiveness during long-running operations 

    TimeoutError: page.fill: Timeout 10000ms exceeded.
    Call log:
      - waiting for locator('#techStackInput')


      222 |     
      223 |     // Start generation
    > 224 |     await page.fill('#techStackInput', 'Performance test: React with TypeScript');
          |                ^
      225 |     await page.click('#generateBtn');
      226 |     
      227 |     // UI should remain responsive during operation
        at /Users/david/Documents/Figa-Jira-Automations-Tool/figma-ticket-generator/browser-tests/tests/cross-browser-performance.spec.js:224:16

    attachment #1: screenshot (image/png) ──────────────────────────────────────────────────────────
    ../test-results/cross-browser-performance--6d154-ing-long-running-operations-firefox/test-failed-1.png
    ────────────────────────────────────────────────────────────────────────────────────────────────

    attachment #2: video (video/webm) ──────────────────────────────────────────────────────────────
    ../test-results/cross-browser-performance--6d154-ing-long-running-operations-firefox/video.webm
    ────────────────────────────────────────────────────────────────────────────────────────────────

    Error Context: ../test-results/cross-browser-performance--6d154-ing-long-running-operations-firefox/error-context.md
]]>
</failure>
<system-out>
<![CDATA[
[[ATTACHMENT|test-results/cross-browser-performance--6d154-ing-long-running-operations-firefox/test-failed-1.png]]

[[ATTACHMENT|test-results/cross-browser-performance--6d154-ing-long-running-operations-firefox/video.webm]]

[[ATTACHMENT|test-results/cross-browser-performance--6d154-ing-long-running-operations-firefox/error-context.md]]
]]>
</system-out>
</testcase>
<testcase name="Performance and Load Testing @critical › should handle memory usage efficiently with multiple operations" classname="cross-browser-performance.spec.js" time="11.043">
<failure message="cross-browser-performance.spec.js:245:3 should handle memory usage efficiently with multiple operations" type="FAILURE">
<![CDATA[  [firefox] › cross-browser-performance.spec.js:245:3 › Performance and Load Testing @critical › should handle memory usage efficiently with multiple operations 

    TimeoutError: page.fill: Timeout 10000ms exceeded.
    Call log:
      - waiting for locator('#techStackInput')


      251 |     
      252 |     for (let i = 0; i < iterations; i++) {
    > 253 |       await page.fill('#techStackInput', `Iteration ${i + 1}: React with TypeScript and various libraries`);
          |                  ^
      254 |       await page.click('#generateBtn');
      255 |       await page.waitForSelector('#results', { state: 'visible', timeout: 30000 });
      256 |       
        at /Users/david/Documents/Figa-Jira-Automations-Tool/figma-ticket-generator/browser-tests/tests/cross-browser-performance.spec.js:253:18

    attachment #1: screenshot (image/png) ──────────────────────────────────────────────────────────
    ../test-results/cross-browser-performance--1ef7e-ly-with-multiple-operations-firefox/test-failed-1.png
    ────────────────────────────────────────────────────────────────────────────────────────────────

    attachment #2: video (video/webm) ──────────────────────────────────────────────────────────────
    ../test-results/cross-browser-performance--1ef7e-ly-with-multiple-operations-firefox/video.webm
    ────────────────────────────────────────────────────────────────────────────────────────────────

    Error Context: ../test-results/cross-browser-performance--1ef7e-ly-with-multiple-operations-firefox/error-context.md
]]>
</failure>
<system-out>
<![CDATA[
[[ATTACHMENT|test-results/cross-browser-performance--1ef7e-ly-with-multiple-operations-firefox/test-failed-1.png]]

[[ATTACHMENT|test-results/cross-browser-performance--1ef7e-ly-with-multiple-operations-firefox/video.webm]]

[[ATTACHMENT|test-results/cross-browser-performance--1ef7e-ly-with-multiple-operations-firefox/error-context.md]]
]]>
</system-out>
</testcase>
</testsuite>
<testsuite name="debug-test.spec.js" timestamp="2025-10-23T02:33:00.593Z" hostname="firefox" tests="1" failures="1" skipped="0" time="11.052" errors="0">
<testcase name="debug UI generation" classname="debug-test.spec.js" time="11.052">
<failure message="debug-test.spec.js:3:1 debug UI generation" type="FAILURE">
<![CDATA[  [firefox] › debug-test.spec.js:3:1 › debug UI generation ─────────────────────────────────────────

    TimeoutError: page.fill: Timeout 10000ms exceeded.
    Call log:
      - waiting for locator('#techStackInput')


      12 |   
      13 |   // Fill input
    > 14 |   await page.fill('#techStackInput', 'React + TypeScript');
         |              ^
      15 |   
      16 |   // Click generate button
      17 |   console.log('Clicking generate button...');
        at /Users/david/Documents/Figa-Jira-Automations-Tool/figma-ticket-generator/browser-tests/tests/debug-test.spec.js:14:14

    attachment #1: screenshot (image/png) ──────────────────────────────────────────────────────────
    ../test-results/debug-test-debug-UI-generation-firefox/test-failed-1.png
    ────────────────────────────────────────────────────────────────────────────────────────────────

    attachment #2: video (video/webm) ──────────────────────────────────────────────────────────────
    ../test-results/debug-test-debug-UI-generation-firefox/video.webm
    ────────────────────────────────────────────────────────────────────────────────────────────────

    Error Context: ../test-results/debug-test-debug-UI-generation-firefox/error-context.md
]]>
</failure>
<system-out>
<![CDATA[
[[ATTACHMENT|test-results/debug-test-debug-UI-generation-firefox/test-failed-1.png]]

[[ATTACHMENT|test-results/debug-test-debug-UI-generation-firefox/video.webm]]

[[ATTACHMENT|test-results/debug-test-debug-UI-generation-firefox/error-context.md]]
]]>
</system-out>
</testcase>
</testsuite>
<testsuite name="enhanced-validation.spec.js" timestamp="2025-10-23T02:33:00.593Z" hostname="firefox" tests="4" failures="4" skipped="0" time="44.213" errors="0">
<testcase name="Enhanced Interface Validation @smoke › should have all restored features visible and functional" classname="enhanced-validation.spec.js" time="11.05">
<failure message="enhanced-validation.spec.js:19:3 should have all restored features visible and functional" type="FAILURE">
<![CDATA[  [firefox] › enhanced-validation.spec.js:19:3 › Enhanced Interface Validation @smoke › should have all restored features visible and functional 

    TimeoutError: page.click: Timeout 10000ms exceeded.
    Call log:
      - waiting for locator('[data-tab="generator"]')


      13 |     
      14 |     // Switch to the Figma to Document tab
    > 15 |     await page.click('[data-tab="generator"]');
         |                ^
      16 |     await page.waitForTimeout(500);
      17 |   });
      18 |
        at /Users/david/Documents/Figa-Jira-Automations-Tool/figma-ticket-generator/browser-tests/tests/enhanced-validation.spec.js:15:16

    attachment #1: screenshot (image/png) ──────────────────────────────────────────────────────────
    ../test-results/enhanced-validation-Enhanc-86339-ures-visible-and-functional-firefox/test-failed-1.png
    ────────────────────────────────────────────────────────────────────────────────────────────────

    attachment #2: video (video/webm) ──────────────────────────────────────────────────────────────
    ../test-results/enhanced-validation-Enhanc-86339-ures-visible-and-functional-firefox/video.webm
    ────────────────────────────────────────────────────────────────────────────────────────────────

    Error Context: ../test-results/enhanced-validation-Enhanc-86339-ures-visible-and-functional-firefox/error-context.md
]]>
</failure>
<system-out>
<![CDATA[
[[ATTACHMENT|test-results/enhanced-validation-Enhanc-86339-ures-visible-and-functional-firefox/test-failed-1.png]]

[[ATTACHMENT|test-results/enhanced-validation-Enhanc-86339-ures-visible-and-functional-firefox/video.webm]]

[[ATTACHMENT|test-results/enhanced-validation-Enhanc-86339-ures-visible-and-functional-firefox/error-context.md]]
]]>
</system-out>
</testcase>
<testcase name="Enhanced Interface Validation @smoke › should handle tech stack input and document type interaction" classname="enhanced-validation.spec.js" time="11.06">
<failure message="enhanced-validation.spec.js:56:3 should handle tech stack input and document type interaction" type="FAILURE">
<![CDATA[  [firefox] › enhanced-validation.spec.js:56:3 › Enhanced Interface Validation @smoke › should handle tech stack input and document type interaction 

    TimeoutError: page.click: Timeout 10000ms exceeded.
    Call log:
      - waiting for locator('[data-tab="generator"]')


      13 |     
      14 |     // Switch to the Figma to Document tab
    > 15 |     await page.click('[data-tab="generator"]');
         |                ^
      16 |     await page.waitForTimeout(500);
      17 |   });
      18 |
        at /Users/david/Documents/Figa-Jira-Automations-Tool/figma-ticket-generator/browser-tests/tests/enhanced-validation.spec.js:15:16

    attachment #1: screenshot (image/png) ──────────────────────────────────────────────────────────
    ../test-results/enhanced-validation-Enhanc-9c821-d-document-type-interaction-firefox/test-failed-1.png
    ────────────────────────────────────────────────────────────────────────────────────────────────

    attachment #2: video (video/webm) ──────────────────────────────────────────────────────────────
    ../test-results/enhanced-validation-Enhanc-9c821-d-document-type-interaction-firefox/video.webm
    ────────────────────────────────────────────────────────────────────────────────────────────────

    Error Context: ../test-results/enhanced-validation-Enhanc-9c821-d-document-type-interaction-firefox/error-context.md
]]>
</failure>
<system-out>
<![CDATA[
[[ATTACHMENT|test-results/enhanced-validation-Enhanc-9c821-d-document-type-interaction-firefox/test-failed-1.png]]

[[ATTACHMENT|test-results/enhanced-validation-Enhanc-9c821-d-document-type-interaction-firefox/video.webm]]

[[ATTACHMENT|test-results/enhanced-validation-Enhanc-9c821-d-document-type-interaction-firefox/error-context.md]]
]]>
</system-out>
</testcase>
<testcase name="Enhanced Interface Validation @smoke › should persist settings in localStorage" classname="enhanced-validation.spec.js" time="11.056">
<failure message="enhanced-validation.spec.js:85:3 should persist settings in localStorage" type="FAILURE">
<![CDATA[  [firefox] › enhanced-validation.spec.js:85:3 › Enhanced Interface Validation @smoke › should persist settings in localStorage 

    TimeoutError: page.click: Timeout 10000ms exceeded.
    Call log:
      - waiting for locator('[data-tab="generator"]')


      13 |     
      14 |     // Switch to the Figma to Document tab
    > 15 |     await page.click('[data-tab="generator"]');
         |                ^
      16 |     await page.waitForTimeout(500);
      17 |   });
      18 |
        at /Users/david/Documents/Figa-Jira-Automations-Tool/figma-ticket-generator/browser-tests/tests/enhanced-validation.spec.js:15:16

    attachment #1: screenshot (image/png) ──────────────────────────────────────────────────────────
    ../test-results/enhanced-validation-Enhanc-11432-st-settings-in-localStorage-firefox/test-failed-1.png
    ────────────────────────────────────────────────────────────────────────────────────────────────

    attachment #2: video (video/webm) ──────────────────────────────────────────────────────────────
    ../test-results/enhanced-validation-Enhanc-11432-st-settings-in-localStorage-firefox/video.webm
    ────────────────────────────────────────────────────────────────────────────────────────────────

    Error Context: ../test-results/enhanced-validation-Enhanc-11432-st-settings-in-localStorage-firefox/error-context.md
]]>
</failure>
<system-out>
<![CDATA[
[[ATTACHMENT|test-results/enhanced-validation-Enhanc-11432-st-settings-in-localStorage-firefox/test-failed-1.png]]

[[ATTACHMENT|test-results/enhanced-validation-Enhanc-11432-st-settings-in-localStorage-firefox/video.webm]]

[[ATTACHMENT|test-results/enhanced-validation-Enhanc-11432-st-settings-in-localStorage-firefox/error-context.md]]
]]>
</system-out>
</testcase>
<testcase name="Enhanced Interface Validation @smoke › should have MCP server integration ready" classname="enhanced-validation.spec.js" time="11.047">
<failure message="enhanced-validation.spec.js:110:3 should have MCP server integration ready" type="FAILURE">
<![CDATA[  [firefox] › enhanced-validation.spec.js:110:3 › Enhanced Interface Validation @smoke › should have MCP server integration ready 

    TimeoutError: page.click: Timeout 10000ms exceeded.
    Call log:
      - waiting for locator('[data-tab="generator"]')


      13 |     
      14 |     // Switch to the Figma to Document tab
    > 15 |     await page.click('[data-tab="generator"]');
         |                ^
      16 |     await page.waitForTimeout(500);
      17 |   });
      18 |
        at /Users/david/Documents/Figa-Jira-Automations-Tool/figma-ticket-generator/browser-tests/tests/enhanced-validation.spec.js:15:16

    attachment #1: screenshot (image/png) ──────────────────────────────────────────────────────────
    ../test-results/enhanced-validation-Enhanc-00eeb-CP-server-integration-ready-firefox/test-failed-1.png
    ────────────────────────────────────────────────────────────────────────────────────────────────

    attachment #2: video (video/webm) ──────────────────────────────────────────────────────────────
    ../test-results/enhanced-validation-Enhanc-00eeb-CP-server-integration-ready-firefox/video.webm
    ────────────────────────────────────────────────────────────────────────────────────────────────

    Error Context: ../test-results/enhanced-validation-Enhanc-00eeb-CP-server-integration-ready-firefox/error-context.md
]]>
</failure>
<system-out>
<![CDATA[
[[ATTACHMENT|test-results/enhanced-validation-Enhanc-00eeb-CP-server-integration-ready-firefox/test-failed-1.png]]

[[ATTACHMENT|test-results/enhanced-validation-Enhanc-00eeb-CP-server-integration-ready-firefox/video.webm]]

[[ATTACHMENT|test-results/enhanced-validation-Enhanc-00eeb-CP-server-integration-ready-firefox/error-context.md]]
]]>
</system-out>
</testcase>
</testsuite>
<testsuite name="main-application.spec.js" timestamp="2025-10-23T02:33:00.593Z" hostname="firefox" tests="14" failures="14" skipped="0" time="105.108" errors="0">
<testcase name="Main Application - Full Feature E2E Tests › should load main application with tabbed interface" classname="main-application.spec.js" time="6.051">
<failure message="main-application.spec.js:11:3 should load main application with tabbed interface" type="FAILURE">
<![CDATA[  [firefox] › main-application.spec.js:11:3 › Main Application - Full Feature E2E Tests › should load main application with tabbed interface 

    Error: expect(locator).toBeVisible() failed

    Locator: locator('.tab-header')
    Expected: visible
    Timeout: 5000ms
    Error: element(s) not found

    Call log:
      - Expect "toBeVisible" with timeout 5000ms
      - waiting for locator('.tab-header')


      11 |   test('should load main application with tabbed interface', async ({ page }) => {
      12 |     // Check main structure loads
    > 13 |     await expect(page.locator('.tab-header')).toBeVisible();
         |                                               ^
      14 |     await expect(page.locator('.tab-nav')).toBeVisible();
      15 |     
      16 |     // Check both tabs exist
        at /Users/david/Documents/Figa-Jira-Automations-Tool/figma-ticket-generator/browser-tests/tests/main-application.spec.js:13:47

    attachment #1: screenshot (image/png) ──────────────────────────────────────────────────────────
    ../test-results/main-application-Main-Appl-60c74-ation-with-tabbed-interface-firefox/test-failed-1.png
    ────────────────────────────────────────────────────────────────────────────────────────────────

    attachment #2: video (video/webm) ──────────────────────────────────────────────────────────────
    ../test-results/main-application-Main-Appl-60c74-ation-with-tabbed-interface-firefox/video.webm
    ────────────────────────────────────────────────────────────────────────────────────────────────

    Error Context: ../test-results/main-application-Main-Appl-60c74-ation-with-tabbed-interface-firefox/error-context.md
]]>
</failure>
<system-out>
<![CDATA[
[[ATTACHMENT|test-results/main-application-Main-Appl-60c74-ation-with-tabbed-interface-firefox/test-failed-1.png]]

[[ATTACHMENT|test-results/main-application-Main-Appl-60c74-ation-with-tabbed-interface-firefox/video.webm]]

[[ATTACHMENT|test-results/main-application-Main-Appl-60c74-ation-with-tabbed-interface-firefox/error-context.md]]
]]>
</system-out>
</testcase>
<testcase name="Main Application - Full Feature E2E Tests › should switch between Design Health and Ticket Generator tabs" classname="main-application.spec.js" time="11.064">
<failure message="main-application.spec.js:25:3 should switch between Design Health and Ticket Generator tabs" type="FAILURE">
<![CDATA[  [firefox] › main-application.spec.js:25:3 › Main Application - Full Feature E2E Tests › should switch between Design Health and Ticket Generator tabs 

    TimeoutError: page.click: Timeout 10000ms exceeded.
    Call log:
      - waiting for locator('[data-tab="health"]')


      25 |   test('should switch between Design Health and Ticket Generator tabs', async ({ page }) => {
      26 |     // Click on Design Health tab
    > 27 |     await page.click('[data-tab="health"]');
         |                ^
      28 |     
      29 |     // Check tab switching
      30 |     await expect(page.locator('[data-tab="health"].active')).toBeVisible();
        at /Users/david/Documents/Figa-Jira-Automations-Tool/figma-ticket-generator/browser-tests/tests/main-application.spec.js:27:16

    attachment #1: screenshot (image/png) ──────────────────────────────────────────────────────────
    ../test-results/main-application-Main-Appl-b9643-h-and-Ticket-Generator-tabs-firefox/test-failed-1.png
    ────────────────────────────────────────────────────────────────────────────────────────────────

    attachment #2: video (video/webm) ──────────────────────────────────────────────────────────────
    ../test-results/main-application-Main-Appl-b9643-h-and-Ticket-Generator-tabs-firefox/video.webm
    ────────────────────────────────────────────────────────────────────────────────────────────────

    Error Context: ../test-results/main-application-Main-Appl-b9643-h-and-Ticket-Generator-tabs-firefox/error-context.md
]]>
</failure>
<system-out>
<![CDATA[
[[ATTACHMENT|test-results/main-application-Main-Appl-b9643-h-and-Ticket-Generator-tabs-firefox/test-failed-1.png]]

[[ATTACHMENT|test-results/main-application-Main-Appl-b9643-h-and-Ticket-Generator-tabs-firefox/video.webm]]

[[ATTACHMENT|test-results/main-application-Main-Appl-b9643-h-and-Ticket-Generator-tabs-firefox/error-context.md]]
]]>
</system-out>
</testcase>
<testcase name="Main Application - Full Feature E2E Tests › should display Design Health metrics dashboard" classname="main-application.spec.js" time="11.064">
<failure message="main-application.spec.js:40:3 should display Design Health metrics dashboard" type="FAILURE">
<![CDATA[  [firefox] › main-application.spec.js:40:3 › Main Application - Full Feature E2E Tests › should display Design Health metrics dashboard 

    TimeoutError: page.click: Timeout 10000ms exceeded.
    Call log:
      - waiting for locator('[data-tab="health"]')


      40 |   test('should display Design Health metrics dashboard', async ({ page }) => {
      41 |     // Switch to health tab
    > 42 |     await page.click('[data-tab="health"]');
         |                ^
      43 |     
      44 |     // Check health metrics structure
      45 |     await expect(page.locator('.metric-grid')).toBeVisible();
        at /Users/david/Documents/Figa-Jira-Automations-Tool/figma-ticket-generator/browser-tests/tests/main-application.spec.js:42:16

    attachment #1: screenshot (image/png) ──────────────────────────────────────────────────────────
    ../test-results/main-application-Main-Appl-6771a-gn-Health-metrics-dashboard-firefox/test-failed-1.png
    ────────────────────────────────────────────────────────────────────────────────────────────────

    attachment #2: video (video/webm) ──────────────────────────────────────────────────────────────
    ../test-results/main-application-Main-Appl-6771a-gn-Health-metrics-dashboard-firefox/video.webm
    ────────────────────────────────────────────────────────────────────────────────────────────────

    Error Context: ../test-results/main-application-Main-Appl-6771a-gn-Health-metrics-dashboard-firefox/error-context.md
]]>
</failure>
<system-out>
<![CDATA[
[[ATTACHMENT|test-results/main-application-Main-Appl-6771a-gn-Health-metrics-dashboard-firefox/test-failed-1.png]]

[[ATTACHMENT|test-results/main-application-Main-Appl-6771a-gn-Health-metrics-dashboard-firefox/video.webm]]

[[ATTACHMENT|test-results/main-application-Main-Appl-6771a-gn-Health-metrics-dashboard-firefox/error-context.md]]
]]>
</system-out>
</testcase>
<testcase name="Main Application - Full Feature E2E Tests › should show MCP server status correctly" classname="main-application.spec.js" time="6.064">
<failure message="main-application.spec.js:58:3 should show MCP server status correctly" type="FAILURE">
<![CDATA[  [firefox] › main-application.spec.js:58:3 › Main Application - Full Feature E2E Tests › should show MCP server status correctly 

    Error: expect(locator).toBeVisible() failed

    Locator: locator('#mcpStatus')
    Expected: visible
    Timeout: 5000ms
    Error: element(s) not found

    Call log:
      - Expect "toBeVisible" with timeout 5000ms
      - waiting for locator('#mcpStatus')


      58 |   test('should show MCP server status correctly', async ({ page }) => {
      59 |     // Check MCP status indicator
    > 60 |     await expect(page.locator('#mcpStatus')).toBeVisible();
         |                                              ^
      61 |     await expect(page.locator('#mcpStatusText')).toBeVisible();
      62 |     
      63 |     // Wait for status check to complete
        at /Users/david/Documents/Figa-Jira-Automations-Tool/figma-ticket-generator/browser-tests/tests/main-application.spec.js:60:46

    attachment #1: screenshot (image/png) ──────────────────────────────────────────────────────────
    ../test-results/main-application-Main-Appl-7002b-MCP-server-status-correctly-firefox/test-failed-1.png
    ────────────────────────────────────────────────────────────────────────────────────────────────

    attachment #2: video (video/webm) ──────────────────────────────────────────────────────────────
    ../test-results/main-application-Main-Appl-7002b-MCP-server-status-correctly-firefox/video.webm
    ────────────────────────────────────────────────────────────────────────────────────────────────

    Error Context: ../test-results/main-application-Main-Appl-7002b-MCP-server-status-correctly-firefox/error-context.md
]]>
</failure>
<system-out>
<![CDATA[
[[ATTACHMENT|test-results/main-application-Main-Appl-7002b-MCP-server-status-correctly-firefox/test-failed-1.png]]

[[ATTACHMENT|test-results/main-application-Main-Appl-7002b-MCP-server-status-correctly-firefox/video.webm]]

[[ATTACHMENT|test-results/main-application-Main-Appl-7002b-MCP-server-status-correctly-firefox/error-context.md]]
]]>
</system-out>
</testcase>
<testcase name="Main Application - Full Feature E2E Tests › should have generation mode selection with MCP as default" classname="main-application.spec.js" time="6.08">
<failure message="main-application.spec.js:71:3 should have generation mode selection with MCP as default" type="FAILURE">
<![CDATA[  [firefox] › main-application.spec.js:71:3 › Main Application - Full Feature E2E Tests › should have generation mode selection with MCP as default 

    Error: expect(locator).toBeAttached() failed

    Locator: locator('#modeMCP')
    Expected: attached
    Timeout: 5000ms
    Error: element(s) not found

    Call log:
      - Expect "toBeAttached" with timeout 5000ms
      - waiting for locator('#modeMCP')


      71 |   test('should have generation mode selection with MCP as default', async ({ page }) => {
      72 |     // Check mode selection exists in DOM (radio buttons are hidden but functional)
    > 73 |     await expect(page.locator('#modeMCP')).toBeAttached();
         |                                            ^
      74 |     await expect(page.locator('#modeOpenAI')).toBeAttached();
      75 |     
      76 |     // MCP should be checked by default
        at /Users/david/Documents/Figa-Jira-Automations-Tool/figma-ticket-generator/browser-tests/tests/main-application.spec.js:73:44

    attachment #1: screenshot (image/png) ──────────────────────────────────────────────────────────
    ../test-results/main-application-Main-Appl-81257-lection-with-MCP-as-default-firefox/test-failed-1.png
    ────────────────────────────────────────────────────────────────────────────────────────────────

    attachment #2: video (video/webm) ──────────────────────────────────────────────────────────────
    ../test-results/main-application-Main-Appl-81257-lection-with-MCP-as-default-firefox/video.webm
    ────────────────────────────────────────────────────────────────────────────────────────────────

    Error Context: ../test-results/main-application-Main-Appl-81257-lection-with-MCP-as-default-firefox/error-context.md
]]>
</failure>
<system-out>
<![CDATA[
[[ATTACHMENT|test-results/main-application-Main-Appl-81257-lection-with-MCP-as-default-firefox/test-failed-1.png]]

[[ATTACHMENT|test-results/main-application-Main-Appl-81257-lection-with-MCP-as-default-firefox/video.webm]]

[[ATTACHMENT|test-results/main-application-Main-Appl-81257-lection-with-MCP-as-default-firefox/error-context.md]]
]]>
</system-out>
</testcase>
<testcase name="Main Application - Full Feature E2E Tests › should switch between MCP and OpenAI modes" classname="main-application.spec.js" time="11.092">
<failure message="main-application.spec.js:84:3 should switch between MCP and OpenAI modes" type="FAILURE">
<![CDATA[  [firefox] › main-application.spec.js:84:3 › Main Application - Full Feature E2E Tests › should switch between MCP and OpenAI modes 

    TimeoutError: page.click: Timeout 10000ms exceeded.
    Call log:
      - waiting for locator('label[for="modeOpenAI"]')


      84 |   test('should switch between MCP and OpenAI modes', async ({ page }) => {
      85 |     // Switch to OpenAI mode by clicking its label
    > 86 |     await page.click('label[for="modeOpenAI"]');
         |                ^
      87 |     
      88 |     // Check UI updates
      89 |     await expect(page.locator('#modeOpenAI')).toBeChecked();
        at /Users/david/Documents/Figa-Jira-Automations-Tool/figma-ticket-generator/browser-tests/tests/main-application.spec.js:86:16

    attachment #1: screenshot (image/png) ──────────────────────────────────────────────────────────
    ../test-results/main-application-Main-Appl-2adf8-etween-MCP-and-OpenAI-modes-firefox/test-failed-1.png
    ────────────────────────────────────────────────────────────────────────────────────────────────

    attachment #2: video (video/webm) ──────────────────────────────────────────────────────────────
    ../test-results/main-application-Main-Appl-2adf8-etween-MCP-and-OpenAI-modes-firefox/video.webm
    ────────────────────────────────────────────────────────────────────────────────────────────────

    Error Context: ../test-results/main-application-Main-Appl-2adf8-etween-MCP-and-OpenAI-modes-firefox/error-context.md
]]>
</failure>
<system-out>
<![CDATA[
[[ATTACHMENT|test-results/main-application-Main-Appl-2adf8-etween-MCP-and-OpenAI-modes-firefox/test-failed-1.png]]

[[ATTACHMENT|test-results/main-application-Main-Appl-2adf8-etween-MCP-and-OpenAI-modes-firefox/video.webm]]

[[ATTACHMENT|test-results/main-application-Main-Appl-2adf8-etween-MCP-and-OpenAI-modes-firefox/error-context.md]]
]]>
</system-out>
</testcase>
<testcase name="Main Application - Full Feature E2E Tests › should have all ticket template options" classname="main-application.spec.js" time="6.1">
<failure message="main-application.spec.js:103:3 should have all ticket template options" type="FAILURE">
<![CDATA[  [firefox] › main-application.spec.js:103:3 › Main Application - Full Feature E2E Tests › should have all ticket template options 

    Error: expect(locator).toBeVisible() failed

    Locator: locator('#template')
    Expected: visible
    Timeout: 5000ms
    Error: element(s) not found

    Call log:
      - Expect "toBeVisible" with timeout 5000ms
      - waiting for locator('#template')


      103 |   test('should have all ticket template options', async ({ page }) => {
      104 |     // Check template dropdown
    > 105 |     await expect(page.locator('#template')).toBeVisible();
          |                                             ^
      106 |     
      107 |     // Check all template options exist in DOM
      108 |     const templateOptions = ['component', 'feature', 'bug', 'page', 'custom'];
        at /Users/david/Documents/Figa-Jira-Automations-Tool/figma-ticket-generator/browser-tests/tests/main-application.spec.js:105:45

    attachment #1: screenshot (image/png) ──────────────────────────────────────────────────────────
    ../test-results/main-application-Main-Appl-c6ad2-all-ticket-template-options-firefox/test-failed-1.png
    ────────────────────────────────────────────────────────────────────────────────────────────────

    attachment #2: video (video/webm) ──────────────────────────────────────────────────────────────
    ../test-results/main-application-Main-Appl-c6ad2-all-ticket-template-options-firefox/video.webm
    ────────────────────────────────────────────────────────────────────────────────────────────────

    Error Context: ../test-results/main-application-Main-Appl-c6ad2-all-ticket-template-options-firefox/error-context.md
]]>
</failure>
<system-out>
<![CDATA[
[[ATTACHMENT|test-results/main-application-Main-Appl-c6ad2-all-ticket-template-options-firefox/test-failed-1.png]]

[[ATTACHMENT|test-results/main-application-Main-Appl-c6ad2-all-ticket-template-options-firefox/video.webm]]

[[ATTACHMENT|test-results/main-application-Main-Appl-c6ad2-all-ticket-template-options-firefox/error-context.md]]
]]>
</system-out>
</testcase>
<testcase name="Main Application - Full Feature E2E Tests › should generate ticket with MCP mode (mock selection)" classname="main-application.spec.js" time="11.059">
<failure message="main-application.spec.js:121:3 should generate ticket with MCP mode (mock selection)" type="FAILURE">
<![CDATA[  [firefox] › main-application.spec.js:121:3 › Main Application - Full Feature E2E Tests › should generate ticket with MCP mode (mock selection) 

    TimeoutError: page.selectOption: Timeout 10000ms exceeded.
    Call log:
      - waiting for locator('#template')


      121 |   test('should generate ticket with MCP mode (mock selection)', async ({ page }) => {
      122 |     // Fill template and instructions
    > 123 |     await page.selectOption('#template', 'component');
          |                ^
      124 |     await page.fill('#customPrompt', 'Test component with accessibility requirements');
      125 |     
      126 |     // Mock the entire generation flow
        at /Users/david/Documents/Figa-Jira-Automations-Tool/figma-ticket-generator/browser-tests/tests/main-application.spec.js:123:16

    attachment #1: screenshot (image/png) ──────────────────────────────────────────────────────────
    ../test-results/main-application-Main-Appl-5188c-th-MCP-mode-mock-selection--firefox/test-failed-1.png
    ────────────────────────────────────────────────────────────────────────────────────────────────

    attachment #2: video (video/webm) ──────────────────────────────────────────────────────────────
    ../test-results/main-application-Main-Appl-5188c-th-MCP-mode-mock-selection--firefox/video.webm
    ────────────────────────────────────────────────────────────────────────────────────────────────

    Error Context: ../test-results/main-application-Main-Appl-5188c-th-MCP-mode-mock-selection--firefox/error-context.md
]]>
</failure>
<system-out>
<![CDATA[
[[ATTACHMENT|test-results/main-application-Main-Appl-5188c-th-MCP-mode-mock-selection--firefox/test-failed-1.png]]

[[ATTACHMENT|test-results/main-application-Main-Appl-5188c-th-MCP-mode-mock-selection--firefox/video.webm]]

[[ATTACHMENT|test-results/main-application-Main-Appl-5188c-th-MCP-mode-mock-selection--firefox/error-context.md]]
]]>
</system-out>
</testcase>
<testcase name="Main Application - Full Feature E2E Tests › should handle copy to clipboard functionality" classname="main-application.spec.js" time="11.03">
<failure message="main-application.spec.js:184:3 should handle copy to clipboard functionality" type="FAILURE">
<![CDATA[  [firefox] › main-application.spec.js:184:3 › Main Application - Full Feature E2E Tests › should handle copy to clipboard functionality 

    TimeoutError: page.fill: Timeout 10000ms exceeded.
    Call log:
      - waiting for locator('#output')


      184 |   test('should handle copy to clipboard functionality', async ({ page }) => {
      185 |     // First generate some content
    > 186 |     await page.fill('#output', 'Test ticket content for clipboard testing');
          |                ^
      187 |     await page.locator('#copy').evaluate(el => el.disabled = false);
      188 |     
      189 |     // Click copy button
        at /Users/david/Documents/Figa-Jira-Automations-Tool/figma-ticket-generator/browser-tests/tests/main-application.spec.js:186:16

    attachment #1: screenshot (image/png) ──────────────────────────────────────────────────────────
    ../test-results/main-application-Main-Appl-0a113--to-clipboard-functionality-firefox/test-failed-1.png
    ────────────────────────────────────────────────────────────────────────────────────────────────

    attachment #2: video (video/webm) ──────────────────────────────────────────────────────────────
    ../test-results/main-application-Main-Appl-0a113--to-clipboard-functionality-firefox/video.webm
    ────────────────────────────────────────────────────────────────────────────────────────────────

    Error Context: ../test-results/main-application-Main-Appl-0a113--to-clipboard-functionality-firefox/error-context.md
]]>
</failure>
<system-out>
<![CDATA[
[[ATTACHMENT|test-results/main-application-Main-Appl-0a113--to-clipboard-functionality-firefox/test-failed-1.png]]

[[ATTACHMENT|test-results/main-application-Main-Appl-0a113--to-clipboard-functionality-firefox/video.webm]]

[[ATTACHMENT|test-results/main-application-Main-Appl-0a113--to-clipboard-functionality-firefox/error-context.md]]
]]>
</system-out>
</testcase>
<testcase name="Main Application - Full Feature E2E Tests › should persist settings in localStorage" classname="main-application.spec.js" time="11.184">
<failure message="main-application.spec.js:196:3 should persist settings in localStorage" type="FAILURE">
<![CDATA[  [firefox] › main-application.spec.js:196:3 › Main Application - Full Feature E2E Tests › should persist settings in localStorage 

    TimeoutError: page.selectOption: Timeout 10000ms exceeded.
    Call log:
      - waiting for locator('#template')


      196 |   test('should persist settings in localStorage', async ({ page }) => {
      197 |     // Change template setting and trigger save
    > 198 |     await page.selectOption('#template', 'feature');
          |                ^
      199 |     await page.fill('#customPrompt', 'Persistent test instructions');
      200 |     
      201 |     // Trigger the saveSettings function by changing focus
        at /Users/david/Documents/Figa-Jira-Automations-Tool/figma-ticket-generator/browser-tests/tests/main-application.spec.js:198:16

    attachment #1: screenshot (image/png) ──────────────────────────────────────────────────────────
    ../test-results/main-application-Main-Appl-3f67b-st-settings-in-localStorage-firefox/test-failed-1.png
    ────────────────────────────────────────────────────────────────────────────────────────────────

    attachment #2: video (video/webm) ──────────────────────────────────────────────────────────────
    ../test-results/main-application-Main-Appl-3f67b-st-settings-in-localStorage-firefox/video.webm
    ────────────────────────────────────────────────────────────────────────────────────────────────

    Error Context: ../test-results/main-application-Main-Appl-3f67b-st-settings-in-localStorage-firefox/error-context.md
]]>
</failure>
<system-out>
<![CDATA[
[[ATTACHMENT|test-results/main-application-Main-Appl-3f67b-st-settings-in-localStorage-firefox/test-failed-1.png]]

[[ATTACHMENT|test-results/main-application-Main-Appl-3f67b-st-settings-in-localStorage-firefox/video.webm]]

[[ATTACHMENT|test-results/main-application-Main-Appl-3f67b-st-settings-in-localStorage-firefox/error-context.md]]
]]>
</system-out>
</testcase>
<testcase name="Main Application - Full Feature E2E Tests › should show design system integration section when appropriate" classname="main-application.spec.js" time="6.088">
<failure message="main-application.spec.js:234:3 should show design system integration section when appropriate" type="FAILURE">
<![CDATA[  [firefox] › main-application.spec.js:234:3 › Main Application - Full Feature E2E Tests › should show design system integration section when appropriate 

    Error: expect(locator).toHaveClass(expected) failed

    Locator: locator('#designSystemSection')
    Expected pattern: /hidden/
    Timeout: 5000ms
    Error: element(s) not found

    Call log:
      - Expect "toHaveClass" with timeout 5000ms
      - waiting for locator('#designSystemSection')


      234 |   test('should show design system integration section when appropriate', async ({ page }) => {
      235 |     // Design system section should be hidden initially
    > 236 |     await expect(page.locator('#designSystemSection')).toHaveClass(/hidden/);
          |                                                        ^
      237 |     
      238 |     // Simulate design system detection
      239 |     await page.evaluate(() => {
        at /Users/david/Documents/Figa-Jira-Automations-Tool/figma-ticket-generator/browser-tests/tests/main-application.spec.js:236:56

    attachment #1: screenshot (image/png) ──────────────────────────────────────────────────────────
    ../test-results/main-application-Main-Appl-59ef1-on-section-when-appropriate-firefox/test-failed-1.png
    ────────────────────────────────────────────────────────────────────────────────────────────────

    attachment #2: video (video/webm) ──────────────────────────────────────────────────────────────
    ../test-results/main-application-Main-Appl-59ef1-on-section-when-appropriate-firefox/video.webm
    ────────────────────────────────────────────────────────────────────────────────────────────────

    Error Context: ../test-results/main-application-Main-Appl-59ef1-on-section-when-appropriate-firefox/error-context.md
]]>
</failure>
<system-out>
<![CDATA[
[[ATTACHMENT|test-results/main-application-Main-Appl-59ef1-on-section-when-appropriate-firefox/test-failed-1.png]]

[[ATTACHMENT|test-results/main-application-Main-Appl-59ef1-on-section-when-appropriate-firefox/video.webm]]

[[ATTACHMENT|test-results/main-application-Main-Appl-59ef1-on-section-when-appropriate-firefox/error-context.md]]
]]>
</system-out>
</testcase>
<testcase name="Main Application - Full Feature E2E Tests › should handle responsive design across viewports" classname="main-application.spec.js" time="6.09">
<failure message="main-application.spec.js:262:3 should handle responsive design across viewports" type="FAILURE">
<![CDATA[  [firefox] › main-application.spec.js:262:3 › Main Application - Full Feature E2E Tests › should handle responsive design across viewports 

    Error: expect(locator).toBeVisible() failed

    Locator: locator('.tab-container')
    Expected: visible
    Timeout: 5000ms
    Error: element(s) not found

    Call log:
      - Expect "toBeVisible" with timeout 5000ms
      - waiting for locator('.tab-container')


      263 |     // Test desktop viewport
      264 |     await page.setViewportSize({ width: 1280, height: 720 });
    > 265 |     await expect(page.locator('.tab-container')).toBeVisible();
          |                                                  ^
      266 |     
      267 |     // Test tablet viewport  
      268 |     await page.setViewportSize({ width: 768, height: 1024 });
        at /Users/david/Documents/Figa-Jira-Automations-Tool/figma-ticket-generator/browser-tests/tests/main-application.spec.js:265:50

    attachment #1: screenshot (image/png) ──────────────────────────────────────────────────────────
    ../test-results/main-application-Main-Appl-6b403-ive-design-across-viewports-firefox/test-failed-1.png
    ────────────────────────────────────────────────────────────────────────────────────────────────

    attachment #2: video (video/webm) ──────────────────────────────────────────────────────────────
    ../test-results/main-application-Main-Appl-6b403-ive-design-across-viewports-firefox/video.webm
    ────────────────────────────────────────────────────────────────────────────────────────────────

    Error Context: ../test-results/main-application-Main-Appl-6b403-ive-design-across-viewports-firefox/error-context.md
]]>
</failure>
<system-out>
<![CDATA[
[[ATTACHMENT|test-results/main-application-Main-Appl-6b403-ive-design-across-viewports-firefox/test-failed-1.png]]

[[ATTACHMENT|test-results/main-application-Main-Appl-6b403-ive-design-across-viewports-firefox/video.webm]]

[[ATTACHMENT|test-results/main-application-Main-Appl-6b403-ive-design-across-viewports-firefox/error-context.md]]
]]>
</system-out>
</testcase>
<testcase name="Main Application - Full Feature E2E Tests › should validate accessibility features" classname="main-application.spec.js" time="1.088">
<failure message="main-application.spec.js:280:3 should validate accessibility features" type="FAILURE">
<![CDATA[  [firefox] › main-application.spec.js:280:3 › Main Application - Full Feature E2E Tests › should validate accessibility features 

    Error: expect(received).toBeGreaterThan(expected)

    Expected: > 0
    Received:   0

      282 |     const interactiveElements = page.locator('button, input, select, textarea');
      283 |     const count = await interactiveElements.count();
    > 284 |     expect(count).toBeGreaterThan(0);
          |                   ^
      285 |     
      286 |     // Check that form elements are properly labeled
      287 |     const labelCount = await page.locator('label').count();
        at /Users/david/Documents/Figa-Jira-Automations-Tool/figma-ticket-generator/browser-tests/tests/main-application.spec.js:284:19

    attachment #1: screenshot (image/png) ──────────────────────────────────────────────────────────
    ../test-results/main-application-Main-Appl-eba65-date-accessibility-features-firefox/test-failed-1.png
    ────────────────────────────────────────────────────────────────────────────────────────────────

    attachment #2: video (video/webm) ──────────────────────────────────────────────────────────────
    ../test-results/main-application-Main-Appl-eba65-date-accessibility-features-firefox/video.webm
    ────────────────────────────────────────────────────────────────────────────────────────────────

    Error Context: ../test-results/main-application-Main-Appl-eba65-date-accessibility-features-firefox/error-context.md
]]>
</failure>
<system-out>
<![CDATA[
[[ATTACHMENT|test-results/main-application-Main-Appl-eba65-date-accessibility-features-firefox/test-failed-1.png]]

[[ATTACHMENT|test-results/main-application-Main-Appl-eba65-date-accessibility-features-firefox/video.webm]]

[[ATTACHMENT|test-results/main-application-Main-Appl-eba65-date-accessibility-features-firefox/error-context.md]]
]]>
</system-out>
</testcase>
<testcase name="Main Application - Full Feature E2E Tests › should integrate with E2E test infrastructure" classname="main-application.spec.js" time="1.054">
<failure message="main-application.spec.js:301:3 should integrate with E2E test infrastructure" type="FAILURE">
<![CDATA[  [firefox] › main-application.spec.js:301:3 › Main Application - Full Feature E2E Tests › should integrate with E2E test infrastructure 

    Error: expect(received).toBe(expected) // Object.is equality

    Expected: true
    Received: false

      316 |     });
      317 |     
    > 318 |     expect(mcpResponse).toBe(true);
          |                         ^
      319 |     
      320 |     // Check HTTP server serving files correctly
      321 |     const currentUrl = page.url();
        at /Users/david/Documents/Figa-Jira-Automations-Tool/figma-ticket-generator/browser-tests/tests/main-application.spec.js:318:25

    attachment #1: screenshot (image/png) ──────────────────────────────────────────────────────────
    ../test-results/main-application-Main-Appl-3d5a6-ith-E2E-test-infrastructure-firefox/test-failed-1.png
    ────────────────────────────────────────────────────────────────────────────────────────────────

    attachment #2: video (video/webm) ──────────────────────────────────────────────────────────────
    ../test-results/main-application-Main-Appl-3d5a6-ith-E2E-test-infrastructure-firefox/video.webm
    ────────────────────────────────────────────────────────────────────────────────────────────────

    Error Context: ../test-results/main-application-Main-Appl-3d5a6-ith-E2E-test-infrastructure-firefox/error-context.md
]]>
</failure>
<system-out>
<![CDATA[
[[ATTACHMENT|test-results/main-application-Main-Appl-3d5a6-ith-E2E-test-infrastructure-firefox/test-failed-1.png]]

[[ATTACHMENT|test-results/main-application-Main-Appl-3d5a6-ith-E2E-test-infrastructure-firefox/video.webm]]

[[ATTACHMENT|test-results/main-application-Main-Appl-3d5a6-ith-E2E-test-infrastructure-firefox/error-context.md]]
]]>
</system-out>
</testcase>
</testsuite>
<testsuite name="mcp-integration.spec.js" timestamp="2025-10-23T02:33:00.593Z" hostname="firefox" tests="7" failures="7" skipped="0" time="78.545" errors="0">
<testcase name="MCP Server Integration E2E Testing @critical › should successfully connect to MCP server and receive enhanced responses" classname="mcp-integration.spec.js" time="11.068">
<failure message="mcp-integration.spec.js:10:3 should successfully connect to MCP server and receive enhanced responses" type="FAILURE">
<![CDATA[  [firefox] › mcp-integration.spec.js:10:3 › MCP Server Integration E2E Testing @critical › should successfully connect to MCP server and receive enhanced responses 

    TimeoutError: page.fill: Timeout 10000ms exceeded.
    Call log:
      - waiting for locator('#techStackInput')


      26 |     
      27 |     // Generate enhanced ticket
    > 28 |     await page.fill('#techStackInput', 'React with TypeScript, Chakra UI, React Query, and Vitest');
         |                ^
      29 |     await page.selectOption('#documentType', 'jira');
      30 |     await page.click('#generateBtn');
      31 |     
        at /Users/david/Documents/Figa-Jira-Automations-Tool/figma-ticket-generator/browser-tests/tests/mcp-integration.spec.js:28:16

    attachment #1: screenshot (image/png) ──────────────────────────────────────────────────────────
    ../test-results/mcp-integration-MCP-Server-217aa--receive-enhanced-responses-firefox/test-failed-1.png
    ────────────────────────────────────────────────────────────────────────────────────────────────

    attachment #2: video (video/webm) ──────────────────────────────────────────────────────────────
    ../test-results/mcp-integration-MCP-Server-217aa--receive-enhanced-responses-firefox/video.webm
    ────────────────────────────────────────────────────────────────────────────────────────────────

    Error Context: ../test-results/mcp-integration-MCP-Server-217aa--receive-enhanced-responses-firefox/error-context.md
]]>
</failure>
<system-out>
<![CDATA[
[[ATTACHMENT|test-results/mcp-integration-MCP-Server-217aa--receive-enhanced-responses-firefox/test-failed-1.png]]

[[ATTACHMENT|test-results/mcp-integration-MCP-Server-217aa--receive-enhanced-responses-firefox/video.webm]]

[[ATTACHMENT|test-results/mcp-integration-MCP-Server-217aa--receive-enhanced-responses-firefox/error-context.md]]
]]>
</system-out>
</testcase>
<testcase name="MCP Server Integration E2E Testing @critical › should handle MCP server timeout gracefully" classname="mcp-integration.spec.js" time="11.112">
<failure message="mcp-integration.spec.js:55:3 should handle MCP server timeout gracefully" type="FAILURE">
<![CDATA[  [firefox] › mcp-integration.spec.js:55:3 › MCP Server Integration E2E Testing @critical › should handle MCP server timeout gracefully 

    TimeoutError: page.fill: Timeout 10000ms exceeded.
    Call log:
      - waiting for locator('#techStackInput')


      61 |     });
      62 |     
    > 63 |     await page.fill('#techStackInput', 'Vue 3 with Composition API');
         |                ^
      64 |     await page.click('#generateBtn');
      65 |     
      66 |     // Should show fallback after timeout
        at /Users/david/Documents/Figa-Jira-Automations-Tool/figma-ticket-generator/browser-tests/tests/mcp-integration.spec.js:63:16

    attachment #1: screenshot (image/png) ──────────────────────────────────────────────────────────
    ../test-results/mcp-integration-MCP-Server-b3ee6-P-server-timeout-gracefully-firefox/test-failed-1.png
    ────────────────────────────────────────────────────────────────────────────────────────────────

    attachment #2: video (video/webm) ──────────────────────────────────────────────────────────────
    ../test-results/mcp-integration-MCP-Server-b3ee6-P-server-timeout-gracefully-firefox/video.webm
    ────────────────────────────────────────────────────────────────────────────────────────────────

    Error Context: ../test-results/mcp-integration-MCP-Server-b3ee6-P-server-timeout-gracefully-firefox/error-context.md
]]>
</failure>
<system-out>
<![CDATA[
[[ATTACHMENT|test-results/mcp-integration-MCP-Server-b3ee6-P-server-timeout-gracefully-firefox/test-failed-1.png]]

[[ATTACHMENT|test-results/mcp-integration-MCP-Server-b3ee6-P-server-timeout-gracefully-firefox/video.webm]]

[[ATTACHMENT|test-results/mcp-integration-MCP-Server-b3ee6-P-server-timeout-gracefully-firefox/error-context.md]]
]]>
</system-out>
</testcase>
<testcase name="MCP Server Integration E2E Testing @critical › should send correct request payload to MCP server" classname="mcp-integration.spec.js" time="11.113">
<failure message="mcp-integration.spec.js:74:3 should send correct request payload to MCP server" type="FAILURE">
<![CDATA[  [firefox] › mcp-integration.spec.js:74:3 › MCP Server Integration E2E Testing @critical › should send correct request payload to MCP server 

    TimeoutError: page.fill: Timeout 10000ms exceeded.
    Call log:
      - waiting for locator('#techStackInput')


      94 |     // Generate ticket with specific parameters
      95 |     const techStackInput = 'Angular with RxJS, Angular Material, NgRx, and Jasmine testing';
    > 96 |     await page.fill('#techStackInput', techStackInput);
         |                ^
      97 |     await page.selectOption('#documentType', 'confluence');
      98 |     await page.click('#generateBtn');
      99 |     
        at /Users/david/Documents/Figa-Jira-Automations-Tool/figma-ticket-generator/browser-tests/tests/mcp-integration.spec.js:96:16

    attachment #1: screenshot (image/png) ──────────────────────────────────────────────────────────
    ../test-results/mcp-integration-MCP-Server-a0f53-quest-payload-to-MCP-server-firefox/test-failed-1.png
    ────────────────────────────────────────────────────────────────────────────────────────────────

    attachment #2: video (video/webm) ──────────────────────────────────────────────────────────────
    ../test-results/mcp-integration-MCP-Server-a0f53-quest-payload-to-MCP-server-firefox/video.webm
    ────────────────────────────────────────────────────────────────────────────────────────────────

    Error Context: ../test-results/mcp-integration-MCP-Server-a0f53-quest-payload-to-MCP-server-firefox/error-context.md
]]>
</failure>
<system-out>
<![CDATA[
[[ATTACHMENT|test-results/mcp-integration-MCP-Server-a0f53-quest-payload-to-MCP-server-firefox/test-failed-1.png]]

[[ATTACHMENT|test-results/mcp-integration-MCP-Server-a0f53-quest-payload-to-MCP-server-firefox/video.webm]]

[[ATTACHMENT|test-results/mcp-integration-MCP-Server-a0f53-quest-payload-to-MCP-server-firefox/error-context.md]]
]]>
</system-out>
</testcase>
<testcase name="MCP Server Integration E2E Testing @critical › should handle different document types with MCP integration" classname="mcp-integration.spec.js" time="11.518">
<failure message="mcp-integration.spec.js:118:3 should handle different document types with MCP integration" type="FAILURE">
<![CDATA[  [firefox] › mcp-integration.spec.js:118:3 › MCP Server Integration E2E Testing @critical › should handle different document types with MCP integration 

    TimeoutError: page.fill: Timeout 10000ms exceeded.
    Call log:
      - waiting for locator('#techStackInput')


      169 |       
      170 |       // Test the specific document type
    > 171 |       await page.fill('#techStackInput', testCase.techStack);
          |                  ^
      172 |       await page.selectOption('#documentType', testCase.type);
      173 |       await page.click('#generateBtn');
      174 |       
        at /Users/david/Documents/Figa-Jira-Automations-Tool/figma-ticket-generator/browser-tests/tests/mcp-integration.spec.js:171:18

    attachment #1: screenshot (image/png) ──────────────────────────────────────────────────────────
    ../test-results/mcp-integration-MCP-Server-b9f76--types-with-MCP-integration-firefox/test-failed-1.png
    ────────────────────────────────────────────────────────────────────────────────────────────────

    attachment #2: video (video/webm) ──────────────────────────────────────────────────────────────
    ../test-results/mcp-integration-MCP-Server-b9f76--types-with-MCP-integration-firefox/video.webm
    ────────────────────────────────────────────────────────────────────────────────────────────────

    Error Context: ../test-results/mcp-integration-MCP-Server-b9f76--types-with-MCP-integration-firefox/error-context.md
]]>
</failure>
<system-out>
<![CDATA[
[[ATTACHMENT|test-results/mcp-integration-MCP-Server-b9f76--types-with-MCP-integration-firefox/test-failed-1.png]]

[[ATTACHMENT|test-results/mcp-integration-MCP-Server-b9f76--types-with-MCP-integration-firefox/video.webm]]

[[ATTACHMENT|test-results/mcp-integration-MCP-Server-b9f76--types-with-MCP-integration-firefox/error-context.md]]
]]>
</system-out>
</testcase>
<testcase name="MCP Server Integration E2E Testing @critical › should retry failed requests with exponential backoff" classname="mcp-integration.spec.js" time="11.152">
<failure message="mcp-integration.spec.js:187:3 should retry failed requests with exponential backoff" type="FAILURE">
<![CDATA[  [firefox] › mcp-integration.spec.js:187:3 › MCP Server Integration E2E Testing @critical › should retry failed requests with exponential backoff 

    TimeoutError: page.fill: Timeout 10000ms exceeded.
    Call log:
      - waiting for locator('#techStackInput')


      210 |     
      211 |     // Generate ticket
    > 212 |     await page.fill('#techStackInput', 'React with TypeScript');
          |                ^
      213 |     await page.click('#generateBtn');
      214 |     
      215 |     // Should eventually succeed
        at /Users/david/Documents/Figa-Jira-Automations-Tool/figma-ticket-generator/browser-tests/tests/mcp-integration.spec.js:212:16

    attachment #1: screenshot (image/png) ──────────────────────────────────────────────────────────
    ../test-results/mcp-integration-MCP-Server-48f1e-ts-with-exponential-backoff-firefox/test-failed-1.png
    ────────────────────────────────────────────────────────────────────────────────────────────────

    attachment #2: video (video/webm) ──────────────────────────────────────────────────────────────
    ../test-results/mcp-integration-MCP-Server-48f1e-ts-with-exponential-backoff-firefox/video.webm
    ────────────────────────────────────────────────────────────────────────────────────────────────

    Error Context: ../test-results/mcp-integration-MCP-Server-48f1e-ts-with-exponential-backoff-firefox/error-context.md
]]>
</failure>
<system-out>
<![CDATA[
[[ATTACHMENT|test-results/mcp-integration-MCP-Server-48f1e-ts-with-exponential-backoff-firefox/test-failed-1.png]]

[[ATTACHMENT|test-results/mcp-integration-MCP-Server-48f1e-ts-with-exponential-backoff-firefox/video.webm]]

[[ATTACHMENT|test-results/mcp-integration-MCP-Server-48f1e-ts-with-exponential-backoff-firefox/error-context.md]]
]]>
</system-out>
</testcase>
<testcase name="MCP Server Integration E2E Testing @critical › should validate MCP response format and handle malformed responses" classname="mcp-integration.spec.js" time="11.535">
<failure message="mcp-integration.spec.js:226:3 should validate MCP response format and handle malformed responses" type="FAILURE">
<![CDATA[  [firefox] › mcp-integration.spec.js:226:3 › MCP Server Integration E2E Testing @critical › should validate MCP response format and handle malformed responses 

    TimeoutError: page.fill: Timeout 10000ms exceeded.
    Call log:
      - waiting for locator('#techStackInput')


      269 |       
      270 |       // Generate ticket
    > 271 |       await page.fill('#techStackInput', `Test case ${i + 1}: React with TypeScript`);
          |                  ^
      272 |       await page.click('#generateBtn');
      273 |       
      274 |       // Wait for results
        at /Users/david/Documents/Figa-Jira-Automations-Tool/figma-ticket-generator/browser-tests/tests/mcp-integration.spec.js:271:18

    attachment #1: screenshot (image/png) ──────────────────────────────────────────────────────────
    ../test-results/mcp-integration-MCP-Server-23a2c--handle-malformed-responses-firefox/test-failed-1.png
    ────────────────────────────────────────────────────────────────────────────────────────────────

    attachment #2: video (video/webm) ──────────────────────────────────────────────────────────────
    ../test-results/mcp-integration-MCP-Server-23a2c--handle-malformed-responses-firefox/video.webm
    ────────────────────────────────────────────────────────────────────────────────────────────────

    Error Context: ../test-results/mcp-integration-MCP-Server-23a2c--handle-malformed-responses-firefox/error-context.md
]]>
</failure>
<system-out>
<![CDATA[
[[ATTACHMENT|test-results/mcp-integration-MCP-Server-23a2c--handle-malformed-responses-firefox/test-failed-1.png]]

[[ATTACHMENT|test-results/mcp-integration-MCP-Server-23a2c--handle-malformed-responses-firefox/video.webm]]

[[ATTACHMENT|test-results/mcp-integration-MCP-Server-23a2c--handle-malformed-responses-firefox/error-context.md]]
]]>
</system-out>
</testcase>
<testcase name="MCP Server Integration E2E Testing @critical › should monitor MCP server performance metrics" classname="mcp-integration.spec.js" time="11.047">
<failure message="mcp-integration.spec.js:292:3 should monitor MCP server performance metrics" type="FAILURE">
<![CDATA[  [firefox] › mcp-integration.spec.js:292:3 › MCP Server Integration E2E Testing @critical › should monitor MCP server performance metrics 

    TimeoutError: page.fill: Timeout 10000ms exceeded.
    Call log:
      - waiting for locator('#techStackInput')


      318 |     
      319 |     // Generate ticket
    > 320 |     await page.fill('#techStackInput', 'Complex: React with TypeScript, Redux Toolkit, React Query, Material-UI, Formik, Yup validation, React Testing Library, MSW, Storybook');
          |                ^
      321 |     await page.click('#generateBtn');
      322 |     
      323 |     // Wait for completion
        at /Users/david/Documents/Figa-Jira-Automations-Tool/figma-ticket-generator/browser-tests/tests/mcp-integration.spec.js:320:16

    attachment #1: screenshot (image/png) ──────────────────────────────────────────────────────────
    ../test-results/mcp-integration-MCP-Server-78469--server-performance-metrics-firefox/test-failed-1.png
    ────────────────────────────────────────────────────────────────────────────────────────────────

    attachment #2: video (video/webm) ──────────────────────────────────────────────────────────────
    ../test-results/mcp-integration-MCP-Server-78469--server-performance-metrics-firefox/video.webm
    ────────────────────────────────────────────────────────────────────────────────────────────────

    Error Context: ../test-results/mcp-integration-MCP-Server-78469--server-performance-metrics-firefox/error-context.md
]]>
</failure>
<system-out>
<![CDATA[
[[ATTACHMENT|test-results/mcp-integration-MCP-Server-78469--server-performance-metrics-firefox/test-failed-1.png]]

[[ATTACHMENT|test-results/mcp-integration-MCP-Server-78469--server-performance-metrics-firefox/video.webm]]

[[ATTACHMENT|test-results/mcp-integration-MCP-Server-78469--server-performance-metrics-firefox/error-context.md]]
]]>
</system-out>
</testcase>
</testsuite>
<testsuite name="ui-ux-experience.spec.js" timestamp="2025-10-23T02:33:00.593Z" hostname="firefox" tests="14" failures="14" skipped="0" time="125.826" errors="0">
<testcase name="UI/UX Experience Testing @smoke › should have responsive design across different viewports" classname="ui-ux-experience.spec.js" time="6.592">
<failure message="ui-ux-experience.spec.js:10:3 should have responsive design across different viewports" type="FAILURE">
<![CDATA[  [firefox] › ui-ux-experience.spec.js:10:3 › UI/UX Experience Testing @smoke › should have responsive design across different viewports 

    Error: expect(locator).toBeVisible() failed

    Locator: locator('#app')
    Expected: visible
    Timeout: 5000ms
    Error: element(s) not found

    Call log:
      - Expect "toBeVisible" with timeout 5000ms
      - waiting for locator('#app')


      11 |     // Test desktop viewport
      12 |     await page.setViewportSize({ width: 1280, height: 720 });
    > 13 |     await expect(page.locator('#app')).toBeVisible();
         |                                        ^
      14 |     await expect(page.locator('#generator-tab .content')).toBeVisible();
      15 |     
      16 |     // Test tablet viewport
        at /Users/david/Documents/Figa-Jira-Automations-Tool/figma-ticket-generator/browser-tests/tests/ui-ux-experience.spec.js:13:40

    attachment #1: screenshot (image/png) ──────────────────────────────────────────────────────────
    ../test-results/ui-ux-experience-UI-UX-Exp-dd71f--across-different-viewports-firefox/test-failed-1.png
    ────────────────────────────────────────────────────────────────────────────────────────────────

    attachment #2: video (video/webm) ──────────────────────────────────────────────────────────────
    ../test-results/ui-ux-experience-UI-UX-Exp-dd71f--across-different-viewports-firefox/video.webm
    ────────────────────────────────────────────────────────────────────────────────────────────────

    Error Context: ../test-results/ui-ux-experience-UI-UX-Exp-dd71f--across-different-viewports-firefox/error-context.md
]]>
</failure>
<system-out>
<![CDATA[
[[ATTACHMENT|test-results/ui-ux-experience-UI-UX-Exp-dd71f--across-different-viewports-firefox/test-failed-1.png]]

[[ATTACHMENT|test-results/ui-ux-experience-UI-UX-Exp-dd71f--across-different-viewports-firefox/video.webm]]

[[ATTACHMENT|test-results/ui-ux-experience-UI-UX-Exp-dd71f--across-different-viewports-firefox/error-context.md]]
]]>
</system-out>
</testcase>
<testcase name="UI/UX Experience Testing @smoke › should show proper loading animations and states" classname="ui-ux-experience.spec.js" time="11.106">
<failure message="ui-ux-experience.spec.js:31:3 should show proper loading animations and states" type="FAILURE">
<![CDATA[  [firefox] › ui-ux-experience.spec.js:31:3 › UI/UX Experience Testing @smoke › should show proper loading animations and states 

    TimeoutError: page.fill: Timeout 10000ms exceeded.
    Call log:
      - waiting for locator('#techStackInput')


      31 |   test('should show proper loading animations and states', async ({ page }) => {
      32 |     // Fill input to enable generation
    > 33 |     await page.fill('#techStackInput', 'React with TypeScript and Material-UI');
         |                ^
      34 |     
      35 |     // Mock slow response to test loading states
      36 |     await page.route('**/generate-enhanced-ticket', async route => {
        at /Users/david/Documents/Figa-Jira-Automations-Tool/figma-ticket-generator/browser-tests/tests/ui-ux-experience.spec.js:33:16

    attachment #1: screenshot (image/png) ──────────────────────────────────────────────────────────
    ../test-results/ui-ux-experience-UI-UX-Exp-3f210-ading-animations-and-states-firefox/test-failed-1.png
    ────────────────────────────────────────────────────────────────────────────────────────────────

    attachment #2: video (video/webm) ──────────────────────────────────────────────────────────────
    ../test-results/ui-ux-experience-UI-UX-Exp-3f210-ading-animations-and-states-firefox/video.webm
    ────────────────────────────────────────────────────────────────────────────────────────────────

    Error Context: ../test-results/ui-ux-experience-UI-UX-Exp-3f210-ading-animations-and-states-firefox/error-context.md
]]>
</failure>
<system-out>
<![CDATA[
[[ATTACHMENT|test-results/ui-ux-experience-UI-UX-Exp-3f210-ading-animations-and-states-firefox/test-failed-1.png]]

[[ATTACHMENT|test-results/ui-ux-experience-UI-UX-Exp-3f210-ading-animations-and-states-firefox/video.webm]]

[[ATTACHMENT|test-results/ui-ux-experience-UI-UX-Exp-3f210-ading-animations-and-states-firefox/error-context.md]]
]]>
</system-out>
</testcase>
<testcase name="UI/UX Experience Testing @smoke › should display confidence indicators with proper styling" classname="ui-ux-experience.spec.js" time="11.073">
<failure message="ui-ux-experience.spec.js:63:3 should display confidence indicators with proper styling" type="FAILURE">
<![CDATA[  [firefox] › ui-ux-experience.spec.js:63:3 › UI/UX Experience Testing @smoke › should display confidence indicators with proper styling 

    TimeoutError: page.fill: Timeout 10000ms exceeded.
    Call log:
      - waiting for locator('#techStackInput')


      78 |     
      79 |     for (const testCase of testCases) {
    > 80 |       await page.fill('#techStackInput', testCase.input);
         |                  ^
      81 |       await page.dispatchEvent('#techStackInput', 'input');
      82 |       
      83 |       // Wait for parsing
        at /Users/david/Documents/Figa-Jira-Automations-Tool/figma-ticket-generator/browser-tests/tests/ui-ux-experience.spec.js:80:18

    attachment #1: screenshot (image/png) ──────────────────────────────────────────────────────────
    ../test-results/ui-ux-experience-UI-UX-Exp-56438-icators-with-proper-styling-firefox/test-failed-1.png
    ────────────────────────────────────────────────────────────────────────────────────────────────

    attachment #2: video (video/webm) ──────────────────────────────────────────────────────────────
    ../test-results/ui-ux-experience-UI-UX-Exp-56438-icators-with-proper-styling-firefox/video.webm
    ────────────────────────────────────────────────────────────────────────────────────────────────

    Error Context: ../test-results/ui-ux-experience-UI-UX-Exp-56438-icators-with-proper-styling-firefox/error-context.md
]]>
</failure>
<system-out>
<![CDATA[
[[ATTACHMENT|test-results/ui-ux-experience-UI-UX-Exp-56438-icators-with-proper-styling-firefox/test-failed-1.png]]

[[ATTACHMENT|test-results/ui-ux-experience-UI-UX-Exp-56438-icators-with-proper-styling-firefox/video.webm]]

[[ATTACHMENT|test-results/ui-ux-experience-UI-UX-Exp-56438-icators-with-proper-styling-firefox/error-context.md]]
]]>
</system-out>
</testcase>
<testcase name="UI/UX Experience Testing @smoke › should show interactive suggestion pills" classname="ui-ux-experience.spec.js" time="11.119">
<failure message="ui-ux-experience.spec.js:105:3 should show interactive suggestion pills" type="FAILURE">
<![CDATA[  [firefox] › ui-ux-experience.spec.js:105:3 › UI/UX Experience Testing @smoke › should show interactive suggestion pills 

    TimeoutError: page.fill: Timeout 10000ms exceeded.
    Call log:
      - waiting for locator('#techStackInput')


      104 |
      105 |   test('should show interactive suggestion pills', async ({ page }) => {
    > 106 |     await page.fill('#techStackInput', 'React TypeScript');
          |                ^
      107 |     await page.dispatchEvent('#techStackInput', 'input');
      108 |     
      109 |     // Wait for suggestions to appear
        at /Users/david/Documents/Figa-Jira-Automations-Tool/figma-ticket-generator/browser-tests/tests/ui-ux-experience.spec.js:106:16

    attachment #1: screenshot (image/png) ──────────────────────────────────────────────────────────
    ../test-results/ui-ux-experience-UI-UX-Exp-0ee59-nteractive-suggestion-pills-firefox/test-failed-1.png
    ────────────────────────────────────────────────────────────────────────────────────────────────

    attachment #2: video (video/webm) ──────────────────────────────────────────────────────────────
    ../test-results/ui-ux-experience-UI-UX-Exp-0ee59-nteractive-suggestion-pills-firefox/video.webm
    ────────────────────────────────────────────────────────────────────────────────────────────────

    Error Context: ../test-results/ui-ux-experience-UI-UX-Exp-0ee59-nteractive-suggestion-pills-firefox/error-context.md
]]>
</failure>
<system-out>
<![CDATA[
[[ATTACHMENT|test-results/ui-ux-experience-UI-UX-Exp-0ee59-nteractive-suggestion-pills-firefox/test-failed-1.png]]

[[ATTACHMENT|test-results/ui-ux-experience-UI-UX-Exp-0ee59-nteractive-suggestion-pills-firefox/video.webm]]

[[ATTACHMENT|test-results/ui-ux-experience-UI-UX-Exp-0ee59-nteractive-suggestion-pills-firefox/error-context.md]]
]]>
</system-out>
</testcase>
<testcase name="UI/UX Experience Testing @smoke › should handle error states gracefully with proper styling" classname="ui-ux-experience.spec.js" time="11.113">
<failure message="ui-ux-experience.spec.js:130:3 should handle error states gracefully with proper styling" type="FAILURE">
<![CDATA[  [firefox] › ui-ux-experience.spec.js:130:3 › UI/UX Experience Testing @smoke › should handle error states gracefully with proper styling 

    TimeoutError: page.click: Timeout 10000ms exceeded.
    Call log:
      - waiting for locator('#generate')


      130 |   test('should handle error states gracefully with proper styling', async ({ page }) => {
      131 |     // Test empty input error
    > 132 |     await page.click('#generate');
          |                ^
      133 |     
      134 |     const errorMessage = page.locator('.error-message');
      135 |     await expect(errorMessage).toBeVisible();
        at /Users/david/Documents/Figa-Jira-Automations-Tool/figma-ticket-generator/browser-tests/tests/ui-ux-experience.spec.js:132:16

    attachment #1: screenshot (image/png) ──────────────────────────────────────────────────────────
    ../test-results/ui-ux-experience-UI-UX-Exp-80c6b-cefully-with-proper-styling-firefox/test-failed-1.png
    ────────────────────────────────────────────────────────────────────────────────────────────────

    attachment #2: video (video/webm) ──────────────────────────────────────────────────────────────
    ../test-results/ui-ux-experience-UI-UX-Exp-80c6b-cefully-with-proper-styling-firefox/video.webm
    ────────────────────────────────────────────────────────────────────────────────────────────────

    Error Context: ../test-results/ui-ux-experience-UI-UX-Exp-80c6b-cefully-with-proper-styling-firefox/error-context.md
]]>
</failure>
<system-out>
<![CDATA[
[[ATTACHMENT|test-results/ui-ux-experience-UI-UX-Exp-80c6b-cefully-with-proper-styling-firefox/test-failed-1.png]]

[[ATTACHMENT|test-results/ui-ux-experience-UI-UX-Exp-80c6b-cefully-with-proper-styling-firefox/video.webm]]

[[ATTACHMENT|test-results/ui-ux-experience-UI-UX-Exp-80c6b-cefully-with-proper-styling-firefox/error-context.md]]
]]>
</system-out>
</testcase>
<testcase name="UI/UX Experience Testing @smoke › should show proper visual feedback for copy action" classname="ui-ux-experience.spec.js" time="11.061">
<failure message="ui-ux-experience.spec.js:144:3 should show proper visual feedback for copy action" type="FAILURE">
<![CDATA[  [firefox] › ui-ux-experience.spec.js:144:3 › UI/UX Experience Testing @smoke › should show proper visual feedback for copy action 

    TimeoutError: page.fill: Timeout 10000ms exceeded.
    Call log:
      - waiting for locator('#techStackInput')


      144 |   test('should show proper visual feedback for copy action', async ({ page }) => {
      145 |     // Generate content first
    > 146 |     await page.fill('#techStackInput', 'Angular with TypeScript');
          |                ^
      147 |     await page.click('#generate');
      148 |     await page.waitForSelector('#results', { state: 'visible', timeout: 20000 });
      149 |     
        at /Users/david/Documents/Figa-Jira-Automations-Tool/figma-ticket-generator/browser-tests/tests/ui-ux-experience.spec.js:146:16

    attachment #1: screenshot (image/png) ──────────────────────────────────────────────────────────
    ../test-results/ui-ux-experience-UI-UX-Exp-b36f5-al-feedback-for-copy-action-firefox/test-failed-1.png
    ────────────────────────────────────────────────────────────────────────────────────────────────

    attachment #2: video (video/webm) ──────────────────────────────────────────────────────────────
    ../test-results/ui-ux-experience-UI-UX-Exp-b36f5-al-feedback-for-copy-action-firefox/video.webm
    ────────────────────────────────────────────────────────────────────────────────────────────────

    Error Context: ../test-results/ui-ux-experience-UI-UX-Exp-b36f5-al-feedback-for-copy-action-firefox/error-context.md
]]>
</failure>
<system-out>
<![CDATA[
[[ATTACHMENT|test-results/ui-ux-experience-UI-UX-Exp-b36f5-al-feedback-for-copy-action-firefox/test-failed-1.png]]

[[ATTACHMENT|test-results/ui-ux-experience-UI-UX-Exp-b36f5-al-feedback-for-copy-action-firefox/video.webm]]

[[ATTACHMENT|test-results/ui-ux-experience-UI-UX-Exp-b36f5-al-feedback-for-copy-action-firefox/error-context.md]]
]]>
</system-out>
</testcase>
<testcase name="UI/UX Experience Testing @smoke › should maintain visual consistency across different document types" classname="ui-ux-experience.spec.js" time="11.046">
<failure message="ui-ux-experience.spec.js:166:3 should maintain visual consistency across different document types" type="FAILURE">
<![CDATA[  [firefox] › ui-ux-experience.spec.js:166:3 › UI/UX Experience Testing @smoke › should maintain visual consistency across different document types 

    TimeoutError: page.selectOption: Timeout 10000ms exceeded.
    Call log:
      - waiting for locator('#documentType')


      168 |     
      169 |     for (const docType of documentTypes) {
    > 170 |       await page.selectOption('#documentType', docType);
          |                  ^
      171 |       
      172 |       // UI should remain consistent
      173 |       await expect(page.locator('#documentType')).toBeVisible();
        at /Users/david/Documents/Figa-Jira-Automations-Tool/figma-ticket-generator/browser-tests/tests/ui-ux-experience.spec.js:170:18

    attachment #1: screenshot (image/png) ──────────────────────────────────────────────────────────
    ../test-results/ui-ux-experience-UI-UX-Exp-efb6a-ss-different-document-types-firefox/test-failed-1.png
    ────────────────────────────────────────────────────────────────────────────────────────────────

    attachment #2: video (video/webm) ──────────────────────────────────────────────────────────────
    ../test-results/ui-ux-experience-UI-UX-Exp-efb6a-ss-different-document-types-firefox/video.webm
    ────────────────────────────────────────────────────────────────────────────────────────────────

    Error Context: ../test-results/ui-ux-experience-UI-UX-Exp-efb6a-ss-different-document-types-firefox/error-context.md
]]>
</failure>
<system-out>
<![CDATA[
[[ATTACHMENT|test-results/ui-ux-experience-UI-UX-Exp-efb6a-ss-different-document-types-firefox/test-failed-1.png]]

[[ATTACHMENT|test-results/ui-ux-experience-UI-UX-Exp-efb6a-ss-different-document-types-firefox/video.webm]]

[[ATTACHMENT|test-results/ui-ux-experience-UI-UX-Exp-efb6a-ss-different-document-types-firefox/error-context.md]]
]]>
</system-out>
</testcase>
<testcase name="UI/UX Experience Testing @smoke › should display proper typography and spacing" classname="ui-ux-experience.spec.js" time="6.042">
<failure message="ui-ux-experience.spec.js:184:3 should display proper typography and spacing" type="FAILURE">
<![CDATA[  [firefox] › ui-ux-experience.spec.js:184:3 › UI/UX Experience Testing @smoke › should display proper typography and spacing 

    Error: expect(locator).toHaveCSS(expected) failed

    Locator: locator('h1')
    Expected pattern: /24px|1\.5rem/
    Received string:  "32px"
    Timeout: 5000ms

    Call log:
      - Expect "toHaveCSS" with timeout 5000ms
      - waiting for locator('h1')
        9 × locator resolved to <h1>Error response</h1>
          - unexpected value "32px"


      185 |     // Check main heading typography
      186 |     const heading = page.locator('h1');
    > 187 |     await expect(heading).toHaveCSS('font-size', /24px|1\.5rem/);
          |                           ^
      188 |     await expect(heading).toHaveCSS('font-weight', /600|bold/);
      189 |     
      190 |     // Check subtitle styling
        at /Users/david/Documents/Figa-Jira-Automations-Tool/figma-ticket-generator/browser-tests/tests/ui-ux-experience.spec.js:187:27

    attachment #1: screenshot (image/png) ──────────────────────────────────────────────────────────
    ../test-results/ui-ux-experience-UI-UX-Exp-0f64e-oper-typography-and-spacing-firefox/test-failed-1.png
    ────────────────────────────────────────────────────────────────────────────────────────────────

    attachment #2: video (video/webm) ──────────────────────────────────────────────────────────────
    ../test-results/ui-ux-experience-UI-UX-Exp-0f64e-oper-typography-and-spacing-firefox/video.webm
    ────────────────────────────────────────────────────────────────────────────────────────────────

    Error Context: ../test-results/ui-ux-experience-UI-UX-Exp-0f64e-oper-typography-and-spacing-firefox/error-context.md
]]>
</failure>
<system-out>
<![CDATA[
[[ATTACHMENT|test-results/ui-ux-experience-UI-UX-Exp-0f64e-oper-typography-and-spacing-firefox/test-failed-1.png]]

[[ATTACHMENT|test-results/ui-ux-experience-UI-UX-Exp-0f64e-oper-typography-and-spacing-firefox/video.webm]]

[[ATTACHMENT|test-results/ui-ux-experience-UI-UX-Exp-0f64e-oper-typography-and-spacing-firefox/error-context.md]]
]]>
</system-out>
</testcase>
<testcase name="UI/UX Experience Testing @smoke › should handle focus states and keyboard navigation" classname="ui-ux-experience.spec.js" time="6.089">
<failure message="ui-ux-experience.spec.js:205:3 should handle focus states and keyboard navigation" type="FAILURE">
<![CDATA[  [firefox] › ui-ux-experience.spec.js:205:3 › UI/UX Experience Testing @smoke › should handle focus states and keyboard navigation 

    Error: expect(locator).toBeFocused() failed

    Locator: locator('#techStackInput')
    Expected: focused
    Timeout: 5000ms
    Error: element(s) not found

    Call log:
      - Expect "toBeFocused" with timeout 5000ms
      - waiting for locator('#techStackInput')


      206 |     // Test tab navigation
      207 |     await page.keyboard.press('Tab');
    > 208 |     await expect(page.locator('#techStackInput')).toBeFocused();
          |                                                   ^
      209 |     
      210 |     await page.keyboard.press('Tab');
      211 |     await expect(page.locator('#documentType')).toBeFocused();
        at /Users/david/Documents/Figa-Jira-Automations-Tool/figma-ticket-generator/browser-tests/tests/ui-ux-experience.spec.js:208:51

    attachment #1: screenshot (image/png) ──────────────────────────────────────────────────────────
    ../test-results/ui-ux-experience-UI-UX-Exp-f3fb3-tes-and-keyboard-navigation-firefox/test-failed-1.png
    ────────────────────────────────────────────────────────────────────────────────────────────────

    attachment #2: video (video/webm) ──────────────────────────────────────────────────────────────
    ../test-results/ui-ux-experience-UI-UX-Exp-f3fb3-tes-and-keyboard-navigation-firefox/video.webm
    ────────────────────────────────────────────────────────────────────────────────────────────────

    Error Context: ../test-results/ui-ux-experience-UI-UX-Exp-f3fb3-tes-and-keyboard-navigation-firefox/error-context.md
]]>
</failure>
<system-out>
<![CDATA[
[[ATTACHMENT|test-results/ui-ux-experience-UI-UX-Exp-f3fb3-tes-and-keyboard-navigation-firefox/test-failed-1.png]]

[[ATTACHMENT|test-results/ui-ux-experience-UI-UX-Exp-f3fb3-tes-and-keyboard-navigation-firefox/video.webm]]

[[ATTACHMENT|test-results/ui-ux-experience-UI-UX-Exp-f3fb3-tes-and-keyboard-navigation-firefox/error-context.md]]
]]>
</system-out>
</testcase>
<testcase name="UI/UX Experience Testing @smoke › should display results with proper formatting and styling" classname="ui-ux-experience.spec.js" time="11.171">
<failure message="ui-ux-experience.spec.js:227:3 should display results with proper formatting and styling" type="FAILURE">
<![CDATA[  [firefox] › ui-ux-experience.spec.js:227:3 › UI/UX Experience Testing @smoke › should display results with proper formatting and styling 

    TimeoutError: page.fill: Timeout 10000ms exceeded.
    Call log:
      - waiting for locator('#techStackInput')


      227 |   test('should display results with proper formatting and styling', async ({ page }) => {
      228 |     // Generate content
    > 229 |     await page.fill('#techStackInput', 'Next.js with TypeScript and Tailwind CSS');
          |                ^
      230 |     await page.click('#generate');
      231 |     await page.waitForSelector('#results', { state: 'visible', timeout: 20000 });
      232 |     
        at /Users/david/Documents/Figa-Jira-Automations-Tool/figma-ticket-generator/browser-tests/tests/ui-ux-experience.spec.js:229:16

    attachment #1: screenshot (image/png) ──────────────────────────────────────────────────────────
    ../test-results/ui-ux-experience-UI-UX-Exp-2d322-oper-formatting-and-styling-firefox/test-failed-1.png
    ────────────────────────────────────────────────────────────────────────────────────────────────

    attachment #2: video (video/webm) ──────────────────────────────────────────────────────────────
    ../test-results/ui-ux-experience-UI-UX-Exp-2d322-oper-formatting-and-styling-firefox/video.webm
    ────────────────────────────────────────────────────────────────────────────────────────────────

    Error Context: ../test-results/ui-ux-experience-UI-UX-Exp-2d322-oper-formatting-and-styling-firefox/error-context.md
]]>
</failure>
<system-out>
<![CDATA[
[[ATTACHMENT|test-results/ui-ux-experience-UI-UX-Exp-2d322-oper-formatting-and-styling-firefox/test-failed-1.png]]

[[ATTACHMENT|test-results/ui-ux-experience-UI-UX-Exp-2d322-oper-formatting-and-styling-firefox/video.webm]]

[[ATTACHMENT|test-results/ui-ux-experience-UI-UX-Exp-2d322-oper-formatting-and-styling-firefox/error-context.md]]
]]>
</system-out>
</testcase>
<testcase name="UI/UX Experience Testing @smoke › should have enhanced tech stack interface with suggestion pills" classname="ui-ux-experience.spec.js" time="6.144">
<failure message="ui-ux-experience.spec.js:249:3 should have enhanced tech stack interface with suggestion pills" type="FAILURE">
<![CDATA[  [firefox] › ui-ux-experience.spec.js:249:3 › UI/UX Experience Testing @smoke › should have enhanced tech stack interface with suggestion pills 

    Error: expect(locator).toBeVisible() failed

    Locator: locator('.tech-stack-header')
    Expected: visible
    Timeout: 5000ms
    Error: element(s) not found

    Call log:
      - Expect "toBeVisible" with timeout 5000ms
      - waiting for locator('.tech-stack-header')


      249 |   test('should have enhanced tech stack interface with suggestion pills', async ({ page }) => {
      250 |     // Check for tech stack header with AI-powered badge
    > 251 |     await expect(page.locator('.tech-stack-header')).toBeVisible();
          |                                                      ^
      252 |     await expect(page.locator('.ai-powered-badge')).toBeVisible();
      253 |     await expect(page.locator('.ai-powered-badge')).toHaveText('AI-Powered');
      254 |     
        at /Users/david/Documents/Figa-Jira-Automations-Tool/figma-ticket-generator/browser-tests/tests/ui-ux-experience.spec.js:251:54

    attachment #1: screenshot (image/png) ──────────────────────────────────────────────────────────
    ../test-results/ui-ux-experience-UI-UX-Exp-cad46-rface-with-suggestion-pills-firefox/test-failed-1.png
    ────────────────────────────────────────────────────────────────────────────────────────────────

    attachment #2: video (video/webm) ──────────────────────────────────────────────────────────────
    ../test-results/ui-ux-experience-UI-UX-Exp-cad46-rface-with-suggestion-pills-firefox/video.webm
    ────────────────────────────────────────────────────────────────────────────────────────────────

    Error Context: ../test-results/ui-ux-experience-UI-UX-Exp-cad46-rface-with-suggestion-pills-firefox/error-context.md
]]>
</failure>
<system-out>
<![CDATA[
[[ATTACHMENT|test-results/ui-ux-experience-UI-UX-Exp-cad46-rface-with-suggestion-pills-firefox/test-failed-1.png]]

[[ATTACHMENT|test-results/ui-ux-experience-UI-UX-Exp-cad46-rface-with-suggestion-pills-firefox/video.webm]]

[[ATTACHMENT|test-results/ui-ux-experience-UI-UX-Exp-cad46-rface-with-suggestion-pills-firefox/error-context.md]]
]]>
</system-out>
</testcase>
<testcase name="UI/UX Experience Testing @smoke › should handle tech stack parse button functionality" classname="ui-ux-experience.spec.js" time="6.098">
<failure message="ui-ux-experience.spec.js:273:3 should handle tech stack parse button functionality" type="FAILURE">
<![CDATA[  [firefox] › ui-ux-experience.spec.js:273:3 › UI/UX Experience Testing @smoke › should handle tech stack parse button functionality 

    Error: expect(locator).toBeVisible() failed

    Locator: locator('.parse-tech-stack')
    Expected: visible
    Timeout: 5000ms
    Error: element(s) not found

    Call log:
      - Expect "toBeVisible" with timeout 5000ms
      - waiting for locator('.parse-tech-stack')


      276 |     
      277 |     // Parse button should be visible
    > 278 |     await expect(parseButton).toBeVisible();
          |                               ^
      279 |     await expect(parseButton).toHaveText(/Parse Tech Stack/);
      280 |     
      281 |     // Test empty input validation
        at /Users/david/Documents/Figa-Jira-Automations-Tool/figma-ticket-generator/browser-tests/tests/ui-ux-experience.spec.js:278:31

    attachment #1: screenshot (image/png) ──────────────────────────────────────────────────────────
    ../test-results/ui-ux-experience-UI-UX-Exp-2c5a3--parse-button-functionality-firefox/test-failed-1.png
    ────────────────────────────────────────────────────────────────────────────────────────────────

    attachment #2: video (video/webm) ──────────────────────────────────────────────────────────────
    ../test-results/ui-ux-experience-UI-UX-Exp-2c5a3--parse-button-functionality-firefox/video.webm
    ────────────────────────────────────────────────────────────────────────────────────────────────

    Error Context: ../test-results/ui-ux-experience-UI-UX-Exp-2c5a3--parse-button-functionality-firefox/error-context.md
]]>
</failure>
<system-out>
<![CDATA[
[[ATTACHMENT|test-results/ui-ux-experience-UI-UX-Exp-2c5a3--parse-button-functionality-firefox/test-failed-1.png]]

[[ATTACHMENT|test-results/ui-ux-experience-UI-UX-Exp-2c5a3--parse-button-functionality-firefox/video.webm]]

[[ATTACHMENT|test-results/ui-ux-experience-UI-UX-Exp-2c5a3--parse-button-functionality-firefox/error-context.md]]
]]>
</system-out>
</testcase>
<testcase name="UI/UX Experience Testing @smoke › should display different colored suggestion pills for different tech types" classname="ui-ux-experience.spec.js" time="6.103">
<failure message="ui-ux-experience.spec.js:302:3 should display different colored suggestion pills for different tech types" type="FAILURE">
<![CDATA[  [firefox] › ui-ux-experience.spec.js:302:3 › UI/UX Experience Testing @smoke › should display different colored suggestion pills for different tech types 

    Error: expect(locator).toBeVisible() failed

    Locator: locator('.suggestions-grid .suggestion-pill[data-type="react"]')
    Expected: visible
    Timeout: 5000ms
    Error: element(s) not found

    Call log:
      - Expect "toBeVisible" with timeout 5000ms
      - waiting for locator('.suggestions-grid .suggestion-pill[data-type="react"]')


      306 |     
      307 |     // Check React pill styling
    > 308 |     await expect(reactPill).toBeVisible();
          |                             ^
      309 |     await expect(reactPill).toHaveCSS('border-color', /rgb\(97, 218, 251\)/);
      310 |     
      311 |     // Check Vue pill styling
        at /Users/david/Documents/Figa-Jira-Automations-Tool/figma-ticket-generator/browser-tests/tests/ui-ux-experience.spec.js:308:29

    attachment #1: screenshot (image/png) ──────────────────────────────────────────────────────────
    ../test-results/ui-ux-experience-UI-UX-Exp-15b63-ls-for-different-tech-types-firefox/test-failed-1.png
    ────────────────────────────────────────────────────────────────────────────────────────────────

    attachment #2: video (video/webm) ──────────────────────────────────────────────────────────────
    ../test-results/ui-ux-experience-UI-UX-Exp-15b63-ls-for-different-tech-types-firefox/video.webm
    ────────────────────────────────────────────────────────────────────────────────────────────────

    Error Context: ../test-results/ui-ux-experience-UI-UX-Exp-15b63-ls-for-different-tech-types-firefox/error-context.md
]]>
</failure>
<system-out>
<![CDATA[
[[ATTACHMENT|test-results/ui-ux-experience-UI-UX-Exp-15b63-ls-for-different-tech-types-firefox/test-failed-1.png]]

[[ATTACHMENT|test-results/ui-ux-experience-UI-UX-Exp-15b63-ls-for-different-tech-types-firefox/video.webm]]

[[ATTACHMENT|test-results/ui-ux-experience-UI-UX-Exp-15b63-ls-for-different-tech-types-firefox/error-context.md]]
]]>
</system-out>
</testcase>
<testcase name="UI/UX Experience Testing @smoke › should show confidence indicator with proper styling and animation" classname="ui-ux-experience.spec.js" time="11.069">
<failure message="ui-ux-experience.spec.js:324:3 should show confidence indicator with proper styling and animation" type="FAILURE">
<![CDATA[  [firefox] › ui-ux-experience.spec.js:324:3 › UI/UX Experience Testing @smoke › should show confidence indicator with proper styling and animation 

    TimeoutError: page.fill: Timeout 10000ms exceeded.
    Call log:
      - waiting for locator('#techStackInput')


      324 |   test('should show confidence indicator with proper styling and animation', async ({ page }) => {
      325 |     // Fill tech stack to trigger confidence indicator
    > 326 |     await page.fill('#techStackInput', 'React with TypeScript, Material-UI, and Redux Toolkit for state management');
          |                ^
      327 |     
      328 |     // Wait for confidence indicator to appear
      329 |     await expect(page.locator('.parse-button-container .confidence-indicator.show')).toBeVisible();
        at /Users/david/Documents/Figa-Jira-Automations-Tool/figma-ticket-generator/browser-tests/tests/ui-ux-experience.spec.js:326:16

    attachment #1: screenshot (image/png) ──────────────────────────────────────────────────────────
    ../test-results/ui-ux-experience-UI-UX-Exp-eb767-roper-styling-and-animation-firefox/test-failed-1.png
    ────────────────────────────────────────────────────────────────────────────────────────────────

    attachment #2: video (video/webm) ──────────────────────────────────────────────────────────────
    ../test-results/ui-ux-experience-UI-UX-Exp-eb767-roper-styling-and-animation-firefox/video.webm
    ────────────────────────────────────────────────────────────────────────────────────────────────

    Error Context: ../test-results/ui-ux-experience-UI-UX-Exp-eb767-roper-styling-and-animation-firefox/error-context.md
]]>
</failure>
<system-out>
<![CDATA[
[[ATTACHMENT|test-results/ui-ux-experience-UI-UX-Exp-eb767-roper-styling-and-animation-firefox/test-failed-1.png]]

[[ATTACHMENT|test-results/ui-ux-experience-UI-UX-Exp-eb767-roper-styling-and-animation-firefox/video.webm]]

[[ATTACHMENT|test-results/ui-ux-experience-UI-UX-Exp-eb767-roper-styling-and-animation-firefox/error-context.md]]
]]>
</system-out>
</testcase>
</testsuite>
<testsuite name="visual-interactive.spec.js" timestamp="2025-10-23T02:33:00.593Z" hostname="firefox" tests="11" failures="10" skipped="0" time="107.245" errors="0">
<testcase name="Visual Regression Testing › should match initial UI layout screenshot" classname="visual-interactive.spec.js" time="6.048">
<failure message="visual-interactive.spec.js:10:3 should match initial UI layout screenshot" type="FAILURE">
<![CDATA[  [firefox] › visual-interactive.spec.js:10:3 › Visual Regression Testing › should match initial UI layout screenshot 

    Error: expect(locator).toBeVisible() failed

    Locator: locator('#app')
    Expected: visible
    Timeout: 5000ms
    Error: element(s) not found

    Call log:
      - Expect "toBeVisible" with timeout 5000ms
      - waiting for locator('#app')


      10 |   test('should match initial UI layout screenshot', async ({ page }) => {
      11 |     // Wait for all elements to be stable
    > 12 |     await expect(page.locator('#app')).toBeVisible();
         |                                        ^
      13 |     await page.waitForTimeout(1000); // Allow for any animations to settle
      14 |     
      15 |     // Take full page screenshot
        at /Users/david/Documents/Figa-Jira-Automations-Tool/figma-ticket-generator/browser-tests/tests/visual-interactive.spec.js:12:40

    attachment #1: screenshot (image/png) ──────────────────────────────────────────────────────────
    ../test-results/visual-interactive-Visual--0dfff-nitial-UI-layout-screenshot-firefox/test-failed-1.png
    ────────────────────────────────────────────────────────────────────────────────────────────────

    attachment #2: video (video/webm) ──────────────────────────────────────────────────────────────
    ../test-results/visual-interactive-Visual--0dfff-nitial-UI-layout-screenshot-firefox/video.webm
    ────────────────────────────────────────────────────────────────────────────────────────────────

    Error Context: ../test-results/visual-interactive-Visual--0dfff-nitial-UI-layout-screenshot-firefox/error-context.md
]]>
</failure>
<system-out>
<![CDATA[
[[ATTACHMENT|test-results/visual-interactive-Visual--0dfff-nitial-UI-layout-screenshot-firefox/test-failed-1.png]]

[[ATTACHMENT|test-results/visual-interactive-Visual--0dfff-nitial-UI-layout-screenshot-firefox/video.webm]]

[[ATTACHMENT|test-results/visual-interactive-Visual--0dfff-nitial-UI-layout-screenshot-firefox/error-context.md]]
]]>
</system-out>
</testcase>
<testcase name="Visual Regression Testing › should match confidence indicator appearance" classname="visual-interactive.spec.js" time="11.038">
<failure message="visual-interactive.spec.js:22:3 should match confidence indicator appearance" type="FAILURE">
<![CDATA[  [firefox] › visual-interactive.spec.js:22:3 › Visual Regression Testing › should match confidence indicator appearance 

    TimeoutError: page.fill: Timeout 10000ms exceeded.
    Call log:
      - waiting for locator('#techStackInput')


      22 |   test('should match confidence indicator appearance', async ({ page }) => {
      23 |     // Fill input to trigger confidence indicator
    > 24 |     await page.fill('#techStackInput', 'React with TypeScript, Material-UI, and Jest');
         |                ^
      25 |     await page.dispatchEvent('#techStackInput', 'input');
      26 |     
      27 |     // Wait for parsing and confidence indicator
        at /Users/david/Documents/Figa-Jira-Automations-Tool/figma-ticket-generator/browser-tests/tests/visual-interactive.spec.js:24:16

    attachment #1: screenshot (image/png) ──────────────────────────────────────────────────────────
    ../test-results/visual-interactive-Visual--e9c49-idence-indicator-appearance-firefox/test-failed-1.png
    ────────────────────────────────────────────────────────────────────────────────────────────────

    attachment #2: video (video/webm) ──────────────────────────────────────────────────────────────
    ../test-results/visual-interactive-Visual--e9c49-idence-indicator-appearance-firefox/video.webm
    ────────────────────────────────────────────────────────────────────────────────────────────────

    Error Context: ../test-results/visual-interactive-Visual--e9c49-idence-indicator-appearance-firefox/error-context.md
]]>
</failure>
<system-out>
<![CDATA[
[[ATTACHMENT|test-results/visual-interactive-Visual--e9c49-idence-indicator-appearance-firefox/test-failed-1.png]]

[[ATTACHMENT|test-results/visual-interactive-Visual--e9c49-idence-indicator-appearance-firefox/video.webm]]

[[ATTACHMENT|test-results/visual-interactive-Visual--e9c49-idence-indicator-appearance-firefox/error-context.md]]
]]>
</system-out>
</testcase>
<testcase name="Visual Regression Testing › should match loading state appearance" classname="visual-interactive.spec.js" time="11.062">
<failure message="visual-interactive.spec.js:37:3 should match loading state appearance" type="FAILURE">
<![CDATA[  [firefox] › visual-interactive.spec.js:37:3 › Visual Regression Testing › should match loading state appearance 

    TimeoutError: page.fill: Timeout 10000ms exceeded.
    Call log:
      - waiting for locator('#techStackInput')


      42 |     });
      43 |     
    > 44 |     await page.fill('#techStackInput', 'Vue 3 with TypeScript');
         |                ^
      45 |     await page.click('#generateBtn');
      46 |     
      47 |     // Capture loading state
        at /Users/david/Documents/Figa-Jira-Automations-Tool/figma-ticket-generator/browser-tests/tests/visual-interactive.spec.js:44:16

    attachment #1: screenshot (image/png) ──────────────────────────────────────────────────────────
    ../test-results/visual-interactive-Visual--c6e16-ch-loading-state-appearance-firefox/test-failed-1.png
    ────────────────────────────────────────────────────────────────────────────────────────────────

    attachment #2: video (video/webm) ──────────────────────────────────────────────────────────────
    ../test-results/visual-interactive-Visual--c6e16-ch-loading-state-appearance-firefox/video.webm
    ────────────────────────────────────────────────────────────────────────────────────────────────

    Error Context: ../test-results/visual-interactive-Visual--c6e16-ch-loading-state-appearance-firefox/error-context.md
]]>
</failure>
<system-out>
<![CDATA[
[[ATTACHMENT|test-results/visual-interactive-Visual--c6e16-ch-loading-state-appearance-firefox/test-failed-1.png]]

[[ATTACHMENT|test-results/visual-interactive-Visual--c6e16-ch-loading-state-appearance-firefox/video.webm]]

[[ATTACHMENT|test-results/visual-interactive-Visual--c6e16-ch-loading-state-appearance-firefox/error-context.md]]
]]>
</system-out>
</testcase>
<testcase name="Visual Regression Testing › should match results layout appearance" classname="visual-interactive.spec.js" time="11.077">
<failure message="visual-interactive.spec.js:56:3 should match results layout appearance" type="FAILURE">
<![CDATA[  [firefox] › visual-interactive.spec.js:56:3 › Visual Regression Testing › should match results layout appearance 

    TimeoutError: page.fill: Timeout 10000ms exceeded.
    Call log:
      - waiting for locator('#techStackInput')


      56 |   test('should match results layout appearance', async ({ page }) => {
      57 |     // Generate content
    > 58 |     await page.fill('#techStackInput', 'Angular with RxJS and Angular Material');
         |                ^
      59 |     await page.click('#generateBtn');
      60 |     await page.waitForSelector('#results', { state: 'visible', timeout: 30000 });
      61 |     
        at /Users/david/Documents/Figa-Jira-Automations-Tool/figma-ticket-generator/browser-tests/tests/visual-interactive.spec.js:58:16

    attachment #1: screenshot (image/png) ──────────────────────────────────────────────────────────
    ../test-results/visual-interactive-Visual--b5197-h-results-layout-appearance-firefox/test-failed-1.png
    ────────────────────────────────────────────────────────────────────────────────────────────────

    attachment #2: video (video/webm) ──────────────────────────────────────────────────────────────
    ../test-results/visual-interactive-Visual--b5197-h-results-layout-appearance-firefox/video.webm
    ────────────────────────────────────────────────────────────────────────────────────────────────

    Error Context: ../test-results/visual-interactive-Visual--b5197-h-results-layout-appearance-firefox/error-context.md
]]>
</failure>
<system-out>
<![CDATA[
[[ATTACHMENT|test-results/visual-interactive-Visual--b5197-h-results-layout-appearance-firefox/test-failed-1.png]]

[[ATTACHMENT|test-results/visual-interactive-Visual--b5197-h-results-layout-appearance-firefox/video.webm]]

[[ATTACHMENT|test-results/visual-interactive-Visual--b5197-h-results-layout-appearance-firefox/error-context.md]]
]]>
</system-out>
</testcase>
<testcase name="Visual Regression Testing › should match mobile layout appearance" classname="visual-interactive.spec.js" time="2.117">
</testcase>
<testcase name="Interactive UI Testing › should handle hover states correctly" classname="visual-interactive.spec.js" time="11.05">
<failure message="visual-interactive.spec.js:93:3 should handle hover states correctly" type="FAILURE">
<![CDATA[  [firefox] › visual-interactive.spec.js:93:3 › Interactive UI Testing › should handle hover states correctly 

    TimeoutError: locator.hover: Timeout 10000ms exceeded.
    Call log:
      - waiting for locator('#generateBtn')


      94 |     // Test button hover state
      95 |     const generateBtn = page.locator('#generateBtn');
    > 96 |     await generateBtn.hover();
         |                       ^
      97 |     
      98 |     // Check hover styling
      99 |     const hoverColor = await generateBtn.evaluate(el => 
        at /Users/david/Documents/Figa-Jira-Automations-Tool/figma-ticket-generator/browser-tests/tests/visual-interactive.spec.js:96:23

    attachment #1: screenshot (image/png) ──────────────────────────────────────────────────────────
    ../test-results/visual-interactive-Interac-343fe-ndle-hover-states-correctly-firefox/test-failed-1.png
    ────────────────────────────────────────────────────────────────────────────────────────────────

    attachment #2: video (video/webm) ──────────────────────────────────────────────────────────────
    ../test-results/visual-interactive-Interac-343fe-ndle-hover-states-correctly-firefox/video.webm
    ────────────────────────────────────────────────────────────────────────────────────────────────

    Error Context: ../test-results/visual-interactive-Interac-343fe-ndle-hover-states-correctly-firefox/error-context.md
]]>
</failure>
<system-out>
<![CDATA[
[[ATTACHMENT|test-results/visual-interactive-Interac-343fe-ndle-hover-states-correctly-firefox/test-failed-1.png]]

[[ATTACHMENT|test-results/visual-interactive-Interac-343fe-ndle-hover-states-correctly-firefox/video.webm]]

[[ATTACHMENT|test-results/visual-interactive-Interac-343fe-ndle-hover-states-correctly-firefox/error-context.md]]
]]>
</system-out>
</testcase>
<testcase name="Interactive UI Testing › should handle click animations and feedback" classname="visual-interactive.spec.js" time="10.66">
<failure message="visual-interactive.spec.js:123:3 should handle click animations and feedback" type="FAILURE">
<![CDATA[  [firefox] › visual-interactive.spec.js:123:3 › Interactive UI Testing › should handle click animations and feedback 

    TimeoutError: page.fill: Timeout 10000ms exceeded.
    Call log:
      - waiting for locator('#techStackInput')


      123 |   test('should handle click animations and feedback', async ({ page }) => {
      124 |     // Fill form to enable generation
    > 125 |     await page.fill('#techStackInput', 'Svelte with SvelteKit');
          |                ^
      126 |     
      127 |     // Click generate button and check immediate feedback
      128 |     const generateBtn = page.locator('#generateBtn');
        at /Users/david/Documents/Figa-Jira-Automations-Tool/figma-ticket-generator/browser-tests/tests/visual-interactive.spec.js:125:16

    attachment #1: screenshot (image/png) ──────────────────────────────────────────────────────────
    ../test-results/visual-interactive-Interac-17605-ick-animations-and-feedback-firefox/test-failed-1.png
    ────────────────────────────────────────────────────────────────────────────────────────────────

    attachment #2: video (video/webm) ──────────────────────────────────────────────────────────────
    ../test-results/visual-interactive-Interac-17605-ick-animations-and-feedback-firefox/video.webm
    ────────────────────────────────────────────────────────────────────────────────────────────────

    Error Context: ../test-results/visual-interactive-Interac-17605-ick-animations-and-feedback-firefox/error-context.md
]]>
</failure>
<system-out>
<![CDATA[
[[ATTACHMENT|test-results/visual-interactive-Interac-17605-ick-animations-and-feedback-firefox/test-failed-1.png]]

[[ATTACHMENT|test-results/visual-interactive-Interac-17605-ick-animations-and-feedback-firefox/video.webm]]

[[ATTACHMENT|test-results/visual-interactive-Interac-17605-ick-animations-and-feedback-firefox/error-context.md]]
]]>
</system-out>
</testcase>
<testcase name="Interactive UI Testing › should handle form validation feedback" classname="visual-interactive.spec.js" time="11.081">
<failure message="visual-interactive.spec.js:146:3 should handle form validation feedback" type="FAILURE">
<![CDATA[  [firefox] › visual-interactive.spec.js:146:3 › Interactive UI Testing › should handle form validation feedback 

    TimeoutError: page.click: Timeout 10000ms exceeded.
    Call log:
      - waiting for locator('#generateBtn')


      146 |   test('should handle form validation feedback', async ({ page }) => {
      147 |     // Submit empty form
    > 148 |     await page.click('#generateBtn');
          |                ^
      149 |     
      150 |     // Should show validation error with proper styling
      151 |     const errorMessage = page.locator('.error-message');
        at /Users/david/Documents/Figa-Jira-Automations-Tool/figma-ticket-generator/browser-tests/tests/visual-interactive.spec.js:148:16

    attachment #1: screenshot (image/png) ──────────────────────────────────────────────────────────
    ../test-results/visual-interactive-Interac-2a1d4-le-form-validation-feedback-firefox/test-failed-1.png
    ────────────────────────────────────────────────────────────────────────────────────────────────

    attachment #2: video (video/webm) ──────────────────────────────────────────────────────────────
    ../test-results/visual-interactive-Interac-2a1d4-le-form-validation-feedback-firefox/video.webm
    ────────────────────────────────────────────────────────────────────────────────────────────────

    Error Context: ../test-results/visual-interactive-Interac-2a1d4-le-form-validation-feedback-firefox/error-context.md
]]>
</failure>
<system-out>
<![CDATA[
[[ATTACHMENT|test-results/visual-interactive-Interac-2a1d4-le-form-validation-feedback-firefox/test-failed-1.png]]

[[ATTACHMENT|test-results/visual-interactive-Interac-2a1d4-le-form-validation-feedback-firefox/video.webm]]

[[ATTACHMENT|test-results/visual-interactive-Interac-2a1d4-le-form-validation-feedback-firefox/error-context.md]]
]]>
</system-out>
</testcase>
<testcase name="Interactive UI Testing › should handle copy button interaction" classname="visual-interactive.spec.js" time="11.04">
<failure message="visual-interactive.spec.js:168:3 should handle copy button interaction" type="FAILURE">
<![CDATA[  [firefox] › visual-interactive.spec.js:168:3 › Interactive UI Testing › should handle copy button interaction 

    TimeoutError: page.fill: Timeout 10000ms exceeded.
    Call log:
      - waiting for locator('#techStackInput')


      168 |   test('should handle copy button interaction', async ({ page }) => {
      169 |     // Generate content first
    > 170 |     await page.fill('#techStackInput', 'Next.js with TypeScript');
          |                ^
      171 |     await page.click('#generateBtn');
      172 |     await page.waitForSelector('#results', { state: 'visible', timeout: 30000 });
      173 |     
        at /Users/david/Documents/Figa-Jira-Automations-Tool/figma-ticket-generator/browser-tests/tests/visual-interactive.spec.js:170:16

    attachment #1: screenshot (image/png) ──────────────────────────────────────────────────────────
    ../test-results/visual-interactive-Interac-67df8-dle-copy-button-interaction-firefox/test-failed-1.png
    ────────────────────────────────────────────────────────────────────────────────────────────────

    attachment #2: video (video/webm) ──────────────────────────────────────────────────────────────
    ../test-results/visual-interactive-Interac-67df8-dle-copy-button-interaction-firefox/video.webm
    ────────────────────────────────────────────────────────────────────────────────────────────────

    Error Context: ../test-results/visual-interactive-Interac-67df8-dle-copy-button-interaction-firefox/error-context.md
]]>
</failure>
<system-out>
<![CDATA[
[[ATTACHMENT|test-results/visual-interactive-Interac-67df8-dle-copy-button-interaction-firefox/test-failed-1.png]]

[[ATTACHMENT|test-results/visual-interactive-Interac-67df8-dle-copy-button-interaction-firefox/video.webm]]

[[ATTACHMENT|test-results/visual-interactive-Interac-67df8-dle-copy-button-interaction-firefox/error-context.md]]
]]>
</system-out>
</testcase>
<testcase name="Interactive UI Testing › should handle dynamic content updates smoothly" classname="visual-interactive.spec.js" time="11.05">
<failure message="visual-interactive.spec.js:195:3 should handle dynamic content updates smoothly" type="FAILURE">
<![CDATA[  [firefox] › visual-interactive.spec.js:195:3 › Interactive UI Testing › should handle dynamic content updates smoothly 

    TimeoutError: locator.fill: Timeout 10000ms exceeded.
    Call log:
      - waiting for locator('#techStackInput')


      221 |     
      222 |     for (const input of testInputs) {
    > 223 |       await techStackInput.fill(input);
          |                            ^
      224 |       await techStackInput.dispatchEvent('input');
      225 |       await page.waitForTimeout(100); // Small delay between inputs
      226 |     }
        at /Users/david/Documents/Figa-Jira-Automations-Tool/figma-ticket-generator/browser-tests/tests/visual-interactive.spec.js:223:28

    attachment #1: screenshot (image/png) ──────────────────────────────────────────────────────────
    ../test-results/visual-interactive-Interac-d04b1-ic-content-updates-smoothly-firefox/test-failed-1.png
    ────────────────────────────────────────────────────────────────────────────────────────────────

    attachment #2: video (video/webm) ──────────────────────────────────────────────────────────────
    ../test-results/visual-interactive-Interac-d04b1-ic-content-updates-smoothly-firefox/video.webm
    ────────────────────────────────────────────────────────────────────────────────────────────────

    Error Context: ../test-results/visual-interactive-Interac-d04b1-ic-content-updates-smoothly-firefox/error-context.md
]]>
</failure>
<system-out>
<![CDATA[
[[ATTACHMENT|test-results/visual-interactive-Interac-d04b1-ic-content-updates-smoothly-firefox/test-failed-1.png]]

[[ATTACHMENT|test-results/visual-interactive-Interac-d04b1-ic-content-updates-smoothly-firefox/video.webm]]

[[ATTACHMENT|test-results/visual-interactive-Interac-d04b1-ic-content-updates-smoothly-firefox/error-context.md]]
]]>
</system-out>
</testcase>
<testcase name="Interactive UI Testing › should handle document type switching smoothly" classname="visual-interactive.spec.js" time="11.022">
<failure message="visual-interactive.spec.js:237:3 should handle document type switching smoothly" type="FAILURE">
<![CDATA[  [firefox] › visual-interactive.spec.js:237:3 › Interactive UI Testing › should handle document type switching smoothly 

    TimeoutError: page.fill: Timeout 10000ms exceeded.
    Call log:
      - waiting for locator('#techStackInput')


      236 |
      237 |   test('should handle document type switching smoothly', async ({ page }) => {
    > 238 |     await page.fill('#techStackInput', 'Angular with RxJS');
          |                ^
      239 |     
      240 |     const documentTypes = ['jira', 'confluence', 'agent'];
      241 |     
        at /Users/david/Documents/Figa-Jira-Automations-Tool/figma-ticket-generator/browser-tests/tests/visual-interactive.spec.js:238:16

    attachment #1: screenshot (image/png) ──────────────────────────────────────────────────────────
    ../test-results/visual-interactive-Interac-37c16-ent-type-switching-smoothly-firefox/test-failed-1.png
    ────────────────────────────────────────────────────────────────────────────────────────────────

    attachment #2: video (video/webm) ──────────────────────────────────────────────────────────────
    ../test-results/visual-interactive-Interac-37c16-ent-type-switching-smoothly-firefox/video.webm
    ────────────────────────────────────────────────────────────────────────────────────────────────

    Error Context: ../test-results/visual-interactive-Interac-37c16-ent-type-switching-smoothly-firefox/error-context.md
]]>
</failure>
<system-out>
<![CDATA[
[[ATTACHMENT|test-results/visual-interactive-Interac-37c16-ent-type-switching-smoothly-firefox/test-failed-1.png]]

[[ATTACHMENT|test-results/visual-interactive-Interac-37c16-ent-type-switching-smoothly-firefox/video.webm]]

[[ATTACHMENT|test-results/visual-interactive-Interac-37c16-ent-type-switching-smoothly-firefox/error-context.md]]
]]>
</system-out>
</testcase>
</testsuite>
<testsuite name="accessibility-edge-cases.spec.js" timestamp="2025-10-23T02:33:00.593Z" hostname="webkit" tests="13" failures="12" skipped="0" time="117.862" errors="0">
<testcase name="Accessibility Testing @critical › should meet WCAG 2.1 AA accessibility standards" classname="accessibility-edge-cases.spec.js" time="6.583">
<failure message="accessibility-edge-cases.spec.js:10:3 should meet WCAG 2.1 AA accessibility standards" type="FAILURE">
<![CDATA[  [webkit] › accessibility-edge-cases.spec.js:10:3 › Accessibility Testing @critical › should meet WCAG 2.1 AA accessibility standards 

    Error: expect(locator).toHaveAttribute() failed

    Locator:  locator('h1')
    Expected: have attribute
    Received: attribute not present
    Timeout:  5000ms

    Call log:
      - Expect "toHaveAttribute" with timeout 5000ms
      - waiting for locator('h1')
        9 × locator resolved to <h1>Error response</h1>
          - unexpected value "attribute not present"


      12 |     const h1 = page.locator('h1');
      13 |     await expect(h1).toBeVisible();
    > 14 |     await expect(h1).toHaveAttribute('id'); // Should have id for navigation
         |                      ^
      15 |     
      16 |     // Check for proper labels
      17 |     await expect(page.locator('#techStackInput')).toHaveAttribute('aria-label');
        at /Users/david/Documents/Figa-Jira-Automations-Tool/figma-ticket-generator/browser-tests/tests/accessibility-edge-cases.spec.js:14:22

    attachment #1: screenshot (image/png) ──────────────────────────────────────────────────────────
    ../test-results/accessibility-edge-cases-A-a129e--AA-accessibility-standards-webkit/test-failed-1.png
    ────────────────────────────────────────────────────────────────────────────────────────────────

    attachment #2: video (video/webm) ──────────────────────────────────────────────────────────────
    ../test-results/accessibility-edge-cases-A-a129e--AA-accessibility-standards-webkit/video.webm
    ────────────────────────────────────────────────────────────────────────────────────────────────

    Error Context: ../test-results/accessibility-edge-cases-A-a129e--AA-accessibility-standards-webkit/error-context.md
]]>
</failure>
<system-out>
<![CDATA[
[[ATTACHMENT|test-results/accessibility-edge-cases-A-a129e--AA-accessibility-standards-webkit/test-failed-1.png]]

[[ATTACHMENT|test-results/accessibility-edge-cases-A-a129e--AA-accessibility-standards-webkit/video.webm]]

[[ATTACHMENT|test-results/accessibility-edge-cases-A-a129e--AA-accessibility-standards-webkit/error-context.md]]
]]>
</system-out>
</testcase>
<testcase name="Accessibility Testing @critical › should be fully keyboard navigable" classname="accessibility-edge-cases.spec.js" time="6.493">
<failure message="accessibility-edge-cases.spec.js:42:3 should be fully keyboard navigable" type="FAILURE">
<![CDATA[  [webkit] › accessibility-edge-cases.spec.js:42:3 › Accessibility Testing @critical › should be fully keyboard navigable 

    Error: expect(locator).toBeFocused() failed

    Locator: locator('#techStackInput')
    Expected: focused
    Timeout: 5000ms
    Error: element(s) not found

    Call log:
      - Expect "toBeFocused" with timeout 5000ms
      - waiting for locator('#techStackInput')


      43 |     // Start from beginning
      44 |     await page.keyboard.press('Tab');
    > 45 |     await expect(page.locator('#techStackInput')).toBeFocused();
         |                                                   ^
      46 |     
      47 |     // Type in input
      48 |     await page.keyboard.type('React with TypeScript');
        at /Users/david/Documents/Figa-Jira-Automations-Tool/figma-ticket-generator/browser-tests/tests/accessibility-edge-cases.spec.js:45:51

    attachment #1: screenshot (image/png) ──────────────────────────────────────────────────────────
    ../test-results/accessibility-edge-cases-A-2250b-be-fully-keyboard-navigable-webkit/test-failed-1.png
    ────────────────────────────────────────────────────────────────────────────────────────────────

    attachment #2: video (video/webm) ──────────────────────────────────────────────────────────────
    ../test-results/accessibility-edge-cases-A-2250b-be-fully-keyboard-navigable-webkit/video.webm
    ────────────────────────────────────────────────────────────────────────────────────────────────

    Error Context: ../test-results/accessibility-edge-cases-A-2250b-be-fully-keyboard-navigable-webkit/error-context.md
]]>
</failure>
<system-out>
<![CDATA[
[[ATTACHMENT|test-results/accessibility-edge-cases-A-2250b-be-fully-keyboard-navigable-webkit/test-failed-1.png]]

[[ATTACHMENT|test-results/accessibility-edge-cases-A-2250b-be-fully-keyboard-navigable-webkit/video.webm]]

[[ATTACHMENT|test-results/accessibility-edge-cases-A-2250b-be-fully-keyboard-navigable-webkit/error-context.md]]
]]>
</system-out>
</testcase>
<testcase name="Accessibility Testing @critical › should work with screen readers" classname="accessibility-edge-cases.spec.js" time="6.494">
<failure message="accessibility-edge-cases.spec.js:69:3 should work with screen readers" type="FAILURE">
<![CDATA[  [webkit] › accessibility-edge-cases.spec.js:69:3 › Accessibility Testing @critical › should work with screen readers 

    Error: expect(locator).toHaveAttribute(expected) failed

    Locator: locator('#techStackInput')
    Expected: "textbox"
    Timeout: 5000ms
    Error: element(s) not found

    Call log:
      - Expect "toHaveAttribute" with timeout 5000ms
      - waiting for locator('#techStackInput')


      69 |   test('should work with screen readers', async ({ page }) => {
      70 |     // Check for proper ARIA attributes
    > 71 |     await expect(page.locator('#techStackInput')).toHaveAttribute('role', 'textbox');
         |                                                   ^
      72 |     await expect(page.locator('#documentType')).toHaveAttribute('role', 'combobox');
      73 |     await expect(page.locator('#generateBtn')).toHaveAttribute('role', 'button');
      74 |     
        at /Users/david/Documents/Figa-Jira-Automations-Tool/figma-ticket-generator/browser-tests/tests/accessibility-edge-cases.spec.js:71:51

    attachment #1: screenshot (image/png) ──────────────────────────────────────────────────────────
    ../test-results/accessibility-edge-cases-A-12313-ld-work-with-screen-readers-webkit/test-failed-1.png
    ────────────────────────────────────────────────────────────────────────────────────────────────

    attachment #2: video (video/webm) ──────────────────────────────────────────────────────────────
    ../test-results/accessibility-edge-cases-A-12313-ld-work-with-screen-readers-webkit/video.webm
    ────────────────────────────────────────────────────────────────────────────────────────────────

    Error Context: ../test-results/accessibility-edge-cases-A-12313-ld-work-with-screen-readers-webkit/error-context.md
]]>
</failure>
<system-out>
<![CDATA[
[[ATTACHMENT|test-results/accessibility-edge-cases-A-12313-ld-work-with-screen-readers-webkit/test-failed-1.png]]

[[ATTACHMENT|test-results/accessibility-edge-cases-A-12313-ld-work-with-screen-readers-webkit/video.webm]]

[[ATTACHMENT|test-results/accessibility-edge-cases-A-12313-ld-work-with-screen-readers-webkit/error-context.md]]
]]>
</system-out>
</testcase>
<testcase name="Accessibility Testing @critical › should handle focus management correctly" classname="accessibility-edge-cases.spec.js" time="5.808">
<failure message="accessibility-edge-cases.spec.js:91:3 should handle focus management correctly" type="FAILURE">
<![CDATA[  [webkit] › accessibility-edge-cases.spec.js:91:3 › Accessibility Testing @critical › should handle focus management correctly 

    Error: expect(locator).toHaveCSS(expected) failed

    Locator: locator(':focus')
    Expected pattern: /2px solid|auto/
    Timeout: 5000ms
    Error: element(s) not found

    Call log:
      - Expect "toHaveCSS" with timeout 5000ms
      - waiting for locator(':focus')


      93 |     await page.keyboard.press('Tab');
      94 |     const focusedElement = page.locator(':focus');
    > 95 |     await expect(focusedElement).toHaveCSS('outline', /2px solid|auto/);
         |                                  ^
      96 |     
      97 |     // Focus should move logically through the page
      98 |     const focusOrder = [
        at /Users/david/Documents/Figa-Jira-Automations-Tool/figma-ticket-generator/browser-tests/tests/accessibility-edge-cases.spec.js:95:34

    attachment #1: screenshot (image/png) ──────────────────────────────────────────────────────────
    ../test-results/accessibility-edge-cases-A-0a98b--focus-management-correctly-webkit/test-failed-1.png
    ────────────────────────────────────────────────────────────────────────────────────────────────

    attachment #2: video (video/webm) ──────────────────────────────────────────────────────────────
    ../test-results/accessibility-edge-cases-A-0a98b--focus-management-correctly-webkit/video.webm
    ────────────────────────────────────────────────────────────────────────────────────────────────

    Error Context: ../test-results/accessibility-edge-cases-A-0a98b--focus-management-correctly-webkit/error-context.md
]]>
</failure>
<system-out>
<![CDATA[
[[ATTACHMENT|test-results/accessibility-edge-cases-A-0a98b--focus-management-correctly-webkit/test-failed-1.png]]

[[ATTACHMENT|test-results/accessibility-edge-cases-A-0a98b--focus-management-correctly-webkit/video.webm]]

[[ATTACHMENT|test-results/accessibility-edge-cases-A-0a98b--focus-management-correctly-webkit/error-context.md]]
]]>
</system-out>
</testcase>
<testcase name="Accessibility Testing @critical › should provide proper error announcements for screen readers" classname="accessibility-edge-cases.spec.js" time="10.778">
<failure message="accessibility-edge-cases.spec.js:122:3 should provide proper error announcements for screen readers" type="FAILURE">
<![CDATA[  [webkit] › accessibility-edge-cases.spec.js:122:3 › Accessibility Testing @critical › should provide proper error announcements for screen readers 

    TimeoutError: page.click: Timeout 10000ms exceeded.
    Call log:
      - waiting for locator('#generateBtn')


      122 |   test('should provide proper error announcements for screen readers', async ({ page }) => {
      123 |     // Try to generate without input
    > 124 |     await page.click('#generateBtn');
          |                ^
      125 |     
      126 |     // Error should be announced
      127 |     const errorMessage = page.locator('.error-message');
        at /Users/david/Documents/Figa-Jira-Automations-Tool/figma-ticket-generator/browser-tests/tests/accessibility-edge-cases.spec.js:124:16

    attachment #1: screenshot (image/png) ──────────────────────────────────────────────────────────
    ../test-results/accessibility-edge-cases-A-1d378-ncements-for-screen-readers-webkit/test-failed-1.png
    ────────────────────────────────────────────────────────────────────────────────────────────────

    attachment #2: video (video/webm) ──────────────────────────────────────────────────────────────
    ../test-results/accessibility-edge-cases-A-1d378-ncements-for-screen-readers-webkit/video.webm
    ────────────────────────────────────────────────────────────────────────────────────────────────

    Error Context: ../test-results/accessibility-edge-cases-A-1d378-ncements-for-screen-readers-webkit/error-context.md
]]>
</failure>
<system-out>
<![CDATA[
[[ATTACHMENT|test-results/accessibility-edge-cases-A-1d378-ncements-for-screen-readers-webkit/test-failed-1.png]]

[[ATTACHMENT|test-results/accessibility-edge-cases-A-1d378-ncements-for-screen-readers-webkit/video.webm]]

[[ATTACHMENT|test-results/accessibility-edge-cases-A-1d378-ncements-for-screen-readers-webkit/error-context.md]]
]]>
</system-out>
</testcase>
<testcase name="Accessibility Testing @critical › should have proper semantic HTML structure" classname="accessibility-edge-cases.spec.js" time="5.899">
<failure message="accessibility-edge-cases.spec.js:136:3 should have proper semantic HTML structure" type="FAILURE">
<![CDATA[  [webkit] › accessibility-edge-cases.spec.js:136:3 › Accessibility Testing @critical › should have proper semantic HTML structure 

    Error: expect(locator).toBeVisible() failed

    Locator: locator('main')
    Expected: visible
    Timeout: 5000ms
    Error: element(s) not found

    Call log:
      - Expect "toBeVisible" with timeout 5000ms
      - waiting for locator('main')


      136 |   test('should have proper semantic HTML structure', async ({ page }) => {
      137 |     // Check for proper landmarks
    > 138 |     await expect(page.locator('main')).toBeVisible();
          |                                        ^
      139 |     await expect(page.locator('header')).toBeVisible();
      140 |     
      141 |     // Check for proper form structure
        at /Users/david/Documents/Figa-Jira-Automations-Tool/figma-ticket-generator/browser-tests/tests/accessibility-edge-cases.spec.js:138:40

    attachment #1: screenshot (image/png) ──────────────────────────────────────────────────────────
    ../test-results/accessibility-edge-cases-A-4809b-per-semantic-HTML-structure-webkit/test-failed-1.png
    ────────────────────────────────────────────────────────────────────────────────────────────────

    attachment #2: video (video/webm) ──────────────────────────────────────────────────────────────
    ../test-results/accessibility-edge-cases-A-4809b-per-semantic-HTML-structure-webkit/video.webm
    ────────────────────────────────────────────────────────────────────────────────────────────────

    Error Context: ../test-results/accessibility-edge-cases-A-4809b-per-semantic-HTML-structure-webkit/error-context.md
]]>
</failure>
<system-out>
<![CDATA[
[[ATTACHMENT|test-results/accessibility-edge-cases-A-4809b-per-semantic-HTML-structure-webkit/test-failed-1.png]]

[[ATTACHMENT|test-results/accessibility-edge-cases-A-4809b-per-semantic-HTML-structure-webkit/video.webm]]

[[ATTACHMENT|test-results/accessibility-edge-cases-A-4809b-per-semantic-HTML-structure-webkit/error-context.md]]
]]>
</system-out>
</testcase>
<testcase name="Error Handling and Edge Cases @critical › should handle network failures gracefully" classname="accessibility-edge-cases.spec.js" time="10.897">
<failure message="accessibility-edge-cases.spec.js:161:3 should handle network failures gracefully" type="FAILURE">
<![CDATA[  [webkit] › accessibility-edge-cases.spec.js:161:3 › Error Handling and Edge Cases @critical › should handle network failures gracefully 

    TimeoutError: page.fill: Timeout 10000ms exceeded.
    Call log:
      - waiting for locator('#techStackInput')


      163 |     await page.route('**/*', route => route.abort('failed'));
      164 |     
    > 165 |     await page.fill('#techStackInput', 'React with TypeScript');
          |                ^
      166 |     await page.click('#generateBtn');
      167 |     
      168 |     // Should show appropriate error message
        at /Users/david/Documents/Figa-Jira-Automations-Tool/figma-ticket-generator/browser-tests/tests/accessibility-edge-cases.spec.js:165:16

    attachment #1: screenshot (image/png) ──────────────────────────────────────────────────────────
    ../test-results/accessibility-edge-cases-E-db327-network-failures-gracefully-webkit/test-failed-1.png
    ────────────────────────────────────────────────────────────────────────────────────────────────

    attachment #2: video (video/webm) ──────────────────────────────────────────────────────────────
    ../test-results/accessibility-edge-cases-E-db327-network-failures-gracefully-webkit/video.webm
    ────────────────────────────────────────────────────────────────────────────────────────────────

    Error Context: ../test-results/accessibility-edge-cases-E-db327-network-failures-gracefully-webkit/error-context.md
]]>
</failure>
<system-out>
<![CDATA[
[[ATTACHMENT|test-results/accessibility-edge-cases-E-db327-network-failures-gracefully-webkit/test-failed-1.png]]

[[ATTACHMENT|test-results/accessibility-edge-cases-E-db327-network-failures-gracefully-webkit/video.webm]]

[[ATTACHMENT|test-results/accessibility-edge-cases-E-db327-network-failures-gracefully-webkit/error-context.md]]
]]>
</system-out>
</testcase>
<testcase name="Error Handling and Edge Cases @critical › should handle malicious input safely" classname="accessibility-edge-cases.spec.js" time="10.877">
<failure message="accessibility-edge-cases.spec.js:182:3 should handle malicious input safely" type="FAILURE">
<![CDATA[  [webkit] › accessibility-edge-cases.spec.js:182:3 › Error Handling and Edge Cases @critical › should handle malicious input safely 

    TimeoutError: page.fill: Timeout 10000ms exceeded.
    Call log:
      - waiting for locator('#techStackInput')


      195 |     for (const maliciousInput of maliciousInputs) {
      196 |       // Clear and fill with malicious input
    > 197 |       await page.fill('#techStackInput', maliciousInput);
          |                  ^
      198 |       await page.click('#generateBtn');
      199 |       
      200 |       // Wait for processing
        at /Users/david/Documents/Figa-Jira-Automations-Tool/figma-ticket-generator/browser-tests/tests/accessibility-edge-cases.spec.js:197:18

    attachment #1: screenshot (image/png) ──────────────────────────────────────────────────────────
    ../test-results/accessibility-edge-cases-E-56e05-ndle-malicious-input-safely-webkit/test-failed-1.png
    ────────────────────────────────────────────────────────────────────────────────────────────────

    attachment #2: video (video/webm) ──────────────────────────────────────────────────────────────
    ../test-results/accessibility-edge-cases-E-56e05-ndle-malicious-input-safely-webkit/video.webm
    ────────────────────────────────────────────────────────────────────────────────────────────────

    Error Context: ../test-results/accessibility-edge-cases-E-56e05-ndle-malicious-input-safely-webkit/error-context.md
]]>
</failure>
<system-out>
<![CDATA[
[[ATTACHMENT|test-results/accessibility-edge-cases-E-56e05-ndle-malicious-input-safely-webkit/test-failed-1.png]]

[[ATTACHMENT|test-results/accessibility-edge-cases-E-56e05-ndle-malicious-input-safely-webkit/video.webm]]

[[ATTACHMENT|test-results/accessibility-edge-cases-E-56e05-ndle-malicious-input-safely-webkit/error-context.md]]
]]>
</system-out>
</testcase>
<testcase name="Error Handling and Edge Cases @critical › should handle extremely long input gracefully" classname="accessibility-edge-cases.spec.js" time="10.794">
<system-out>
<![CDATA[Browser limitation with extremely large input: page.fill: Timeout 10000ms exceeded.
Call log:
[2m  - waiting for locator('#techStackInput')[22m

]]>
</system-out>
</testcase>
<testcase name="Error Handling and Edge Cases @critical › should handle rapid clicking and interaction spam" classname="accessibility-edge-cases.spec.js" time="10.81">
<failure message="accessibility-edge-cases.spec.js:250:3 should handle rapid clicking and interaction spam" type="FAILURE">
<![CDATA[  [webkit] › accessibility-edge-cases.spec.js:250:3 › Error Handling and Edge Cases @critical › should handle rapid clicking and interaction spam 

    TimeoutError: page.fill: Timeout 10000ms exceeded.
    Call log:
      - waiting for locator('#techStackInput')


      249 |
      250 |   test('should handle rapid clicking and interaction spam', async ({ page }) => {
    > 251 |     await page.fill('#techStackInput', 'React with TypeScript');
          |                ^
      252 |     
      253 |     // Rapidly click generate button multiple times
      254 |     const clickPromises = [];
        at /Users/david/Documents/Figa-Jira-Automations-Tool/figma-ticket-generator/browser-tests/tests/accessibility-edge-cases.spec.js:251:16

    attachment #1: screenshot (image/png) ──────────────────────────────────────────────────────────
    ../test-results/accessibility-edge-cases-E-27bed-icking-and-interaction-spam-webkit/test-failed-1.png
    ────────────────────────────────────────────────────────────────────────────────────────────────

    attachment #2: video (video/webm) ──────────────────────────────────────────────────────────────
    ../test-results/accessibility-edge-cases-E-27bed-icking-and-interaction-spam-webkit/video.webm
    ────────────────────────────────────────────────────────────────────────────────────────────────

    Error Context: ../test-results/accessibility-edge-cases-E-27bed-icking-and-interaction-spam-webkit/error-context.md
]]>
</failure>
<system-out>
<![CDATA[
[[ATTACHMENT|test-results/accessibility-edge-cases-E-27bed-icking-and-interaction-spam-webkit/test-failed-1.png]]

[[ATTACHMENT|test-results/accessibility-edge-cases-E-27bed-icking-and-interaction-spam-webkit/video.webm]]

[[ATTACHMENT|test-results/accessibility-edge-cases-E-27bed-icking-and-interaction-spam-webkit/error-context.md]]
]]>
</system-out>
</testcase>
<testcase name="Error Handling and Edge Cases @critical › should handle browser tab switching and focus loss" classname="accessibility-edge-cases.spec.js" time="10.783">
<failure message="accessibility-edge-cases.spec.js:278:3 should handle browser tab switching and focus loss" type="FAILURE">
<![CDATA[  [webkit] › accessibility-edge-cases.spec.js:278:3 › Error Handling and Edge Cases @critical › should handle browser tab switching and focus loss 

    TimeoutError: page.fill: Timeout 10000ms exceeded.
    Call log:
      - waiting for locator('#techStackInput')


      278 |   test('should handle browser tab switching and focus loss', async ({ page, context }) => {
      279 |     // Start a generation
    > 280 |     await page.fill('#techStackInput', 'Angular with RxJS');
          |                ^
      281 |     await page.click('#generateBtn');
      282 |     
      283 |     // Create new tab and switch to it (simulate user switching tabs)
        at /Users/david/Documents/Figa-Jira-Automations-Tool/figma-ticket-generator/browser-tests/tests/accessibility-edge-cases.spec.js:280:16

    attachment #1: screenshot (image/png) ──────────────────────────────────────────────────────────
    ../test-results/accessibility-edge-cases-E-8d902-ab-switching-and-focus-loss-webkit/test-failed-1.png
    ────────────────────────────────────────────────────────────────────────────────────────────────

    attachment #2: video (video/webm) ──────────────────────────────────────────────────────────────
    ../test-results/accessibility-edge-cases-E-8d902-ab-switching-and-focus-loss-webkit/video.webm
    ────────────────────────────────────────────────────────────────────────────────────────────────

    Error Context: ../test-results/accessibility-edge-cases-E-8d902-ab-switching-and-focus-loss-webkit/error-context.md
]]>
</failure>
<system-out>
<![CDATA[
[[ATTACHMENT|test-results/accessibility-edge-cases-E-8d902-ab-switching-and-focus-loss-webkit/test-failed-1.png]]

[[ATTACHMENT|test-results/accessibility-edge-cases-E-8d902-ab-switching-and-focus-loss-webkit/video.webm]]

[[ATTACHMENT|test-results/accessibility-edge-cases-E-8d902-ab-switching-and-focus-loss-webkit/error-context.md]]
]]>
</system-out>
</testcase>
<testcase name="Error Handling and Edge Cases @critical › should handle page refresh during operation" classname="accessibility-edge-cases.spec.js" time="10.789">
<failure message="accessibility-edge-cases.spec.js:299:3 should handle page refresh during operation" type="FAILURE">
<![CDATA[  [webkit] › accessibility-edge-cases.spec.js:299:3 › Error Handling and Edge Cases @critical › should handle page refresh during operation 

    TimeoutError: page.fill: Timeout 10000ms exceeded.
    Call log:
      - waiting for locator('#techStackInput')


      299 |   test('should handle page refresh during operation', async ({ page }) => {
      300 |     // Start generation
    > 301 |     await page.fill('#techStackInput', 'Svelte with SvelteKit');
          |                ^
      302 |     await page.click('#generateBtn');
      303 |     
      304 |     // Wait for loading state
        at /Users/david/Documents/Figa-Jira-Automations-Tool/figma-ticket-generator/browser-tests/tests/accessibility-edge-cases.spec.js:301:16

    attachment #1: screenshot (image/png) ──────────────────────────────────────────────────────────
    ../test-results/accessibility-edge-cases-E-16c27-ge-refresh-during-operation-webkit/test-failed-1.png
    ────────────────────────────────────────────────────────────────────────────────────────────────

    attachment #2: video (video/webm) ──────────────────────────────────────────────────────────────
    ../test-results/accessibility-edge-cases-E-16c27-ge-refresh-during-operation-webkit/video.webm
    ────────────────────────────────────────────────────────────────────────────────────────────────

    Error Context: ../test-results/accessibility-edge-cases-E-16c27-ge-refresh-during-operation-webkit/error-context.md
]]>
</failure>
<system-out>
<![CDATA[
[[ATTACHMENT|test-results/accessibility-edge-cases-E-16c27-ge-refresh-during-operation-webkit/test-failed-1.png]]

[[ATTACHMENT|test-results/accessibility-edge-cases-E-16c27-ge-refresh-during-operation-webkit/video.webm]]

[[ATTACHMENT|test-results/accessibility-edge-cases-E-16c27-ge-refresh-during-operation-webkit/error-context.md]]
]]>
</system-out>
</testcase>
<testcase name="Error Handling and Edge Cases @critical › should handle memory pressure gracefully" classname="accessibility-edge-cases.spec.js" time="10.857">
<failure message="accessibility-edge-cases.spec.js:325:3 should handle memory pressure gracefully" type="FAILURE">
<![CDATA[  [webkit] › accessibility-edge-cases.spec.js:325:3 › Error Handling and Edge Cases @critical › should handle memory pressure gracefully 

    TimeoutError: page.fill: Timeout 10000ms exceeded.
    Call log:
      - waiting for locator('#techStackInput')


      334 |     
      335 |     // Should still function under memory pressure
    > 336 |     await page.fill('#techStackInput', 'Memory pressure test: React with TypeScript');
          |                ^
      337 |     await page.click('#generateBtn');
      338 |     
      339 |     await page.waitForSelector('#results', { state: 'visible', timeout: 45000 });
        at /Users/david/Documents/Figa-Jira-Automations-Tool/figma-ticket-generator/browser-tests/tests/accessibility-edge-cases.spec.js:336:16

    attachment #1: screenshot (image/png) ──────────────────────────────────────────────────────────
    ../test-results/accessibility-edge-cases-E-fc6fa--memory-pressure-gracefully-webkit/test-failed-1.png
    ────────────────────────────────────────────────────────────────────────────────────────────────

    attachment #2: video (video/webm) ──────────────────────────────────────────────────────────────
    ../test-results/accessibility-edge-cases-E-fc6fa--memory-pressure-gracefully-webkit/video.webm
    ────────────────────────────────────────────────────────────────────────────────────────────────

    Error Context: ../test-results/accessibility-edge-cases-E-fc6fa--memory-pressure-gracefully-webkit/error-context.md
]]>
</failure>
<system-out>
<![CDATA[
[[ATTACHMENT|test-results/accessibility-edge-cases-E-fc6fa--memory-pressure-gracefully-webkit/test-failed-1.png]]

[[ATTACHMENT|test-results/accessibility-edge-cases-E-fc6fa--memory-pressure-gracefully-webkit/video.webm]]

[[ATTACHMENT|test-results/accessibility-edge-cases-E-fc6fa--memory-pressure-gracefully-webkit/error-context.md]]
]]>
</system-out>
</testcase>
</testsuite>
<testsuite name="core-functionality.spec.js" timestamp="2025-10-23T02:33:00.593Z" hostname="webkit" tests="7" failures="7" skipped="0" time="74.732" errors="0">
<testcase name="Enhanced Figma Plugin - Core Functionality @smoke @critical › should load the enhanced UI with all elements visible" classname="core-functionality.spec.js" time="6.377">
<failure message="core-functionality.spec.js:14:3 should load the enhanced UI with all elements visible" type="FAILURE">
<![CDATA[  [webkit] › core-functionality.spec.js:14:3 › Enhanced Figma Plugin - Core Functionality @smoke @critical › should load the enhanced UI with all elements visible 

    Error: expect(page).toHaveTitle(expected) failed

    Expected pattern: /Enhanced Figma Plugin/
    Received string:  "Error response"
    Timeout: 5000ms

    Call log:
      - Expect "toHaveTitle" with timeout 5000ms
        9 × unexpected value "Error response"


      14 |   test('should load the enhanced UI with all elements visible', async ({ page }) => {
      15 |     // Check page title
    > 16 |     await expect(page).toHaveTitle(/Enhanced Figma Plugin/);
         |                        ^
      17 |     
      18 |     // Verify main container is visible
      19 |     await expect(page.locator('body')).toBeVisible();
        at /Users/david/Documents/Figa-Jira-Automations-Tool/figma-ticket-generator/browser-tests/tests/core-functionality.spec.js:16:24

    attachment #1: screenshot (image/png) ──────────────────────────────────────────────────────────
    ../test-results/core-functionality-Enhance-8d18f-I-with-all-elements-visible-webkit/test-failed-1.png
    ────────────────────────────────────────────────────────────────────────────────────────────────

    attachment #2: video (video/webm) ──────────────────────────────────────────────────────────────
    ../test-results/core-functionality-Enhance-8d18f-I-with-all-elements-visible-webkit/video.webm
    ────────────────────────────────────────────────────────────────────────────────────────────────

    Error Context: ../test-results/core-functionality-Enhance-8d18f-I-with-all-elements-visible-webkit/error-context.md
]]>
</failure>
<system-out>
<![CDATA[
[[ATTACHMENT|test-results/core-functionality-Enhance-8d18f-I-with-all-elements-visible-webkit/test-failed-1.png]]

[[ATTACHMENT|test-results/core-functionality-Enhance-8d18f-I-with-all-elements-visible-webkit/video.webm]]

[[ATTACHMENT|test-results/core-functionality-Enhance-8d18f-I-with-all-elements-visible-webkit/error-context.md]]
]]>
</system-out>
</testcase>
<testcase name="Enhanced Figma Plugin - Core Functionality @smoke @critical › should show validation error for empty tech stack input" classname="core-functionality.spec.js" time="11.358">
<failure message="core-functionality.spec.js:42:3 should show validation error for empty tech stack input" type="FAILURE">
<![CDATA[  [webkit] › core-functionality.spec.js:42:3 › Enhanced Figma Plugin - Core Functionality @smoke @critical › should show validation error for empty tech stack input 

    TimeoutError: page.click: Timeout 10000ms exceeded.
    Call log:
      - waiting for locator('#generateBtn')


      42 |   test('should show validation error for empty tech stack input', async ({ page }) => {
      43 |     // Try to generate without input
    > 44 |     await page.click('#generateBtn');
         |                ^
      45 |     
      46 |     // Should show validation error
      47 |     await expect(page.locator('.error-message')).toBeVisible();
        at /Users/david/Documents/Figa-Jira-Automations-Tool/figma-ticket-generator/browser-tests/tests/core-functionality.spec.js:44:16

    attachment #1: screenshot (image/png) ──────────────────────────────────────────────────────────
    ../test-results/core-functionality-Enhance-df713--for-empty-tech-stack-input-webkit/test-failed-1.png
    ────────────────────────────────────────────────────────────────────────────────────────────────

    attachment #2: video (video/webm) ──────────────────────────────────────────────────────────────
    ../test-results/core-functionality-Enhance-df713--for-empty-tech-stack-input-webkit/video.webm
    ────────────────────────────────────────────────────────────────────────────────────────────────

    Error Context: ../test-results/core-functionality-Enhance-df713--for-empty-tech-stack-input-webkit/error-context.md
]]>
</failure>
<system-out>
<![CDATA[
[[ATTACHMENT|test-results/core-functionality-Enhance-df713--for-empty-tech-stack-input-webkit/test-failed-1.png]]

[[ATTACHMENT|test-results/core-functionality-Enhance-df713--for-empty-tech-stack-input-webkit/video.webm]]

[[ATTACHMENT|test-results/core-functionality-Enhance-df713--for-empty-tech-stack-input-webkit/error-context.md]]
]]>
</system-out>
</testcase>
<testcase name="Enhanced Figma Plugin - Core Functionality @smoke @critical › should process tech stack input and show confidence indicator" classname="core-functionality.spec.js" time="11.181">
<failure message="core-functionality.spec.js:54:3 should process tech stack input and show confidence indicator" type="FAILURE">
<![CDATA[  [webkit] › core-functionality.spec.js:54:3 › Enhanced Figma Plugin - Core Functionality @smoke @critical › should process tech stack input and show confidence indicator 

    TimeoutError: page.fill: Timeout 10000ms exceeded.
    Call log:
      - waiting for locator('#techStackInput')


      55 |     // Input a valid tech stack description
      56 |     const techStack = 'React with TypeScript, styled-components, and Jest testing';
    > 57 |     await page.fill('#techStackInput', techStack);
         |                ^
      58 |     
      59 |     // Trigger tech stack parsing (should happen on input)
      60 |     await page.dispatchEvent('#techStackInput', 'input');
        at /Users/david/Documents/Figa-Jira-Automations-Tool/figma-ticket-generator/browser-tests/tests/core-functionality.spec.js:57:16

    attachment #1: screenshot (image/png) ──────────────────────────────────────────────────────────
    ../test-results/core-functionality-Enhance-37bdf-d-show-confidence-indicator-webkit/test-failed-1.png
    ────────────────────────────────────────────────────────────────────────────────────────────────

    attachment #2: video (video/webm) ──────────────────────────────────────────────────────────────
    ../test-results/core-functionality-Enhance-37bdf-d-show-confidence-indicator-webkit/video.webm
    ────────────────────────────────────────────────────────────────────────────────────────────────

    Error Context: ../test-results/core-functionality-Enhance-37bdf-d-show-confidence-indicator-webkit/error-context.md
]]>
</failure>
<system-out>
<![CDATA[
[[ATTACHMENT|test-results/core-functionality-Enhance-37bdf-d-show-confidence-indicator-webkit/test-failed-1.png]]

[[ATTACHMENT|test-results/core-functionality-Enhance-37bdf-d-show-confidence-indicator-webkit/video.webm]]

[[ATTACHMENT|test-results/core-functionality-Enhance-37bdf-d-show-confidence-indicator-webkit/error-context.md]]
]]>
</system-out>
</testcase>
<testcase name="Enhanced Figma Plugin - Core Functionality @smoke @critical › should generate enhanced document with valid input @critical" classname="core-functionality.spec.js" time="11.281">
<failure message="core-functionality.spec.js:76:3 should generate enhanced document with valid input @critical" type="FAILURE">
<![CDATA[  [webkit] › core-functionality.spec.js:76:3 › Enhanced Figma Plugin - Core Functionality @smoke @critical › should generate enhanced document with valid input @critical 

    TimeoutError: page.fill: Timeout 10000ms exceeded.
    Call log:
      - waiting for locator('#techStackInput')


      77 |     // Input comprehensive tech stack
      78 |     const techStack = 'Next.js with TypeScript, Chakra UI for styling, React Query for data fetching, Jest and React Testing Library for testing';
    > 79 |     await page.fill('#techStackInput', techStack);
         |                ^
      80 |     
      81 |     // Select document type
      82 |     await page.selectOption('#documentType', 'jira');
        at /Users/david/Documents/Figa-Jira-Automations-Tool/figma-ticket-generator/browser-tests/tests/core-functionality.spec.js:79:16

    attachment #1: screenshot (image/png) ──────────────────────────────────────────────────────────
    ../test-results/core-functionality-Enhance-38d4c-t-with-valid-input-critical-webkit/test-failed-1.png
    ────────────────────────────────────────────────────────────────────────────────────────────────

    attachment #2: video (video/webm) ──────────────────────────────────────────────────────────────
    ../test-results/core-functionality-Enhance-38d4c-t-with-valid-input-critical-webkit/video.webm
    ────────────────────────────────────────────────────────────────────────────────────────────────

    Error Context: ../test-results/core-functionality-Enhance-38d4c-t-with-valid-input-critical-webkit/error-context.md
]]>
</failure>
<system-out>
<![CDATA[
[[ATTACHMENT|test-results/core-functionality-Enhance-38d4c-t-with-valid-input-critical-webkit/test-failed-1.png]]

[[ATTACHMENT|test-results/core-functionality-Enhance-38d4c-t-with-valid-input-critical-webkit/video.webm]]

[[ATTACHMENT|test-results/core-functionality-Enhance-38d4c-t-with-valid-input-critical-webkit/error-context.md]]
]]>
</system-out>
</testcase>
<testcase name="Enhanced Figma Plugin - Core Functionality @smoke @critical › should handle MCP server unavailable gracefully" classname="core-functionality.spec.js" time="11.309">
<failure message="core-functionality.spec.js:128:3 should handle MCP server unavailable gracefully" type="FAILURE">
<![CDATA[  [webkit] › core-functionality.spec.js:128:3 › Enhanced Figma Plugin - Core Functionality @smoke @critical › should handle MCP server unavailable gracefully 

    TimeoutError: page.fill: Timeout 10000ms exceeded.
    Call log:
      - waiting for locator('#techStackInput')


      133 |     
      134 |     // Input tech stack and generate
    > 135 |     await page.fill('#techStackInput', 'React with TypeScript');
          |                ^
      136 |     await page.click('#generateBtn');
      137 |     
      138 |     // Should show fallback message
        at /Users/david/Documents/Figa-Jira-Automations-Tool/figma-ticket-generator/browser-tests/tests/core-functionality.spec.js:135:16

    attachment #1: screenshot (image/png) ──────────────────────────────────────────────────────────
    ../test-results/core-functionality-Enhance-d3f27-rver-unavailable-gracefully-webkit/test-failed-1.png
    ────────────────────────────────────────────────────────────────────────────────────────────────

    attachment #2: video (video/webm) ──────────────────────────────────────────────────────────────
    ../test-results/core-functionality-Enhance-d3f27-rver-unavailable-gracefully-webkit/video.webm
    ────────────────────────────────────────────────────────────────────────────────────────────────

    Error Context: ../test-results/core-functionality-Enhance-d3f27-rver-unavailable-gracefully-webkit/error-context.md
]]>
</failure>
<system-out>
<![CDATA[
[[ATTACHMENT|test-results/core-functionality-Enhance-d3f27-rver-unavailable-gracefully-webkit/test-failed-1.png]]

[[ATTACHMENT|test-results/core-functionality-Enhance-d3f27-rver-unavailable-gracefully-webkit/video.webm]]

[[ATTACHMENT|test-results/core-functionality-Enhance-d3f27-rver-unavailable-gracefully-webkit/error-context.md]]
]]>
</system-out>
</testcase>
<testcase name="Enhanced Figma Plugin - Core Functionality @smoke @critical › should copy generated content to clipboard" classname="core-functionality.spec.js" time="11.382">
<failure message="core-functionality.spec.js:151:3 should copy generated content to clipboard" type="FAILURE">
<![CDATA[  [webkit] › core-functionality.spec.js:151:3 › Enhanced Figma Plugin - Core Functionality @smoke @critical › should copy generated content to clipboard 

    TimeoutError: page.fill: Timeout 10000ms exceeded.
    Call log:
      - waiting for locator('#techStackInput')


      151 |   test('should copy generated content to clipboard', async ({ page }) => {
      152 |     // Generate content first
    > 153 |     await page.fill('#techStackInput', 'Vue 3 with Composition API and Pinia');
          |                ^
      154 |     await page.click('#generateBtn');
      155 |     await page.waitForSelector('#results', { state: 'visible', timeout: 20000 });
      156 |     
        at /Users/david/Documents/Figa-Jira-Automations-Tool/figma-ticket-generator/browser-tests/tests/core-functionality.spec.js:153:16

    attachment #1: screenshot (image/png) ──────────────────────────────────────────────────────────
    ../test-results/core-functionality-Enhance-9a004-erated-content-to-clipboard-webkit/test-failed-1.png
    ────────────────────────────────────────────────────────────────────────────────────────────────

    attachment #2: video (video/webm) ──────────────────────────────────────────────────────────────
    ../test-results/core-functionality-Enhance-9a004-erated-content-to-clipboard-webkit/video.webm
    ────────────────────────────────────────────────────────────────────────────────────────────────

    Error Context: ../test-results/core-functionality-Enhance-9a004-erated-content-to-clipboard-webkit/error-context.md
]]>
</failure>
<system-out>
<![CDATA[
[[ATTACHMENT|test-results/core-functionality-Enhance-9a004-erated-content-to-clipboard-webkit/test-failed-1.png]]

[[ATTACHMENT|test-results/core-functionality-Enhance-9a004-erated-content-to-clipboard-webkit/video.webm]]

[[ATTACHMENT|test-results/core-functionality-Enhance-9a004-erated-content-to-clipboard-webkit/error-context.md]]
]]>
</system-out>
</testcase>
<testcase name="Enhanced Figma Plugin - Core Functionality @smoke @critical › should iterate through different document types" classname="core-functionality.spec.js" time="11.844">
<failure message="core-functionality.spec.js:174:3 should iterate through different document types" type="FAILURE">
<![CDATA[  [webkit] › core-functionality.spec.js:174:3 › Enhanced Figma Plugin - Core Functionality @smoke @critical › should iterate through different document types 

    TimeoutError: page.selectOption: Timeout 10000ms exceeded.
    Call log:
      - waiting for locator('#documentType')


      187 |       
      188 |       // Select document type
    > 189 |       await page.selectOption('#documentType', docType.value);
          |                  ^
      190 |       
      191 |       // Fill form
      192 |       await page.fill('#techStackInput', 'React with TypeScript and Material-UI');
        at /Users/david/Documents/Figa-Jira-Automations-Tool/figma-ticket-generator/browser-tests/tests/core-functionality.spec.js:189:18

    attachment #1: screenshot (image/png) ──────────────────────────────────────────────────────────
    ../test-results/core-functionality-Enhance-4d2a8-gh-different-document-types-webkit/test-failed-1.png
    ────────────────────────────────────────────────────────────────────────────────────────────────

    attachment #2: video (video/webm) ──────────────────────────────────────────────────────────────
    ../test-results/core-functionality-Enhance-4d2a8-gh-different-document-types-webkit/video.webm
    ────────────────────────────────────────────────────────────────────────────────────────────────

    Error Context: ../test-results/core-functionality-Enhance-4d2a8-gh-different-document-types-webkit/error-context.md
]]>
</failure>
<system-out>
<![CDATA[
[[ATTACHMENT|test-results/core-functionality-Enhance-4d2a8-gh-different-document-types-webkit/test-failed-1.png]]

[[ATTACHMENT|test-results/core-functionality-Enhance-4d2a8-gh-different-document-types-webkit/video.webm]]

[[ATTACHMENT|test-results/core-functionality-Enhance-4d2a8-gh-different-document-types-webkit/error-context.md]]
]]>
</system-out>
</testcase>
</testsuite>
<testsuite name="cross-browser-performance.spec.js" timestamp="2025-10-23T02:33:00.593Z" hostname="webkit" tests="10" failures="9" skipped="0" time="77.92" errors="0">
<testcase name="Cross-Browser Compatibility Testing › should work consistently across all major browsers @smoke" classname="cross-browser-performance.spec.js" time="5.808">
<failure message="cross-browser-performance.spec.js:10:3 should work consistently across all major browsers @smoke" type="FAILURE">
<![CDATA[  [webkit] › cross-browser-performance.spec.js:10:3 › Cross-Browser Compatibility Testing › should work consistently across all major browsers @smoke 

    Error: expect(locator).toBeVisible() failed

    Locator: locator('#app')
    Expected: visible
    Timeout: 5000ms
    Error: element(s) not found

    Call log:
      - Expect "toBeVisible" with timeout 5000ms
      - waiting for locator('#app')


      12 |     
      13 |     // Basic functionality should work on all browsers
    > 14 |     await expect(page.locator('#app')).toBeVisible();
         |                                        ^
      15 |     await expect(page.locator('#techStackInput')).toBeVisible();
      16 |     await expect(page.locator('#generateBtn')).toBeVisible();
      17 |     
        at /Users/david/Documents/Figa-Jira-Automations-Tool/figma-ticket-generator/browser-tests/tests/cross-browser-performance.spec.js:14:40

    attachment #1: screenshot (image/png) ──────────────────────────────────────────────────────────
    ../test-results/cross-browser-performance--4ca98-ss-all-major-browsers-smoke-webkit/test-failed-1.png
    ────────────────────────────────────────────────────────────────────────────────────────────────

    attachment #2: video (video/webm) ──────────────────────────────────────────────────────────────
    ../test-results/cross-browser-performance--4ca98-ss-all-major-browsers-smoke-webkit/video.webm
    ────────────────────────────────────────────────────────────────────────────────────────────────

    Error Context: ../test-results/cross-browser-performance--4ca98-ss-all-major-browsers-smoke-webkit/error-context.md
]]>
</failure>
<system-out>
<![CDATA[Testing on: webkit

[[ATTACHMENT|test-results/cross-browser-performance--4ca98-ss-all-major-browsers-smoke-webkit/test-failed-1.png]]

[[ATTACHMENT|test-results/cross-browser-performance--4ca98-ss-all-major-browsers-smoke-webkit/video.webm]]

[[ATTACHMENT|test-results/cross-browser-performance--4ca98-ss-all-major-browsers-smoke-webkit/error-context.md]]
]]>
</system-out>
</testcase>
<testcase name="Cross-Browser Compatibility Testing › should handle CSS features consistently across browsers" classname="cross-browser-performance.spec.js" time="5.797">
<failure message="cross-browser-performance.spec.js:31:3 should handle CSS features consistently across browsers" type="FAILURE">
<![CDATA[  [webkit] › cross-browser-performance.spec.js:31:3 › Cross-Browser Compatibility Testing › should handle CSS features consistently across browsers 

    Error: expect(locator).toHaveCSS(expected) failed

    Locator: locator('.container')
    Expected pattern: /flex|grid/
    Timeout: 5000ms
    Error: element(s) not found

    Call log:
      - Expect "toHaveCSS" with timeout 5000ms
      - waiting for locator('.container')


      32 |     // Check CSS Grid/Flexbox support
      33 |     const container = page.locator('.container');
    > 34 |     await expect(container).toHaveCSS('display', /flex|grid/);
         |                             ^
      35 |     
      36 |     // Check CSS custom properties (variables)
      37 |     const primaryColor = await page.evaluate(() => {
        at /Users/david/Documents/Figa-Jira-Automations-Tool/figma-ticket-generator/browser-tests/tests/cross-browser-performance.spec.js:34:29

    attachment #1: screenshot (image/png) ──────────────────────────────────────────────────────────
    ../test-results/cross-browser-performance--356f2-onsistently-across-browsers-webkit/test-failed-1.png
    ────────────────────────────────────────────────────────────────────────────────────────────────

    attachment #2: video (video/webm) ──────────────────────────────────────────────────────────────
    ../test-results/cross-browser-performance--356f2-onsistently-across-browsers-webkit/video.webm
    ────────────────────────────────────────────────────────────────────────────────────────────────

    Error Context: ../test-results/cross-browser-performance--356f2-onsistently-across-browsers-webkit/error-context.md
]]>
</failure>
<system-out>
<![CDATA[
[[ATTACHMENT|test-results/cross-browser-performance--356f2-onsistently-across-browsers-webkit/test-failed-1.png]]

[[ATTACHMENT|test-results/cross-browser-performance--356f2-onsistently-across-browsers-webkit/video.webm]]

[[ATTACHMENT|test-results/cross-browser-performance--356f2-onsistently-across-browsers-webkit/error-context.md]]
]]>
</system-out>
</testcase>
<testcase name="Cross-Browser Compatibility Testing › should handle JavaScript features consistently" classname="cross-browser-performance.spec.js" time="0.827">
<system-out>
<![CDATA[webkit: Clipboard API available
]]>
</system-out>
</testcase>
<testcase name="Mobile and Touch Device Testing › should work on mobile Chrome" classname="cross-browser-performance.spec.js" time="5.785">
<failure message="cross-browser-performance.spec.js:87:3 should work on mobile Chrome" type="FAILURE">
<![CDATA[  [webkit] › cross-browser-performance.spec.js:87:3 › Mobile and Touch Device Testing › should work on mobile Chrome 

    Error: expect(locator).toBeVisible() failed

    Locator: locator('#app')
    Expected: visible
    Timeout: 5000ms
    Error: element(s) not found

    Call log:
      - Expect "toBeVisible" with timeout 5000ms
      - waiting for locator('#app')


      92 |     
      93 |     // Should be responsive
    > 94 |     await expect(page.locator('#app')).toBeVisible();
         |                                        ^
      95 |     
      96 |     // Touch interactions should work
      97 |     await page.tap('#techStackInput');
        at /Users/david/Documents/Figa-Jira-Automations-Tool/figma-ticket-generator/browser-tests/tests/cross-browser-performance.spec.js:94:40

    attachment #1: screenshot (image/png) ──────────────────────────────────────────────────────────
    ../test-results/cross-browser-performance--c522b-hould-work-on-mobile-Chrome-webkit/test-failed-1.png
    ────────────────────────────────────────────────────────────────────────────────────────────────

    attachment #2: video (video/webm) ──────────────────────────────────────────────────────────────
    ../test-results/cross-browser-performance--c522b-hould-work-on-mobile-Chrome-webkit/video.webm
    ────────────────────────────────────────────────────────────────────────────────────────────────

    Error Context: ../test-results/cross-browser-performance--c522b-hould-work-on-mobile-Chrome-webkit/error-context.md
]]>
</failure>
<system-out>
<![CDATA[
[[ATTACHMENT|test-results/cross-browser-performance--c522b-hould-work-on-mobile-Chrome-webkit/test-failed-1.png]]

[[ATTACHMENT|test-results/cross-browser-performance--c522b-hould-work-on-mobile-Chrome-webkit/video.webm]]

[[ATTACHMENT|test-results/cross-browser-performance--c522b-hould-work-on-mobile-Chrome-webkit/error-context.md]]
]]>
</system-out>
</testcase>
<testcase name="Mobile and Touch Device Testing › should work on mobile Safari" classname="cross-browser-performance.spec.js" time="5.678">
<failure message="cross-browser-performance.spec.js:107:3 should work on mobile Safari" type="FAILURE">
<![CDATA[  [webkit] › cross-browser-performance.spec.js:107:3 › Mobile and Touch Device Testing › should work on mobile Safari 

    Error: expect(locator).toBeVisible() failed

    Locator: locator('#techStackInput')
    Expected: visible
    Timeout: 5000ms
    Error: element(s) not found

    Call log:
      - Expect "toBeVisible" with timeout 5000ms
      - waiting for locator('#techStackInput')


      112 |     
      113 |     // Test iOS-specific behaviors
    > 114 |     await expect(page.locator('#techStackInput')).toBeVisible();
          |                                                   ^
      115 |     
      116 |     // iOS Safari input handling
      117 |     await page.tap('#techStackInput');
        at /Users/david/Documents/Figa-Jira-Automations-Tool/figma-ticket-generator/browser-tests/tests/cross-browser-performance.spec.js:114:51

    attachment #1: screenshot (image/png) ──────────────────────────────────────────────────────────
    ../test-results/cross-browser-performance--cfd95-hould-work-on-mobile-Safari-webkit/test-failed-1.png
    ────────────────────────────────────────────────────────────────────────────────────────────────

    attachment #2: video (video/webm) ──────────────────────────────────────────────────────────────
    ../test-results/cross-browser-performance--cfd95-hould-work-on-mobile-Safari-webkit/video.webm
    ────────────────────────────────────────────────────────────────────────────────────────────────

    Error Context: ../test-results/cross-browser-performance--cfd95-hould-work-on-mobile-Safari-webkit/error-context.md
]]>
</failure>
<system-out>
<![CDATA[
[[ATTACHMENT|test-results/cross-browser-performance--cfd95-hould-work-on-mobile-Safari-webkit/test-failed-1.png]]

[[ATTACHMENT|test-results/cross-browser-performance--cfd95-hould-work-on-mobile-Safari-webkit/video.webm]]

[[ATTACHMENT|test-results/cross-browser-performance--cfd95-hould-work-on-mobile-Safari-webkit/error-context.md]]
]]>
</system-out>
</testcase>
<testcase name="Mobile and Touch Device Testing › should handle touch gestures and mobile interactions" classname="cross-browser-performance.spec.js" time="10.812">
<failure message="cross-browser-performance.spec.js:128:3 should handle touch gestures and mobile interactions" type="FAILURE">
<![CDATA[  [webkit] › cross-browser-performance.spec.js:128:3 › Mobile and Touch Device Testing › should handle touch gestures and mobile interactions 

    TimeoutError: page.fill: Timeout 10000ms exceeded.
    Call log:
      - waiting for locator('#techStackInput')


      132 |     
      133 |     // Test touch scrolling (if content is scrollable)
    > 134 |     await page.fill('#techStackInput', 'Very long tech stack description that should trigger various UI states and potentially scrollable content areas for testing mobile scrolling behavior');
          |                ^
      135 |     
      136 |     // Test mobile form submission
      137 |     await page.tap('#generateBtn');
        at /Users/david/Documents/Figa-Jira-Automations-Tool/figma-ticket-generator/browser-tests/tests/cross-browser-performance.spec.js:134:16

    attachment #1: screenshot (image/png) ──────────────────────────────────────────────────────────
    ../test-results/cross-browser-performance--79813-res-and-mobile-interactions-webkit/test-failed-1.png
    ────────────────────────────────────────────────────────────────────────────────────────────────

    attachment #2: video (video/webm) ──────────────────────────────────────────────────────────────
    ../test-results/cross-browser-performance--79813-res-and-mobile-interactions-webkit/video.webm
    ────────────────────────────────────────────────────────────────────────────────────────────────

    Error Context: ../test-results/cross-browser-performance--79813-res-and-mobile-interactions-webkit/error-context.md
]]>
</failure>
<system-out>
<![CDATA[
[[ATTACHMENT|test-results/cross-browser-performance--79813-res-and-mobile-interactions-webkit/test-failed-1.png]]

[[ATTACHMENT|test-results/cross-browser-performance--79813-res-and-mobile-interactions-webkit/video.webm]]

[[ATTACHMENT|test-results/cross-browser-performance--79813-res-and-mobile-interactions-webkit/error-context.md]]
]]>
</system-out>
</testcase>
<testcase name="Performance and Load Testing @critical › should handle multiple rapid requests without breaking" classname="cross-browser-performance.spec.js" time="10.838">
<failure message="cross-browser-performance.spec.js:153:3 should handle multiple rapid requests without breaking" type="FAILURE">
<![CDATA[  [webkit] › cross-browser-performance.spec.js:153:3 › Performance and Load Testing @critical › should handle multiple rapid requests without breaking 

    TimeoutError: page.fill: Timeout 10000ms exceeded.
    Call log:
      - waiting for locator('#techStackInput')


      165 |     // Make multiple rapid requests
      166 |     for (let i = 0; i < testInputs.length; i++) {
    > 167 |       await page.fill('#techStackInput', testInputs[i]);
          |                  ^
      168 |       
      169 |       // Don't wait for previous request to complete
      170 |       page.click('#generateBtn'); // Note: no await here for rapid fire
        at /Users/david/Documents/Figa-Jira-Automations-Tool/figma-ticket-generator/browser-tests/tests/cross-browser-performance.spec.js:167:18

    attachment #1: screenshot (image/png) ──────────────────────────────────────────────────────────
    ../test-results/cross-browser-performance--46aea-d-requests-without-breaking-webkit/test-failed-1.png
    ────────────────────────────────────────────────────────────────────────────────────────────────

    attachment #2: video (video/webm) ──────────────────────────────────────────────────────────────
    ../test-results/cross-browser-performance--46aea-d-requests-without-breaking-webkit/video.webm
    ────────────────────────────────────────────────────────────────────────────────────────────────

    Error Context: ../test-results/cross-browser-performance--46aea-d-requests-without-breaking-webkit/error-context.md
]]>
</failure>
<system-out>
<![CDATA[
[[ATTACHMENT|test-results/cross-browser-performance--46aea-d-requests-without-breaking-webkit/test-failed-1.png]]

[[ATTACHMENT|test-results/cross-browser-performance--46aea-d-requests-without-breaking-webkit/video.webm]]

[[ATTACHMENT|test-results/cross-browser-performance--46aea-d-requests-without-breaking-webkit/error-context.md]]
]]>
</system-out>
</testcase>
<testcase name="Performance and Load Testing @critical › should handle large input text without performance degradation" classname="cross-browser-performance.spec.js" time="10.789">
<failure message="cross-browser-performance.spec.js:184:3 should handle large input text without performance degradation" type="FAILURE">
<![CDATA[  [webkit] › cross-browser-performance.spec.js:184:3 › Performance and Load Testing @critical › should handle large input text without performance degradation 

    TimeoutError: page.fill: Timeout 10000ms exceeded.
    Call log:
      - waiting for locator('#techStackInput')


      192 |     
      193 |     // Fill large input
    > 194 |     await page.fill('#techStackInput', largeInput);
          |                ^
      195 |     
      196 |     // Should still respond reasonably quickly
      197 |     await page.click('#generateBtn');
        at /Users/david/Documents/Figa-Jira-Automations-Tool/figma-ticket-generator/browser-tests/tests/cross-browser-performance.spec.js:194:16

    attachment #1: screenshot (image/png) ──────────────────────────────────────────────────────────
    ../test-results/cross-browser-performance--5e7fa-out-performance-degradation-webkit/test-failed-1.png
    ────────────────────────────────────────────────────────────────────────────────────────────────

    attachment #2: video (video/webm) ──────────────────────────────────────────────────────────────
    ../test-results/cross-browser-performance--5e7fa-out-performance-degradation-webkit/video.webm
    ────────────────────────────────────────────────────────────────────────────────────────────────

    Error Context: ../test-results/cross-browser-performance--5e7fa-out-performance-degradation-webkit/error-context.md
]]>
</failure>
<system-out>
<![CDATA[
[[ATTACHMENT|test-results/cross-browser-performance--5e7fa-out-performance-degradation-webkit/test-failed-1.png]]

[[ATTACHMENT|test-results/cross-browser-performance--5e7fa-out-performance-degradation-webkit/video.webm]]

[[ATTACHMENT|test-results/cross-browser-performance--5e7fa-out-performance-degradation-webkit/error-context.md]]
]]>
</system-out>
</testcase>
<testcase name="Performance and Load Testing @critical › should maintain responsiveness during long-running operations" classname="cross-browser-performance.spec.js" time="10.785">
<failure message="cross-browser-performance.spec.js:213:3 should maintain responsiveness during long-running operations" type="FAILURE">
<![CDATA[  [webkit] › cross-browser-performance.spec.js:213:3 › Performance and Load Testing @critical › should maintain responsiveness during long-running operations 

    TimeoutError: page.fill: Timeout 10000ms exceeded.
    Call log:
      - waiting for locator('#techStackInput')


      222 |     
      223 |     // Start generation
    > 224 |     await page.fill('#techStackInput', 'Performance test: React with TypeScript');
          |                ^
      225 |     await page.click('#generateBtn');
      226 |     
      227 |     // UI should remain responsive during operation
        at /Users/david/Documents/Figa-Jira-Automations-Tool/figma-ticket-generator/browser-tests/tests/cross-browser-performance.spec.js:224:16

    attachment #1: screenshot (image/png) ──────────────────────────────────────────────────────────
    ../test-results/cross-browser-performance--6d154-ing-long-running-operations-webkit/test-failed-1.png
    ────────────────────────────────────────────────────────────────────────────────────────────────

    attachment #2: video (video/webm) ──────────────────────────────────────────────────────────────
    ../test-results/cross-browser-performance--6d154-ing-long-running-operations-webkit/video.webm
    ────────────────────────────────────────────────────────────────────────────────────────────────

    Error Context: ../test-results/cross-browser-performance--6d154-ing-long-running-operations-webkit/error-context.md
]]>
</failure>
<system-out>
<![CDATA[
[[ATTACHMENT|test-results/cross-browser-performance--6d154-ing-long-running-operations-webkit/test-failed-1.png]]

[[ATTACHMENT|test-results/cross-browser-performance--6d154-ing-long-running-operations-webkit/video.webm]]

[[ATTACHMENT|test-results/cross-browser-performance--6d154-ing-long-running-operations-webkit/error-context.md]]
]]>
</system-out>
</testcase>
<testcase name="Performance and Load Testing @critical › should handle memory usage efficiently with multiple operations" classname="cross-browser-performance.spec.js" time="10.801">
<failure message="cross-browser-performance.spec.js:245:3 should handle memory usage efficiently with multiple operations" type="FAILURE">
<![CDATA[  [webkit] › cross-browser-performance.spec.js:245:3 › Performance and Load Testing @critical › should handle memory usage efficiently with multiple operations 

    TimeoutError: page.fill: Timeout 10000ms exceeded.
    Call log:
      - waiting for locator('#techStackInput')


      251 |     
      252 |     for (let i = 0; i < iterations; i++) {
    > 253 |       await page.fill('#techStackInput', `Iteration ${i + 1}: React with TypeScript and various libraries`);
          |                  ^
      254 |       await page.click('#generateBtn');
      255 |       await page.waitForSelector('#results', { state: 'visible', timeout: 30000 });
      256 |       
        at /Users/david/Documents/Figa-Jira-Automations-Tool/figma-ticket-generator/browser-tests/tests/cross-browser-performance.spec.js:253:18

    attachment #1: screenshot (image/png) ──────────────────────────────────────────────────────────
    ../test-results/cross-browser-performance--1ef7e-ly-with-multiple-operations-webkit/test-failed-1.png
    ────────────────────────────────────────────────────────────────────────────────────────────────

    attachment #2: video (video/webm) ──────────────────────────────────────────────────────────────
    ../test-results/cross-browser-performance--1ef7e-ly-with-multiple-operations-webkit/video.webm
    ────────────────────────────────────────────────────────────────────────────────────────────────

    Error Context: ../test-results/cross-browser-performance--1ef7e-ly-with-multiple-operations-webkit/error-context.md
]]>
</failure>
<system-out>
<![CDATA[
[[ATTACHMENT|test-results/cross-browser-performance--1ef7e-ly-with-multiple-operations-webkit/test-failed-1.png]]

[[ATTACHMENT|test-results/cross-browser-performance--1ef7e-ly-with-multiple-operations-webkit/video.webm]]

[[ATTACHMENT|test-results/cross-browser-performance--1ef7e-ly-with-multiple-operations-webkit/error-context.md]]
]]>
</system-out>
</testcase>
</testsuite>
<testsuite name="debug-test.spec.js" timestamp="2025-10-23T02:33:00.593Z" hostname="webkit" tests="1" failures="1" skipped="0" time="10.787" errors="0">
<testcase name="debug UI generation" classname="debug-test.spec.js" time="10.787">
<failure message="debug-test.spec.js:3:1 debug UI generation" type="FAILURE">
<![CDATA[  [webkit] › debug-test.spec.js:3:1 › debug UI generation ──────────────────────────────────────────

    TimeoutError: page.fill: Timeout 10000ms exceeded.
    Call log:
      - waiting for locator('#techStackInput')


      12 |   
      13 |   // Fill input
    > 14 |   await page.fill('#techStackInput', 'React + TypeScript');
         |              ^
      15 |   
      16 |   // Click generate button
      17 |   console.log('Clicking generate button...');
        at /Users/david/Documents/Figa-Jira-Automations-Tool/figma-ticket-generator/browser-tests/tests/debug-test.spec.js:14:14

    attachment #1: screenshot (image/png) ──────────────────────────────────────────────────────────
    ../test-results/debug-test-debug-UI-generation-webkit/test-failed-1.png
    ────────────────────────────────────────────────────────────────────────────────────────────────

    attachment #2: video (video/webm) ──────────────────────────────────────────────────────────────
    ../test-results/debug-test-debug-UI-generation-webkit/video.webm
    ────────────────────────────────────────────────────────────────────────────────────────────────

    Error Context: ../test-results/debug-test-debug-UI-generation-webkit/error-context.md
]]>
</failure>
<system-out>
<![CDATA[BROWSER: Failed to load resource: the server responded with a status of 404 (File not found)

[[ATTACHMENT|test-results/debug-test-debug-UI-generation-webkit/test-failed-1.png]]

[[ATTACHMENT|test-results/debug-test-debug-UI-generation-webkit/video.webm]]

[[ATTACHMENT|test-results/debug-test-debug-UI-generation-webkit/error-context.md]]
]]>
</system-out>
</testcase>
</testsuite>
<testsuite name="enhanced-validation.spec.js" timestamp="2025-10-23T02:33:00.593Z" hostname="webkit" tests="4" failures="4" skipped="0" time="43.169" errors="0">
<testcase name="Enhanced Interface Validation @smoke › should have all restored features visible and functional" classname="enhanced-validation.spec.js" time="10.817">
<failure message="enhanced-validation.spec.js:19:3 should have all restored features visible and functional" type="FAILURE">
<![CDATA[  [webkit] › enhanced-validation.spec.js:19:3 › Enhanced Interface Validation @smoke › should have all restored features visible and functional 

    TimeoutError: page.click: Timeout 10000ms exceeded.
    Call log:
      - waiting for locator('[data-tab="generator"]')


      13 |     
      14 |     // Switch to the Figma to Document tab
    > 15 |     await page.click('[data-tab="generator"]');
         |                ^
      16 |     await page.waitForTimeout(500);
      17 |   });
      18 |
        at /Users/david/Documents/Figa-Jira-Automations-Tool/figma-ticket-generator/browser-tests/tests/enhanced-validation.spec.js:15:16

    attachment #1: screenshot (image/png) ──────────────────────────────────────────────────────────
    ../test-results/enhanced-validation-Enhanc-86339-ures-visible-and-functional-webkit/test-failed-1.png
    ────────────────────────────────────────────────────────────────────────────────────────────────

    attachment #2: video (video/webm) ──────────────────────────────────────────────────────────────
    ../test-results/enhanced-validation-Enhanc-86339-ures-visible-and-functional-webkit/video.webm
    ────────────────────────────────────────────────────────────────────────────────────────────────

    Error Context: ../test-results/enhanced-validation-Enhanc-86339-ures-visible-and-functional-webkit/error-context.md
]]>
</failure>
<system-out>
<![CDATA[
[[ATTACHMENT|test-results/enhanced-validation-Enhanc-86339-ures-visible-and-functional-webkit/test-failed-1.png]]

[[ATTACHMENT|test-results/enhanced-validation-Enhanc-86339-ures-visible-and-functional-webkit/video.webm]]

[[ATTACHMENT|test-results/enhanced-validation-Enhanc-86339-ures-visible-and-functional-webkit/error-context.md]]
]]>
</system-out>
</testcase>
<testcase name="Enhanced Interface Validation @smoke › should handle tech stack input and document type interaction" classname="enhanced-validation.spec.js" time="10.797">
<failure message="enhanced-validation.spec.js:56:3 should handle tech stack input and document type interaction" type="FAILURE">
<![CDATA[  [webkit] › enhanced-validation.spec.js:56:3 › Enhanced Interface Validation @smoke › should handle tech stack input and document type interaction 

    TimeoutError: page.click: Timeout 10000ms exceeded.
    Call log:
      - waiting for locator('[data-tab="generator"]')


      13 |     
      14 |     // Switch to the Figma to Document tab
    > 15 |     await page.click('[data-tab="generator"]');
         |                ^
      16 |     await page.waitForTimeout(500);
      17 |   });
      18 |
        at /Users/david/Documents/Figa-Jira-Automations-Tool/figma-ticket-generator/browser-tests/tests/enhanced-validation.spec.js:15:16

    attachment #1: screenshot (image/png) ──────────────────────────────────────────────────────────
    ../test-results/enhanced-validation-Enhanc-9c821-d-document-type-interaction-webkit/test-failed-1.png
    ────────────────────────────────────────────────────────────────────────────────────────────────

    attachment #2: video (video/webm) ──────────────────────────────────────────────────────────────
    ../test-results/enhanced-validation-Enhanc-9c821-d-document-type-interaction-webkit/video.webm
    ────────────────────────────────────────────────────────────────────────────────────────────────

    Error Context: ../test-results/enhanced-validation-Enhanc-9c821-d-document-type-interaction-webkit/error-context.md
]]>
</failure>
<system-out>
<![CDATA[
[[ATTACHMENT|test-results/enhanced-validation-Enhanc-9c821-d-document-type-interaction-webkit/test-failed-1.png]]

[[ATTACHMENT|test-results/enhanced-validation-Enhanc-9c821-d-document-type-interaction-webkit/video.webm]]

[[ATTACHMENT|test-results/enhanced-validation-Enhanc-9c821-d-document-type-interaction-webkit/error-context.md]]
]]>
</system-out>
</testcase>
<testcase name="Enhanced Interface Validation @smoke › should persist settings in localStorage" classname="enhanced-validation.spec.js" time="10.784">
<failure message="enhanced-validation.spec.js:85:3 should persist settings in localStorage" type="FAILURE">
<![CDATA[  [webkit] › enhanced-validation.spec.js:85:3 › Enhanced Interface Validation @smoke › should persist settings in localStorage 

    TimeoutError: page.click: Timeout 10000ms exceeded.
    Call log:
      - waiting for locator('[data-tab="generator"]')


      13 |     
      14 |     // Switch to the Figma to Document tab
    > 15 |     await page.click('[data-tab="generator"]');
         |                ^
      16 |     await page.waitForTimeout(500);
      17 |   });
      18 |
        at /Users/david/Documents/Figa-Jira-Automations-Tool/figma-ticket-generator/browser-tests/tests/enhanced-validation.spec.js:15:16

    attachment #1: screenshot (image/png) ──────────────────────────────────────────────────────────
    ../test-results/enhanced-validation-Enhanc-11432-st-settings-in-localStorage-webkit/test-failed-1.png
    ────────────────────────────────────────────────────────────────────────────────────────────────

    attachment #2: video (video/webm) ──────────────────────────────────────────────────────────────
    ../test-results/enhanced-validation-Enhanc-11432-st-settings-in-localStorage-webkit/video.webm
    ────────────────────────────────────────────────────────────────────────────────────────────────

    Error Context: ../test-results/enhanced-validation-Enhanc-11432-st-settings-in-localStorage-webkit/error-context.md
]]>
</failure>
<system-out>
<![CDATA[
[[ATTACHMENT|test-results/enhanced-validation-Enhanc-11432-st-settings-in-localStorage-webkit/test-failed-1.png]]

[[ATTACHMENT|test-results/enhanced-validation-Enhanc-11432-st-settings-in-localStorage-webkit/video.webm]]

[[ATTACHMENT|test-results/enhanced-validation-Enhanc-11432-st-settings-in-localStorage-webkit/error-context.md]]
]]>
</system-out>
</testcase>
<testcase name="Enhanced Interface Validation @smoke › should have MCP server integration ready" classname="enhanced-validation.spec.js" time="10.771">
<failure message="enhanced-validation.spec.js:110:3 should have MCP server integration ready" type="FAILURE">
<![CDATA[  [webkit] › enhanced-validation.spec.js:110:3 › Enhanced Interface Validation @smoke › should have MCP server integration ready 

    TimeoutError: page.click: Timeout 10000ms exceeded.
    Call log:
      - waiting for locator('[data-tab="generator"]')


      13 |     
      14 |     // Switch to the Figma to Document tab
    > 15 |     await page.click('[data-tab="generator"]');
         |                ^
      16 |     await page.waitForTimeout(500);
      17 |   });
      18 |
        at /Users/david/Documents/Figa-Jira-Automations-Tool/figma-ticket-generator/browser-tests/tests/enhanced-validation.spec.js:15:16

    attachment #1: screenshot (image/png) ──────────────────────────────────────────────────────────
    ../test-results/enhanced-validation-Enhanc-00eeb-CP-server-integration-ready-webkit/test-failed-1.png
    ────────────────────────────────────────────────────────────────────────────────────────────────

    attachment #2: video (video/webm) ──────────────────────────────────────────────────────────────
    ../test-results/enhanced-validation-Enhanc-00eeb-CP-server-integration-ready-webkit/video.webm
    ────────────────────────────────────────────────────────────────────────────────────────────────

    Error Context: ../test-results/enhanced-validation-Enhanc-00eeb-CP-server-integration-ready-webkit/error-context.md
]]>
</failure>
<system-out>
<![CDATA[
[[ATTACHMENT|test-results/enhanced-validation-Enhanc-00eeb-CP-server-integration-ready-webkit/test-failed-1.png]]

[[ATTACHMENT|test-results/enhanced-validation-Enhanc-00eeb-CP-server-integration-ready-webkit/video.webm]]

[[ATTACHMENT|test-results/enhanced-validation-Enhanc-00eeb-CP-server-integration-ready-webkit/error-context.md]]
]]>
</system-out>
</testcase>
</testsuite>
<testsuite name="main-application.spec.js" timestamp="2025-10-23T02:33:00.593Z" hostname="webkit" tests="14" failures="14" skipped="0" time="101.05" errors="0">
<testcase name="Main Application - Full Feature E2E Tests › should load main application with tabbed interface" classname="main-application.spec.js" time="5.774">
<failure message="main-application.spec.js:11:3 should load main application with tabbed interface" type="FAILURE">
<![CDATA[  [webkit] › main-application.spec.js:11:3 › Main Application - Full Feature E2E Tests › should load main application with tabbed interface 

    Error: expect(locator).toBeVisible() failed

    Locator: locator('.tab-header')
    Expected: visible
    Timeout: 5000ms
    Error: element(s) not found

    Call log:
      - Expect "toBeVisible" with timeout 5000ms
      - waiting for locator('.tab-header')


      11 |   test('should load main application with tabbed interface', async ({ page }) => {
      12 |     // Check main structure loads
    > 13 |     await expect(page.locator('.tab-header')).toBeVisible();
         |                                               ^
      14 |     await expect(page.locator('.tab-nav')).toBeVisible();
      15 |     
      16 |     // Check both tabs exist
        at /Users/david/Documents/Figa-Jira-Automations-Tool/figma-ticket-generator/browser-tests/tests/main-application.spec.js:13:47

    attachment #1: screenshot (image/png) ──────────────────────────────────────────────────────────
    ../test-results/main-application-Main-Appl-60c74-ation-with-tabbed-interface-webkit/test-failed-1.png
    ────────────────────────────────────────────────────────────────────────────────────────────────

    attachment #2: video (video/webm) ──────────────────────────────────────────────────────────────
    ../test-results/main-application-Main-Appl-60c74-ation-with-tabbed-interface-webkit/video.webm
    ────────────────────────────────────────────────────────────────────────────────────────────────

    Error Context: ../test-results/main-application-Main-Appl-60c74-ation-with-tabbed-interface-webkit/error-context.md
]]>
</failure>
<system-out>
<![CDATA[
[[ATTACHMENT|test-results/main-application-Main-Appl-60c74-ation-with-tabbed-interface-webkit/test-failed-1.png]]

[[ATTACHMENT|test-results/main-application-Main-Appl-60c74-ation-with-tabbed-interface-webkit/video.webm]]

[[ATTACHMENT|test-results/main-application-Main-Appl-60c74-ation-with-tabbed-interface-webkit/error-context.md]]
]]>
</system-out>
</testcase>
<testcase name="Main Application - Full Feature E2E Tests › should switch between Design Health and Ticket Generator tabs" classname="main-application.spec.js" time="10.786">
<failure message="main-application.spec.js:25:3 should switch between Design Health and Ticket Generator tabs" type="FAILURE">
<![CDATA[  [webkit] › main-application.spec.js:25:3 › Main Application - Full Feature E2E Tests › should switch between Design Health and Ticket Generator tabs 

    TimeoutError: page.click: Timeout 10000ms exceeded.
    Call log:
      - waiting for locator('[data-tab="health"]')


      25 |   test('should switch between Design Health and Ticket Generator tabs', async ({ page }) => {
      26 |     // Click on Design Health tab
    > 27 |     await page.click('[data-tab="health"]');
         |                ^
      28 |     
      29 |     // Check tab switching
      30 |     await expect(page.locator('[data-tab="health"].active')).toBeVisible();
        at /Users/david/Documents/Figa-Jira-Automations-Tool/figma-ticket-generator/browser-tests/tests/main-application.spec.js:27:16

    attachment #1: screenshot (image/png) ──────────────────────────────────────────────────────────
    ../test-results/main-application-Main-Appl-b9643-h-and-Ticket-Generator-tabs-webkit/test-failed-1.png
    ────────────────────────────────────────────────────────────────────────────────────────────────

    attachment #2: video (video/webm) ──────────────────────────────────────────────────────────────
    ../test-results/main-application-Main-Appl-b9643-h-and-Ticket-Generator-tabs-webkit/video.webm
    ────────────────────────────────────────────────────────────────────────────────────────────────

    Error Context: ../test-results/main-application-Main-Appl-b9643-h-and-Ticket-Generator-tabs-webkit/error-context.md
]]>
</failure>
<system-out>
<![CDATA[
[[ATTACHMENT|test-results/main-application-Main-Appl-b9643-h-and-Ticket-Generator-tabs-webkit/test-failed-1.png]]

[[ATTACHMENT|test-results/main-application-Main-Appl-b9643-h-and-Ticket-Generator-tabs-webkit/video.webm]]

[[ATTACHMENT|test-results/main-application-Main-Appl-b9643-h-and-Ticket-Generator-tabs-webkit/error-context.md]]
]]>
</system-out>
</testcase>
<testcase name="Main Application - Full Feature E2E Tests › should display Design Health metrics dashboard" classname="main-application.spec.js" time="10.772">
<failure message="main-application.spec.js:40:3 should display Design Health metrics dashboard" type="FAILURE">
<![CDATA[  [webkit] › main-application.spec.js:40:3 › Main Application - Full Feature E2E Tests › should display Design Health metrics dashboard 

    TimeoutError: page.click: Timeout 10000ms exceeded.
    Call log:
      - waiting for locator('[data-tab="health"]')


      40 |   test('should display Design Health metrics dashboard', async ({ page }) => {
      41 |     // Switch to health tab
    > 42 |     await page.click('[data-tab="health"]');
         |                ^
      43 |     
      44 |     // Check health metrics structure
      45 |     await expect(page.locator('.metric-grid')).toBeVisible();
        at /Users/david/Documents/Figa-Jira-Automations-Tool/figma-ticket-generator/browser-tests/tests/main-application.spec.js:42:16

    attachment #1: screenshot (image/png) ──────────────────────────────────────────────────────────
    ../test-results/main-application-Main-Appl-6771a-gn-Health-metrics-dashboard-webkit/test-failed-1.png
    ────────────────────────────────────────────────────────────────────────────────────────────────

    attachment #2: video (video/webm) ──────────────────────────────────────────────────────────────
    ../test-results/main-application-Main-Appl-6771a-gn-Health-metrics-dashboard-webkit/video.webm
    ────────────────────────────────────────────────────────────────────────────────────────────────

    Error Context: ../test-results/main-application-Main-Appl-6771a-gn-Health-metrics-dashboard-webkit/error-context.md
]]>
</failure>
<system-out>
<![CDATA[
[[ATTACHMENT|test-results/main-application-Main-Appl-6771a-gn-Health-metrics-dashboard-webkit/test-failed-1.png]]

[[ATTACHMENT|test-results/main-application-Main-Appl-6771a-gn-Health-metrics-dashboard-webkit/video.webm]]

[[ATTACHMENT|test-results/main-application-Main-Appl-6771a-gn-Health-metrics-dashboard-webkit/error-context.md]]
]]>
</system-out>
</testcase>
<testcase name="Main Application - Full Feature E2E Tests › should show MCP server status correctly" classname="main-application.spec.js" time="5.795">
<failure message="main-application.spec.js:58:3 should show MCP server status correctly" type="FAILURE">
<![CDATA[  [webkit] › main-application.spec.js:58:3 › Main Application - Full Feature E2E Tests › should show MCP server status correctly 

    Error: expect(locator).toBeVisible() failed

    Locator: locator('#mcpStatus')
    Expected: visible
    Timeout: 5000ms
    Error: element(s) not found

    Call log:
      - Expect "toBeVisible" with timeout 5000ms
      - waiting for locator('#mcpStatus')


      58 |   test('should show MCP server status correctly', async ({ page }) => {
      59 |     // Check MCP status indicator
    > 60 |     await expect(page.locator('#mcpStatus')).toBeVisible();
         |                                              ^
      61 |     await expect(page.locator('#mcpStatusText')).toBeVisible();
      62 |     
      63 |     // Wait for status check to complete
        at /Users/david/Documents/Figa-Jira-Automations-Tool/figma-ticket-generator/browser-tests/tests/main-application.spec.js:60:46

    attachment #1: screenshot (image/png) ──────────────────────────────────────────────────────────
    ../test-results/main-application-Main-Appl-7002b-MCP-server-status-correctly-webkit/test-failed-1.png
    ────────────────────────────────────────────────────────────────────────────────────────────────

    attachment #2: video (video/webm) ──────────────────────────────────────────────────────────────
    ../test-results/main-application-Main-Appl-7002b-MCP-server-status-correctly-webkit/video.webm
    ────────────────────────────────────────────────────────────────────────────────────────────────

    Error Context: ../test-results/main-application-Main-Appl-7002b-MCP-server-status-correctly-webkit/error-context.md
]]>
</failure>
<system-out>
<![CDATA[
[[ATTACHMENT|test-results/main-application-Main-Appl-7002b-MCP-server-status-correctly-webkit/test-failed-1.png]]

[[ATTACHMENT|test-results/main-application-Main-Appl-7002b-MCP-server-status-correctly-webkit/video.webm]]

[[ATTACHMENT|test-results/main-application-Main-Appl-7002b-MCP-server-status-correctly-webkit/error-context.md]]
]]>
</system-out>
</testcase>
<testcase name="Main Application - Full Feature E2E Tests › should have generation mode selection with MCP as default" classname="main-application.spec.js" time="5.826">
<failure message="main-application.spec.js:71:3 should have generation mode selection with MCP as default" type="FAILURE">
<![CDATA[  [webkit] › main-application.spec.js:71:3 › Main Application - Full Feature E2E Tests › should have generation mode selection with MCP as default 

    Error: expect(locator).toBeAttached() failed

    Locator: locator('#modeMCP')
    Expected: attached
    Timeout: 5000ms
    Error: element(s) not found

    Call log:
      - Expect "toBeAttached" with timeout 5000ms
      - waiting for locator('#modeMCP')


      71 |   test('should have generation mode selection with MCP as default', async ({ page }) => {
      72 |     // Check mode selection exists in DOM (radio buttons are hidden but functional)
    > 73 |     await expect(page.locator('#modeMCP')).toBeAttached();
         |                                            ^
      74 |     await expect(page.locator('#modeOpenAI')).toBeAttached();
      75 |     
      76 |     // MCP should be checked by default
        at /Users/david/Documents/Figa-Jira-Automations-Tool/figma-ticket-generator/browser-tests/tests/main-application.spec.js:73:44

    attachment #1: screenshot (image/png) ──────────────────────────────────────────────────────────
    ../test-results/main-application-Main-Appl-81257-lection-with-MCP-as-default-webkit/test-failed-1.png
    ────────────────────────────────────────────────────────────────────────────────────────────────

    attachment #2: video (video/webm) ──────────────────────────────────────────────────────────────
    ../test-results/main-application-Main-Appl-81257-lection-with-MCP-as-default-webkit/video.webm
    ────────────────────────────────────────────────────────────────────────────────────────────────

    Error Context: ../test-results/main-application-Main-Appl-81257-lection-with-MCP-as-default-webkit/error-context.md
]]>
</failure>
<system-out>
<![CDATA[
[[ATTACHMENT|test-results/main-application-Main-Appl-81257-lection-with-MCP-as-default-webkit/test-failed-1.png]]

[[ATTACHMENT|test-results/main-application-Main-Appl-81257-lection-with-MCP-as-default-webkit/video.webm]]

[[ATTACHMENT|test-results/main-application-Main-Appl-81257-lection-with-MCP-as-default-webkit/error-context.md]]
]]>
</system-out>
</testcase>
<testcase name="Main Application - Full Feature E2E Tests › should switch between MCP and OpenAI modes" classname="main-application.spec.js" time="10.775">
<failure message="main-application.spec.js:84:3 should switch between MCP and OpenAI modes" type="FAILURE">
<![CDATA[  [webkit] › main-application.spec.js:84:3 › Main Application - Full Feature E2E Tests › should switch between MCP and OpenAI modes 

    TimeoutError: page.click: Timeout 10000ms exceeded.
    Call log:
      - waiting for locator('label[for="modeOpenAI"]')


      84 |   test('should switch between MCP and OpenAI modes', async ({ page }) => {
      85 |     // Switch to OpenAI mode by clicking its label
    > 86 |     await page.click('label[for="modeOpenAI"]');
         |                ^
      87 |     
      88 |     // Check UI updates
      89 |     await expect(page.locator('#modeOpenAI')).toBeChecked();
        at /Users/david/Documents/Figa-Jira-Automations-Tool/figma-ticket-generator/browser-tests/tests/main-application.spec.js:86:16

    attachment #1: screenshot (image/png) ──────────────────────────────────────────────────────────
    ../test-results/main-application-Main-Appl-2adf8-etween-MCP-and-OpenAI-modes-webkit/test-failed-1.png
    ────────────────────────────────────────────────────────────────────────────────────────────────

    attachment #2: video (video/webm) ──────────────────────────────────────────────────────────────
    ../test-results/main-application-Main-Appl-2adf8-etween-MCP-and-OpenAI-modes-webkit/video.webm
    ────────────────────────────────────────────────────────────────────────────────────────────────

    Error Context: ../test-results/main-application-Main-Appl-2adf8-etween-MCP-and-OpenAI-modes-webkit/error-context.md
]]>
</failure>
<system-out>
<![CDATA[
[[ATTACHMENT|test-results/main-application-Main-Appl-2adf8-etween-MCP-and-OpenAI-modes-webkit/test-failed-1.png]]

[[ATTACHMENT|test-results/main-application-Main-Appl-2adf8-etween-MCP-and-OpenAI-modes-webkit/video.webm]]

[[ATTACHMENT|test-results/main-application-Main-Appl-2adf8-etween-MCP-and-OpenAI-modes-webkit/error-context.md]]
]]>
</system-out>
</testcase>
<testcase name="Main Application - Full Feature E2E Tests › should have all ticket template options" classname="main-application.spec.js" time="5.794">
<failure message="main-application.spec.js:103:3 should have all ticket template options" type="FAILURE">
<![CDATA[  [webkit] › main-application.spec.js:103:3 › Main Application - Full Feature E2E Tests › should have all ticket template options 

    Error: expect(locator).toBeVisible() failed

    Locator: locator('#template')
    Expected: visible
    Timeout: 5000ms
    Error: element(s) not found

    Call log:
      - Expect "toBeVisible" with timeout 5000ms
      - waiting for locator('#template')


      103 |   test('should have all ticket template options', async ({ page }) => {
      104 |     // Check template dropdown
    > 105 |     await expect(page.locator('#template')).toBeVisible();
          |                                             ^
      106 |     
      107 |     // Check all template options exist in DOM
      108 |     const templateOptions = ['component', 'feature', 'bug', 'page', 'custom'];
        at /Users/david/Documents/Figa-Jira-Automations-Tool/figma-ticket-generator/browser-tests/tests/main-application.spec.js:105:45

    attachment #1: screenshot (image/png) ──────────────────────────────────────────────────────────
    ../test-results/main-application-Main-Appl-c6ad2-all-ticket-template-options-webkit/test-failed-1.png
    ────────────────────────────────────────────────────────────────────────────────────────────────

    attachment #2: video (video/webm) ──────────────────────────────────────────────────────────────
    ../test-results/main-application-Main-Appl-c6ad2-all-ticket-template-options-webkit/video.webm
    ────────────────────────────────────────────────────────────────────────────────────────────────

    Error Context: ../test-results/main-application-Main-Appl-c6ad2-all-ticket-template-options-webkit/error-context.md
]]>
</failure>
<system-out>
<![CDATA[
[[ATTACHMENT|test-results/main-application-Main-Appl-c6ad2-all-ticket-template-options-webkit/test-failed-1.png]]

[[ATTACHMENT|test-results/main-application-Main-Appl-c6ad2-all-ticket-template-options-webkit/video.webm]]

[[ATTACHMENT|test-results/main-application-Main-Appl-c6ad2-all-ticket-template-options-webkit/error-context.md]]
]]>
</system-out>
</testcase>
<testcase name="Main Application - Full Feature E2E Tests › should generate ticket with MCP mode (mock selection)" classname="main-application.spec.js" time="10.791">
<failure message="main-application.spec.js:121:3 should generate ticket with MCP mode (mock selection)" type="FAILURE">
<![CDATA[  [webkit] › main-application.spec.js:121:3 › Main Application - Full Feature E2E Tests › should generate ticket with MCP mode (mock selection) 

    TimeoutError: page.selectOption: Timeout 10000ms exceeded.
    Call log:
      - waiting for locator('#template')


      121 |   test('should generate ticket with MCP mode (mock selection)', async ({ page }) => {
      122 |     // Fill template and instructions
    > 123 |     await page.selectOption('#template', 'component');
          |                ^
      124 |     await page.fill('#customPrompt', 'Test component with accessibility requirements');
      125 |     
      126 |     // Mock the entire generation flow
        at /Users/david/Documents/Figa-Jira-Automations-Tool/figma-ticket-generator/browser-tests/tests/main-application.spec.js:123:16

    attachment #1: screenshot (image/png) ──────────────────────────────────────────────────────────
    ../test-results/main-application-Main-Appl-5188c-th-MCP-mode-mock-selection--webkit/test-failed-1.png
    ────────────────────────────────────────────────────────────────────────────────────────────────

    attachment #2: video (video/webm) ──────────────────────────────────────────────────────────────
    ../test-results/main-application-Main-Appl-5188c-th-MCP-mode-mock-selection--webkit/video.webm
    ────────────────────────────────────────────────────────────────────────────────────────────────

    Error Context: ../test-results/main-application-Main-Appl-5188c-th-MCP-mode-mock-selection--webkit/error-context.md
]]>
</failure>
<system-out>
<![CDATA[
[[ATTACHMENT|test-results/main-application-Main-Appl-5188c-th-MCP-mode-mock-selection--webkit/test-failed-1.png]]

[[ATTACHMENT|test-results/main-application-Main-Appl-5188c-th-MCP-mode-mock-selection--webkit/video.webm]]

[[ATTACHMENT|test-results/main-application-Main-Appl-5188c-th-MCP-mode-mock-selection--webkit/error-context.md]]
]]>
</system-out>
</testcase>
<testcase name="Main Application - Full Feature E2E Tests › should handle copy to clipboard functionality" classname="main-application.spec.js" time="10.782">
<failure message="main-application.spec.js:184:3 should handle copy to clipboard functionality" type="FAILURE">
<![CDATA[  [webkit] › main-application.spec.js:184:3 › Main Application - Full Feature E2E Tests › should handle copy to clipboard functionality 

    TimeoutError: page.fill: Timeout 10000ms exceeded.
    Call log:
      - waiting for locator('#output')


      184 |   test('should handle copy to clipboard functionality', async ({ page }) => {
      185 |     // First generate some content
    > 186 |     await page.fill('#output', 'Test ticket content for clipboard testing');
          |                ^
      187 |     await page.locator('#copy').evaluate(el => el.disabled = false);
      188 |     
      189 |     // Click copy button
        at /Users/david/Documents/Figa-Jira-Automations-Tool/figma-ticket-generator/browser-tests/tests/main-application.spec.js:186:16

    attachment #1: screenshot (image/png) ──────────────────────────────────────────────────────────
    ../test-results/main-application-Main-Appl-0a113--to-clipboard-functionality-webkit/test-failed-1.png
    ────────────────────────────────────────────────────────────────────────────────────────────────

    attachment #2: video (video/webm) ──────────────────────────────────────────────────────────────
    ../test-results/main-application-Main-Appl-0a113--to-clipboard-functionality-webkit/video.webm
    ────────────────────────────────────────────────────────────────────────────────────────────────

    Error Context: ../test-results/main-application-Main-Appl-0a113--to-clipboard-functionality-webkit/error-context.md
]]>
</failure>
<system-out>
<![CDATA[
[[ATTACHMENT|test-results/main-application-Main-Appl-0a113--to-clipboard-functionality-webkit/test-failed-1.png]]

[[ATTACHMENT|test-results/main-application-Main-Appl-0a113--to-clipboard-functionality-webkit/video.webm]]

[[ATTACHMENT|test-results/main-application-Main-Appl-0a113--to-clipboard-functionality-webkit/error-context.md]]
]]>
</system-out>
</testcase>
<testcase name="Main Application - Full Feature E2E Tests › should persist settings in localStorage" classname="main-application.spec.js" time="10.782">
<failure message="main-application.spec.js:196:3 should persist settings in localStorage" type="FAILURE">
<![CDATA[  [webkit] › main-application.spec.js:196:3 › Main Application - Full Feature E2E Tests › should persist settings in localStorage 

    TimeoutError: page.selectOption: Timeout 10000ms exceeded.
    Call log:
      - waiting for locator('#template')


      196 |   test('should persist settings in localStorage', async ({ page }) => {
      197 |     // Change template setting and trigger save
    > 198 |     await page.selectOption('#template', 'feature');
          |                ^
      199 |     await page.fill('#customPrompt', 'Persistent test instructions');
      200 |     
      201 |     // Trigger the saveSettings function by changing focus
        at /Users/david/Documents/Figa-Jira-Automations-Tool/figma-ticket-generator/browser-tests/tests/main-application.spec.js:198:16

    attachment #1: screenshot (image/png) ──────────────────────────────────────────────────────────
    ../test-results/main-application-Main-Appl-3f67b-st-settings-in-localStorage-webkit/test-failed-1.png
    ────────────────────────────────────────────────────────────────────────────────────────────────

    attachment #2: video (video/webm) ──────────────────────────────────────────────────────────────
    ../test-results/main-application-Main-Appl-3f67b-st-settings-in-localStorage-webkit/video.webm
    ────────────────────────────────────────────────────────────────────────────────────────────────

    Error Context: ../test-results/main-application-Main-Appl-3f67b-st-settings-in-localStorage-webkit/error-context.md
]]>
</failure>
<system-out>
<![CDATA[
[[ATTACHMENT|test-results/main-application-Main-Appl-3f67b-st-settings-in-localStorage-webkit/test-failed-1.png]]

[[ATTACHMENT|test-results/main-application-Main-Appl-3f67b-st-settings-in-localStorage-webkit/video.webm]]

[[ATTACHMENT|test-results/main-application-Main-Appl-3f67b-st-settings-in-localStorage-webkit/error-context.md]]
]]>
</system-out>
</testcase>
<testcase name="Main Application - Full Feature E2E Tests › should show design system integration section when appropriate" classname="main-application.spec.js" time="5.794">
<failure message="main-application.spec.js:234:3 should show design system integration section when appropriate" type="FAILURE">
<![CDATA[  [webkit] › main-application.spec.js:234:3 › Main Application - Full Feature E2E Tests › should show design system integration section when appropriate 

    Error: expect(locator).toHaveClass(expected) failed

    Locator: locator('#designSystemSection')
    Expected pattern: /hidden/
    Timeout: 5000ms
    Error: element(s) not found

    Call log:
      - Expect "toHaveClass" with timeout 5000ms
      - waiting for locator('#designSystemSection')


      234 |   test('should show design system integration section when appropriate', async ({ page }) => {
      235 |     // Design system section should be hidden initially
    > 236 |     await expect(page.locator('#designSystemSection')).toHaveClass(/hidden/);
          |                                                        ^
      237 |     
      238 |     // Simulate design system detection
      239 |     await page.evaluate(() => {
        at /Users/david/Documents/Figa-Jira-Automations-Tool/figma-ticket-generator/browser-tests/tests/main-application.spec.js:236:56

    attachment #1: screenshot (image/png) ──────────────────────────────────────────────────────────
    ../test-results/main-application-Main-Appl-59ef1-on-section-when-appropriate-webkit/test-failed-1.png
    ────────────────────────────────────────────────────────────────────────────────────────────────

    attachment #2: video (video/webm) ──────────────────────────────────────────────────────────────
    ../test-results/main-application-Main-Appl-59ef1-on-section-when-appropriate-webkit/video.webm
    ────────────────────────────────────────────────────────────────────────────────────────────────

    Error Context: ../test-results/main-application-Main-Appl-59ef1-on-section-when-appropriate-webkit/error-context.md
]]>
</failure>
<system-out>
<![CDATA[
[[ATTACHMENT|test-results/main-application-Main-Appl-59ef1-on-section-when-appropriate-webkit/test-failed-1.png]]

[[ATTACHMENT|test-results/main-application-Main-Appl-59ef1-on-section-when-appropriate-webkit/video.webm]]

[[ATTACHMENT|test-results/main-application-Main-Appl-59ef1-on-section-when-appropriate-webkit/error-context.md]]
]]>
</system-out>
</testcase>
<testcase name="Main Application - Full Feature E2E Tests › should handle responsive design across viewports" classname="main-application.spec.js" time="5.798">
<failure message="main-application.spec.js:262:3 should handle responsive design across viewports" type="FAILURE">
<![CDATA[  [webkit] › main-application.spec.js:262:3 › Main Application - Full Feature E2E Tests › should handle responsive design across viewports 

    Error: expect(locator).toBeVisible() failed

    Locator: locator('.tab-container')
    Expected: visible
    Timeout: 5000ms
    Error: element(s) not found

    Call log:
      - Expect "toBeVisible" with timeout 5000ms
      - waiting for locator('.tab-container')


      263 |     // Test desktop viewport
      264 |     await page.setViewportSize({ width: 1280, height: 720 });
    > 265 |     await expect(page.locator('.tab-container')).toBeVisible();
          |                                                  ^
      266 |     
      267 |     // Test tablet viewport  
      268 |     await page.setViewportSize({ width: 768, height: 1024 });
        at /Users/david/Documents/Figa-Jira-Automations-Tool/figma-ticket-generator/browser-tests/tests/main-application.spec.js:265:50

    attachment #1: screenshot (image/png) ──────────────────────────────────────────────────────────
    ../test-results/main-application-Main-Appl-6b403-ive-design-across-viewports-webkit/test-failed-1.png
    ────────────────────────────────────────────────────────────────────────────────────────────────

    attachment #2: video (video/webm) ──────────────────────────────────────────────────────────────
    ../test-results/main-application-Main-Appl-6b403-ive-design-across-viewports-webkit/video.webm
    ────────────────────────────────────────────────────────────────────────────────────────────────

    Error Context: ../test-results/main-application-Main-Appl-6b403-ive-design-across-viewports-webkit/error-context.md
]]>
</failure>
<system-out>
<![CDATA[
[[ATTACHMENT|test-results/main-application-Main-Appl-6b403-ive-design-across-viewports-webkit/test-failed-1.png]]

[[ATTACHMENT|test-results/main-application-Main-Appl-6b403-ive-design-across-viewports-webkit/video.webm]]

[[ATTACHMENT|test-results/main-application-Main-Appl-6b403-ive-design-across-viewports-webkit/error-context.md]]
]]>
</system-out>
</testcase>
<testcase name="Main Application - Full Feature E2E Tests › should validate accessibility features" classname="main-application.spec.js" time="0.784">
<failure message="main-application.spec.js:280:3 should validate accessibility features" type="FAILURE">
<![CDATA[  [webkit] › main-application.spec.js:280:3 › Main Application - Full Feature E2E Tests › should validate accessibility features 

    Error: expect(received).toBeGreaterThan(expected)

    Expected: > 0
    Received:   0

      282 |     const interactiveElements = page.locator('button, input, select, textarea');
      283 |     const count = await interactiveElements.count();
    > 284 |     expect(count).toBeGreaterThan(0);
          |                   ^
      285 |     
      286 |     // Check that form elements are properly labeled
      287 |     const labelCount = await page.locator('label').count();
        at /Users/david/Documents/Figa-Jira-Automations-Tool/figma-ticket-generator/browser-tests/tests/main-application.spec.js:284:19

    attachment #1: screenshot (image/png) ──────────────────────────────────────────────────────────
    ../test-results/main-application-Main-Appl-eba65-date-accessibility-features-webkit/test-failed-1.png
    ────────────────────────────────────────────────────────────────────────────────────────────────

    attachment #2: video (video/webm) ──────────────────────────────────────────────────────────────
    ../test-results/main-application-Main-Appl-eba65-date-accessibility-features-webkit/video.webm
    ────────────────────────────────────────────────────────────────────────────────────────────────

    Error Context: ../test-results/main-application-Main-Appl-eba65-date-accessibility-features-webkit/error-context.md
]]>
</failure>
<system-out>
<![CDATA[
[[ATTACHMENT|test-results/main-application-Main-Appl-eba65-date-accessibility-features-webkit/test-failed-1.png]]

[[ATTACHMENT|test-results/main-application-Main-Appl-eba65-date-accessibility-features-webkit/video.webm]]

[[ATTACHMENT|test-results/main-application-Main-Appl-eba65-date-accessibility-features-webkit/error-context.md]]
]]>
</system-out>
</testcase>
<testcase name="Main Application - Full Feature E2E Tests › should integrate with E2E test infrastructure" classname="main-application.spec.js" time="0.797">
<failure message="main-application.spec.js:301:3 should integrate with E2E test infrastructure" type="FAILURE">
<![CDATA[  [webkit] › main-application.spec.js:301:3 › Main Application - Full Feature E2E Tests › should integrate with E2E test infrastructure 

    Error: expect(received).toBe(expected) // Object.is equality

    Expected: true
    Received: false

      316 |     });
      317 |     
    > 318 |     expect(mcpResponse).toBe(true);
          |                         ^
      319 |     
      320 |     // Check HTTP server serving files correctly
      321 |     const currentUrl = page.url();
        at /Users/david/Documents/Figa-Jira-Automations-Tool/figma-ticket-generator/browser-tests/tests/main-application.spec.js:318:25

    attachment #1: screenshot (image/png) ──────────────────────────────────────────────────────────
    ../test-results/main-application-Main-Appl-3d5a6-ith-E2E-test-infrastructure-webkit/test-failed-1.png
    ────────────────────────────────────────────────────────────────────────────────────────────────

    attachment #2: video (video/webm) ──────────────────────────────────────────────────────────────
    ../test-results/main-application-Main-Appl-3d5a6-ith-E2E-test-infrastructure-webkit/video.webm
    ────────────────────────────────────────────────────────────────────────────────────────────────

    Error Context: ../test-results/main-application-Main-Appl-3d5a6-ith-E2E-test-infrastructure-webkit/error-context.md
]]>
</failure>
<system-out>
<![CDATA[
[[ATTACHMENT|test-results/main-application-Main-Appl-3d5a6-ith-E2E-test-infrastructure-webkit/test-failed-1.png]]

[[ATTACHMENT|test-results/main-application-Main-Appl-3d5a6-ith-E2E-test-infrastructure-webkit/video.webm]]

[[ATTACHMENT|test-results/main-application-Main-Appl-3d5a6-ith-E2E-test-infrastructure-webkit/error-context.md]]
]]>
</system-out>
</testcase>
</testsuite>
<testsuite name="mcp-integration.spec.js" timestamp="2025-10-23T02:33:00.593Z" hostname="webkit" tests="7" failures="7" skipped="0" time="75.605" errors="0">
<testcase name="MCP Server Integration E2E Testing @critical › should successfully connect to MCP server and receive enhanced responses" classname="mcp-integration.spec.js" time="10.801">
<failure message="mcp-integration.spec.js:10:3 should successfully connect to MCP server and receive enhanced responses" type="FAILURE">
<![CDATA[  [webkit] › mcp-integration.spec.js:10:3 › MCP Server Integration E2E Testing @critical › should successfully connect to MCP server and receive enhanced responses 

    TimeoutError: page.fill: Timeout 10000ms exceeded.
    Call log:
      - waiting for locator('#techStackInput')


      26 |     
      27 |     // Generate enhanced ticket
    > 28 |     await page.fill('#techStackInput', 'React with TypeScript, Chakra UI, React Query, and Vitest');
         |                ^
      29 |     await page.selectOption('#documentType', 'jira');
      30 |     await page.click('#generateBtn');
      31 |     
        at /Users/david/Documents/Figa-Jira-Automations-Tool/figma-ticket-generator/browser-tests/tests/mcp-integration.spec.js:28:16

    attachment #1: screenshot (image/png) ──────────────────────────────────────────────────────────
    ../test-results/mcp-integration-MCP-Server-217aa--receive-enhanced-responses-webkit/test-failed-1.png
    ────────────────────────────────────────────────────────────────────────────────────────────────

    attachment #2: video (video/webm) ──────────────────────────────────────────────────────────────
    ../test-results/mcp-integration-MCP-Server-217aa--receive-enhanced-responses-webkit/video.webm
    ────────────────────────────────────────────────────────────────────────────────────────────────

    Error Context: ../test-results/mcp-integration-MCP-Server-217aa--receive-enhanced-responses-webkit/error-context.md
]]>
</failure>
<system-out>
<![CDATA[
[[ATTACHMENT|test-results/mcp-integration-MCP-Server-217aa--receive-enhanced-responses-webkit/test-failed-1.png]]

[[ATTACHMENT|test-results/mcp-integration-MCP-Server-217aa--receive-enhanced-responses-webkit/video.webm]]

[[ATTACHMENT|test-results/mcp-integration-MCP-Server-217aa--receive-enhanced-responses-webkit/error-context.md]]
]]>
</system-out>
</testcase>
<testcase name="MCP Server Integration E2E Testing @critical › should handle MCP server timeout gracefully" classname="mcp-integration.spec.js" time="10.796">
<failure message="mcp-integration.spec.js:55:3 should handle MCP server timeout gracefully" type="FAILURE">
<![CDATA[  [webkit] › mcp-integration.spec.js:55:3 › MCP Server Integration E2E Testing @critical › should handle MCP server timeout gracefully 

    TimeoutError: page.fill: Timeout 10000ms exceeded.
    Call log:
      - waiting for locator('#techStackInput')


      61 |     });
      62 |     
    > 63 |     await page.fill('#techStackInput', 'Vue 3 with Composition API');
         |                ^
      64 |     await page.click('#generateBtn');
      65 |     
      66 |     // Should show fallback after timeout
        at /Users/david/Documents/Figa-Jira-Automations-Tool/figma-ticket-generator/browser-tests/tests/mcp-integration.spec.js:63:16

    attachment #1: screenshot (image/png) ──────────────────────────────────────────────────────────
    ../test-results/mcp-integration-MCP-Server-b3ee6-P-server-timeout-gracefully-webkit/test-failed-1.png
    ────────────────────────────────────────────────────────────────────────────────────────────────

    attachment #2: video (video/webm) ──────────────────────────────────────────────────────────────
    ../test-results/mcp-integration-MCP-Server-b3ee6-P-server-timeout-gracefully-webkit/video.webm
    ────────────────────────────────────────────────────────────────────────────────────────────────

    Error Context: ../test-results/mcp-integration-MCP-Server-b3ee6-P-server-timeout-gracefully-webkit/error-context.md
]]>
</failure>
<system-out>
<![CDATA[
[[ATTACHMENT|test-results/mcp-integration-MCP-Server-b3ee6-P-server-timeout-gracefully-webkit/test-failed-1.png]]

[[ATTACHMENT|test-results/mcp-integration-MCP-Server-b3ee6-P-server-timeout-gracefully-webkit/video.webm]]

[[ATTACHMENT|test-results/mcp-integration-MCP-Server-b3ee6-P-server-timeout-gracefully-webkit/error-context.md]]
]]>
</system-out>
</testcase>
<testcase name="MCP Server Integration E2E Testing @critical › should send correct request payload to MCP server" classname="mcp-integration.spec.js" time="10.789">
<failure message="mcp-integration.spec.js:74:3 should send correct request payload to MCP server" type="FAILURE">
<![CDATA[  [webkit] › mcp-integration.spec.js:74:3 › MCP Server Integration E2E Testing @critical › should send correct request payload to MCP server 

    TimeoutError: page.fill: Timeout 10000ms exceeded.
    Call log:
      - waiting for locator('#techStackInput')


      94 |     // Generate ticket with specific parameters
      95 |     const techStackInput = 'Angular with RxJS, Angular Material, NgRx, and Jasmine testing';
    > 96 |     await page.fill('#techStackInput', techStackInput);
         |                ^
      97 |     await page.selectOption('#documentType', 'confluence');
      98 |     await page.click('#generateBtn');
      99 |     
        at /Users/david/Documents/Figa-Jira-Automations-Tool/figma-ticket-generator/browser-tests/tests/mcp-integration.spec.js:96:16

    attachment #1: screenshot (image/png) ──────────────────────────────────────────────────────────
    ../test-results/mcp-integration-MCP-Server-a0f53-quest-payload-to-MCP-server-webkit/test-failed-1.png
    ────────────────────────────────────────────────────────────────────────────────────────────────

    attachment #2: video (video/webm) ──────────────────────────────────────────────────────────────
    ../test-results/mcp-integration-MCP-Server-a0f53-quest-payload-to-MCP-server-webkit/video.webm
    ────────────────────────────────────────────────────────────────────────────────────────────────

    Error Context: ../test-results/mcp-integration-MCP-Server-a0f53-quest-payload-to-MCP-server-webkit/error-context.md
]]>
</failure>
<system-out>
<![CDATA[
[[ATTACHMENT|test-results/mcp-integration-MCP-Server-a0f53-quest-payload-to-MCP-server-webkit/test-failed-1.png]]

[[ATTACHMENT|test-results/mcp-integration-MCP-Server-a0f53-quest-payload-to-MCP-server-webkit/video.webm]]

[[ATTACHMENT|test-results/mcp-integration-MCP-Server-a0f53-quest-payload-to-MCP-server-webkit/error-context.md]]
]]>
</system-out>
</testcase>
<testcase name="MCP Server Integration E2E Testing @critical › should handle different document types with MCP integration" classname="mcp-integration.spec.js" time="10.81">
<failure message="mcp-integration.spec.js:118:3 should handle different document types with MCP integration" type="FAILURE">
<![CDATA[  [webkit] › mcp-integration.spec.js:118:3 › MCP Server Integration E2E Testing @critical › should handle different document types with MCP integration 

    TimeoutError: page.fill: Timeout 10000ms exceeded.
    Call log:
      - waiting for locator('#techStackInput')


      169 |       
      170 |       // Test the specific document type
    > 171 |       await page.fill('#techStackInput', testCase.techStack);
          |                  ^
      172 |       await page.selectOption('#documentType', testCase.type);
      173 |       await page.click('#generateBtn');
      174 |       
        at /Users/david/Documents/Figa-Jira-Automations-Tool/figma-ticket-generator/browser-tests/tests/mcp-integration.spec.js:171:18

    attachment #1: screenshot (image/png) ──────────────────────────────────────────────────────────
    ../test-results/mcp-integration-MCP-Server-b9f76--types-with-MCP-integration-webkit/test-failed-1.png
    ────────────────────────────────────────────────────────────────────────────────────────────────

    attachment #2: video (video/webm) ──────────────────────────────────────────────────────────────
    ../test-results/mcp-integration-MCP-Server-b9f76--types-with-MCP-integration-webkit/video.webm
    ────────────────────────────────────────────────────────────────────────────────────────────────

    Error Context: ../test-results/mcp-integration-MCP-Server-b9f76--types-with-MCP-integration-webkit/error-context.md
]]>
</failure>
<system-out>
<![CDATA[
[[ATTACHMENT|test-results/mcp-integration-MCP-Server-b9f76--types-with-MCP-integration-webkit/test-failed-1.png]]

[[ATTACHMENT|test-results/mcp-integration-MCP-Server-b9f76--types-with-MCP-integration-webkit/video.webm]]

[[ATTACHMENT|test-results/mcp-integration-MCP-Server-b9f76--types-with-MCP-integration-webkit/error-context.md]]
]]>
</system-out>
</testcase>
<testcase name="MCP Server Integration E2E Testing @critical › should retry failed requests with exponential backoff" classname="mcp-integration.spec.js" time="10.827">
<failure message="mcp-integration.spec.js:187:3 should retry failed requests with exponential backoff" type="FAILURE">
<![CDATA[  [webkit] › mcp-integration.spec.js:187:3 › MCP Server Integration E2E Testing @critical › should retry failed requests with exponential backoff 

    TimeoutError: page.fill: Timeout 10000ms exceeded.
    Call log:
      - waiting for locator('#techStackInput')


      210 |     
      211 |     // Generate ticket
    > 212 |     await page.fill('#techStackInput', 'React with TypeScript');
          |                ^
      213 |     await page.click('#generateBtn');
      214 |     
      215 |     // Should eventually succeed
        at /Users/david/Documents/Figa-Jira-Automations-Tool/figma-ticket-generator/browser-tests/tests/mcp-integration.spec.js:212:16

    attachment #1: screenshot (image/png) ──────────────────────────────────────────────────────────
    ../test-results/mcp-integration-MCP-Server-48f1e-ts-with-exponential-backoff-webkit/test-failed-1.png
    ────────────────────────────────────────────────────────────────────────────────────────────────

    attachment #2: video (video/webm) ──────────────────────────────────────────────────────────────
    ../test-results/mcp-integration-MCP-Server-48f1e-ts-with-exponential-backoff-webkit/video.webm
    ────────────────────────────────────────────────────────────────────────────────────────────────

    Error Context: ../test-results/mcp-integration-MCP-Server-48f1e-ts-with-exponential-backoff-webkit/error-context.md
]]>
</failure>
<system-out>
<![CDATA[
[[ATTACHMENT|test-results/mcp-integration-MCP-Server-48f1e-ts-with-exponential-backoff-webkit/test-failed-1.png]]

[[ATTACHMENT|test-results/mcp-integration-MCP-Server-48f1e-ts-with-exponential-backoff-webkit/video.webm]]

[[ATTACHMENT|test-results/mcp-integration-MCP-Server-48f1e-ts-with-exponential-backoff-webkit/error-context.md]]
]]>
</system-out>
</testcase>
<testcase name="MCP Server Integration E2E Testing @critical › should validate MCP response format and handle malformed responses" classname="mcp-integration.spec.js" time="10.776">
<failure message="mcp-integration.spec.js:226:3 should validate MCP response format and handle malformed responses" type="FAILURE">
<![CDATA[  [webkit] › mcp-integration.spec.js:226:3 › MCP Server Integration E2E Testing @critical › should validate MCP response format and handle malformed responses 

    TimeoutError: page.fill: Timeout 10000ms exceeded.
    Call log:
      - waiting for locator('#techStackInput')


      269 |       
      270 |       // Generate ticket
    > 271 |       await page.fill('#techStackInput', `Test case ${i + 1}: React with TypeScript`);
          |                  ^
      272 |       await page.click('#generateBtn');
      273 |       
      274 |       // Wait for results
        at /Users/david/Documents/Figa-Jira-Automations-Tool/figma-ticket-generator/browser-tests/tests/mcp-integration.spec.js:271:18

    attachment #1: screenshot (image/png) ──────────────────────────────────────────────────────────
    ../test-results/mcp-integration-MCP-Server-23a2c--handle-malformed-responses-webkit/test-failed-1.png
    ────────────────────────────────────────────────────────────────────────────────────────────────

    attachment #2: video (video/webm) ──────────────────────────────────────────────────────────────
    ../test-results/mcp-integration-MCP-Server-23a2c--handle-malformed-responses-webkit/video.webm
    ────────────────────────────────────────────────────────────────────────────────────────────────

    Error Context: ../test-results/mcp-integration-MCP-Server-23a2c--handle-malformed-responses-webkit/error-context.md
]]>
</failure>
<system-out>
<![CDATA[
[[ATTACHMENT|test-results/mcp-integration-MCP-Server-23a2c--handle-malformed-responses-webkit/test-failed-1.png]]

[[ATTACHMENT|test-results/mcp-integration-MCP-Server-23a2c--handle-malformed-responses-webkit/video.webm]]

[[ATTACHMENT|test-results/mcp-integration-MCP-Server-23a2c--handle-malformed-responses-webkit/error-context.md]]
]]>
</system-out>
</testcase>
<testcase name="MCP Server Integration E2E Testing @critical › should monitor MCP server performance metrics" classname="mcp-integration.spec.js" time="10.806">
<failure message="mcp-integration.spec.js:292:3 should monitor MCP server performance metrics" type="FAILURE">
<![CDATA[  [webkit] › mcp-integration.spec.js:292:3 › MCP Server Integration E2E Testing @critical › should monitor MCP server performance metrics 

    TimeoutError: page.fill: Timeout 10000ms exceeded.
    Call log:
      - waiting for locator('#techStackInput')


      318 |     
      319 |     // Generate ticket
    > 320 |     await page.fill('#techStackInput', 'Complex: React with TypeScript, Redux Toolkit, React Query, Material-UI, Formik, Yup validation, React Testing Library, MSW, Storybook');
          |                ^
      321 |     await page.click('#generateBtn');
      322 |     
      323 |     // Wait for completion
        at /Users/david/Documents/Figa-Jira-Automations-Tool/figma-ticket-generator/browser-tests/tests/mcp-integration.spec.js:320:16

    attachment #1: screenshot (image/png) ──────────────────────────────────────────────────────────
    ../test-results/mcp-integration-MCP-Server-78469--server-performance-metrics-webkit/test-failed-1.png
    ────────────────────────────────────────────────────────────────────────────────────────────────

    attachment #2: video (video/webm) ──────────────────────────────────────────────────────────────
    ../test-results/mcp-integration-MCP-Server-78469--server-performance-metrics-webkit/video.webm
    ────────────────────────────────────────────────────────────────────────────────────────────────

    Error Context: ../test-results/mcp-integration-MCP-Server-78469--server-performance-metrics-webkit/error-context.md
]]>
</failure>
<system-out>
<![CDATA[
[[ATTACHMENT|test-results/mcp-integration-MCP-Server-78469--server-performance-metrics-webkit/test-failed-1.png]]

[[ATTACHMENT|test-results/mcp-integration-MCP-Server-78469--server-performance-metrics-webkit/video.webm]]

[[ATTACHMENT|test-results/mcp-integration-MCP-Server-78469--server-performance-metrics-webkit/error-context.md]]
]]>
</system-out>
</testcase>
</testsuite>
<testsuite name="ui-ux-experience.spec.js" timestamp="2025-10-23T02:33:00.593Z" hostname="webkit" tests="14" failures="14" skipped="0" time="121.505" errors="0">
<testcase name="UI/UX Experience Testing @smoke › should have responsive design across different viewports" classname="ui-ux-experience.spec.js" time="5.804">
<failure message="ui-ux-experience.spec.js:10:3 should have responsive design across different viewports" type="FAILURE">
<![CDATA[  [webkit] › ui-ux-experience.spec.js:10:3 › UI/UX Experience Testing @smoke › should have responsive design across different viewports 

    Error: expect(locator).toBeVisible() failed

    Locator: locator('#app')
    Expected: visible
    Timeout: 5000ms
    Error: element(s) not found

    Call log:
      - Expect "toBeVisible" with timeout 5000ms
      - waiting for locator('#app')


      11 |     // Test desktop viewport
      12 |     await page.setViewportSize({ width: 1280, height: 720 });
    > 13 |     await expect(page.locator('#app')).toBeVisible();
         |                                        ^
      14 |     await expect(page.locator('#generator-tab .content')).toBeVisible();
      15 |     
      16 |     // Test tablet viewport
        at /Users/david/Documents/Figa-Jira-Automations-Tool/figma-ticket-generator/browser-tests/tests/ui-ux-experience.spec.js:13:40

    attachment #1: screenshot (image/png) ──────────────────────────────────────────────────────────
    ../test-results/ui-ux-experience-UI-UX-Exp-dd71f--across-different-viewports-webkit/test-failed-1.png
    ────────────────────────────────────────────────────────────────────────────────────────────────

    attachment #2: video (video/webm) ──────────────────────────────────────────────────────────────
    ../test-results/ui-ux-experience-UI-UX-Exp-dd71f--across-different-viewports-webkit/video.webm
    ────────────────────────────────────────────────────────────────────────────────────────────────

    Error Context: ../test-results/ui-ux-experience-UI-UX-Exp-dd71f--across-different-viewports-webkit/error-context.md
]]>
</failure>
<system-out>
<![CDATA[
[[ATTACHMENT|test-results/ui-ux-experience-UI-UX-Exp-dd71f--across-different-viewports-webkit/test-failed-1.png]]

[[ATTACHMENT|test-results/ui-ux-experience-UI-UX-Exp-dd71f--across-different-viewports-webkit/video.webm]]

[[ATTACHMENT|test-results/ui-ux-experience-UI-UX-Exp-dd71f--across-different-viewports-webkit/error-context.md]]
]]>
</system-out>
</testcase>
<testcase name="UI/UX Experience Testing @smoke › should show proper loading animations and states" classname="ui-ux-experience.spec.js" time="10.788">
<failure message="ui-ux-experience.spec.js:31:3 should show proper loading animations and states" type="FAILURE">
<![CDATA[  [webkit] › ui-ux-experience.spec.js:31:3 › UI/UX Experience Testing @smoke › should show proper loading animations and states 

    TimeoutError: page.fill: Timeout 10000ms exceeded.
    Call log:
      - waiting for locator('#techStackInput')


      31 |   test('should show proper loading animations and states', async ({ page }) => {
      32 |     // Fill input to enable generation
    > 33 |     await page.fill('#techStackInput', 'React with TypeScript and Material-UI');
         |                ^
      34 |     
      35 |     // Mock slow response to test loading states
      36 |     await page.route('**/generate-enhanced-ticket', async route => {
        at /Users/david/Documents/Figa-Jira-Automations-Tool/figma-ticket-generator/browser-tests/tests/ui-ux-experience.spec.js:33:16

    attachment #1: screenshot (image/png) ──────────────────────────────────────────────────────────
    ../test-results/ui-ux-experience-UI-UX-Exp-3f210-ading-animations-and-states-webkit/test-failed-1.png
    ────────────────────────────────────────────────────────────────────────────────────────────────

    attachment #2: video (video/webm) ──────────────────────────────────────────────────────────────
    ../test-results/ui-ux-experience-UI-UX-Exp-3f210-ading-animations-and-states-webkit/video.webm
    ────────────────────────────────────────────────────────────────────────────────────────────────

    Error Context: ../test-results/ui-ux-experience-UI-UX-Exp-3f210-ading-animations-and-states-webkit/error-context.md
]]>
</failure>
<system-out>
<![CDATA[
[[ATTACHMENT|test-results/ui-ux-experience-UI-UX-Exp-3f210-ading-animations-and-states-webkit/test-failed-1.png]]

[[ATTACHMENT|test-results/ui-ux-experience-UI-UX-Exp-3f210-ading-animations-and-states-webkit/video.webm]]

[[ATTACHMENT|test-results/ui-ux-experience-UI-UX-Exp-3f210-ading-animations-and-states-webkit/error-context.md]]
]]>
</system-out>
</testcase>
<testcase name="UI/UX Experience Testing @smoke › should display confidence indicators with proper styling" classname="ui-ux-experience.spec.js" time="10.787">
<failure message="ui-ux-experience.spec.js:63:3 should display confidence indicators with proper styling" type="FAILURE">
<![CDATA[  [webkit] › ui-ux-experience.spec.js:63:3 › UI/UX Experience Testing @smoke › should display confidence indicators with proper styling 

    TimeoutError: page.fill: Timeout 10000ms exceeded.
    Call log:
      - waiting for locator('#techStackInput')


      78 |     
      79 |     for (const testCase of testCases) {
    > 80 |       await page.fill('#techStackInput', testCase.input);
         |                  ^
      81 |       await page.dispatchEvent('#techStackInput', 'input');
      82 |       
      83 |       // Wait for parsing
        at /Users/david/Documents/Figa-Jira-Automations-Tool/figma-ticket-generator/browser-tests/tests/ui-ux-experience.spec.js:80:18

    attachment #1: screenshot (image/png) ──────────────────────────────────────────────────────────
    ../test-results/ui-ux-experience-UI-UX-Exp-56438-icators-with-proper-styling-webkit/test-failed-1.png
    ────────────────────────────────────────────────────────────────────────────────────────────────

    attachment #2: video (video/webm) ──────────────────────────────────────────────────────────────
    ../test-results/ui-ux-experience-UI-UX-Exp-56438-icators-with-proper-styling-webkit/video.webm
    ────────────────────────────────────────────────────────────────────────────────────────────────

    Error Context: ../test-results/ui-ux-experience-UI-UX-Exp-56438-icators-with-proper-styling-webkit/error-context.md
]]>
</failure>
<system-out>
<![CDATA[
[[ATTACHMENT|test-results/ui-ux-experience-UI-UX-Exp-56438-icators-with-proper-styling-webkit/test-failed-1.png]]

[[ATTACHMENT|test-results/ui-ux-experience-UI-UX-Exp-56438-icators-with-proper-styling-webkit/video.webm]]

[[ATTACHMENT|test-results/ui-ux-experience-UI-UX-Exp-56438-icators-with-proper-styling-webkit/error-context.md]]
]]>
</system-out>
</testcase>
<testcase name="UI/UX Experience Testing @smoke › should show interactive suggestion pills" classname="ui-ux-experience.spec.js" time="10.783">
<failure message="ui-ux-experience.spec.js:105:3 should show interactive suggestion pills" type="FAILURE">
<![CDATA[  [webkit] › ui-ux-experience.spec.js:105:3 › UI/UX Experience Testing @smoke › should show interactive suggestion pills 

    TimeoutError: page.fill: Timeout 10000ms exceeded.
    Call log:
      - waiting for locator('#techStackInput')


      104 |
      105 |   test('should show interactive suggestion pills', async ({ page }) => {
    > 106 |     await page.fill('#techStackInput', 'React TypeScript');
          |                ^
      107 |     await page.dispatchEvent('#techStackInput', 'input');
      108 |     
      109 |     // Wait for suggestions to appear
        at /Users/david/Documents/Figa-Jira-Automations-Tool/figma-ticket-generator/browser-tests/tests/ui-ux-experience.spec.js:106:16

    attachment #1: screenshot (image/png) ──────────────────────────────────────────────────────────
    ../test-results/ui-ux-experience-UI-UX-Exp-0ee59-nteractive-suggestion-pills-webkit/test-failed-1.png
    ────────────────────────────────────────────────────────────────────────────────────────────────

    attachment #2: video (video/webm) ──────────────────────────────────────────────────────────────
    ../test-results/ui-ux-experience-UI-UX-Exp-0ee59-nteractive-suggestion-pills-webkit/video.webm
    ────────────────────────────────────────────────────────────────────────────────────────────────

    Error Context: ../test-results/ui-ux-experience-UI-UX-Exp-0ee59-nteractive-suggestion-pills-webkit/error-context.md
]]>
</failure>
<system-out>
<![CDATA[
[[ATTACHMENT|test-results/ui-ux-experience-UI-UX-Exp-0ee59-nteractive-suggestion-pills-webkit/test-failed-1.png]]

[[ATTACHMENT|test-results/ui-ux-experience-UI-UX-Exp-0ee59-nteractive-suggestion-pills-webkit/video.webm]]

[[ATTACHMENT|test-results/ui-ux-experience-UI-UX-Exp-0ee59-nteractive-suggestion-pills-webkit/error-context.md]]
]]>
</system-out>
</testcase>
<testcase name="UI/UX Experience Testing @smoke › should handle error states gracefully with proper styling" classname="ui-ux-experience.spec.js" time="10.818">
<failure message="ui-ux-experience.spec.js:130:3 should handle error states gracefully with proper styling" type="FAILURE">
<![CDATA[  [webkit] › ui-ux-experience.spec.js:130:3 › UI/UX Experience Testing @smoke › should handle error states gracefully with proper styling 

    TimeoutError: page.click: Timeout 10000ms exceeded.
    Call log:
      - waiting for locator('#generate')


      130 |   test('should handle error states gracefully with proper styling', async ({ page }) => {
      131 |     // Test empty input error
    > 132 |     await page.click('#generate');
          |                ^
      133 |     
      134 |     const errorMessage = page.locator('.error-message');
      135 |     await expect(errorMessage).toBeVisible();
        at /Users/david/Documents/Figa-Jira-Automations-Tool/figma-ticket-generator/browser-tests/tests/ui-ux-experience.spec.js:132:16

    attachment #1: screenshot (image/png) ──────────────────────────────────────────────────────────
    ../test-results/ui-ux-experience-UI-UX-Exp-80c6b-cefully-with-proper-styling-webkit/test-failed-1.png
    ────────────────────────────────────────────────────────────────────────────────────────────────

    attachment #2: video (video/webm) ──────────────────────────────────────────────────────────────
    ../test-results/ui-ux-experience-UI-UX-Exp-80c6b-cefully-with-proper-styling-webkit/video.webm
    ────────────────────────────────────────────────────────────────────────────────────────────────

    Error Context: ../test-results/ui-ux-experience-UI-UX-Exp-80c6b-cefully-with-proper-styling-webkit/error-context.md
]]>
</failure>
<system-out>
<![CDATA[
[[ATTACHMENT|test-results/ui-ux-experience-UI-UX-Exp-80c6b-cefully-with-proper-styling-webkit/test-failed-1.png]]

[[ATTACHMENT|test-results/ui-ux-experience-UI-UX-Exp-80c6b-cefully-with-proper-styling-webkit/video.webm]]

[[ATTACHMENT|test-results/ui-ux-experience-UI-UX-Exp-80c6b-cefully-with-proper-styling-webkit/error-context.md]]
]]>
</system-out>
</testcase>
<testcase name="UI/UX Experience Testing @smoke › should show proper visual feedback for copy action" classname="ui-ux-experience.spec.js" time="10.789">
<failure message="ui-ux-experience.spec.js:144:3 should show proper visual feedback for copy action" type="FAILURE">
<![CDATA[  [webkit] › ui-ux-experience.spec.js:144:3 › UI/UX Experience Testing @smoke › should show proper visual feedback for copy action 

    TimeoutError: page.fill: Timeout 10000ms exceeded.
    Call log:
      - waiting for locator('#techStackInput')


      144 |   test('should show proper visual feedback for copy action', async ({ page }) => {
      145 |     // Generate content first
    > 146 |     await page.fill('#techStackInput', 'Angular with TypeScript');
          |                ^
      147 |     await page.click('#generate');
      148 |     await page.waitForSelector('#results', { state: 'visible', timeout: 20000 });
      149 |     
        at /Users/david/Documents/Figa-Jira-Automations-Tool/figma-ticket-generator/browser-tests/tests/ui-ux-experience.spec.js:146:16

    attachment #1: screenshot (image/png) ──────────────────────────────────────────────────────────
    ../test-results/ui-ux-experience-UI-UX-Exp-b36f5-al-feedback-for-copy-action-webkit/test-failed-1.png
    ────────────────────────────────────────────────────────────────────────────────────────────────

    attachment #2: video (video/webm) ──────────────────────────────────────────────────────────────
    ../test-results/ui-ux-experience-UI-UX-Exp-b36f5-al-feedback-for-copy-action-webkit/video.webm
    ────────────────────────────────────────────────────────────────────────────────────────────────

    Error Context: ../test-results/ui-ux-experience-UI-UX-Exp-b36f5-al-feedback-for-copy-action-webkit/error-context.md
]]>
</failure>
<system-out>
<![CDATA[
[[ATTACHMENT|test-results/ui-ux-experience-UI-UX-Exp-b36f5-al-feedback-for-copy-action-webkit/test-failed-1.png]]

[[ATTACHMENT|test-results/ui-ux-experience-UI-UX-Exp-b36f5-al-feedback-for-copy-action-webkit/video.webm]]

[[ATTACHMENT|test-results/ui-ux-experience-UI-UX-Exp-b36f5-al-feedback-for-copy-action-webkit/error-context.md]]
]]>
</system-out>
</testcase>
<testcase name="UI/UX Experience Testing @smoke › should maintain visual consistency across different document types" classname="ui-ux-experience.spec.js" time="10.84">
<failure message="ui-ux-experience.spec.js:166:3 should maintain visual consistency across different document types" type="FAILURE">
<![CDATA[  [webkit] › ui-ux-experience.spec.js:166:3 › UI/UX Experience Testing @smoke › should maintain visual consistency across different document types 

    TimeoutError: page.selectOption: Timeout 10000ms exceeded.
    Call log:
      - waiting for locator('#documentType')


      168 |     
      169 |     for (const docType of documentTypes) {
    > 170 |       await page.selectOption('#documentType', docType);
          |                  ^
      171 |       
      172 |       // UI should remain consistent
      173 |       await expect(page.locator('#documentType')).toBeVisible();
        at /Users/david/Documents/Figa-Jira-Automations-Tool/figma-ticket-generator/browser-tests/tests/ui-ux-experience.spec.js:170:18

    attachment #1: screenshot (image/png) ──────────────────────────────────────────────────────────
    ../test-results/ui-ux-experience-UI-UX-Exp-efb6a-ss-different-document-types-webkit/test-failed-1.png
    ────────────────────────────────────────────────────────────────────────────────────────────────

    attachment #2: video (video/webm) ──────────────────────────────────────────────────────────────
    ../test-results/ui-ux-experience-UI-UX-Exp-efb6a-ss-different-document-types-webkit/video.webm
    ────────────────────────────────────────────────────────────────────────────────────────────────

    Error Context: ../test-results/ui-ux-experience-UI-UX-Exp-efb6a-ss-different-document-types-webkit/error-context.md
]]>
</failure>
<system-out>
<![CDATA[
[[ATTACHMENT|test-results/ui-ux-experience-UI-UX-Exp-efb6a-ss-different-document-types-webkit/test-failed-1.png]]

[[ATTACHMENT|test-results/ui-ux-experience-UI-UX-Exp-efb6a-ss-different-document-types-webkit/video.webm]]

[[ATTACHMENT|test-results/ui-ux-experience-UI-UX-Exp-efb6a-ss-different-document-types-webkit/error-context.md]]
]]>
</system-out>
</testcase>
<testcase name="UI/UX Experience Testing @smoke › should display proper typography and spacing" classname="ui-ux-experience.spec.js" time="5.908">
<failure message="ui-ux-experience.spec.js:184:3 should display proper typography and spacing" type="FAILURE">
<![CDATA[  [webkit] › ui-ux-experience.spec.js:184:3 › UI/UX Experience Testing @smoke › should display proper typography and spacing 

    Error: expect(locator).toHaveCSS(expected) failed

    Locator: locator('h1')
    Expected pattern: /24px|1\.5rem/
    Received string:  "32px"
    Timeout: 5000ms

    Call log:
      - Expect "toHaveCSS" with timeout 5000ms
      - waiting for locator('h1')
        9 × locator resolved to <h1>Error response</h1>
          - unexpected value "32px"


      185 |     // Check main heading typography
      186 |     const heading = page.locator('h1');
    > 187 |     await expect(heading).toHaveCSS('font-size', /24px|1\.5rem/);
          |                           ^
      188 |     await expect(heading).toHaveCSS('font-weight', /600|bold/);
      189 |     
      190 |     // Check subtitle styling
        at /Users/david/Documents/Figa-Jira-Automations-Tool/figma-ticket-generator/browser-tests/tests/ui-ux-experience.spec.js:187:27

    attachment #1: screenshot (image/png) ──────────────────────────────────────────────────────────
    ../test-results/ui-ux-experience-UI-UX-Exp-0f64e-oper-typography-and-spacing-webkit/test-failed-1.png
    ────────────────────────────────────────────────────────────────────────────────────────────────

    attachment #2: video (video/webm) ──────────────────────────────────────────────────────────────
    ../test-results/ui-ux-experience-UI-UX-Exp-0f64e-oper-typography-and-spacing-webkit/video.webm
    ────────────────────────────────────────────────────────────────────────────────────────────────

    Error Context: ../test-results/ui-ux-experience-UI-UX-Exp-0f64e-oper-typography-and-spacing-webkit/error-context.md
]]>
</failure>
<system-out>
<![CDATA[
[[ATTACHMENT|test-results/ui-ux-experience-UI-UX-Exp-0f64e-oper-typography-and-spacing-webkit/test-failed-1.png]]

[[ATTACHMENT|test-results/ui-ux-experience-UI-UX-Exp-0f64e-oper-typography-and-spacing-webkit/video.webm]]

[[ATTACHMENT|test-results/ui-ux-experience-UI-UX-Exp-0f64e-oper-typography-and-spacing-webkit/error-context.md]]
]]>
</system-out>
</testcase>
<testcase name="UI/UX Experience Testing @smoke › should handle focus states and keyboard navigation" classname="ui-ux-experience.spec.js" time="5.788">
<failure message="ui-ux-experience.spec.js:205:3 should handle focus states and keyboard navigation" type="FAILURE">
<![CDATA[  [webkit] › ui-ux-experience.spec.js:205:3 › UI/UX Experience Testing @smoke › should handle focus states and keyboard navigation 

    Error: expect(locator).toBeFocused() failed

    Locator: locator('#techStackInput')
    Expected: focused
    Timeout: 5000ms
    Error: element(s) not found

    Call log:
      - Expect "toBeFocused" with timeout 5000ms
      - waiting for locator('#techStackInput')


      206 |     // Test tab navigation
      207 |     await page.keyboard.press('Tab');
    > 208 |     await expect(page.locator('#techStackInput')).toBeFocused();
          |                                                   ^
      209 |     
      210 |     await page.keyboard.press('Tab');
      211 |     await expect(page.locator('#documentType')).toBeFocused();
        at /Users/david/Documents/Figa-Jira-Automations-Tool/figma-ticket-generator/browser-tests/tests/ui-ux-experience.spec.js:208:51

    attachment #1: screenshot (image/png) ──────────────────────────────────────────────────────────
    ../test-results/ui-ux-experience-UI-UX-Exp-f3fb3-tes-and-keyboard-navigation-webkit/test-failed-1.png
    ────────────────────────────────────────────────────────────────────────────────────────────────

    attachment #2: video (video/webm) ──────────────────────────────────────────────────────────────
    ../test-results/ui-ux-experience-UI-UX-Exp-f3fb3-tes-and-keyboard-navigation-webkit/video.webm
    ────────────────────────────────────────────────────────────────────────────────────────────────

    Error Context: ../test-results/ui-ux-experience-UI-UX-Exp-f3fb3-tes-and-keyboard-navigation-webkit/error-context.md
]]>
</failure>
<system-out>
<![CDATA[
[[ATTACHMENT|test-results/ui-ux-experience-UI-UX-Exp-f3fb3-tes-and-keyboard-navigation-webkit/test-failed-1.png]]

[[ATTACHMENT|test-results/ui-ux-experience-UI-UX-Exp-f3fb3-tes-and-keyboard-navigation-webkit/video.webm]]

[[ATTACHMENT|test-results/ui-ux-experience-UI-UX-Exp-f3fb3-tes-and-keyboard-navigation-webkit/error-context.md]]
]]>
</system-out>
</testcase>
<testcase name="UI/UX Experience Testing @smoke › should display results with proper formatting and styling" classname="ui-ux-experience.spec.js" time="10.849">
<failure message="ui-ux-experience.spec.js:227:3 should display results with proper formatting and styling" type="FAILURE">
<![CDATA[  [webkit] › ui-ux-experience.spec.js:227:3 › UI/UX Experience Testing @smoke › should display results with proper formatting and styling 

    TimeoutError: page.fill: Timeout 10000ms exceeded.
    Call log:
      - waiting for locator('#techStackInput')


      227 |   test('should display results with proper formatting and styling', async ({ page }) => {
      228 |     // Generate content
    > 229 |     await page.fill('#techStackInput', 'Next.js with TypeScript and Tailwind CSS');
          |                ^
      230 |     await page.click('#generate');
      231 |     await page.waitForSelector('#results', { state: 'visible', timeout: 20000 });
      232 |     
        at /Users/david/Documents/Figa-Jira-Automations-Tool/figma-ticket-generator/browser-tests/tests/ui-ux-experience.spec.js:229:16

    attachment #1: screenshot (image/png) ──────────────────────────────────────────────────────────
    ../test-results/ui-ux-experience-UI-UX-Exp-2d322-oper-formatting-and-styling-webkit/test-failed-1.png
    ────────────────────────────────────────────────────────────────────────────────────────────────

    attachment #2: video (video/webm) ──────────────────────────────────────────────────────────────
    ../test-results/ui-ux-experience-UI-UX-Exp-2d322-oper-formatting-and-styling-webkit/video.webm
    ────────────────────────────────────────────────────────────────────────────────────────────────

    Error Context: ../test-results/ui-ux-experience-UI-UX-Exp-2d322-oper-formatting-and-styling-webkit/error-context.md
]]>
</failure>
<system-out>
<![CDATA[
[[ATTACHMENT|test-results/ui-ux-experience-UI-UX-Exp-2d322-oper-formatting-and-styling-webkit/test-failed-1.png]]

[[ATTACHMENT|test-results/ui-ux-experience-UI-UX-Exp-2d322-oper-formatting-and-styling-webkit/video.webm]]

[[ATTACHMENT|test-results/ui-ux-experience-UI-UX-Exp-2d322-oper-formatting-and-styling-webkit/error-context.md]]
]]>
</system-out>
</testcase>
<testcase name="UI/UX Experience Testing @smoke › should have enhanced tech stack interface with suggestion pills" classname="ui-ux-experience.spec.js" time="5.812">
<failure message="ui-ux-experience.spec.js:249:3 should have enhanced tech stack interface with suggestion pills" type="FAILURE">
<![CDATA[  [webkit] › ui-ux-experience.spec.js:249:3 › UI/UX Experience Testing @smoke › should have enhanced tech stack interface with suggestion pills 

    Error: expect(locator).toBeVisible() failed

    Locator: locator('.tech-stack-header')
    Expected: visible
    Timeout: 5000ms
    Error: element(s) not found

    Call log:
      - Expect "toBeVisible" with timeout 5000ms
      - waiting for locator('.tech-stack-header')


      249 |   test('should have enhanced tech stack interface with suggestion pills', async ({ page }) => {
      250 |     // Check for tech stack header with AI-powered badge
    > 251 |     await expect(page.locator('.tech-stack-header')).toBeVisible();
          |                                                      ^
      252 |     await expect(page.locator('.ai-powered-badge')).toBeVisible();
      253 |     await expect(page.locator('.ai-powered-badge')).toHaveText('AI-Powered');
      254 |     
        at /Users/david/Documents/Figa-Jira-Automations-Tool/figma-ticket-generator/browser-tests/tests/ui-ux-experience.spec.js:251:54

    attachment #1: screenshot (image/png) ──────────────────────────────────────────────────────────
    ../test-results/ui-ux-experience-UI-UX-Exp-cad46-rface-with-suggestion-pills-webkit/test-failed-1.png
    ────────────────────────────────────────────────────────────────────────────────────────────────

    attachment #2: video (video/webm) ──────────────────────────────────────────────────────────────
    ../test-results/ui-ux-experience-UI-UX-Exp-cad46-rface-with-suggestion-pills-webkit/video.webm
    ────────────────────────────────────────────────────────────────────────────────────────────────

    Error Context: ../test-results/ui-ux-experience-UI-UX-Exp-cad46-rface-with-suggestion-pills-webkit/error-context.md
]]>
</failure>
<system-out>
<![CDATA[
[[ATTACHMENT|test-results/ui-ux-experience-UI-UX-Exp-cad46-rface-with-suggestion-pills-webkit/test-failed-1.png]]

[[ATTACHMENT|test-results/ui-ux-experience-UI-UX-Exp-cad46-rface-with-suggestion-pills-webkit/video.webm]]

[[ATTACHMENT|test-results/ui-ux-experience-UI-UX-Exp-cad46-rface-with-suggestion-pills-webkit/error-context.md]]
]]>
</system-out>
</testcase>
<testcase name="UI/UX Experience Testing @smoke › should handle tech stack parse button functionality" classname="ui-ux-experience.spec.js" time="5.888">
<failure message="ui-ux-experience.spec.js:273:3 should handle tech stack parse button functionality" type="FAILURE">
<![CDATA[  [webkit] › ui-ux-experience.spec.js:273:3 › UI/UX Experience Testing @smoke › should handle tech stack parse button functionality 

    Error: expect(locator).toBeVisible() failed

    Locator: locator('.parse-tech-stack')
    Expected: visible
    Timeout: 5000ms
    Error: element(s) not found

    Call log:
      - Expect "toBeVisible" with timeout 5000ms
      - waiting for locator('.parse-tech-stack')


      276 |     
      277 |     // Parse button should be visible
    > 278 |     await expect(parseButton).toBeVisible();
          |                               ^
      279 |     await expect(parseButton).toHaveText(/Parse Tech Stack/);
      280 |     
      281 |     // Test empty input validation
        at /Users/david/Documents/Figa-Jira-Automations-Tool/figma-ticket-generator/browser-tests/tests/ui-ux-experience.spec.js:278:31

    attachment #1: screenshot (image/png) ──────────────────────────────────────────────────────────
    ../test-results/ui-ux-experience-UI-UX-Exp-2c5a3--parse-button-functionality-webkit/test-failed-1.png
    ────────────────────────────────────────────────────────────────────────────────────────────────

    attachment #2: video (video/webm) ──────────────────────────────────────────────────────────────
    ../test-results/ui-ux-experience-UI-UX-Exp-2c5a3--parse-button-functionality-webkit/video.webm
    ────────────────────────────────────────────────────────────────────────────────────────────────

    Error Context: ../test-results/ui-ux-experience-UI-UX-Exp-2c5a3--parse-button-functionality-webkit/error-context.md
]]>
</failure>
<system-out>
<![CDATA[
[[ATTACHMENT|test-results/ui-ux-experience-UI-UX-Exp-2c5a3--parse-button-functionality-webkit/test-failed-1.png]]

[[ATTACHMENT|test-results/ui-ux-experience-UI-UX-Exp-2c5a3--parse-button-functionality-webkit/video.webm]]

[[ATTACHMENT|test-results/ui-ux-experience-UI-UX-Exp-2c5a3--parse-button-functionality-webkit/error-context.md]]
]]>
</system-out>
</testcase>
<testcase name="UI/UX Experience Testing @smoke › should display different colored suggestion pills for different tech types" classname="ui-ux-experience.spec.js" time="5.864">
<failure message="ui-ux-experience.spec.js:302:3 should display different colored suggestion pills for different tech types" type="FAILURE">
<![CDATA[  [webkit] › ui-ux-experience.spec.js:302:3 › UI/UX Experience Testing @smoke › should display different colored suggestion pills for different tech types 

    Error: expect(locator).toBeVisible() failed

    Locator: locator('.suggestions-grid .suggestion-pill[data-type="react"]')
    Expected: visible
    Timeout: 5000ms
    Error: element(s) not found

    Call log:
      - Expect "toBeVisible" with timeout 5000ms
      - waiting for locator('.suggestions-grid .suggestion-pill[data-type="react"]')


      306 |     
      307 |     // Check React pill styling
    > 308 |     await expect(reactPill).toBeVisible();
          |                             ^
      309 |     await expect(reactPill).toHaveCSS('border-color', /rgb\(97, 218, 251\)/);
      310 |     
      311 |     // Check Vue pill styling
        at /Users/david/Documents/Figa-Jira-Automations-Tool/figma-ticket-generator/browser-tests/tests/ui-ux-experience.spec.js:308:29

    attachment #1: screenshot (image/png) ──────────────────────────────────────────────────────────
    ../test-results/ui-ux-experience-UI-UX-Exp-15b63-ls-for-different-tech-types-webkit/test-failed-1.png
    ────────────────────────────────────────────────────────────────────────────────────────────────

    attachment #2: video (video/webm) ──────────────────────────────────────────────────────────────
    ../test-results/ui-ux-experience-UI-UX-Exp-15b63-ls-for-different-tech-types-webkit/video.webm
    ────────────────────────────────────────────────────────────────────────────────────────────────

    Error Context: ../test-results/ui-ux-experience-UI-UX-Exp-15b63-ls-for-different-tech-types-webkit/error-context.md
]]>
</failure>
<system-out>
<![CDATA[
[[ATTACHMENT|test-results/ui-ux-experience-UI-UX-Exp-15b63-ls-for-different-tech-types-webkit/test-failed-1.png]]

[[ATTACHMENT|test-results/ui-ux-experience-UI-UX-Exp-15b63-ls-for-different-tech-types-webkit/video.webm]]

[[ATTACHMENT|test-results/ui-ux-experience-UI-UX-Exp-15b63-ls-for-different-tech-types-webkit/error-context.md]]
]]>
</system-out>
</testcase>
<testcase name="UI/UX Experience Testing @smoke › should show confidence indicator with proper styling and animation" classname="ui-ux-experience.spec.js" time="10.787">
<failure message="ui-ux-experience.spec.js:324:3 should show confidence indicator with proper styling and animation" type="FAILURE">
<![CDATA[  [webkit] › ui-ux-experience.spec.js:324:3 › UI/UX Experience Testing @smoke › should show confidence indicator with proper styling and animation 

    TimeoutError: page.fill: Timeout 10000ms exceeded.
    Call log:
      - waiting for locator('#techStackInput')


      324 |   test('should show confidence indicator with proper styling and animation', async ({ page }) => {
      325 |     // Fill tech stack to trigger confidence indicator
    > 326 |     await page.fill('#techStackInput', 'React with TypeScript, Material-UI, and Redux Toolkit for state management');
          |                ^
      327 |     
      328 |     // Wait for confidence indicator to appear
      329 |     await expect(page.locator('.parse-button-container .confidence-indicator.show')).toBeVisible();
        at /Users/david/Documents/Figa-Jira-Automations-Tool/figma-ticket-generator/browser-tests/tests/ui-ux-experience.spec.js:326:16

    attachment #1: screenshot (image/png) ──────────────────────────────────────────────────────────
    ../test-results/ui-ux-experience-UI-UX-Exp-eb767-roper-styling-and-animation-webkit/test-failed-1.png
    ────────────────────────────────────────────────────────────────────────────────────────────────

    attachment #2: video (video/webm) ──────────────────────────────────────────────────────────────
    ../test-results/ui-ux-experience-UI-UX-Exp-eb767-roper-styling-and-animation-webkit/video.webm
    ────────────────────────────────────────────────────────────────────────────────────────────────

    Error Context: ../test-results/ui-ux-experience-UI-UX-Exp-eb767-roper-styling-and-animation-webkit/error-context.md
]]>
</failure>
<system-out>
<![CDATA[
[[ATTACHMENT|test-results/ui-ux-experience-UI-UX-Exp-eb767-roper-styling-and-animation-webkit/test-failed-1.png]]

[[ATTACHMENT|test-results/ui-ux-experience-UI-UX-Exp-eb767-roper-styling-and-animation-webkit/video.webm]]

[[ATTACHMENT|test-results/ui-ux-experience-UI-UX-Exp-eb767-roper-styling-and-animation-webkit/error-context.md]]
]]>
</system-out>
</testcase>
</testsuite>
<testsuite name="visual-interactive.spec.js" timestamp="2025-10-23T02:33:00.593Z" hostname="webkit" tests="11" failures="10" skipped="0" time="104.817" errors="0">
<testcase name="Visual Regression Testing › should match initial UI layout screenshot" classname="visual-interactive.spec.js" time="5.791">
<failure message="visual-interactive.spec.js:10:3 should match initial UI layout screenshot" type="FAILURE">
<![CDATA[  [webkit] › visual-interactive.spec.js:10:3 › Visual Regression Testing › should match initial UI layout screenshot 

    Error: expect(locator).toBeVisible() failed

    Locator: locator('#app')
    Expected: visible
    Timeout: 5000ms
    Error: element(s) not found

    Call log:
      - Expect "toBeVisible" with timeout 5000ms
      - waiting for locator('#app')


      10 |   test('should match initial UI layout screenshot', async ({ page }) => {
      11 |     // Wait for all elements to be stable
    > 12 |     await expect(page.locator('#app')).toBeVisible();
         |                                        ^
      13 |     await page.waitForTimeout(1000); // Allow for any animations to settle
      14 |     
      15 |     // Take full page screenshot
        at /Users/david/Documents/Figa-Jira-Automations-Tool/figma-ticket-generator/browser-tests/tests/visual-interactive.spec.js:12:40

    attachment #1: screenshot (image/png) ──────────────────────────────────────────────────────────
    ../test-results/visual-interactive-Visual--0dfff-nitial-UI-layout-screenshot-webkit/test-failed-1.png
    ────────────────────────────────────────────────────────────────────────────────────────────────

    attachment #2: video (video/webm) ──────────────────────────────────────────────────────────────
    ../test-results/visual-interactive-Visual--0dfff-nitial-UI-layout-screenshot-webkit/video.webm
    ────────────────────────────────────────────────────────────────────────────────────────────────

    Error Context: ../test-results/visual-interactive-Visual--0dfff-nitial-UI-layout-screenshot-webkit/error-context.md
]]>
</failure>
<system-out>
<![CDATA[
[[ATTACHMENT|test-results/visual-interactive-Visual--0dfff-nitial-UI-layout-screenshot-webkit/test-failed-1.png]]

[[ATTACHMENT|test-results/visual-interactive-Visual--0dfff-nitial-UI-layout-screenshot-webkit/video.webm]]

[[ATTACHMENT|test-results/visual-interactive-Visual--0dfff-nitial-UI-layout-screenshot-webkit/error-context.md]]
]]>
</system-out>
</testcase>
<testcase name="Visual Regression Testing › should match confidence indicator appearance" classname="visual-interactive.spec.js" time="10.838">
<failure message="visual-interactive.spec.js:22:3 should match confidence indicator appearance" type="FAILURE">
<![CDATA[  [webkit] › visual-interactive.spec.js:22:3 › Visual Regression Testing › should match confidence indicator appearance 

    TimeoutError: page.fill: Timeout 10000ms exceeded.
    Call log:
      - waiting for locator('#techStackInput')


      22 |   test('should match confidence indicator appearance', async ({ page }) => {
      23 |     // Fill input to trigger confidence indicator
    > 24 |     await page.fill('#techStackInput', 'React with TypeScript, Material-UI, and Jest');
         |                ^
      25 |     await page.dispatchEvent('#techStackInput', 'input');
      26 |     
      27 |     // Wait for parsing and confidence indicator
        at /Users/david/Documents/Figa-Jira-Automations-Tool/figma-ticket-generator/browser-tests/tests/visual-interactive.spec.js:24:16

    attachment #1: screenshot (image/png) ──────────────────────────────────────────────────────────
    ../test-results/visual-interactive-Visual--e9c49-idence-indicator-appearance-webkit/test-failed-1.png
    ────────────────────────────────────────────────────────────────────────────────────────────────

    attachment #2: video (video/webm) ──────────────────────────────────────────────────────────────
    ../test-results/visual-interactive-Visual--e9c49-idence-indicator-appearance-webkit/video.webm
    ────────────────────────────────────────────────────────────────────────────────────────────────

    Error Context: ../test-results/visual-interactive-Visual--e9c49-idence-indicator-appearance-webkit/error-context.md
]]>
</failure>
<system-out>
<![CDATA[
[[ATTACHMENT|test-results/visual-interactive-Visual--e9c49-idence-indicator-appearance-webkit/test-failed-1.png]]

[[ATTACHMENT|test-results/visual-interactive-Visual--e9c49-idence-indicator-appearance-webkit/video.webm]]

[[ATTACHMENT|test-results/visual-interactive-Visual--e9c49-idence-indicator-appearance-webkit/error-context.md]]
]]>
</system-out>
</testcase>
<testcase name="Visual Regression Testing › should match loading state appearance" classname="visual-interactive.spec.js" time="10.812">
<failure message="visual-interactive.spec.js:37:3 should match loading state appearance" type="FAILURE">
<![CDATA[  [webkit] › visual-interactive.spec.js:37:3 › Visual Regression Testing › should match loading state appearance 

    TimeoutError: page.fill: Timeout 10000ms exceeded.
    Call log:
      - waiting for locator('#techStackInput')


      42 |     });
      43 |     
    > 44 |     await page.fill('#techStackInput', 'Vue 3 with TypeScript');
         |                ^
      45 |     await page.click('#generateBtn');
      46 |     
      47 |     // Capture loading state
        at /Users/david/Documents/Figa-Jira-Automations-Tool/figma-ticket-generator/browser-tests/tests/visual-interactive.spec.js:44:16

    attachment #1: screenshot (image/png) ──────────────────────────────────────────────────────────
    ../test-results/visual-interactive-Visual--c6e16-ch-loading-state-appearance-webkit/test-failed-1.png
    ────────────────────────────────────────────────────────────────────────────────────────────────

    attachment #2: video (video/webm) ──────────────────────────────────────────────────────────────
    ../test-results/visual-interactive-Visual--c6e16-ch-loading-state-appearance-webkit/video.webm
    ────────────────────────────────────────────────────────────────────────────────────────────────

    Error Context: ../test-results/visual-interactive-Visual--c6e16-ch-loading-state-appearance-webkit/error-context.md
]]>
</failure>
<system-out>
<![CDATA[
[[ATTACHMENT|test-results/visual-interactive-Visual--c6e16-ch-loading-state-appearance-webkit/test-failed-1.png]]

[[ATTACHMENT|test-results/visual-interactive-Visual--c6e16-ch-loading-state-appearance-webkit/video.webm]]

[[ATTACHMENT|test-results/visual-interactive-Visual--c6e16-ch-loading-state-appearance-webkit/error-context.md]]
]]>
</system-out>
</testcase>
<testcase name="Visual Regression Testing › should match results layout appearance" classname="visual-interactive.spec.js" time="10.819">
<failure message="visual-interactive.spec.js:56:3 should match results layout appearance" type="FAILURE">
<![CDATA[  [webkit] › visual-interactive.spec.js:56:3 › Visual Regression Testing › should match results layout appearance 

    TimeoutError: page.fill: Timeout 10000ms exceeded.
    Call log:
      - waiting for locator('#techStackInput')


      56 |   test('should match results layout appearance', async ({ page }) => {
      57 |     // Generate content
    > 58 |     await page.fill('#techStackInput', 'Angular with RxJS and Angular Material');
         |                ^
      59 |     await page.click('#generateBtn');
      60 |     await page.waitForSelector('#results', { state: 'visible', timeout: 30000 });
      61 |     
        at /Users/david/Documents/Figa-Jira-Automations-Tool/figma-ticket-generator/browser-tests/tests/visual-interactive.spec.js:58:16

    attachment #1: screenshot (image/png) ──────────────────────────────────────────────────────────
    ../test-results/visual-interactive-Visual--b5197-h-results-layout-appearance-webkit/test-failed-1.png
    ────────────────────────────────────────────────────────────────────────────────────────────────

    attachment #2: video (video/webm) ──────────────────────────────────────────────────────────────
    ../test-results/visual-interactive-Visual--b5197-h-results-layout-appearance-webkit/video.webm
    ────────────────────────────────────────────────────────────────────────────────────────────────

    Error Context: ../test-results/visual-interactive-Visual--b5197-h-results-layout-appearance-webkit/error-context.md
]]>
</failure>
<system-out>
<![CDATA[
[[ATTACHMENT|test-results/visual-interactive-Visual--b5197-h-results-layout-appearance-webkit/test-failed-1.png]]

[[ATTACHMENT|test-results/visual-interactive-Visual--b5197-h-results-layout-appearance-webkit/video.webm]]

[[ATTACHMENT|test-results/visual-interactive-Visual--b5197-h-results-layout-appearance-webkit/error-context.md]]
]]>
</system-out>
</testcase>
<testcase name="Visual Regression Testing › should match mobile layout appearance" classname="visual-interactive.spec.js" time="1.805">
</testcase>
<testcase name="Interactive UI Testing › should handle hover states correctly" classname="visual-interactive.spec.js" time="10.676">
<failure message="visual-interactive.spec.js:93:3 should handle hover states correctly" type="FAILURE">
<![CDATA[  [webkit] › visual-interactive.spec.js:93:3 › Interactive UI Testing › should handle hover states correctly 

    TimeoutError: locator.hover: Timeout 10000ms exceeded.
    Call log:
      - waiting for locator('#generateBtn')


      94 |     // Test button hover state
      95 |     const generateBtn = page.locator('#generateBtn');
    > 96 |     await generateBtn.hover();
         |                       ^
      97 |     
      98 |     // Check hover styling
      99 |     const hoverColor = await generateBtn.evaluate(el => 
        at /Users/david/Documents/Figa-Jira-Automations-Tool/figma-ticket-generator/browser-tests/tests/visual-interactive.spec.js:96:23

    attachment #1: screenshot (image/png) ──────────────────────────────────────────────────────────
    ../test-results/visual-interactive-Interac-343fe-ndle-hover-states-correctly-webkit/test-failed-1.png
    ────────────────────────────────────────────────────────────────────────────────────────────────

    attachment #2: video (video/webm) ──────────────────────────────────────────────────────────────
    ../test-results/visual-interactive-Interac-343fe-ndle-hover-states-correctly-webkit/video.webm
    ────────────────────────────────────────────────────────────────────────────────────────────────

    Error Context: ../test-results/visual-interactive-Interac-343fe-ndle-hover-states-correctly-webkit/error-context.md
]]>
</failure>
<system-out>
<![CDATA[
[[ATTACHMENT|test-results/visual-interactive-Interac-343fe-ndle-hover-states-correctly-webkit/test-failed-1.png]]

[[ATTACHMENT|test-results/visual-interactive-Interac-343fe-ndle-hover-states-correctly-webkit/video.webm]]

[[ATTACHMENT|test-results/visual-interactive-Interac-343fe-ndle-hover-states-correctly-webkit/error-context.md]]
]]>
</system-out>
</testcase>
<testcase name="Interactive UI Testing › should handle click animations and feedback" classname="visual-interactive.spec.js" time="10.822">
<failure message="visual-interactive.spec.js:123:3 should handle click animations and feedback" type="FAILURE">
<![CDATA[  [webkit] › visual-interactive.spec.js:123:3 › Interactive UI Testing › should handle click animations and feedback 

    TimeoutError: page.fill: Timeout 10000ms exceeded.
    Call log:
      - waiting for locator('#techStackInput')


      123 |   test('should handle click animations and feedback', async ({ page }) => {
      124 |     // Fill form to enable generation
    > 125 |     await page.fill('#techStackInput', 'Svelte with SvelteKit');
          |                ^
      126 |     
      127 |     // Click generate button and check immediate feedback
      128 |     const generateBtn = page.locator('#generateBtn');
        at /Users/david/Documents/Figa-Jira-Automations-Tool/figma-ticket-generator/browser-tests/tests/visual-interactive.spec.js:125:16

    attachment #1: screenshot (image/png) ──────────────────────────────────────────────────────────
    ../test-results/visual-interactive-Interac-17605-ick-animations-and-feedback-webkit/test-failed-1.png
    ────────────────────────────────────────────────────────────────────────────────────────────────

    attachment #2: video (video/webm) ──────────────────────────────────────────────────────────────
    ../test-results/visual-interactive-Interac-17605-ick-animations-and-feedback-webkit/video.webm
    ────────────────────────────────────────────────────────────────────────────────────────────────

    Error Context: ../test-results/visual-interactive-Interac-17605-ick-animations-and-feedback-webkit/error-context.md
]]>
</failure>
<system-out>
<![CDATA[
[[ATTACHMENT|test-results/visual-interactive-Interac-17605-ick-animations-and-feedback-webkit/test-failed-1.png]]

[[ATTACHMENT|test-results/visual-interactive-Interac-17605-ick-animations-and-feedback-webkit/video.webm]]

[[ATTACHMENT|test-results/visual-interactive-Interac-17605-ick-animations-and-feedback-webkit/error-context.md]]
]]>
</system-out>
</testcase>
<testcase name="Interactive UI Testing › should handle form validation feedback" classname="visual-interactive.spec.js" time="10.842">
<failure message="visual-interactive.spec.js:146:3 should handle form validation feedback" type="FAILURE">
<![CDATA[  [webkit] › visual-interactive.spec.js:146:3 › Interactive UI Testing › should handle form validation feedback 

    TimeoutError: page.click: Timeout 10000ms exceeded.
    Call log:
      - waiting for locator('#generateBtn')


      146 |   test('should handle form validation feedback', async ({ page }) => {
      147 |     // Submit empty form
    > 148 |     await page.click('#generateBtn');
          |                ^
      149 |     
      150 |     // Should show validation error with proper styling
      151 |     const errorMessage = page.locator('.error-message');
        at /Users/david/Documents/Figa-Jira-Automations-Tool/figma-ticket-generator/browser-tests/tests/visual-interactive.spec.js:148:16

    attachment #1: screenshot (image/png) ──────────────────────────────────────────────────────────
    ../test-results/visual-interactive-Interac-2a1d4-le-form-validation-feedback-webkit/test-failed-1.png
    ────────────────────────────────────────────────────────────────────────────────────────────────

    attachment #2: video (video/webm) ──────────────────────────────────────────────────────────────
    ../test-results/visual-interactive-Interac-2a1d4-le-form-validation-feedback-webkit/video.webm
    ────────────────────────────────────────────────────────────────────────────────────────────────

    Error Context: ../test-results/visual-interactive-Interac-2a1d4-le-form-validation-feedback-webkit/error-context.md
]]>
</failure>
<system-out>
<![CDATA[
[[ATTACHMENT|test-results/visual-interactive-Interac-2a1d4-le-form-validation-feedback-webkit/test-failed-1.png]]

[[ATTACHMENT|test-results/visual-interactive-Interac-2a1d4-le-form-validation-feedback-webkit/video.webm]]

[[ATTACHMENT|test-results/visual-interactive-Interac-2a1d4-le-form-validation-feedback-webkit/error-context.md]]
]]>
</system-out>
</testcase>
<testcase name="Interactive UI Testing › should handle copy button interaction" classname="visual-interactive.spec.js" time="10.819">
<failure message="visual-interactive.spec.js:168:3 should handle copy button interaction" type="FAILURE">
<![CDATA[  [webkit] › visual-interactive.spec.js:168:3 › Interactive UI Testing › should handle copy button interaction 

    TimeoutError: page.fill: Timeout 10000ms exceeded.
    Call log:
      - waiting for locator('#techStackInput')


      168 |   test('should handle copy button interaction', async ({ page }) => {
      169 |     // Generate content first
    > 170 |     await page.fill('#techStackInput', 'Next.js with TypeScript');
          |                ^
      171 |     await page.click('#generateBtn');
      172 |     await page.waitForSelector('#results', { state: 'visible', timeout: 30000 });
      173 |     
        at /Users/david/Documents/Figa-Jira-Automations-Tool/figma-ticket-generator/browser-tests/tests/visual-interactive.spec.js:170:16

    attachment #1: screenshot (image/png) ──────────────────────────────────────────────────────────
    ../test-results/visual-interactive-Interac-67df8-dle-copy-button-interaction-webkit/test-failed-1.png
    ────────────────────────────────────────────────────────────────────────────────────────────────

    attachment #2: video (video/webm) ──────────────────────────────────────────────────────────────
    ../test-results/visual-interactive-Interac-67df8-dle-copy-button-interaction-webkit/video.webm
    ────────────────────────────────────────────────────────────────────────────────────────────────

    Error Context: ../test-results/visual-interactive-Interac-67df8-dle-copy-button-interaction-webkit/error-context.md
]]>
</failure>
<system-out>
<![CDATA[
[[ATTACHMENT|test-results/visual-interactive-Interac-67df8-dle-copy-button-interaction-webkit/test-failed-1.png]]

[[ATTACHMENT|test-results/visual-interactive-Interac-67df8-dle-copy-button-interaction-webkit/video.webm]]

[[ATTACHMENT|test-results/visual-interactive-Interac-67df8-dle-copy-button-interaction-webkit/error-context.md]]
]]>
</system-out>
</testcase>
<testcase name="Interactive UI Testing › should handle dynamic content updates smoothly" classname="visual-interactive.spec.js" time="10.817">
<failure message="visual-interactive.spec.js:195:3 should handle dynamic content updates smoothly" type="FAILURE">
<![CDATA[  [webkit] › visual-interactive.spec.js:195:3 › Interactive UI Testing › should handle dynamic content updates smoothly 

    TimeoutError: locator.fill: Timeout 10000ms exceeded.
    Call log:
      - waiting for locator('#techStackInput')


      221 |     
      222 |     for (const input of testInputs) {
    > 223 |       await techStackInput.fill(input);
          |                            ^
      224 |       await techStackInput.dispatchEvent('input');
      225 |       await page.waitForTimeout(100); // Small delay between inputs
      226 |     }
        at /Users/david/Documents/Figa-Jira-Automations-Tool/figma-ticket-generator/browser-tests/tests/visual-interactive.spec.js:223:28

    attachment #1: screenshot (image/png) ──────────────────────────────────────────────────────────
    ../test-results/visual-interactive-Interac-d04b1-ic-content-updates-smoothly-webkit/test-failed-1.png
    ────────────────────────────────────────────────────────────────────────────────────────────────

    attachment #2: video (video/webm) ──────────────────────────────────────────────────────────────
    ../test-results/visual-interactive-Interac-d04b1-ic-content-updates-smoothly-webkit/video.webm
    ────────────────────────────────────────────────────────────────────────────────────────────────

    Error Context: ../test-results/visual-interactive-Interac-d04b1-ic-content-updates-smoothly-webkit/error-context.md
]]>
</failure>
<system-out>
<![CDATA[
[[ATTACHMENT|test-results/visual-interactive-Interac-d04b1-ic-content-updates-smoothly-webkit/test-failed-1.png]]

[[ATTACHMENT|test-results/visual-interactive-Interac-d04b1-ic-content-updates-smoothly-webkit/video.webm]]

[[ATTACHMENT|test-results/visual-interactive-Interac-d04b1-ic-content-updates-smoothly-webkit/error-context.md]]
]]>
</system-out>
</testcase>
<testcase name="Interactive UI Testing › should handle document type switching smoothly" classname="visual-interactive.spec.js" time="10.776">
<failure message="visual-interactive.spec.js:237:3 should handle document type switching smoothly" type="FAILURE">
<![CDATA[  [webkit] › visual-interactive.spec.js:237:3 › Interactive UI Testing › should handle document type switching smoothly 

    TimeoutError: page.fill: Timeout 10000ms exceeded.
    Call log:
      - waiting for locator('#techStackInput')


      236 |
      237 |   test('should handle document type switching smoothly', async ({ page }) => {
    > 238 |     await page.fill('#techStackInput', 'Angular with RxJS');
          |                ^
      239 |     
      240 |     const documentTypes = ['jira', 'confluence', 'agent'];
      241 |     
        at /Users/david/Documents/Figa-Jira-Automations-Tool/figma-ticket-generator/browser-tests/tests/visual-interactive.spec.js:238:16

    attachment #1: screenshot (image/png) ──────────────────────────────────────────────────────────
    ../test-results/visual-interactive-Interac-37c16-ent-type-switching-smoothly-webkit/test-failed-1.png
    ────────────────────────────────────────────────────────────────────────────────────────────────

    attachment #2: video (video/webm) ──────────────────────────────────────────────────────────────
    ../test-results/visual-interactive-Interac-37c16-ent-type-switching-smoothly-webkit/video.webm
    ────────────────────────────────────────────────────────────────────────────────────────────────

    Error Context: ../test-results/visual-interactive-Interac-37c16-ent-type-switching-smoothly-webkit/error-context.md
]]>
</failure>
<system-out>
<![CDATA[
[[ATTACHMENT|test-results/visual-interactive-Interac-37c16-ent-type-switching-smoothly-webkit/test-failed-1.png]]

[[ATTACHMENT|test-results/visual-interactive-Interac-37c16-ent-type-switching-smoothly-webkit/video.webm]]

[[ATTACHMENT|test-results/visual-interactive-Interac-37c16-ent-type-switching-smoothly-webkit/error-context.md]]
]]>
</system-out>
</testcase>
</testsuite>
<testsuite name="accessibility-edge-cases.spec.js" timestamp="2025-10-23T02:33:00.593Z" hostname="Mobile Chrome" tests="13" failures="12" skipped="0" time="115.022" errors="0">
<testcase name="Accessibility Testing @critical › should meet WCAG 2.1 AA accessibility standards" classname="accessibility-edge-cases.spec.js" time="5.817">
<failure message="accessibility-edge-cases.spec.js:10:3 should meet WCAG 2.1 AA accessibility standards" type="FAILURE">
<![CDATA[  [Mobile Chrome] › accessibility-edge-cases.spec.js:10:3 › Accessibility Testing @critical › should meet WCAG 2.1 AA accessibility standards 

    Error: expect(locator).toHaveAttribute() failed

    Locator:  locator('h1')
    Expected: have attribute
    Received: attribute not present
    Timeout:  5000ms

    Call log:
      - Expect "toHaveAttribute" with timeout 5000ms
      - waiting for locator('h1')
        9 × locator resolved to <h1>Error response</h1>
          - unexpected value "attribute not present"


      12 |     const h1 = page.locator('h1');
      13 |     await expect(h1).toBeVisible();
    > 14 |     await expect(h1).toHaveAttribute('id'); // Should have id for navigation
         |                      ^
      15 |     
      16 |     // Check for proper labels
      17 |     await expect(page.locator('#techStackInput')).toHaveAttribute('aria-label');
        at /Users/david/Documents/Figa-Jira-Automations-Tool/figma-ticket-generator/browser-tests/tests/accessibility-edge-cases.spec.js:14:22

    attachment #1: screenshot (image/png) ──────────────────────────────────────────────────────────
    ../test-results/accessibility-edge-cases-A-a129e--AA-accessibility-standards-Mobile-Chrome/test-failed-1.png
    ────────────────────────────────────────────────────────────────────────────────────────────────

    attachment #2: video (video/webm) ──────────────────────────────────────────────────────────────
    ../test-results/accessibility-edge-cases-A-a129e--AA-accessibility-standards-Mobile-Chrome/video.webm
    ────────────────────────────────────────────────────────────────────────────────────────────────

    Error Context: ../test-results/accessibility-edge-cases-A-a129e--AA-accessibility-standards-Mobile-Chrome/error-context.md
]]>
</failure>
<system-out>
<![CDATA[
[[ATTACHMENT|test-results/accessibility-edge-cases-A-a129e--AA-accessibility-standards-Mobile-Chrome/test-failed-1.png]]

[[ATTACHMENT|test-results/accessibility-edge-cases-A-a129e--AA-accessibility-standards-Mobile-Chrome/video.webm]]

[[ATTACHMENT|test-results/accessibility-edge-cases-A-a129e--AA-accessibility-standards-Mobile-Chrome/error-context.md]]
]]>
</system-out>
</testcase>
<testcase name="Accessibility Testing @critical › should be fully keyboard navigable" classname="accessibility-edge-cases.spec.js" time="5.737">
<failure message="accessibility-edge-cases.spec.js:42:3 should be fully keyboard navigable" type="FAILURE">
<![CDATA[  [Mobile Chrome] › accessibility-edge-cases.spec.js:42:3 › Accessibility Testing @critical › should be fully keyboard navigable 

    Error: expect(locator).toBeFocused() failed

    Locator: locator('#techStackInput')
    Expected: focused
    Timeout: 5000ms
    Error: element(s) not found

    Call log:
      - Expect "toBeFocused" with timeout 5000ms
      - waiting for locator('#techStackInput')


      43 |     // Start from beginning
      44 |     await page.keyboard.press('Tab');
    > 45 |     await expect(page.locator('#techStackInput')).toBeFocused();
         |                                                   ^
      46 |     
      47 |     // Type in input
      48 |     await page.keyboard.type('React with TypeScript');
        at /Users/david/Documents/Figa-Jira-Automations-Tool/figma-ticket-generator/browser-tests/tests/accessibility-edge-cases.spec.js:45:51

    attachment #1: screenshot (image/png) ──────────────────────────────────────────────────────────
    ../test-results/accessibility-edge-cases-A-2250b-be-fully-keyboard-navigable-Mobile-Chrome/test-failed-1.png
    ────────────────────────────────────────────────────────────────────────────────────────────────

    attachment #2: video (video/webm) ──────────────────────────────────────────────────────────────
    ../test-results/accessibility-edge-cases-A-2250b-be-fully-keyboard-navigable-Mobile-Chrome/video.webm
    ────────────────────────────────────────────────────────────────────────────────────────────────

    Error Context: ../test-results/accessibility-edge-cases-A-2250b-be-fully-keyboard-navigable-Mobile-Chrome/error-context.md
]]>
</failure>
<system-out>
<![CDATA[
[[ATTACHMENT|test-results/accessibility-edge-cases-A-2250b-be-fully-keyboard-navigable-Mobile-Chrome/test-failed-1.png]]

[[ATTACHMENT|test-results/accessibility-edge-cases-A-2250b-be-fully-keyboard-navigable-Mobile-Chrome/video.webm]]

[[ATTACHMENT|test-results/accessibility-edge-cases-A-2250b-be-fully-keyboard-navigable-Mobile-Chrome/error-context.md]]
]]>
</system-out>
</testcase>
<testcase name="Accessibility Testing @critical › should work with screen readers" classname="accessibility-edge-cases.spec.js" time="5.727">
<failure message="accessibility-edge-cases.spec.js:69:3 should work with screen readers" type="FAILURE">
<![CDATA[  [Mobile Chrome] › accessibility-edge-cases.spec.js:69:3 › Accessibility Testing @critical › should work with screen readers 

    Error: expect(locator).toHaveAttribute(expected) failed

    Locator: locator('#techStackInput')
    Expected: "textbox"
    Timeout: 5000ms
    Error: element(s) not found

    Call log:
      - Expect "toHaveAttribute" with timeout 5000ms
      - waiting for locator('#techStackInput')


      69 |   test('should work with screen readers', async ({ page }) => {
      70 |     // Check for proper ARIA attributes
    > 71 |     await expect(page.locator('#techStackInput')).toHaveAttribute('role', 'textbox');
         |                                                   ^
      72 |     await expect(page.locator('#documentType')).toHaveAttribute('role', 'combobox');
      73 |     await expect(page.locator('#generateBtn')).toHaveAttribute('role', 'button');
      74 |     
        at /Users/david/Documents/Figa-Jira-Automations-Tool/figma-ticket-generator/browser-tests/tests/accessibility-edge-cases.spec.js:71:51

    attachment #1: screenshot (image/png) ──────────────────────────────────────────────────────────
    ../test-results/accessibility-edge-cases-A-12313-ld-work-with-screen-readers-Mobile-Chrome/test-failed-1.png
    ────────────────────────────────────────────────────────────────────────────────────────────────

    attachment #2: video (video/webm) ──────────────────────────────────────────────────────────────
    ../test-results/accessibility-edge-cases-A-12313-ld-work-with-screen-readers-Mobile-Chrome/video.webm
    ────────────────────────────────────────────────────────────────────────────────────────────────

    Error Context: ../test-results/accessibility-edge-cases-A-12313-ld-work-with-screen-readers-Mobile-Chrome/error-context.md
]]>
</failure>
<system-out>
<![CDATA[
[[ATTACHMENT|test-results/accessibility-edge-cases-A-12313-ld-work-with-screen-readers-Mobile-Chrome/test-failed-1.png]]

[[ATTACHMENT|test-results/accessibility-edge-cases-A-12313-ld-work-with-screen-readers-Mobile-Chrome/video.webm]]

[[ATTACHMENT|test-results/accessibility-edge-cases-A-12313-ld-work-with-screen-readers-Mobile-Chrome/error-context.md]]
]]>
</system-out>
</testcase>
<testcase name="Accessibility Testing @critical › should handle focus management correctly" classname="accessibility-edge-cases.spec.js" time="5.72">
<failure message="accessibility-edge-cases.spec.js:91:3 should handle focus management correctly" type="FAILURE">
<![CDATA[  [Mobile Chrome] › accessibility-edge-cases.spec.js:91:3 › Accessibility Testing @critical › should handle focus management correctly 

    Error: expect(locator).toHaveCSS(expected) failed

    Locator: locator(':focus')
    Expected pattern: /2px solid|auto/
    Timeout: 5000ms
    Error: element(s) not found

    Call log:
      - Expect "toHaveCSS" with timeout 5000ms
      - waiting for locator(':focus')


      93 |     await page.keyboard.press('Tab');
      94 |     const focusedElement = page.locator(':focus');
    > 95 |     await expect(focusedElement).toHaveCSS('outline', /2px solid|auto/);
         |                                  ^
      96 |     
      97 |     // Focus should move logically through the page
      98 |     const focusOrder = [
        at /Users/david/Documents/Figa-Jira-Automations-Tool/figma-ticket-generator/browser-tests/tests/accessibility-edge-cases.spec.js:95:34

    attachment #1: screenshot (image/png) ──────────────────────────────────────────────────────────
    ../test-results/accessibility-edge-cases-A-0a98b--focus-management-correctly-Mobile-Chrome/test-failed-1.png
    ────────────────────────────────────────────────────────────────────────────────────────────────

    attachment #2: video (video/webm) ──────────────────────────────────────────────────────────────
    ../test-results/accessibility-edge-cases-A-0a98b--focus-management-correctly-Mobile-Chrome/video.webm
    ────────────────────────────────────────────────────────────────────────────────────────────────

    Error Context: ../test-results/accessibility-edge-cases-A-0a98b--focus-management-correctly-Mobile-Chrome/error-context.md
]]>
</failure>
<system-out>
<![CDATA[
[[ATTACHMENT|test-results/accessibility-edge-cases-A-0a98b--focus-management-correctly-Mobile-Chrome/test-failed-1.png]]

[[ATTACHMENT|test-results/accessibility-edge-cases-A-0a98b--focus-management-correctly-Mobile-Chrome/video.webm]]

[[ATTACHMENT|test-results/accessibility-edge-cases-A-0a98b--focus-management-correctly-Mobile-Chrome/error-context.md]]
]]>
</system-out>
</testcase>
<testcase name="Accessibility Testing @critical › should provide proper error announcements for screen readers" classname="accessibility-edge-cases.spec.js" time="10.794">
<failure message="accessibility-edge-cases.spec.js:122:3 should provide proper error announcements for screen readers" type="FAILURE">
<![CDATA[  [Mobile Chrome] › accessibility-edge-cases.spec.js:122:3 › Accessibility Testing @critical › should provide proper error announcements for screen readers 

    TimeoutError: page.click: Timeout 10000ms exceeded.
    Call log:
      - waiting for locator('#generateBtn')


      122 |   test('should provide proper error announcements for screen readers', async ({ page }) => {
      123 |     // Try to generate without input
    > 124 |     await page.click('#generateBtn');
          |                ^
      125 |     
      126 |     // Error should be announced
      127 |     const errorMessage = page.locator('.error-message');
        at /Users/david/Documents/Figa-Jira-Automations-Tool/figma-ticket-generator/browser-tests/tests/accessibility-edge-cases.spec.js:124:16

    attachment #1: screenshot (image/png) ──────────────────────────────────────────────────────────
    ../test-results/accessibility-edge-cases-A-1d378-ncements-for-screen-readers-Mobile-Chrome/test-failed-1.png
    ────────────────────────────────────────────────────────────────────────────────────────────────

    attachment #2: video (video/webm) ──────────────────────────────────────────────────────────────
    ../test-results/accessibility-edge-cases-A-1d378-ncements-for-screen-readers-Mobile-Chrome/video.webm
    ────────────────────────────────────────────────────────────────────────────────────────────────

    Error Context: ../test-results/accessibility-edge-cases-A-1d378-ncements-for-screen-readers-Mobile-Chrome/error-context.md
]]>
</failure>
<system-out>
<![CDATA[
[[ATTACHMENT|test-results/accessibility-edge-cases-A-1d378-ncements-for-screen-readers-Mobile-Chrome/test-failed-1.png]]

[[ATTACHMENT|test-results/accessibility-edge-cases-A-1d378-ncements-for-screen-readers-Mobile-Chrome/video.webm]]

[[ATTACHMENT|test-results/accessibility-edge-cases-A-1d378-ncements-for-screen-readers-Mobile-Chrome/error-context.md]]
]]>
</system-out>
</testcase>
<testcase name="Accessibility Testing @critical › should have proper semantic HTML structure" classname="accessibility-edge-cases.spec.js" time="5.739">
<failure message="accessibility-edge-cases.spec.js:136:3 should have proper semantic HTML structure" type="FAILURE">
<![CDATA[  [Mobile Chrome] › accessibility-edge-cases.spec.js:136:3 › Accessibility Testing @critical › should have proper semantic HTML structure 

    Error: expect(locator).toBeVisible() failed

    Locator: locator('main')
    Expected: visible
    Timeout: 5000ms
    Error: element(s) not found

    Call log:
      - Expect "toBeVisible" with timeout 5000ms
      - waiting for locator('main')


      136 |   test('should have proper semantic HTML structure', async ({ page }) => {
      137 |     // Check for proper landmarks
    > 138 |     await expect(page.locator('main')).toBeVisible();
          |                                        ^
      139 |     await expect(page.locator('header')).toBeVisible();
      140 |     
      141 |     // Check for proper form structure
        at /Users/david/Documents/Figa-Jira-Automations-Tool/figma-ticket-generator/browser-tests/tests/accessibility-edge-cases.spec.js:138:40

    attachment #1: screenshot (image/png) ──────────────────────────────────────────────────────────
    ../test-results/accessibility-edge-cases-A-4809b-per-semantic-HTML-structure-Mobile-Chrome/test-failed-1.png
    ────────────────────────────────────────────────────────────────────────────────────────────────

    attachment #2: video (video/webm) ──────────────────────────────────────────────────────────────
    ../test-results/accessibility-edge-cases-A-4809b-per-semantic-HTML-structure-Mobile-Chrome/video.webm
    ────────────────────────────────────────────────────────────────────────────────────────────────

    Error Context: ../test-results/accessibility-edge-cases-A-4809b-per-semantic-HTML-structure-Mobile-Chrome/error-context.md
]]>
</failure>
<system-out>
<![CDATA[
[[ATTACHMENT|test-results/accessibility-edge-cases-A-4809b-per-semantic-HTML-structure-Mobile-Chrome/test-failed-1.png]]

[[ATTACHMENT|test-results/accessibility-edge-cases-A-4809b-per-semantic-HTML-structure-Mobile-Chrome/video.webm]]

[[ATTACHMENT|test-results/accessibility-edge-cases-A-4809b-per-semantic-HTML-structure-Mobile-Chrome/error-context.md]]
]]>
</system-out>
</testcase>
<testcase name="Error Handling and Edge Cases @critical › should handle network failures gracefully" classname="accessibility-edge-cases.spec.js" time="10.772">
<failure message="accessibility-edge-cases.spec.js:161:3 should handle network failures gracefully" type="FAILURE">
<![CDATA[  [Mobile Chrome] › accessibility-edge-cases.spec.js:161:3 › Error Handling and Edge Cases @critical › should handle network failures gracefully 

    TimeoutError: page.fill: Timeout 10000ms exceeded.
    Call log:
      - waiting for locator('#techStackInput')


      163 |     await page.route('**/*', route => route.abort('failed'));
      164 |     
    > 165 |     await page.fill('#techStackInput', 'React with TypeScript');
          |                ^
      166 |     await page.click('#generateBtn');
      167 |     
      168 |     // Should show appropriate error message
        at /Users/david/Documents/Figa-Jira-Automations-Tool/figma-ticket-generator/browser-tests/tests/accessibility-edge-cases.spec.js:165:16

    attachment #1: screenshot (image/png) ──────────────────────────────────────────────────────────
    ../test-results/accessibility-edge-cases-E-db327-network-failures-gracefully-Mobile-Chrome/test-failed-1.png
    ────────────────────────────────────────────────────────────────────────────────────────────────

    attachment #2: video (video/webm) ──────────────────────────────────────────────────────────────
    ../test-results/accessibility-edge-cases-E-db327-network-failures-gracefully-Mobile-Chrome/video.webm
    ────────────────────────────────────────────────────────────────────────────────────────────────

    Error Context: ../test-results/accessibility-edge-cases-E-db327-network-failures-gracefully-Mobile-Chrome/error-context.md
]]>
</failure>
<system-out>
<![CDATA[
[[ATTACHMENT|test-results/accessibility-edge-cases-E-db327-network-failures-gracefully-Mobile-Chrome/test-failed-1.png]]

[[ATTACHMENT|test-results/accessibility-edge-cases-E-db327-network-failures-gracefully-Mobile-Chrome/video.webm]]

[[ATTACHMENT|test-results/accessibility-edge-cases-E-db327-network-failures-gracefully-Mobile-Chrome/error-context.md]]
]]>
</system-out>
</testcase>
<testcase name="Error Handling and Edge Cases @critical › should handle malicious input safely" classname="accessibility-edge-cases.spec.js" time="10.804">
<failure message="accessibility-edge-cases.spec.js:182:3 should handle malicious input safely" type="FAILURE">
<![CDATA[  [Mobile Chrome] › accessibility-edge-cases.spec.js:182:3 › Error Handling and Edge Cases @critical › should handle malicious input safely 

    TimeoutError: page.fill: Timeout 10000ms exceeded.
    Call log:
      - waiting for locator('#techStackInput')


      195 |     for (const maliciousInput of maliciousInputs) {
      196 |       // Clear and fill with malicious input
    > 197 |       await page.fill('#techStackInput', maliciousInput);
          |                  ^
      198 |       await page.click('#generateBtn');
      199 |       
      200 |       // Wait for processing
        at /Users/david/Documents/Figa-Jira-Automations-Tool/figma-ticket-generator/browser-tests/tests/accessibility-edge-cases.spec.js:197:18

    attachment #1: screenshot (image/png) ──────────────────────────────────────────────────────────
    ../test-results/accessibility-edge-cases-E-56e05-ndle-malicious-input-safely-Mobile-Chrome/test-failed-1.png
    ────────────────────────────────────────────────────────────────────────────────────────────────

    attachment #2: video (video/webm) ──────────────────────────────────────────────────────────────
    ../test-results/accessibility-edge-cases-E-56e05-ndle-malicious-input-safely-Mobile-Chrome/video.webm
    ────────────────────────────────────────────────────────────────────────────────────────────────

    Error Context: ../test-results/accessibility-edge-cases-E-56e05-ndle-malicious-input-safely-Mobile-Chrome/error-context.md
]]>
</failure>
<system-out>
<![CDATA[
[[ATTACHMENT|test-results/accessibility-edge-cases-E-56e05-ndle-malicious-input-safely-Mobile-Chrome/test-failed-1.png]]

[[ATTACHMENT|test-results/accessibility-edge-cases-E-56e05-ndle-malicious-input-safely-Mobile-Chrome/video.webm]]

[[ATTACHMENT|test-results/accessibility-edge-cases-E-56e05-ndle-malicious-input-safely-Mobile-Chrome/error-context.md]]
]]>
</system-out>
</testcase>
<testcase name="Error Handling and Edge Cases @critical › should handle extremely long input gracefully" classname="accessibility-edge-cases.spec.js" time="10.839">
<system-out>
<![CDATA[Browser limitation with extremely large input: page.fill: Timeout 10000ms exceeded.
Call log:
[2m  - waiting for locator('#techStackInput')[22m

]]>
</system-out>
</testcase>
<testcase name="Error Handling and Edge Cases @critical › should handle rapid clicking and interaction spam" classname="accessibility-edge-cases.spec.js" time="10.758">
<failure message="accessibility-edge-cases.spec.js:250:3 should handle rapid clicking and interaction spam" type="FAILURE">
<![CDATA[  [Mobile Chrome] › accessibility-edge-cases.spec.js:250:3 › Error Handling and Edge Cases @critical › should handle rapid clicking and interaction spam 

    TimeoutError: page.fill: Timeout 10000ms exceeded.
    Call log:
      - waiting for locator('#techStackInput')


      249 |
      250 |   test('should handle rapid clicking and interaction spam', async ({ page }) => {
    > 251 |     await page.fill('#techStackInput', 'React with TypeScript');
          |                ^
      252 |     
      253 |     // Rapidly click generate button multiple times
      254 |     const clickPromises = [];
        at /Users/david/Documents/Figa-Jira-Automations-Tool/figma-ticket-generator/browser-tests/tests/accessibility-edge-cases.spec.js:251:16

    attachment #1: screenshot (image/png) ──────────────────────────────────────────────────────────
    ../test-results/accessibility-edge-cases-E-27bed-icking-and-interaction-spam-Mobile-Chrome/test-failed-1.png
    ────────────────────────────────────────────────────────────────────────────────────────────────

    attachment #2: video (video/webm) ──────────────────────────────────────────────────────────────
    ../test-results/accessibility-edge-cases-E-27bed-icking-and-interaction-spam-Mobile-Chrome/video.webm
    ────────────────────────────────────────────────────────────────────────────────────────────────

    Error Context: ../test-results/accessibility-edge-cases-E-27bed-icking-and-interaction-spam-Mobile-Chrome/error-context.md
]]>
</failure>
<system-out>
<![CDATA[
[[ATTACHMENT|test-results/accessibility-edge-cases-E-27bed-icking-and-interaction-spam-Mobile-Chrome/test-failed-1.png]]

[[ATTACHMENT|test-results/accessibility-edge-cases-E-27bed-icking-and-interaction-spam-Mobile-Chrome/video.webm]]

[[ATTACHMENT|test-results/accessibility-edge-cases-E-27bed-icking-and-interaction-spam-Mobile-Chrome/error-context.md]]
]]>
</system-out>
</testcase>
<testcase name="Error Handling and Edge Cases @critical › should handle browser tab switching and focus loss" classname="accessibility-edge-cases.spec.js" time="10.753">
<failure message="accessibility-edge-cases.spec.js:278:3 should handle browser tab switching and focus loss" type="FAILURE">
<![CDATA[  [Mobile Chrome] › accessibility-edge-cases.spec.js:278:3 › Error Handling and Edge Cases @critical › should handle browser tab switching and focus loss 

    TimeoutError: page.fill: Timeout 10000ms exceeded.
    Call log:
      - waiting for locator('#techStackInput')


      278 |   test('should handle browser tab switching and focus loss', async ({ page, context }) => {
      279 |     // Start a generation
    > 280 |     await page.fill('#techStackInput', 'Angular with RxJS');
          |                ^
      281 |     await page.click('#generateBtn');
      282 |     
      283 |     // Create new tab and switch to it (simulate user switching tabs)
        at /Users/david/Documents/Figa-Jira-Automations-Tool/figma-ticket-generator/browser-tests/tests/accessibility-edge-cases.spec.js:280:16

    attachment #1: screenshot (image/png) ──────────────────────────────────────────────────────────
    ../test-results/accessibility-edge-cases-E-8d902-ab-switching-and-focus-loss-Mobile-Chrome/test-failed-1.png
    ────────────────────────────────────────────────────────────────────────────────────────────────

    attachment #2: video (video/webm) ──────────────────────────────────────────────────────────────
    ../test-results/accessibility-edge-cases-E-8d902-ab-switching-and-focus-loss-Mobile-Chrome/video.webm
    ────────────────────────────────────────────────────────────────────────────────────────────────

    Error Context: ../test-results/accessibility-edge-cases-E-8d902-ab-switching-and-focus-loss-Mobile-Chrome/error-context.md
]]>
</failure>
<system-out>
<![CDATA[
[[ATTACHMENT|test-results/accessibility-edge-cases-E-8d902-ab-switching-and-focus-loss-Mobile-Chrome/test-failed-1.png]]

[[ATTACHMENT|test-results/accessibility-edge-cases-E-8d902-ab-switching-and-focus-loss-Mobile-Chrome/video.webm]]

[[ATTACHMENT|test-results/accessibility-edge-cases-E-8d902-ab-switching-and-focus-loss-Mobile-Chrome/error-context.md]]
]]>
</system-out>
</testcase>
<testcase name="Error Handling and Edge Cases @critical › should handle page refresh during operation" classname="accessibility-edge-cases.spec.js" time="10.76">
<failure message="accessibility-edge-cases.spec.js:299:3 should handle page refresh during operation" type="FAILURE">
<![CDATA[  [Mobile Chrome] › accessibility-edge-cases.spec.js:299:3 › Error Handling and Edge Cases @critical › should handle page refresh during operation 

    TimeoutError: page.fill: Timeout 10000ms exceeded.
    Call log:
      - waiting for locator('#techStackInput')


      299 |   test('should handle page refresh during operation', async ({ page }) => {
      300 |     // Start generation
    > 301 |     await page.fill('#techStackInput', 'Svelte with SvelteKit');
          |                ^
      302 |     await page.click('#generateBtn');
      303 |     
      304 |     // Wait for loading state
        at /Users/david/Documents/Figa-Jira-Automations-Tool/figma-ticket-generator/browser-tests/tests/accessibility-edge-cases.spec.js:301:16

    attachment #1: screenshot (image/png) ──────────────────────────────────────────────────────────
    ../test-results/accessibility-edge-cases-E-16c27-ge-refresh-during-operation-Mobile-Chrome/test-failed-1.png
    ────────────────────────────────────────────────────────────────────────────────────────────────

    attachment #2: video (video/webm) ──────────────────────────────────────────────────────────────
    ../test-results/accessibility-edge-cases-E-16c27-ge-refresh-during-operation-Mobile-Chrome/video.webm
    ────────────────────────────────────────────────────────────────────────────────────────────────

    Error Context: ../test-results/accessibility-edge-cases-E-16c27-ge-refresh-during-operation-Mobile-Chrome/error-context.md
]]>
</failure>
<system-out>
<![CDATA[
[[ATTACHMENT|test-results/accessibility-edge-cases-E-16c27-ge-refresh-during-operation-Mobile-Chrome/test-failed-1.png]]

[[ATTACHMENT|test-results/accessibility-edge-cases-E-16c27-ge-refresh-during-operation-Mobile-Chrome/video.webm]]

[[ATTACHMENT|test-results/accessibility-edge-cases-E-16c27-ge-refresh-during-operation-Mobile-Chrome/error-context.md]]
]]>
</system-out>
</testcase>
<testcase name="Error Handling and Edge Cases @critical › should handle memory pressure gracefully" classname="accessibility-edge-cases.spec.js" time="10.802">
<failure message="accessibility-edge-cases.spec.js:325:3 should handle memory pressure gracefully" type="FAILURE">
<![CDATA[  [Mobile Chrome] › accessibility-edge-cases.spec.js:325:3 › Error Handling and Edge Cases @critical › should handle memory pressure gracefully 

    TimeoutError: page.fill: Timeout 10000ms exceeded.
    Call log:
      - waiting for locator('#techStackInput')


      334 |     
      335 |     // Should still function under memory pressure
    > 336 |     await page.fill('#techStackInput', 'Memory pressure test: React with TypeScript');
          |                ^
      337 |     await page.click('#generateBtn');
      338 |     
      339 |     await page.waitForSelector('#results', { state: 'visible', timeout: 45000 });
        at /Users/david/Documents/Figa-Jira-Automations-Tool/figma-ticket-generator/browser-tests/tests/accessibility-edge-cases.spec.js:336:16

    attachment #1: screenshot (image/png) ──────────────────────────────────────────────────────────
    ../test-results/accessibility-edge-cases-E-fc6fa--memory-pressure-gracefully-Mobile-Chrome/test-failed-1.png
    ────────────────────────────────────────────────────────────────────────────────────────────────

    attachment #2: video (video/webm) ──────────────────────────────────────────────────────────────
    ../test-results/accessibility-edge-cases-E-fc6fa--memory-pressure-gracefully-Mobile-Chrome/video.webm
    ────────────────────────────────────────────────────────────────────────────────────────────────

    Error Context: ../test-results/accessibility-edge-cases-E-fc6fa--memory-pressure-gracefully-Mobile-Chrome/error-context.md
]]>
</failure>
<system-out>
<![CDATA[
[[ATTACHMENT|test-results/accessibility-edge-cases-E-fc6fa--memory-pressure-gracefully-Mobile-Chrome/test-failed-1.png]]

[[ATTACHMENT|test-results/accessibility-edge-cases-E-fc6fa--memory-pressure-gracefully-Mobile-Chrome/video.webm]]

[[ATTACHMENT|test-results/accessibility-edge-cases-E-fc6fa--memory-pressure-gracefully-Mobile-Chrome/error-context.md]]
]]>
</system-out>
</testcase>
</testsuite>
<testsuite name="core-functionality.spec.js" timestamp="2025-10-23T02:33:00.593Z" hostname="Mobile Chrome" tests="7" failures="7" skipped="0" time="74.476" errors="0">
<testcase name="Enhanced Figma Plugin - Core Functionality @smoke @critical › should load the enhanced UI with all elements visible" classname="core-functionality.spec.js" time="6.218">
<failure message="core-functionality.spec.js:14:3 should load the enhanced UI with all elements visible" type="FAILURE">
<![CDATA[  [Mobile Chrome] › core-functionality.spec.js:14:3 › Enhanced Figma Plugin - Core Functionality @smoke @critical › should load the enhanced UI with all elements visible 

    Error: expect(page).toHaveTitle(expected) failed

    Expected pattern: /Enhanced Figma Plugin/
    Received string:  "Error response"
    Timeout: 5000ms

    Call log:
      - Expect "toHaveTitle" with timeout 5000ms
        9 × unexpected value "Error response"


      14 |   test('should load the enhanced UI with all elements visible', async ({ page }) => {
      15 |     // Check page title
    > 16 |     await expect(page).toHaveTitle(/Enhanced Figma Plugin/);
         |                        ^
      17 |     
      18 |     // Verify main container is visible
      19 |     await expect(page.locator('body')).toBeVisible();
        at /Users/david/Documents/Figa-Jira-Automations-Tool/figma-ticket-generator/browser-tests/tests/core-functionality.spec.js:16:24

    attachment #1: screenshot (image/png) ──────────────────────────────────────────────────────────
    ../test-results/core-functionality-Enhance-8d18f-I-with-all-elements-visible-Mobile-Chrome/test-failed-1.png
    ────────────────────────────────────────────────────────────────────────────────────────────────

    attachment #2: video (video/webm) ──────────────────────────────────────────────────────────────
    ../test-results/core-functionality-Enhance-8d18f-I-with-all-elements-visible-Mobile-Chrome/video.webm
    ────────────────────────────────────────────────────────────────────────────────────────────────

    Error Context: ../test-results/core-functionality-Enhance-8d18f-I-with-all-elements-visible-Mobile-Chrome/error-context.md
]]>
</failure>
<system-out>
<![CDATA[
[[ATTACHMENT|test-results/core-functionality-Enhance-8d18f-I-with-all-elements-visible-Mobile-Chrome/test-failed-1.png]]

[[ATTACHMENT|test-results/core-functionality-Enhance-8d18f-I-with-all-elements-visible-Mobile-Chrome/video.webm]]

[[ATTACHMENT|test-results/core-functionality-Enhance-8d18f-I-with-all-elements-visible-Mobile-Chrome/error-context.md]]
]]>
</system-out>
</testcase>
<testcase name="Enhanced Figma Plugin - Core Functionality @smoke @critical › should show validation error for empty tech stack input" classname="core-functionality.spec.js" time="11.331">
<failure message="core-functionality.spec.js:42:3 should show validation error for empty tech stack input" type="FAILURE">
<![CDATA[  [Mobile Chrome] › core-functionality.spec.js:42:3 › Enhanced Figma Plugin - Core Functionality @smoke @critical › should show validation error for empty tech stack input 

    TimeoutError: page.click: Timeout 10000ms exceeded.
    Call log:
      - waiting for locator('#generateBtn')


      42 |   test('should show validation error for empty tech stack input', async ({ page }) => {
      43 |     // Try to generate without input
    > 44 |     await page.click('#generateBtn');
         |                ^
      45 |     
      46 |     // Should show validation error
      47 |     await expect(page.locator('.error-message')).toBeVisible();
        at /Users/david/Documents/Figa-Jira-Automations-Tool/figma-ticket-generator/browser-tests/tests/core-functionality.spec.js:44:16

    attachment #1: screenshot (image/png) ──────────────────────────────────────────────────────────
    ../test-results/core-functionality-Enhance-df713--for-empty-tech-stack-input-Mobile-Chrome/test-failed-1.png
    ────────────────────────────────────────────────────────────────────────────────────────────────

    attachment #2: video (video/webm) ──────────────────────────────────────────────────────────────
    ../test-results/core-functionality-Enhance-df713--for-empty-tech-stack-input-Mobile-Chrome/video.webm
    ────────────────────────────────────────────────────────────────────────────────────────────────

    Error Context: ../test-results/core-functionality-Enhance-df713--for-empty-tech-stack-input-Mobile-Chrome/error-context.md
]]>
</failure>
<system-out>
<![CDATA[
[[ATTACHMENT|test-results/core-functionality-Enhance-df713--for-empty-tech-stack-input-Mobile-Chrome/test-failed-1.png]]

[[ATTACHMENT|test-results/core-functionality-Enhance-df713--for-empty-tech-stack-input-Mobile-Chrome/video.webm]]

[[ATTACHMENT|test-results/core-functionality-Enhance-df713--for-empty-tech-stack-input-Mobile-Chrome/error-context.md]]
]]>
</system-out>
</testcase>
<testcase name="Enhanced Figma Plugin - Core Functionality @smoke @critical › should process tech stack input and show confidence indicator" classname="core-functionality.spec.js" time="11.291">
<failure message="core-functionality.spec.js:54:3 should process tech stack input and show confidence indicator" type="FAILURE">
<![CDATA[  [Mobile Chrome] › core-functionality.spec.js:54:3 › Enhanced Figma Plugin - Core Functionality @smoke @critical › should process tech stack input and show confidence indicator 

    TimeoutError: page.fill: Timeout 10000ms exceeded.
    Call log:
      - waiting for locator('#techStackInput')


      55 |     // Input a valid tech stack description
      56 |     const techStack = 'React with TypeScript, styled-components, and Jest testing';
    > 57 |     await page.fill('#techStackInput', techStack);
         |                ^
      58 |     
      59 |     // Trigger tech stack parsing (should happen on input)
      60 |     await page.dispatchEvent('#techStackInput', 'input');
        at /Users/david/Documents/Figa-Jira-Automations-Tool/figma-ticket-generator/browser-tests/tests/core-functionality.spec.js:57:16

    attachment #1: screenshot (image/png) ──────────────────────────────────────────────────────────
    ../test-results/core-functionality-Enhance-37bdf-d-show-confidence-indicator-Mobile-Chrome/test-failed-1.png
    ────────────────────────────────────────────────────────────────────────────────────────────────

    attachment #2: video (video/webm) ──────────────────────────────────────────────────────────────
    ../test-results/core-functionality-Enhance-37bdf-d-show-confidence-indicator-Mobile-Chrome/video.webm
    ────────────────────────────────────────────────────────────────────────────────────────────────

    Error Context: ../test-results/core-functionality-Enhance-37bdf-d-show-confidence-indicator-Mobile-Chrome/error-context.md
]]>
</failure>
<system-out>
<![CDATA[
[[ATTACHMENT|test-results/core-functionality-Enhance-37bdf-d-show-confidence-indicator-Mobile-Chrome/test-failed-1.png]]

[[ATTACHMENT|test-results/core-functionality-Enhance-37bdf-d-show-confidence-indicator-Mobile-Chrome/video.webm]]

[[ATTACHMENT|test-results/core-functionality-Enhance-37bdf-d-show-confidence-indicator-Mobile-Chrome/error-context.md]]
]]>
</system-out>
</testcase>
<testcase name="Enhanced Figma Plugin - Core Functionality @smoke @critical › should generate enhanced document with valid input @critical" classname="core-functionality.spec.js" time="11.289">
<failure message="core-functionality.spec.js:76:3 should generate enhanced document with valid input @critical" type="FAILURE">
<![CDATA[  [Mobile Chrome] › core-functionality.spec.js:76:3 › Enhanced Figma Plugin - Core Functionality @smoke @critical › should generate enhanced document with valid input @critical 

    TimeoutError: page.fill: Timeout 10000ms exceeded.
    Call log:
      - waiting for locator('#techStackInput')


      77 |     // Input comprehensive tech stack
      78 |     const techStack = 'Next.js with TypeScript, Chakra UI for styling, React Query for data fetching, Jest and React Testing Library for testing';
    > 79 |     await page.fill('#techStackInput', techStack);
         |                ^
      80 |     
      81 |     // Select document type
      82 |     await page.selectOption('#documentType', 'jira');
        at /Users/david/Documents/Figa-Jira-Automations-Tool/figma-ticket-generator/browser-tests/tests/core-functionality.spec.js:79:16

    attachment #1: screenshot (image/png) ──────────────────────────────────────────────────────────
    ../test-results/core-functionality-Enhance-38d4c-t-with-valid-input-critical-Mobile-Chrome/test-failed-1.png
    ────────────────────────────────────────────────────────────────────────────────────────────────

    attachment #2: video (video/webm) ──────────────────────────────────────────────────────────────
    ../test-results/core-functionality-Enhance-38d4c-t-with-valid-input-critical-Mobile-Chrome/video.webm
    ────────────────────────────────────────────────────────────────────────────────────────────────

    Error Context: ../test-results/core-functionality-Enhance-38d4c-t-with-valid-input-critical-Mobile-Chrome/error-context.md
]]>
</failure>
<system-out>
<![CDATA[
[[ATTACHMENT|test-results/core-functionality-Enhance-38d4c-t-with-valid-input-critical-Mobile-Chrome/test-failed-1.png]]

[[ATTACHMENT|test-results/core-functionality-Enhance-38d4c-t-with-valid-input-critical-Mobile-Chrome/video.webm]]

[[ATTACHMENT|test-results/core-functionality-Enhance-38d4c-t-with-valid-input-critical-Mobile-Chrome/error-context.md]]
]]>
</system-out>
</testcase>
<testcase name="Enhanced Figma Plugin - Core Functionality @smoke @critical › should handle MCP server unavailable gracefully" classname="core-functionality.spec.js" time="11.282">
<failure message="core-functionality.spec.js:128:3 should handle MCP server unavailable gracefully" type="FAILURE">
<![CDATA[  [Mobile Chrome] › core-functionality.spec.js:128:3 › Enhanced Figma Plugin - Core Functionality @smoke @critical › should handle MCP server unavailable gracefully 

    TimeoutError: page.fill: Timeout 10000ms exceeded.
    Call log:
      - waiting for locator('#techStackInput')


      133 |     
      134 |     // Input tech stack and generate
    > 135 |     await page.fill('#techStackInput', 'React with TypeScript');
          |                ^
      136 |     await page.click('#generateBtn');
      137 |     
      138 |     // Should show fallback message
        at /Users/david/Documents/Figa-Jira-Automations-Tool/figma-ticket-generator/browser-tests/tests/core-functionality.spec.js:135:16

    attachment #1: screenshot (image/png) ──────────────────────────────────────────────────────────
    ../test-results/core-functionality-Enhance-d3f27-rver-unavailable-gracefully-Mobile-Chrome/test-failed-1.png
    ────────────────────────────────────────────────────────────────────────────────────────────────

    attachment #2: video (video/webm) ──────────────────────────────────────────────────────────────
    ../test-results/core-functionality-Enhance-d3f27-rver-unavailable-gracefully-Mobile-Chrome/video.webm
    ────────────────────────────────────────────────────────────────────────────────────────────────

    Error Context: ../test-results/core-functionality-Enhance-d3f27-rver-unavailable-gracefully-Mobile-Chrome/error-context.md
]]>
</failure>
<system-out>
<![CDATA[
[[ATTACHMENT|test-results/core-functionality-Enhance-d3f27-rver-unavailable-gracefully-Mobile-Chrome/test-failed-1.png]]

[[ATTACHMENT|test-results/core-functionality-Enhance-d3f27-rver-unavailable-gracefully-Mobile-Chrome/video.webm]]

[[ATTACHMENT|test-results/core-functionality-Enhance-d3f27-rver-unavailable-gracefully-Mobile-Chrome/error-context.md]]
]]>
</system-out>
</testcase>
<testcase name="Enhanced Figma Plugin - Core Functionality @smoke @critical › should copy generated content to clipboard" classname="core-functionality.spec.js" time="11.29">
<failure message="core-functionality.spec.js:151:3 should copy generated content to clipboard" type="FAILURE">
<![CDATA[  [Mobile Chrome] › core-functionality.spec.js:151:3 › Enhanced Figma Plugin - Core Functionality @smoke @critical › should copy generated content to clipboard 

    TimeoutError: page.fill: Timeout 10000ms exceeded.
    Call log:
      - waiting for locator('#techStackInput')


      151 |   test('should copy generated content to clipboard', async ({ page }) => {
      152 |     // Generate content first
    > 153 |     await page.fill('#techStackInput', 'Vue 3 with Composition API and Pinia');
          |                ^
      154 |     await page.click('#generateBtn');
      155 |     await page.waitForSelector('#results', { state: 'visible', timeout: 20000 });
      156 |     
        at /Users/david/Documents/Figa-Jira-Automations-Tool/figma-ticket-generator/browser-tests/tests/core-functionality.spec.js:153:16

    attachment #1: screenshot (image/png) ──────────────────────────────────────────────────────────
    ../test-results/core-functionality-Enhance-9a004-erated-content-to-clipboard-Mobile-Chrome/test-failed-1.png
    ────────────────────────────────────────────────────────────────────────────────────────────────

    attachment #2: video (video/webm) ──────────────────────────────────────────────────────────────
    ../test-results/core-functionality-Enhance-9a004-erated-content-to-clipboard-Mobile-Chrome/video.webm
    ────────────────────────────────────────────────────────────────────────────────────────────────

    Error Context: ../test-results/core-functionality-Enhance-9a004-erated-content-to-clipboard-Mobile-Chrome/error-context.md
]]>
</failure>
<system-out>
<![CDATA[
[[ATTACHMENT|test-results/core-functionality-Enhance-9a004-erated-content-to-clipboard-Mobile-Chrome/test-failed-1.png]]

[[ATTACHMENT|test-results/core-functionality-Enhance-9a004-erated-content-to-clipboard-Mobile-Chrome/video.webm]]

[[ATTACHMENT|test-results/core-functionality-Enhance-9a004-erated-content-to-clipboard-Mobile-Chrome/error-context.md]]
]]>
</system-out>
</testcase>
<testcase name="Enhanced Figma Plugin - Core Functionality @smoke @critical › should iterate through different document types" classname="core-functionality.spec.js" time="11.775">
<failure message="core-functionality.spec.js:174:3 should iterate through different document types" type="FAILURE">
<![CDATA[  [Mobile Chrome] › core-functionality.spec.js:174:3 › Enhanced Figma Plugin - Core Functionality @smoke @critical › should iterate through different document types 

    TimeoutError: page.selectOption: Timeout 10000ms exceeded.
    Call log:
      - waiting for locator('#documentType')


      187 |       
      188 |       // Select document type
    > 189 |       await page.selectOption('#documentType', docType.value);
          |                  ^
      190 |       
      191 |       // Fill form
      192 |       await page.fill('#techStackInput', 'React with TypeScript and Material-UI');
        at /Users/david/Documents/Figa-Jira-Automations-Tool/figma-ticket-generator/browser-tests/tests/core-functionality.spec.js:189:18

    attachment #1: screenshot (image/png) ──────────────────────────────────────────────────────────
    ../test-results/core-functionality-Enhance-4d2a8-gh-different-document-types-Mobile-Chrome/test-failed-1.png
    ────────────────────────────────────────────────────────────────────────────────────────────────

    attachment #2: video (video/webm) ──────────────────────────────────────────────────────────────
    ../test-results/core-functionality-Enhance-4d2a8-gh-different-document-types-Mobile-Chrome/video.webm
    ────────────────────────────────────────────────────────────────────────────────────────────────

    Error Context: ../test-results/core-functionality-Enhance-4d2a8-gh-different-document-types-Mobile-Chrome/error-context.md
]]>
</failure>
<system-out>
<![CDATA[
[[ATTACHMENT|test-results/core-functionality-Enhance-4d2a8-gh-different-document-types-Mobile-Chrome/test-failed-1.png]]

[[ATTACHMENT|test-results/core-functionality-Enhance-4d2a8-gh-different-document-types-Mobile-Chrome/video.webm]]

[[ATTACHMENT|test-results/core-functionality-Enhance-4d2a8-gh-different-document-types-Mobile-Chrome/error-context.md]]
]]>
</system-out>
</testcase>
</testsuite>
<testsuite name="cross-browser-performance.spec.js" timestamp="2025-10-23T02:33:00.593Z" hostname="Mobile Chrome" tests="10" failures="9" skipped="0" time="77.282" errors="0">
<testcase name="Cross-Browser Compatibility Testing › should work consistently across all major browsers @smoke" classname="cross-browser-performance.spec.js" time="5.735">
<failure message="cross-browser-performance.spec.js:10:3 should work consistently across all major browsers @smoke" type="FAILURE">
<![CDATA[  [Mobile Chrome] › cross-browser-performance.spec.js:10:3 › Cross-Browser Compatibility Testing › should work consistently across all major browsers @smoke 

    Error: expect(locator).toBeVisible() failed

    Locator: locator('#app')
    Expected: visible
    Timeout: 5000ms
    Error: element(s) not found

    Call log:
      - Expect "toBeVisible" with timeout 5000ms
      - waiting for locator('#app')


      12 |     
      13 |     // Basic functionality should work on all browsers
    > 14 |     await expect(page.locator('#app')).toBeVisible();
         |                                        ^
      15 |     await expect(page.locator('#techStackInput')).toBeVisible();
      16 |     await expect(page.locator('#generateBtn')).toBeVisible();
      17 |     
        at /Users/david/Documents/Figa-Jira-Automations-Tool/figma-ticket-generator/browser-tests/tests/cross-browser-performance.spec.js:14:40

    attachment #1: screenshot (image/png) ──────────────────────────────────────────────────────────
    ../test-results/cross-browser-performance--4ca98-ss-all-major-browsers-smoke-Mobile-Chrome/test-failed-1.png
    ────────────────────────────────────────────────────────────────────────────────────────────────

    attachment #2: video (video/webm) ──────────────────────────────────────────────────────────────
    ../test-results/cross-browser-performance--4ca98-ss-all-major-browsers-smoke-Mobile-Chrome/video.webm
    ────────────────────────────────────────────────────────────────────────────────────────────────

    Error Context: ../test-results/cross-browser-performance--4ca98-ss-all-major-browsers-smoke-Mobile-Chrome/error-context.md
]]>
</failure>
<system-out>
<![CDATA[Testing on: chromium

[[ATTACHMENT|test-results/cross-browser-performance--4ca98-ss-all-major-browsers-smoke-Mobile-Chrome/test-failed-1.png]]

[[ATTACHMENT|test-results/cross-browser-performance--4ca98-ss-all-major-browsers-smoke-Mobile-Chrome/video.webm]]

[[ATTACHMENT|test-results/cross-browser-performance--4ca98-ss-all-major-browsers-smoke-Mobile-Chrome/error-context.md]]
]]>
</system-out>
</testcase>
<testcase name="Cross-Browser Compatibility Testing › should handle CSS features consistently across browsers" classname="cross-browser-performance.spec.js" time="5.715">
<failure message="cross-browser-performance.spec.js:31:3 should handle CSS features consistently across browsers" type="FAILURE">
<![CDATA[  [Mobile Chrome] › cross-browser-performance.spec.js:31:3 › Cross-Browser Compatibility Testing › should handle CSS features consistently across browsers 

    Error: expect(locator).toHaveCSS(expected) failed

    Locator: locator('.container')
    Expected pattern: /flex|grid/
    Timeout: 5000ms
    Error: element(s) not found

    Call log:
      - Expect "toHaveCSS" with timeout 5000ms
      - waiting for locator('.container')


      32 |     // Check CSS Grid/Flexbox support
      33 |     const container = page.locator('.container');
    > 34 |     await expect(container).toHaveCSS('display', /flex|grid/);
         |                             ^
      35 |     
      36 |     // Check CSS custom properties (variables)
      37 |     const primaryColor = await page.evaluate(() => {
        at /Users/david/Documents/Figa-Jira-Automations-Tool/figma-ticket-generator/browser-tests/tests/cross-browser-performance.spec.js:34:29

    attachment #1: screenshot (image/png) ──────────────────────────────────────────────────────────
    ../test-results/cross-browser-performance--356f2-onsistently-across-browsers-Mobile-Chrome/test-failed-1.png
    ────────────────────────────────────────────────────────────────────────────────────────────────

    attachment #2: video (video/webm) ──────────────────────────────────────────────────────────────
    ../test-results/cross-browser-performance--356f2-onsistently-across-browsers-Mobile-Chrome/video.webm
    ────────────────────────────────────────────────────────────────────────────────────────────────

    Error Context: ../test-results/cross-browser-performance--356f2-onsistently-across-browsers-Mobile-Chrome/error-context.md
]]>
</failure>
<system-out>
<![CDATA[
[[ATTACHMENT|test-results/cross-browser-performance--356f2-onsistently-across-browsers-Mobile-Chrome/test-failed-1.png]]

[[ATTACHMENT|test-results/cross-browser-performance--356f2-onsistently-across-browsers-Mobile-Chrome/video.webm]]

[[ATTACHMENT|test-results/cross-browser-performance--356f2-onsistently-across-browsers-Mobile-Chrome/error-context.md]]
]]>
</system-out>
</testcase>
<testcase name="Cross-Browser Compatibility Testing › should handle JavaScript features consistently" classname="cross-browser-performance.spec.js" time="0.629">
<system-out>
<![CDATA[chromium: Clipboard API available
]]>
</system-out>
</testcase>
<testcase name="Mobile and Touch Device Testing › should work on mobile Chrome" classname="cross-browser-performance.spec.js" time="5.609">
<failure message="cross-browser-performance.spec.js:87:3 should work on mobile Chrome" type="FAILURE">
<![CDATA[  [Mobile Chrome] › cross-browser-performance.spec.js:87:3 › Mobile and Touch Device Testing › should work on mobile Chrome 

    Error: expect(locator).toBeVisible() failed

    Locator: locator('#app')
    Expected: visible
    Timeout: 5000ms
    Error: element(s) not found

    Call log:
      - Expect "toBeVisible" with timeout 5000ms
      - waiting for locator('#app')


      92 |     
      93 |     // Should be responsive
    > 94 |     await expect(page.locator('#app')).toBeVisible();
         |                                        ^
      95 |     
      96 |     // Touch interactions should work
      97 |     await page.tap('#techStackInput');
        at /Users/david/Documents/Figa-Jira-Automations-Tool/figma-ticket-generator/browser-tests/tests/cross-browser-performance.spec.js:94:40

    attachment #1: screenshot (image/png) ──────────────────────────────────────────────────────────
    ../test-results/cross-browser-performance--c522b-hould-work-on-mobile-Chrome-Mobile-Chrome/test-failed-1.png
    ────────────────────────────────────────────────────────────────────────────────────────────────

    Error Context: ../test-results/cross-browser-performance--c522b-hould-work-on-mobile-Chrome-Mobile-Chrome/error-context.md
]]>
</failure>
<system-out>
<![CDATA[
[[ATTACHMENT|test-results/cross-browser-performance--c522b-hould-work-on-mobile-Chrome-Mobile-Chrome/test-failed-1.png]]

[[ATTACHMENT|test-results/cross-browser-performance--c522b-hould-work-on-mobile-Chrome-Mobile-Chrome/error-context.md]]
]]>
</system-out>
</testcase>
<testcase name="Mobile and Touch Device Testing › should work on mobile Safari" classname="cross-browser-performance.spec.js" time="5.702">
<failure message="cross-browser-performance.spec.js:107:3 should work on mobile Safari" type="FAILURE">
<![CDATA[  [Mobile Chrome] › cross-browser-performance.spec.js:107:3 › Mobile and Touch Device Testing › should work on mobile Safari 

    Error: expect(locator).toBeVisible() failed

    Locator: locator('#techStackInput')
    Expected: visible
    Timeout: 5000ms
    Error: element(s) not found

    Call log:
      - Expect "toBeVisible" with timeout 5000ms
      - waiting for locator('#techStackInput')


      112 |     
      113 |     // Test iOS-specific behaviors
    > 114 |     await expect(page.locator('#techStackInput')).toBeVisible();
          |                                                   ^
      115 |     
      116 |     // iOS Safari input handling
      117 |     await page.tap('#techStackInput');
        at /Users/david/Documents/Figa-Jira-Automations-Tool/figma-ticket-generator/browser-tests/tests/cross-browser-performance.spec.js:114:51

    attachment #1: screenshot (image/png) ──────────────────────────────────────────────────────────
    ../test-results/cross-browser-performance--cfd95-hould-work-on-mobile-Safari-Mobile-Chrome/test-failed-1.png
    ────────────────────────────────────────────────────────────────────────────────────────────────

    attachment #2: video (video/webm) ──────────────────────────────────────────────────────────────
    ../test-results/cross-browser-performance--cfd95-hould-work-on-mobile-Safari-Mobile-Chrome/video.webm
    ────────────────────────────────────────────────────────────────────────────────────────────────

    Error Context: ../test-results/cross-browser-performance--cfd95-hould-work-on-mobile-Safari-Mobile-Chrome/error-context.md
]]>
</failure>
<system-out>
<![CDATA[
[[ATTACHMENT|test-results/cross-browser-performance--cfd95-hould-work-on-mobile-Safari-Mobile-Chrome/test-failed-1.png]]

[[ATTACHMENT|test-results/cross-browser-performance--cfd95-hould-work-on-mobile-Safari-Mobile-Chrome/video.webm]]

[[ATTACHMENT|test-results/cross-browser-performance--cfd95-hould-work-on-mobile-Safari-Mobile-Chrome/error-context.md]]
]]>
</system-out>
</testcase>
<testcase name="Mobile and Touch Device Testing › should handle touch gestures and mobile interactions" classname="cross-browser-performance.spec.js" time="10.798">
<failure message="cross-browser-performance.spec.js:128:3 should handle touch gestures and mobile interactions" type="FAILURE">
<![CDATA[  [Mobile Chrome] › cross-browser-performance.spec.js:128:3 › Mobile and Touch Device Testing › should handle touch gestures and mobile interactions 

    TimeoutError: page.fill: Timeout 10000ms exceeded.
    Call log:
      - waiting for locator('#techStackInput')


      132 |     
      133 |     // Test touch scrolling (if content is scrollable)
    > 134 |     await page.fill('#techStackInput', 'Very long tech stack description that should trigger various UI states and potentially scrollable content areas for testing mobile scrolling behavior');
          |                ^
      135 |     
      136 |     // Test mobile form submission
      137 |     await page.tap('#generateBtn');
        at /Users/david/Documents/Figa-Jira-Automations-Tool/figma-ticket-generator/browser-tests/tests/cross-browser-performance.spec.js:134:16

    attachment #1: screenshot (image/png) ──────────────────────────────────────────────────────────
    ../test-results/cross-browser-performance--79813-res-and-mobile-interactions-Mobile-Chrome/test-failed-1.png
    ────────────────────────────────────────────────────────────────────────────────────────────────

    attachment #2: video (video/webm) ──────────────────────────────────────────────────────────────
    ../test-results/cross-browser-performance--79813-res-and-mobile-interactions-Mobile-Chrome/video.webm
    ────────────────────────────────────────────────────────────────────────────────────────────────

    Error Context: ../test-results/cross-browser-performance--79813-res-and-mobile-interactions-Mobile-Chrome/error-context.md
]]>
</failure>
<system-out>
<![CDATA[
[[ATTACHMENT|test-results/cross-browser-performance--79813-res-and-mobile-interactions-Mobile-Chrome/test-failed-1.png]]

[[ATTACHMENT|test-results/cross-browser-performance--79813-res-and-mobile-interactions-Mobile-Chrome/video.webm]]

[[ATTACHMENT|test-results/cross-browser-performance--79813-res-and-mobile-interactions-Mobile-Chrome/error-context.md]]
]]>
</system-out>
</testcase>
<testcase name="Performance and Load Testing @critical › should handle multiple rapid requests without breaking" classname="cross-browser-performance.spec.js" time="10.796">
<failure message="cross-browser-performance.spec.js:153:3 should handle multiple rapid requests without breaking" type="FAILURE">
<![CDATA[  [Mobile Chrome] › cross-browser-performance.spec.js:153:3 › Performance and Load Testing @critical › should handle multiple rapid requests without breaking 

    TimeoutError: page.fill: Timeout 10000ms exceeded.
    Call log:
      - waiting for locator('#techStackInput')


      165 |     // Make multiple rapid requests
      166 |     for (let i = 0; i < testInputs.length; i++) {
    > 167 |       await page.fill('#techStackInput', testInputs[i]);
          |                  ^
      168 |       
      169 |       // Don't wait for previous request to complete
      170 |       page.click('#generateBtn'); // Note: no await here for rapid fire
        at /Users/david/Documents/Figa-Jira-Automations-Tool/figma-ticket-generator/browser-tests/tests/cross-browser-performance.spec.js:167:18

    attachment #1: screenshot (image/png) ──────────────────────────────────────────────────────────
    ../test-results/cross-browser-performance--46aea-d-requests-without-breaking-Mobile-Chrome/test-failed-1.png
    ────────────────────────────────────────────────────────────────────────────────────────────────

    attachment #2: video (video/webm) ──────────────────────────────────────────────────────────────
    ../test-results/cross-browser-performance--46aea-d-requests-without-breaking-Mobile-Chrome/video.webm
    ────────────────────────────────────────────────────────────────────────────────────────────────

    Error Context: ../test-results/cross-browser-performance--46aea-d-requests-without-breaking-Mobile-Chrome/error-context.md
]]>
</failure>
<system-out>
<![CDATA[
[[ATTACHMENT|test-results/cross-browser-performance--46aea-d-requests-without-breaking-Mobile-Chrome/test-failed-1.png]]

[[ATTACHMENT|test-results/cross-browser-performance--46aea-d-requests-without-breaking-Mobile-Chrome/video.webm]]

[[ATTACHMENT|test-results/cross-browser-performance--46aea-d-requests-without-breaking-Mobile-Chrome/error-context.md]]
]]>
</system-out>
</testcase>
<testcase name="Performance and Load Testing @critical › should handle large input text without performance degradation" classname="cross-browser-performance.spec.js" time="10.767">
<failure message="cross-browser-performance.spec.js:184:3 should handle large input text without performance degradation" type="FAILURE">
<![CDATA[  [Mobile Chrome] › cross-browser-performance.spec.js:184:3 › Performance and Load Testing @critical › should handle large input text without performance degradation 

    TimeoutError: page.fill: Timeout 10000ms exceeded.
    Call log:
      - waiting for locator('#techStackInput')


      192 |     
      193 |     // Fill large input
    > 194 |     await page.fill('#techStackInput', largeInput);
          |                ^
      195 |     
      196 |     // Should still respond reasonably quickly
      197 |     await page.click('#generateBtn');
        at /Users/david/Documents/Figa-Jira-Automations-Tool/figma-ticket-generator/browser-tests/tests/cross-browser-performance.spec.js:194:16

    attachment #1: screenshot (image/png) ──────────────────────────────────────────────────────────
    ../test-results/cross-browser-performance--5e7fa-out-performance-degradation-Mobile-Chrome/test-failed-1.png
    ────────────────────────────────────────────────────────────────────────────────────────────────

    attachment #2: video (video/webm) ──────────────────────────────────────────────────────────────
    ../test-results/cross-browser-performance--5e7fa-out-performance-degradation-Mobile-Chrome/video.webm
    ────────────────────────────────────────────────────────────────────────────────────────────────

    Error Context: ../test-results/cross-browser-performance--5e7fa-out-performance-degradation-Mobile-Chrome/error-context.md
]]>
</failure>
<system-out>
<![CDATA[
[[ATTACHMENT|test-results/cross-browser-performance--5e7fa-out-performance-degradation-Mobile-Chrome/test-failed-1.png]]

[[ATTACHMENT|test-results/cross-browser-performance--5e7fa-out-performance-degradation-Mobile-Chrome/video.webm]]

[[ATTACHMENT|test-results/cross-browser-performance--5e7fa-out-performance-degradation-Mobile-Chrome/error-context.md]]
]]>
</system-out>
</testcase>
<testcase name="Performance and Load Testing @critical › should maintain responsiveness during long-running operations" classname="cross-browser-performance.spec.js" time="10.762">
<failure message="cross-browser-performance.spec.js:213:3 should maintain responsiveness during long-running operations" type="FAILURE">
<![CDATA[  [Mobile Chrome] › cross-browser-performance.spec.js:213:3 › Performance and Load Testing @critical › should maintain responsiveness during long-running operations 

    TimeoutError: page.fill: Timeout 10000ms exceeded.
    Call log:
      - waiting for locator('#techStackInput')


      222 |     
      223 |     // Start generation
    > 224 |     await page.fill('#techStackInput', 'Performance test: React with TypeScript');
          |                ^
      225 |     await page.click('#generateBtn');
      226 |     
      227 |     // UI should remain responsive during operation
        at /Users/david/Documents/Figa-Jira-Automations-Tool/figma-ticket-generator/browser-tests/tests/cross-browser-performance.spec.js:224:16

    attachment #1: screenshot (image/png) ──────────────────────────────────────────────────────────
    ../test-results/cross-browser-performance--6d154-ing-long-running-operations-Mobile-Chrome/test-failed-1.png
    ────────────────────────────────────────────────────────────────────────────────────────────────

    attachment #2: video (video/webm) ──────────────────────────────────────────────────────────────
    ../test-results/cross-browser-performance--6d154-ing-long-running-operations-Mobile-Chrome/video.webm
    ────────────────────────────────────────────────────────────────────────────────────────────────

    Error Context: ../test-results/cross-browser-performance--6d154-ing-long-running-operations-Mobile-Chrome/error-context.md
]]>
</failure>
<system-out>
<![CDATA[
[[ATTACHMENT|test-results/cross-browser-performance--6d154-ing-long-running-operations-Mobile-Chrome/test-failed-1.png]]

[[ATTACHMENT|test-results/cross-browser-performance--6d154-ing-long-running-operations-Mobile-Chrome/video.webm]]

[[ATTACHMENT|test-results/cross-browser-performance--6d154-ing-long-running-operations-Mobile-Chrome/error-context.md]]
]]>
</system-out>
</testcase>
<testcase name="Performance and Load Testing @critical › should handle memory usage efficiently with multiple operations" classname="cross-browser-performance.spec.js" time="10.769">
<failure message="cross-browser-performance.spec.js:245:3 should handle memory usage efficiently with multiple operations" type="FAILURE">
<![CDATA[  [Mobile Chrome] › cross-browser-performance.spec.js:245:3 › Performance and Load Testing @critical › should handle memory usage efficiently with multiple operations 

    TimeoutError: page.fill: Timeout 10000ms exceeded.
    Call log:
      - waiting for locator('#techStackInput')


      251 |     
      252 |     for (let i = 0; i < iterations; i++) {
    > 253 |       await page.fill('#techStackInput', `Iteration ${i + 1}: React with TypeScript and various libraries`);
          |                  ^
      254 |       await page.click('#generateBtn');
      255 |       await page.waitForSelector('#results', { state: 'visible', timeout: 30000 });
      256 |       
        at /Users/david/Documents/Figa-Jira-Automations-Tool/figma-ticket-generator/browser-tests/tests/cross-browser-performance.spec.js:253:18

    attachment #1: screenshot (image/png) ──────────────────────────────────────────────────────────
    ../test-results/cross-browser-performance--1ef7e-ly-with-multiple-operations-Mobile-Chrome/test-failed-1.png
    ────────────────────────────────────────────────────────────────────────────────────────────────

    attachment #2: video (video/webm) ──────────────────────────────────────────────────────────────
    ../test-results/cross-browser-performance--1ef7e-ly-with-multiple-operations-Mobile-Chrome/video.webm
    ────────────────────────────────────────────────────────────────────────────────────────────────

    Error Context: ../test-results/cross-browser-performance--1ef7e-ly-with-multiple-operations-Mobile-Chrome/error-context.md
]]>
</failure>
<system-out>
<![CDATA[
[[ATTACHMENT|test-results/cross-browser-performance--1ef7e-ly-with-multiple-operations-Mobile-Chrome/test-failed-1.png]]

[[ATTACHMENT|test-results/cross-browser-performance--1ef7e-ly-with-multiple-operations-Mobile-Chrome/video.webm]]

[[ATTACHMENT|test-results/cross-browser-performance--1ef7e-ly-with-multiple-operations-Mobile-Chrome/error-context.md]]
]]>
</system-out>
</testcase>
</testsuite>
<testsuite name="debug-test.spec.js" timestamp="2025-10-23T02:33:00.593Z" hostname="Mobile Chrome" tests="1" failures="1" skipped="0" time="10.765" errors="0">
<testcase name="debug UI generation" classname="debug-test.spec.js" time="10.765">
<failure message="debug-test.spec.js:3:1 debug UI generation" type="FAILURE">
<![CDATA[  [Mobile Chrome] › debug-test.spec.js:3:1 › debug UI generation ───────────────────────────────────

    TimeoutError: page.fill: Timeout 10000ms exceeded.
    Call log:
      - waiting for locator('#techStackInput')


      12 |   
      13 |   // Fill input
    > 14 |   await page.fill('#techStackInput', 'React + TypeScript');
         |              ^
      15 |   
      16 |   // Click generate button
      17 |   console.log('Clicking generate button...');
        at /Users/david/Documents/Figa-Jira-Automations-Tool/figma-ticket-generator/browser-tests/tests/debug-test.spec.js:14:14

    attachment #1: screenshot (image/png) ──────────────────────────────────────────────────────────
    ../test-results/debug-test-debug-UI-generation-Mobile-Chrome/test-failed-1.png
    ────────────────────────────────────────────────────────────────────────────────────────────────

    attachment #2: video (video/webm) ──────────────────────────────────────────────────────────────
    ../test-results/debug-test-debug-UI-generation-Mobile-Chrome/video.webm
    ────────────────────────────────────────────────────────────────────────────────────────────────

    Error Context: ../test-results/debug-test-debug-UI-generation-Mobile-Chrome/error-context.md
]]>
</failure>
<system-out>
<![CDATA[BROWSER: Failed to load resource: the server responded with a status of 404 (File not found)

[[ATTACHMENT|test-results/debug-test-debug-UI-generation-Mobile-Chrome/test-failed-1.png]]

[[ATTACHMENT|test-results/debug-test-debug-UI-generation-Mobile-Chrome/video.webm]]

[[ATTACHMENT|test-results/debug-test-debug-UI-generation-Mobile-Chrome/error-context.md]]
]]>
</system-out>
</testcase>
</testsuite>
<testsuite name="enhanced-validation.spec.js" timestamp="2025-10-23T02:33:00.593Z" hostname="Mobile Chrome" tests="4" failures="4" skipped="0" time="43.156" errors="0">
<testcase name="Enhanced Interface Validation @smoke › should have all restored features visible and functional" classname="enhanced-validation.spec.js" time="10.758">
<failure message="enhanced-validation.spec.js:19:3 should have all restored features visible and functional" type="FAILURE">
<![CDATA[  [Mobile Chrome] › enhanced-validation.spec.js:19:3 › Enhanced Interface Validation @smoke › should have all restored features visible and functional 

    TimeoutError: page.click: Timeout 10000ms exceeded.
    Call log:
      - waiting for locator('[data-tab="generator"]')


      13 |     
      14 |     // Switch to the Figma to Document tab
    > 15 |     await page.click('[data-tab="generator"]');
         |                ^
      16 |     await page.waitForTimeout(500);
      17 |   });
      18 |
        at /Users/david/Documents/Figa-Jira-Automations-Tool/figma-ticket-generator/browser-tests/tests/enhanced-validation.spec.js:15:16

    attachment #1: screenshot (image/png) ──────────────────────────────────────────────────────────
    ../test-results/enhanced-validation-Enhanc-86339-ures-visible-and-functional-Mobile-Chrome/test-failed-1.png
    ────────────────────────────────────────────────────────────────────────────────────────────────

    attachment #2: video (video/webm) ──────────────────────────────────────────────────────────────
    ../test-results/enhanced-validation-Enhanc-86339-ures-visible-and-functional-Mobile-Chrome/video.webm
    ────────────────────────────────────────────────────────────────────────────────────────────────

    Error Context: ../test-results/enhanced-validation-Enhanc-86339-ures-visible-and-functional-Mobile-Chrome/error-context.md
]]>
</failure>
<system-out>
<![CDATA[
[[ATTACHMENT|test-results/enhanced-validation-Enhanc-86339-ures-visible-and-functional-Mobile-Chrome/test-failed-1.png]]

[[ATTACHMENT|test-results/enhanced-validation-Enhanc-86339-ures-visible-and-functional-Mobile-Chrome/video.webm]]

[[ATTACHMENT|test-results/enhanced-validation-Enhanc-86339-ures-visible-and-functional-Mobile-Chrome/error-context.md]]
]]>
</system-out>
</testcase>
<testcase name="Enhanced Interface Validation @smoke › should handle tech stack input and document type interaction" classname="enhanced-validation.spec.js" time="10.794">
<failure message="enhanced-validation.spec.js:56:3 should handle tech stack input and document type interaction" type="FAILURE">
<![CDATA[  [Mobile Chrome] › enhanced-validation.spec.js:56:3 › Enhanced Interface Validation @smoke › should handle tech stack input and document type interaction 

    TimeoutError: page.click: Timeout 10000ms exceeded.
    Call log:
      - waiting for locator('[data-tab="generator"]')


      13 |     
      14 |     // Switch to the Figma to Document tab
    > 15 |     await page.click('[data-tab="generator"]');
         |                ^
      16 |     await page.waitForTimeout(500);
      17 |   });
      18 |
        at /Users/david/Documents/Figa-Jira-Automations-Tool/figma-ticket-generator/browser-tests/tests/enhanced-validation.spec.js:15:16

    attachment #1: screenshot (image/png) ──────────────────────────────────────────────────────────
    ../test-results/enhanced-validation-Enhanc-9c821-d-document-type-interaction-Mobile-Chrome/test-failed-1.png
    ────────────────────────────────────────────────────────────────────────────────────────────────

    attachment #2: video (video/webm) ──────────────────────────────────────────────────────────────
    ../test-results/enhanced-validation-Enhanc-9c821-d-document-type-interaction-Mobile-Chrome/video.webm
    ────────────────────────────────────────────────────────────────────────────────────────────────

    Error Context: ../test-results/enhanced-validation-Enhanc-9c821-d-document-type-interaction-Mobile-Chrome/error-context.md
]]>
</failure>
<system-out>
<![CDATA[
[[ATTACHMENT|test-results/enhanced-validation-Enhanc-9c821-d-document-type-interaction-Mobile-Chrome/test-failed-1.png]]

[[ATTACHMENT|test-results/enhanced-validation-Enhanc-9c821-d-document-type-interaction-Mobile-Chrome/video.webm]]

[[ATTACHMENT|test-results/enhanced-validation-Enhanc-9c821-d-document-type-interaction-Mobile-Chrome/error-context.md]]
]]>
</system-out>
</testcase>
<testcase name="Enhanced Interface Validation @smoke › should persist settings in localStorage" classname="enhanced-validation.spec.js" time="10.827">
<failure message="enhanced-validation.spec.js:85:3 should persist settings in localStorage" type="FAILURE">
<![CDATA[  [Mobile Chrome] › enhanced-validation.spec.js:85:3 › Enhanced Interface Validation @smoke › should persist settings in localStorage 

    TimeoutError: page.click: Timeout 10000ms exceeded.
    Call log:
      - waiting for locator('[data-tab="generator"]')


      13 |     
      14 |     // Switch to the Figma to Document tab
    > 15 |     await page.click('[data-tab="generator"]');
         |                ^
      16 |     await page.waitForTimeout(500);
      17 |   });
      18 |
        at /Users/david/Documents/Figa-Jira-Automations-Tool/figma-ticket-generator/browser-tests/tests/enhanced-validation.spec.js:15:16

    attachment #1: screenshot (image/png) ──────────────────────────────────────────────────────────
    ../test-results/enhanced-validation-Enhanc-11432-st-settings-in-localStorage-Mobile-Chrome/test-failed-1.png
    ────────────────────────────────────────────────────────────────────────────────────────────────

    attachment #2: video (video/webm) ──────────────────────────────────────────────────────────────
    ../test-results/enhanced-validation-Enhanc-11432-st-settings-in-localStorage-Mobile-Chrome/video.webm
    ────────────────────────────────────────────────────────────────────────────────────────────────

    Error Context: ../test-results/enhanced-validation-Enhanc-11432-st-settings-in-localStorage-Mobile-Chrome/error-context.md
]]>
</failure>
<system-out>
<![CDATA[
[[ATTACHMENT|test-results/enhanced-validation-Enhanc-11432-st-settings-in-localStorage-Mobile-Chrome/test-failed-1.png]]

[[ATTACHMENT|test-results/enhanced-validation-Enhanc-11432-st-settings-in-localStorage-Mobile-Chrome/video.webm]]

[[ATTACHMENT|test-results/enhanced-validation-Enhanc-11432-st-settings-in-localStorage-Mobile-Chrome/error-context.md]]
]]>
</system-out>
</testcase>
<testcase name="Enhanced Interface Validation @smoke › should have MCP server integration ready" classname="enhanced-validation.spec.js" time="10.777">
<failure message="enhanced-validation.spec.js:110:3 should have MCP server integration ready" type="FAILURE">
<![CDATA[  [Mobile Chrome] › enhanced-validation.spec.js:110:3 › Enhanced Interface Validation @smoke › should have MCP server integration ready 

    TimeoutError: page.click: Timeout 10000ms exceeded.
    Call log:
      - waiting for locator('[data-tab="generator"]')


      13 |     
      14 |     // Switch to the Figma to Document tab
    > 15 |     await page.click('[data-tab="generator"]');
         |                ^
      16 |     await page.waitForTimeout(500);
      17 |   });
      18 |
        at /Users/david/Documents/Figa-Jira-Automations-Tool/figma-ticket-generator/browser-tests/tests/enhanced-validation.spec.js:15:16

    attachment #1: screenshot (image/png) ──────────────────────────────────────────────────────────
    ../test-results/enhanced-validation-Enhanc-00eeb-CP-server-integration-ready-Mobile-Chrome/test-failed-1.png
    ────────────────────────────────────────────────────────────────────────────────────────────────

    attachment #2: video (video/webm) ──────────────────────────────────────────────────────────────
    ../test-results/enhanced-validation-Enhanc-00eeb-CP-server-integration-ready-Mobile-Chrome/video.webm
    ────────────────────────────────────────────────────────────────────────────────────────────────

    Error Context: ../test-results/enhanced-validation-Enhanc-00eeb-CP-server-integration-ready-Mobile-Chrome/error-context.md
]]>
</failure>
<system-out>
<![CDATA[
[[ATTACHMENT|test-results/enhanced-validation-Enhanc-00eeb-CP-server-integration-ready-Mobile-Chrome/test-failed-1.png]]

[[ATTACHMENT|test-results/enhanced-validation-Enhanc-00eeb-CP-server-integration-ready-Mobile-Chrome/video.webm]]

[[ATTACHMENT|test-results/enhanced-validation-Enhanc-00eeb-CP-server-integration-ready-Mobile-Chrome/error-context.md]]
]]>
</system-out>
</testcase>
</testsuite>
<testsuite name="main-application.spec.js" timestamp="2025-10-23T02:33:00.593Z" hostname="Mobile Chrome" tests="14" failures="14" skipped="0" time="100.269" errors="0">
<testcase name="Main Application - Full Feature E2E Tests › should load main application with tabbed interface" classname="main-application.spec.js" time="5.723">
<failure message="main-application.spec.js:11:3 should load main application with tabbed interface" type="FAILURE">
<![CDATA[  [Mobile Chrome] › main-application.spec.js:11:3 › Main Application - Full Feature E2E Tests › should load main application with tabbed interface 

    Error: expect(locator).toBeVisible() failed

    Locator: locator('.tab-header')
    Expected: visible
    Timeout: 5000ms
    Error: element(s) not found

    Call log:
      - Expect "toBeVisible" with timeout 5000ms
      - waiting for locator('.tab-header')


      11 |   test('should load main application with tabbed interface', async ({ page }) => {
      12 |     // Check main structure loads
    > 13 |     await expect(page.locator('.tab-header')).toBeVisible();
         |                                               ^
      14 |     await expect(page.locator('.tab-nav')).toBeVisible();
      15 |     
      16 |     // Check both tabs exist
        at /Users/david/Documents/Figa-Jira-Automations-Tool/figma-ticket-generator/browser-tests/tests/main-application.spec.js:13:47

    attachment #1: screenshot (image/png) ──────────────────────────────────────────────────────────
    ../test-results/main-application-Main-Appl-60c74-ation-with-tabbed-interface-Mobile-Chrome/test-failed-1.png
    ────────────────────────────────────────────────────────────────────────────────────────────────

    attachment #2: video (video/webm) ──────────────────────────────────────────────────────────────
    ../test-results/main-application-Main-Appl-60c74-ation-with-tabbed-interface-Mobile-Chrome/video.webm
    ────────────────────────────────────────────────────────────────────────────────────────────────

    Error Context: ../test-results/main-application-Main-Appl-60c74-ation-with-tabbed-interface-Mobile-Chrome/error-context.md
]]>
</failure>
<system-out>
<![CDATA[
[[ATTACHMENT|test-results/main-application-Main-Appl-60c74-ation-with-tabbed-interface-Mobile-Chrome/test-failed-1.png]]

[[ATTACHMENT|test-results/main-application-Main-Appl-60c74-ation-with-tabbed-interface-Mobile-Chrome/video.webm]]

[[ATTACHMENT|test-results/main-application-Main-Appl-60c74-ation-with-tabbed-interface-Mobile-Chrome/error-context.md]]
]]>
</system-out>
</testcase>
<testcase name="Main Application - Full Feature E2E Tests › should switch between Design Health and Ticket Generator tabs" classname="main-application.spec.js" time="10.773">
<failure message="main-application.spec.js:25:3 should switch between Design Health and Ticket Generator tabs" type="FAILURE">
<![CDATA[  [Mobile Chrome] › main-application.spec.js:25:3 › Main Application - Full Feature E2E Tests › should switch between Design Health and Ticket Generator tabs 

    TimeoutError: page.click: Timeout 10000ms exceeded.
    Call log:
      - waiting for locator('[data-tab="health"]')


      25 |   test('should switch between Design Health and Ticket Generator tabs', async ({ page }) => {
      26 |     // Click on Design Health tab
    > 27 |     await page.click('[data-tab="health"]');
         |                ^
      28 |     
      29 |     // Check tab switching
      30 |     await expect(page.locator('[data-tab="health"].active')).toBeVisible();
        at /Users/david/Documents/Figa-Jira-Automations-Tool/figma-ticket-generator/browser-tests/tests/main-application.spec.js:27:16

    attachment #1: screenshot (image/png) ──────────────────────────────────────────────────────────
    ../test-results/main-application-Main-Appl-b9643-h-and-Ticket-Generator-tabs-Mobile-Chrome/test-failed-1.png
    ────────────────────────────────────────────────────────────────────────────────────────────────

    attachment #2: video (video/webm) ──────────────────────────────────────────────────────────────
    ../test-results/main-application-Main-Appl-b9643-h-and-Ticket-Generator-tabs-Mobile-Chrome/video.webm
    ────────────────────────────────────────────────────────────────────────────────────────────────

    Error Context: ../test-results/main-application-Main-Appl-b9643-h-and-Ticket-Generator-tabs-Mobile-Chrome/error-context.md
]]>
</failure>
<system-out>
<![CDATA[
[[ATTACHMENT|test-results/main-application-Main-Appl-b9643-h-and-Ticket-Generator-tabs-Mobile-Chrome/test-failed-1.png]]

[[ATTACHMENT|test-results/main-application-Main-Appl-b9643-h-and-Ticket-Generator-tabs-Mobile-Chrome/video.webm]]

[[ATTACHMENT|test-results/main-application-Main-Appl-b9643-h-and-Ticket-Generator-tabs-Mobile-Chrome/error-context.md]]
]]>
</system-out>
</testcase>
<testcase name="Main Application - Full Feature E2E Tests › should display Design Health metrics dashboard" classname="main-application.spec.js" time="10.767">
<failure message="main-application.spec.js:40:3 should display Design Health metrics dashboard" type="FAILURE">
<![CDATA[  [Mobile Chrome] › main-application.spec.js:40:3 › Main Application - Full Feature E2E Tests › should display Design Health metrics dashboard 

    TimeoutError: page.click: Timeout 10000ms exceeded.
    Call log:
      - waiting for locator('[data-tab="health"]')


      40 |   test('should display Design Health metrics dashboard', async ({ page }) => {
      41 |     // Switch to health tab
    > 42 |     await page.click('[data-tab="health"]');
         |                ^
      43 |     
      44 |     // Check health metrics structure
      45 |     await expect(page.locator('.metric-grid')).toBeVisible();
        at /Users/david/Documents/Figa-Jira-Automations-Tool/figma-ticket-generator/browser-tests/tests/main-application.spec.js:42:16

    attachment #1: screenshot (image/png) ──────────────────────────────────────────────────────────
    ../test-results/main-application-Main-Appl-6771a-gn-Health-metrics-dashboard-Mobile-Chrome/test-failed-1.png
    ────────────────────────────────────────────────────────────────────────────────────────────────

    attachment #2: video (video/webm) ──────────────────────────────────────────────────────────────
    ../test-results/main-application-Main-Appl-6771a-gn-Health-metrics-dashboard-Mobile-Chrome/video.webm
    ────────────────────────────────────────────────────────────────────────────────────────────────

    Error Context: ../test-results/main-application-Main-Appl-6771a-gn-Health-metrics-dashboard-Mobile-Chrome/error-context.md
]]>
</failure>
<system-out>
<![CDATA[
[[ATTACHMENT|test-results/main-application-Main-Appl-6771a-gn-Health-metrics-dashboard-Mobile-Chrome/test-failed-1.png]]

[[ATTACHMENT|test-results/main-application-Main-Appl-6771a-gn-Health-metrics-dashboard-Mobile-Chrome/video.webm]]

[[ATTACHMENT|test-results/main-application-Main-Appl-6771a-gn-Health-metrics-dashboard-Mobile-Chrome/error-context.md]]
]]>
</system-out>
</testcase>
<testcase name="Main Application - Full Feature E2E Tests › should show MCP server status correctly" classname="main-application.spec.js" time="5.74">
<failure message="main-application.spec.js:58:3 should show MCP server status correctly" type="FAILURE">
<![CDATA[  [Mobile Chrome] › main-application.spec.js:58:3 › Main Application - Full Feature E2E Tests › should show MCP server status correctly 

    Error: expect(locator).toBeVisible() failed

    Locator: locator('#mcpStatus')
    Expected: visible
    Timeout: 5000ms
    Error: element(s) not found

    Call log:
      - Expect "toBeVisible" with timeout 5000ms
      - waiting for locator('#mcpStatus')


      58 |   test('should show MCP server status correctly', async ({ page }) => {
      59 |     // Check MCP status indicator
    > 60 |     await expect(page.locator('#mcpStatus')).toBeVisible();
         |                                              ^
      61 |     await expect(page.locator('#mcpStatusText')).toBeVisible();
      62 |     
      63 |     // Wait for status check to complete
        at /Users/david/Documents/Figa-Jira-Automations-Tool/figma-ticket-generator/browser-tests/tests/main-application.spec.js:60:46

    attachment #1: screenshot (image/png) ──────────────────────────────────────────────────────────
    ../test-results/main-application-Main-Appl-7002b-MCP-server-status-correctly-Mobile-Chrome/test-failed-1.png
    ────────────────────────────────────────────────────────────────────────────────────────────────

    attachment #2: video (video/webm) ──────────────────────────────────────────────────────────────
    ../test-results/main-application-Main-Appl-7002b-MCP-server-status-correctly-Mobile-Chrome/video.webm
    ────────────────────────────────────────────────────────────────────────────────────────────────

    Error Context: ../test-results/main-application-Main-Appl-7002b-MCP-server-status-correctly-Mobile-Chrome/error-context.md
]]>
</failure>
<system-out>
<![CDATA[
[[ATTACHMENT|test-results/main-application-Main-Appl-7002b-MCP-server-status-correctly-Mobile-Chrome/test-failed-1.png]]

[[ATTACHMENT|test-results/main-application-Main-Appl-7002b-MCP-server-status-correctly-Mobile-Chrome/video.webm]]

[[ATTACHMENT|test-results/main-application-Main-Appl-7002b-MCP-server-status-correctly-Mobile-Chrome/error-context.md]]
]]>
</system-out>
</testcase>
<testcase name="Main Application - Full Feature E2E Tests › should have generation mode selection with MCP as default" classname="main-application.spec.js" time="5.717">
<failure message="main-application.spec.js:71:3 should have generation mode selection with MCP as default" type="FAILURE">
<![CDATA[  [Mobile Chrome] › main-application.spec.js:71:3 › Main Application - Full Feature E2E Tests › should have generation mode selection with MCP as default 

    Error: expect(locator).toBeAttached() failed

    Locator: locator('#modeMCP')
    Expected: attached
    Timeout: 5000ms
    Error: element(s) not found

    Call log:
      - Expect "toBeAttached" with timeout 5000ms
      - waiting for locator('#modeMCP')


      71 |   test('should have generation mode selection with MCP as default', async ({ page }) => {
      72 |     // Check mode selection exists in DOM (radio buttons are hidden but functional)
    > 73 |     await expect(page.locator('#modeMCP')).toBeAttached();
         |                                            ^
      74 |     await expect(page.locator('#modeOpenAI')).toBeAttached();
      75 |     
      76 |     // MCP should be checked by default
        at /Users/david/Documents/Figa-Jira-Automations-Tool/figma-ticket-generator/browser-tests/tests/main-application.spec.js:73:44

    attachment #1: screenshot (image/png) ──────────────────────────────────────────────────────────
    ../test-results/main-application-Main-Appl-81257-lection-with-MCP-as-default-Mobile-Chrome/test-failed-1.png
    ────────────────────────────────────────────────────────────────────────────────────────────────

    attachment #2: video (video/webm) ──────────────────────────────────────────────────────────────
    ../test-results/main-application-Main-Appl-81257-lection-with-MCP-as-default-Mobile-Chrome/video.webm
    ────────────────────────────────────────────────────────────────────────────────────────────────

    Error Context: ../test-results/main-application-Main-Appl-81257-lection-with-MCP-as-default-Mobile-Chrome/error-context.md
]]>
</failure>
<system-out>
<![CDATA[
[[ATTACHMENT|test-results/main-application-Main-Appl-81257-lection-with-MCP-as-default-Mobile-Chrome/test-failed-1.png]]

[[ATTACHMENT|test-results/main-application-Main-Appl-81257-lection-with-MCP-as-default-Mobile-Chrome/video.webm]]

[[ATTACHMENT|test-results/main-application-Main-Appl-81257-lection-with-MCP-as-default-Mobile-Chrome/error-context.md]]
]]>
</system-out>
</testcase>
<testcase name="Main Application - Full Feature E2E Tests › should switch between MCP and OpenAI modes" classname="main-application.spec.js" time="10.775">
<failure message="main-application.spec.js:84:3 should switch between MCP and OpenAI modes" type="FAILURE">
<![CDATA[  [Mobile Chrome] › main-application.spec.js:84:3 › Main Application - Full Feature E2E Tests › should switch between MCP and OpenAI modes 

    TimeoutError: page.click: Timeout 10000ms exceeded.
    Call log:
      - waiting for locator('label[for="modeOpenAI"]')


      84 |   test('should switch between MCP and OpenAI modes', async ({ page }) => {
      85 |     // Switch to OpenAI mode by clicking its label
    > 86 |     await page.click('label[for="modeOpenAI"]');
         |                ^
      87 |     
      88 |     // Check UI updates
      89 |     await expect(page.locator('#modeOpenAI')).toBeChecked();
        at /Users/david/Documents/Figa-Jira-Automations-Tool/figma-ticket-generator/browser-tests/tests/main-application.spec.js:86:16

    attachment #1: screenshot (image/png) ──────────────────────────────────────────────────────────
    ../test-results/main-application-Main-Appl-2adf8-etween-MCP-and-OpenAI-modes-Mobile-Chrome/test-failed-1.png
    ────────────────────────────────────────────────────────────────────────────────────────────────

    attachment #2: video (video/webm) ──────────────────────────────────────────────────────────────
    ../test-results/main-application-Main-Appl-2adf8-etween-MCP-and-OpenAI-modes-Mobile-Chrome/video.webm
    ────────────────────────────────────────────────────────────────────────────────────────────────

    Error Context: ../test-results/main-application-Main-Appl-2adf8-etween-MCP-and-OpenAI-modes-Mobile-Chrome/error-context.md
]]>
</failure>
<system-out>
<![CDATA[
[[ATTACHMENT|test-results/main-application-Main-Appl-2adf8-etween-MCP-and-OpenAI-modes-Mobile-Chrome/test-failed-1.png]]

[[ATTACHMENT|test-results/main-application-Main-Appl-2adf8-etween-MCP-and-OpenAI-modes-Mobile-Chrome/video.webm]]

[[ATTACHMENT|test-results/main-application-Main-Appl-2adf8-etween-MCP-and-OpenAI-modes-Mobile-Chrome/error-context.md]]
]]>
</system-out>
</testcase>
<testcase name="Main Application - Full Feature E2E Tests › should have all ticket template options" classname="main-application.spec.js" time="5.725">
<failure message="main-application.spec.js:103:3 should have all ticket template options" type="FAILURE">
<![CDATA[  [Mobile Chrome] › main-application.spec.js:103:3 › Main Application - Full Feature E2E Tests › should have all ticket template options 

    Error: expect(locator).toBeVisible() failed

    Locator: locator('#template')
    Expected: visible
    Timeout: 5000ms
    Error: element(s) not found

    Call log:
      - Expect "toBeVisible" with timeout 5000ms
      - waiting for locator('#template')


      103 |   test('should have all ticket template options', async ({ page }) => {
      104 |     // Check template dropdown
    > 105 |     await expect(page.locator('#template')).toBeVisible();
          |                                             ^
      106 |     
      107 |     // Check all template options exist in DOM
      108 |     const templateOptions = ['component', 'feature', 'bug', 'page', 'custom'];
        at /Users/david/Documents/Figa-Jira-Automations-Tool/figma-ticket-generator/browser-tests/tests/main-application.spec.js:105:45

    attachment #1: screenshot (image/png) ──────────────────────────────────────────────────────────
    ../test-results/main-application-Main-Appl-c6ad2-all-ticket-template-options-Mobile-Chrome/test-failed-1.png
    ────────────────────────────────────────────────────────────────────────────────────────────────

    attachment #2: video (video/webm) ──────────────────────────────────────────────────────────────
    ../test-results/main-application-Main-Appl-c6ad2-all-ticket-template-options-Mobile-Chrome/video.webm
    ────────────────────────────────────────────────────────────────────────────────────────────────

    Error Context: ../test-results/main-application-Main-Appl-c6ad2-all-ticket-template-options-Mobile-Chrome/error-context.md
]]>
</failure>
<system-out>
<![CDATA[
[[ATTACHMENT|test-results/main-application-Main-Appl-c6ad2-all-ticket-template-options-Mobile-Chrome/test-failed-1.png]]

[[ATTACHMENT|test-results/main-application-Main-Appl-c6ad2-all-ticket-template-options-Mobile-Chrome/video.webm]]

[[ATTACHMENT|test-results/main-application-Main-Appl-c6ad2-all-ticket-template-options-Mobile-Chrome/error-context.md]]
]]>
</system-out>
</testcase>
<testcase name="Main Application - Full Feature E2E Tests › should generate ticket with MCP mode (mock selection)" classname="main-application.spec.js" time="10.764">
<failure message="main-application.spec.js:121:3 should generate ticket with MCP mode (mock selection)" type="FAILURE">
<![CDATA[  [Mobile Chrome] › main-application.spec.js:121:3 › Main Application - Full Feature E2E Tests › should generate ticket with MCP mode (mock selection) 

    TimeoutError: page.selectOption: Timeout 10000ms exceeded.
    Call log:
      - waiting for locator('#template')


      121 |   test('should generate ticket with MCP mode (mock selection)', async ({ page }) => {
      122 |     // Fill template and instructions
    > 123 |     await page.selectOption('#template', 'component');
          |                ^
      124 |     await page.fill('#customPrompt', 'Test component with accessibility requirements');
      125 |     
      126 |     // Mock the entire generation flow
        at /Users/david/Documents/Figa-Jira-Automations-Tool/figma-ticket-generator/browser-tests/tests/main-application.spec.js:123:16

    attachment #1: screenshot (image/png) ──────────────────────────────────────────────────────────
    ../test-results/main-application-Main-Appl-5188c-th-MCP-mode-mock-selection--Mobile-Chrome/test-failed-1.png
    ────────────────────────────────────────────────────────────────────────────────────────────────

    attachment #2: video (video/webm) ──────────────────────────────────────────────────────────────
    ../test-results/main-application-Main-Appl-5188c-th-MCP-mode-mock-selection--Mobile-Chrome/video.webm
    ────────────────────────────────────────────────────────────────────────────────────────────────

    Error Context: ../test-results/main-application-Main-Appl-5188c-th-MCP-mode-mock-selection--Mobile-Chrome/error-context.md
]]>
</failure>
<system-out>
<![CDATA[
[[ATTACHMENT|test-results/main-application-Main-Appl-5188c-th-MCP-mode-mock-selection--Mobile-Chrome/test-failed-1.png]]

[[ATTACHMENT|test-results/main-application-Main-Appl-5188c-th-MCP-mode-mock-selection--Mobile-Chrome/video.webm]]

[[ATTACHMENT|test-results/main-application-Main-Appl-5188c-th-MCP-mode-mock-selection--Mobile-Chrome/error-context.md]]
]]>
</system-out>
</testcase>
<testcase name="Main Application - Full Feature E2E Tests › should handle copy to clipboard functionality" classname="main-application.spec.js" time="10.769">
<failure message="main-application.spec.js:184:3 should handle copy to clipboard functionality" type="FAILURE">
<![CDATA[  [Mobile Chrome] › main-application.spec.js:184:3 › Main Application - Full Feature E2E Tests › should handle copy to clipboard functionality 

    TimeoutError: page.fill: Timeout 10000ms exceeded.
    Call log:
      - waiting for locator('#output')


      184 |   test('should handle copy to clipboard functionality', async ({ page }) => {
      185 |     // First generate some content
    > 186 |     await page.fill('#output', 'Test ticket content for clipboard testing');
          |                ^
      187 |     await page.locator('#copy').evaluate(el => el.disabled = false);
      188 |     
      189 |     // Click copy button
        at /Users/david/Documents/Figa-Jira-Automations-Tool/figma-ticket-generator/browser-tests/tests/main-application.spec.js:186:16

    attachment #1: screenshot (image/png) ──────────────────────────────────────────────────────────
    ../test-results/main-application-Main-Appl-0a113--to-clipboard-functionality-Mobile-Chrome/test-failed-1.png
    ────────────────────────────────────────────────────────────────────────────────────────────────

    attachment #2: video (video/webm) ──────────────────────────────────────────────────────────────
    ../test-results/main-application-Main-Appl-0a113--to-clipboard-functionality-Mobile-Chrome/video.webm
    ────────────────────────────────────────────────────────────────────────────────────────────────

    Error Context: ../test-results/main-application-Main-Appl-0a113--to-clipboard-functionality-Mobile-Chrome/error-context.md
]]>
</failure>
<system-out>
<![CDATA[
[[ATTACHMENT|test-results/main-application-Main-Appl-0a113--to-clipboard-functionality-Mobile-Chrome/test-failed-1.png]]

[[ATTACHMENT|test-results/main-application-Main-Appl-0a113--to-clipboard-functionality-Mobile-Chrome/video.webm]]

[[ATTACHMENT|test-results/main-application-Main-Appl-0a113--to-clipboard-functionality-Mobile-Chrome/error-context.md]]
]]>
</system-out>
</testcase>
<testcase name="Main Application - Full Feature E2E Tests › should persist settings in localStorage" classname="main-application.spec.js" time="10.778">
<failure message="main-application.spec.js:196:3 should persist settings in localStorage" type="FAILURE">
<![CDATA[  [Mobile Chrome] › main-application.spec.js:196:3 › Main Application - Full Feature E2E Tests › should persist settings in localStorage 

    TimeoutError: page.selectOption: Timeout 10000ms exceeded.
    Call log:
      - waiting for locator('#template')


      196 |   test('should persist settings in localStorage', async ({ page }) => {
      197 |     // Change template setting and trigger save
    > 198 |     await page.selectOption('#template', 'feature');
          |                ^
      199 |     await page.fill('#customPrompt', 'Persistent test instructions');
      200 |     
      201 |     // Trigger the saveSettings function by changing focus
        at /Users/david/Documents/Figa-Jira-Automations-Tool/figma-ticket-generator/browser-tests/tests/main-application.spec.js:198:16

    attachment #1: screenshot (image/png) ──────────────────────────────────────────────────────────
    ../test-results/main-application-Main-Appl-3f67b-st-settings-in-localStorage-Mobile-Chrome/test-failed-1.png
    ────────────────────────────────────────────────────────────────────────────────────────────────

    attachment #2: video (video/webm) ──────────────────────────────────────────────────────────────
    ../test-results/main-application-Main-Appl-3f67b-st-settings-in-localStorage-Mobile-Chrome/video.webm
    ────────────────────────────────────────────────────────────────────────────────────────────────

    Error Context: ../test-results/main-application-Main-Appl-3f67b-st-settings-in-localStorage-Mobile-Chrome/error-context.md
]]>
</failure>
<system-out>
<![CDATA[
[[ATTACHMENT|test-results/main-application-Main-Appl-3f67b-st-settings-in-localStorage-Mobile-Chrome/test-failed-1.png]]

[[ATTACHMENT|test-results/main-application-Main-Appl-3f67b-st-settings-in-localStorage-Mobile-Chrome/video.webm]]

[[ATTACHMENT|test-results/main-application-Main-Appl-3f67b-st-settings-in-localStorage-Mobile-Chrome/error-context.md]]
]]>
</system-out>
</testcase>
<testcase name="Main Application - Full Feature E2E Tests › should show design system integration section when appropriate" classname="main-application.spec.js" time="5.709">
<failure message="main-application.spec.js:234:3 should show design system integration section when appropriate" type="FAILURE">
<![CDATA[  [Mobile Chrome] › main-application.spec.js:234:3 › Main Application - Full Feature E2E Tests › should show design system integration section when appropriate 

    Error: expect(locator).toHaveClass(expected) failed

    Locator: locator('#designSystemSection')
    Expected pattern: /hidden/
    Timeout: 5000ms
    Error: element(s) not found

    Call log:
      - Expect "toHaveClass" with timeout 5000ms
      - waiting for locator('#designSystemSection')


      234 |   test('should show design system integration section when appropriate', async ({ page }) => {
      235 |     // Design system section should be hidden initially
    > 236 |     await expect(page.locator('#designSystemSection')).toHaveClass(/hidden/);
          |                                                        ^
      237 |     
      238 |     // Simulate design system detection
      239 |     await page.evaluate(() => {
        at /Users/david/Documents/Figa-Jira-Automations-Tool/figma-ticket-generator/browser-tests/tests/main-application.spec.js:236:56

    attachment #1: screenshot (image/png) ──────────────────────────────────────────────────────────
    ../test-results/main-application-Main-Appl-59ef1-on-section-when-appropriate-Mobile-Chrome/test-failed-1.png
    ────────────────────────────────────────────────────────────────────────────────────────────────

    attachment #2: video (video/webm) ──────────────────────────────────────────────────────────────
    ../test-results/main-application-Main-Appl-59ef1-on-section-when-appropriate-Mobile-Chrome/video.webm
    ────────────────────────────────────────────────────────────────────────────────────────────────

    Error Context: ../test-results/main-application-Main-Appl-59ef1-on-section-when-appropriate-Mobile-Chrome/error-context.md
]]>
</failure>
<system-out>
<![CDATA[
[[ATTACHMENT|test-results/main-application-Main-Appl-59ef1-on-section-when-appropriate-Mobile-Chrome/test-failed-1.png]]

[[ATTACHMENT|test-results/main-application-Main-Appl-59ef1-on-section-when-appropriate-Mobile-Chrome/video.webm]]

[[ATTACHMENT|test-results/main-application-Main-Appl-59ef1-on-section-when-appropriate-Mobile-Chrome/error-context.md]]
]]>
</system-out>
</testcase>
<testcase name="Main Application - Full Feature E2E Tests › should handle responsive design across viewports" classname="main-application.spec.js" time="5.718">
<failure message="main-application.spec.js:262:3 should handle responsive design across viewports" type="FAILURE">
<![CDATA[  [Mobile Chrome] › main-application.spec.js:262:3 › Main Application - Full Feature E2E Tests › should handle responsive design across viewports 

    Error: expect(locator).toBeVisible() failed

    Locator: locator('.tab-container')
    Expected: visible
    Timeout: 5000ms
    Error: element(s) not found

    Call log:
      - Expect "toBeVisible" with timeout 5000ms
      - waiting for locator('.tab-container')


      263 |     // Test desktop viewport
      264 |     await page.setViewportSize({ width: 1280, height: 720 });
    > 265 |     await expect(page.locator('.tab-container')).toBeVisible();
          |                                                  ^
      266 |     
      267 |     // Test tablet viewport  
      268 |     await page.setViewportSize({ width: 768, height: 1024 });
        at /Users/david/Documents/Figa-Jira-Automations-Tool/figma-ticket-generator/browser-tests/tests/main-application.spec.js:265:50

    attachment #1: screenshot (image/png) ──────────────────────────────────────────────────────────
    ../test-results/main-application-Main-Appl-6b403-ive-design-across-viewports-Mobile-Chrome/test-failed-1.png
    ────────────────────────────────────────────────────────────────────────────────────────────────

    attachment #2: video (video/webm) ──────────────────────────────────────────────────────────────
    ../test-results/main-application-Main-Appl-6b403-ive-design-across-viewports-Mobile-Chrome/video.webm
    ────────────────────────────────────────────────────────────────────────────────────────────────

    Error Context: ../test-results/main-application-Main-Appl-6b403-ive-design-across-viewports-Mobile-Chrome/error-context.md
]]>
</failure>
<system-out>
<![CDATA[
[[ATTACHMENT|test-results/main-application-Main-Appl-6b403-ive-design-across-viewports-Mobile-Chrome/test-failed-1.png]]

[[ATTACHMENT|test-results/main-application-Main-Appl-6b403-ive-design-across-viewports-Mobile-Chrome/video.webm]]

[[ATTACHMENT|test-results/main-application-Main-Appl-6b403-ive-design-across-viewports-Mobile-Chrome/error-context.md]]
]]>
</system-out>
</testcase>
<testcase name="Main Application - Full Feature E2E Tests › should validate accessibility features" classname="main-application.spec.js" time="0.659">
<failure message="main-application.spec.js:280:3 should validate accessibility features" type="FAILURE">
<![CDATA[  [Mobile Chrome] › main-application.spec.js:280:3 › Main Application - Full Feature E2E Tests › should validate accessibility features 

    Error: expect(received).toBeGreaterThan(expected)

    Expected: > 0
    Received:   0

      282 |     const interactiveElements = page.locator('button, input, select, textarea');
      283 |     const count = await interactiveElements.count();
    > 284 |     expect(count).toBeGreaterThan(0);
          |                   ^
      285 |     
      286 |     // Check that form elements are properly labeled
      287 |     const labelCount = await page.locator('label').count();
        at /Users/david/Documents/Figa-Jira-Automations-Tool/figma-ticket-generator/browser-tests/tests/main-application.spec.js:284:19

    attachment #1: screenshot (image/png) ──────────────────────────────────────────────────────────
    ../test-results/main-application-Main-Appl-eba65-date-accessibility-features-Mobile-Chrome/test-failed-1.png
    ────────────────────────────────────────────────────────────────────────────────────────────────

    attachment #2: video (video/webm) ──────────────────────────────────────────────────────────────
    ../test-results/main-application-Main-Appl-eba65-date-accessibility-features-Mobile-Chrome/video.webm
    ────────────────────────────────────────────────────────────────────────────────────────────────

    Error Context: ../test-results/main-application-Main-Appl-eba65-date-accessibility-features-Mobile-Chrome/error-context.md
]]>
</failure>
<system-out>
<![CDATA[
[[ATTACHMENT|test-results/main-application-Main-Appl-eba65-date-accessibility-features-Mobile-Chrome/test-failed-1.png]]

[[ATTACHMENT|test-results/main-application-Main-Appl-eba65-date-accessibility-features-Mobile-Chrome/video.webm]]

[[ATTACHMENT|test-results/main-application-Main-Appl-eba65-date-accessibility-features-Mobile-Chrome/error-context.md]]
]]>
</system-out>
</testcase>
<testcase name="Main Application - Full Feature E2E Tests › should integrate with E2E test infrastructure" classname="main-application.spec.js" time="0.652">
<failure message="main-application.spec.js:301:3 should integrate with E2E test infrastructure" type="FAILURE">
<![CDATA[  [Mobile Chrome] › main-application.spec.js:301:3 › Main Application - Full Feature E2E Tests › should integrate with E2E test infrastructure 

    Error: expect(received).toBe(expected) // Object.is equality

    Expected: true
    Received: false

      316 |     });
      317 |     
    > 318 |     expect(mcpResponse).toBe(true);
          |                         ^
      319 |     
      320 |     // Check HTTP server serving files correctly
      321 |     const currentUrl = page.url();
        at /Users/david/Documents/Figa-Jira-Automations-Tool/figma-ticket-generator/browser-tests/tests/main-application.spec.js:318:25

    attachment #1: screenshot (image/png) ──────────────────────────────────────────────────────────
    ../test-results/main-application-Main-Appl-3d5a6-ith-E2E-test-infrastructure-Mobile-Chrome/test-failed-1.png
    ────────────────────────────────────────────────────────────────────────────────────────────────

    attachment #2: video (video/webm) ──────────────────────────────────────────────────────────────
    ../test-results/main-application-Main-Appl-3d5a6-ith-E2E-test-infrastructure-Mobile-Chrome/video.webm
    ────────────────────────────────────────────────────────────────────────────────────────────────

    Error Context: ../test-results/main-application-Main-Appl-3d5a6-ith-E2E-test-infrastructure-Mobile-Chrome/error-context.md
]]>
</failure>
<system-out>
<![CDATA[
[[ATTACHMENT|test-results/main-application-Main-Appl-3d5a6-ith-E2E-test-infrastructure-Mobile-Chrome/test-failed-1.png]]

[[ATTACHMENT|test-results/main-application-Main-Appl-3d5a6-ith-E2E-test-infrastructure-Mobile-Chrome/video.webm]]

[[ATTACHMENT|test-results/main-application-Main-Appl-3d5a6-ith-E2E-test-infrastructure-Mobile-Chrome/error-context.md]]
]]>
</system-out>
</testcase>
</testsuite>
<testsuite name="mcp-integration.spec.js" timestamp="2025-10-23T02:33:00.593Z" hostname="Mobile Chrome" tests="7" failures="7" skipped="0" time="75.487" errors="0">
<testcase name="MCP Server Integration E2E Testing @critical › should successfully connect to MCP server and receive enhanced responses" classname="mcp-integration.spec.js" time="10.782">
<failure message="mcp-integration.spec.js:10:3 should successfully connect to MCP server and receive enhanced responses" type="FAILURE">
<![CDATA[  [Mobile Chrome] › mcp-integration.spec.js:10:3 › MCP Server Integration E2E Testing @critical › should successfully connect to MCP server and receive enhanced responses 

    TimeoutError: page.fill: Timeout 10000ms exceeded.
    Call log:
      - waiting for locator('#techStackInput')


      26 |     
      27 |     // Generate enhanced ticket
    > 28 |     await page.fill('#techStackInput', 'React with TypeScript, Chakra UI, React Query, and Vitest');
         |                ^
      29 |     await page.selectOption('#documentType', 'jira');
      30 |     await page.click('#generateBtn');
      31 |     
        at /Users/david/Documents/Figa-Jira-Automations-Tool/figma-ticket-generator/browser-tests/tests/mcp-integration.spec.js:28:16

    attachment #1: screenshot (image/png) ──────────────────────────────────────────────────────────
    ../test-results/mcp-integration-MCP-Server-217aa--receive-enhanced-responses-Mobile-Chrome/test-failed-1.png
    ────────────────────────────────────────────────────────────────────────────────────────────────

    attachment #2: video (video/webm) ──────────────────────────────────────────────────────────────
    ../test-results/mcp-integration-MCP-Server-217aa--receive-enhanced-responses-Mobile-Chrome/video.webm
    ────────────────────────────────────────────────────────────────────────────────────────────────

    Error Context: ../test-results/mcp-integration-MCP-Server-217aa--receive-enhanced-responses-Mobile-Chrome/error-context.md
]]>
</failure>
<system-out>
<![CDATA[
[[ATTACHMENT|test-results/mcp-integration-MCP-Server-217aa--receive-enhanced-responses-Mobile-Chrome/test-failed-1.png]]

[[ATTACHMENT|test-results/mcp-integration-MCP-Server-217aa--receive-enhanced-responses-Mobile-Chrome/video.webm]]

[[ATTACHMENT|test-results/mcp-integration-MCP-Server-217aa--receive-enhanced-responses-Mobile-Chrome/error-context.md]]
]]>
</system-out>
</testcase>
<testcase name="MCP Server Integration E2E Testing @critical › should handle MCP server timeout gracefully" classname="mcp-integration.spec.js" time="10.781">
<failure message="mcp-integration.spec.js:55:3 should handle MCP server timeout gracefully" type="FAILURE">
<![CDATA[  [Mobile Chrome] › mcp-integration.spec.js:55:3 › MCP Server Integration E2E Testing @critical › should handle MCP server timeout gracefully 

    TimeoutError: page.fill: Timeout 10000ms exceeded.
    Call log:
      - waiting for locator('#techStackInput')


      61 |     });
      62 |     
    > 63 |     await page.fill('#techStackInput', 'Vue 3 with Composition API');
         |                ^
      64 |     await page.click('#generateBtn');
      65 |     
      66 |     // Should show fallback after timeout
        at /Users/david/Documents/Figa-Jira-Automations-Tool/figma-ticket-generator/browser-tests/tests/mcp-integration.spec.js:63:16

    attachment #1: screenshot (image/png) ──────────────────────────────────────────────────────────
    ../test-results/mcp-integration-MCP-Server-b3ee6-P-server-timeout-gracefully-Mobile-Chrome/test-failed-1.png
    ────────────────────────────────────────────────────────────────────────────────────────────────

    attachment #2: video (video/webm) ──────────────────────────────────────────────────────────────
    ../test-results/mcp-integration-MCP-Server-b3ee6-P-server-timeout-gracefully-Mobile-Chrome/video.webm
    ────────────────────────────────────────────────────────────────────────────────────────────────

    Error Context: ../test-results/mcp-integration-MCP-Server-b3ee6-P-server-timeout-gracefully-Mobile-Chrome/error-context.md
]]>
</failure>
<system-out>
<![CDATA[
[[ATTACHMENT|test-results/mcp-integration-MCP-Server-b3ee6-P-server-timeout-gracefully-Mobile-Chrome/test-failed-1.png]]

[[ATTACHMENT|test-results/mcp-integration-MCP-Server-b3ee6-P-server-timeout-gracefully-Mobile-Chrome/video.webm]]

[[ATTACHMENT|test-results/mcp-integration-MCP-Server-b3ee6-P-server-timeout-gracefully-Mobile-Chrome/error-context.md]]
]]>
</system-out>
</testcase>
<testcase name="MCP Server Integration E2E Testing @critical › should send correct request payload to MCP server" classname="mcp-integration.spec.js" time="10.782">
<failure message="mcp-integration.spec.js:74:3 should send correct request payload to MCP server" type="FAILURE">
<![CDATA[  [Mobile Chrome] › mcp-integration.spec.js:74:3 › MCP Server Integration E2E Testing @critical › should send correct request payload to MCP server 

    TimeoutError: page.fill: Timeout 10000ms exceeded.
    Call log:
      - waiting for locator('#techStackInput')


      94 |     // Generate ticket with specific parameters
      95 |     const techStackInput = 'Angular with RxJS, Angular Material, NgRx, and Jasmine testing';
    > 96 |     await page.fill('#techStackInput', techStackInput);
         |                ^
      97 |     await page.selectOption('#documentType', 'confluence');
      98 |     await page.click('#generateBtn');
      99 |     
        at /Users/david/Documents/Figa-Jira-Automations-Tool/figma-ticket-generator/browser-tests/tests/mcp-integration.spec.js:96:16

    attachment #1: screenshot (image/png) ──────────────────────────────────────────────────────────
    ../test-results/mcp-integration-MCP-Server-a0f53-quest-payload-to-MCP-server-Mobile-Chrome/test-failed-1.png
    ────────────────────────────────────────────────────────────────────────────────────────────────

    attachment #2: video (video/webm) ──────────────────────────────────────────────────────────────
    ../test-results/mcp-integration-MCP-Server-a0f53-quest-payload-to-MCP-server-Mobile-Chrome/video.webm
    ────────────────────────────────────────────────────────────────────────────────────────────────

    Error Context: ../test-results/mcp-integration-MCP-Server-a0f53-quest-payload-to-MCP-server-Mobile-Chrome/error-context.md
]]>
</failure>
<system-out>
<![CDATA[
[[ATTACHMENT|test-results/mcp-integration-MCP-Server-a0f53-quest-payload-to-MCP-server-Mobile-Chrome/test-failed-1.png]]

[[ATTACHMENT|test-results/mcp-integration-MCP-Server-a0f53-quest-payload-to-MCP-server-Mobile-Chrome/video.webm]]

[[ATTACHMENT|test-results/mcp-integration-MCP-Server-a0f53-quest-payload-to-MCP-server-Mobile-Chrome/error-context.md]]
]]>
</system-out>
</testcase>
<testcase name="MCP Server Integration E2E Testing @critical › should handle different document types with MCP integration" classname="mcp-integration.spec.js" time="10.781">
<failure message="mcp-integration.spec.js:118:3 should handle different document types with MCP integration" type="FAILURE">
<![CDATA[  [Mobile Chrome] › mcp-integration.spec.js:118:3 › MCP Server Integration E2E Testing @critical › should handle different document types with MCP integration 

    TimeoutError: page.fill: Timeout 10000ms exceeded.
    Call log:
      - waiting for locator('#techStackInput')


      169 |       
      170 |       // Test the specific document type
    > 171 |       await page.fill('#techStackInput', testCase.techStack);
          |                  ^
      172 |       await page.selectOption('#documentType', testCase.type);
      173 |       await page.click('#generateBtn');
      174 |       
        at /Users/david/Documents/Figa-Jira-Automations-Tool/figma-ticket-generator/browser-tests/tests/mcp-integration.spec.js:171:18

    attachment #1: screenshot (image/png) ──────────────────────────────────────────────────────────
    ../test-results/mcp-integration-MCP-Server-b9f76--types-with-MCP-integration-Mobile-Chrome/test-failed-1.png
    ────────────────────────────────────────────────────────────────────────────────────────────────

    attachment #2: video (video/webm) ──────────────────────────────────────────────────────────────
    ../test-results/mcp-integration-MCP-Server-b9f76--types-with-MCP-integration-Mobile-Chrome/video.webm
    ────────────────────────────────────────────────────────────────────────────────────────────────

    Error Context: ../test-results/mcp-integration-MCP-Server-b9f76--types-with-MCP-integration-Mobile-Chrome/error-context.md
]]>
</failure>
<system-out>
<![CDATA[
[[ATTACHMENT|test-results/mcp-integration-MCP-Server-b9f76--types-with-MCP-integration-Mobile-Chrome/test-failed-1.png]]

[[ATTACHMENT|test-results/mcp-integration-MCP-Server-b9f76--types-with-MCP-integration-Mobile-Chrome/video.webm]]

[[ATTACHMENT|test-results/mcp-integration-MCP-Server-b9f76--types-with-MCP-integration-Mobile-Chrome/error-context.md]]
]]>
</system-out>
</testcase>
<testcase name="MCP Server Integration E2E Testing @critical › should retry failed requests with exponential backoff" classname="mcp-integration.spec.js" time="10.774">
<failure message="mcp-integration.spec.js:187:3 should retry failed requests with exponential backoff" type="FAILURE">
<![CDATA[  [Mobile Chrome] › mcp-integration.spec.js:187:3 › MCP Server Integration E2E Testing @critical › should retry failed requests with exponential backoff 

    TimeoutError: page.fill: Timeout 10000ms exceeded.
    Call log:
      - waiting for locator('#techStackInput')


      210 |     
      211 |     // Generate ticket
    > 212 |     await page.fill('#techStackInput', 'React with TypeScript');
          |                ^
      213 |     await page.click('#generateBtn');
      214 |     
      215 |     // Should eventually succeed
        at /Users/david/Documents/Figa-Jira-Automations-Tool/figma-ticket-generator/browser-tests/tests/mcp-integration.spec.js:212:16

    attachment #1: screenshot (image/png) ──────────────────────────────────────────────────────────
    ../test-results/mcp-integration-MCP-Server-48f1e-ts-with-exponential-backoff-Mobile-Chrome/test-failed-1.png
    ────────────────────────────────────────────────────────────────────────────────────────────────

    attachment #2: video (video/webm) ──────────────────────────────────────────────────────────────
    ../test-results/mcp-integration-MCP-Server-48f1e-ts-with-exponential-backoff-Mobile-Chrome/video.webm
    ────────────────────────────────────────────────────────────────────────────────────────────────

    Error Context: ../test-results/mcp-integration-MCP-Server-48f1e-ts-with-exponential-backoff-Mobile-Chrome/error-context.md
]]>
</failure>
<system-out>
<![CDATA[
[[ATTACHMENT|test-results/mcp-integration-MCP-Server-48f1e-ts-with-exponential-backoff-Mobile-Chrome/test-failed-1.png]]

[[ATTACHMENT|test-results/mcp-integration-MCP-Server-48f1e-ts-with-exponential-backoff-Mobile-Chrome/video.webm]]

[[ATTACHMENT|test-results/mcp-integration-MCP-Server-48f1e-ts-with-exponential-backoff-Mobile-Chrome/error-context.md]]
]]>
</system-out>
</testcase>
<testcase name="MCP Server Integration E2E Testing @critical › should validate MCP response format and handle malformed responses" classname="mcp-integration.spec.js" time="10.818">
<failure message="mcp-integration.spec.js:226:3 should validate MCP response format and handle malformed responses" type="FAILURE">
<![CDATA[  [Mobile Chrome] › mcp-integration.spec.js:226:3 › MCP Server Integration E2E Testing @critical › should validate MCP response format and handle malformed responses 

    TimeoutError: page.fill: Timeout 10000ms exceeded.
    Call log:
      - waiting for locator('#techStackInput')


      269 |       
      270 |       // Generate ticket
    > 271 |       await page.fill('#techStackInput', `Test case ${i + 1}: React with TypeScript`);
          |                  ^
      272 |       await page.click('#generateBtn');
      273 |       
      274 |       // Wait for results
        at /Users/david/Documents/Figa-Jira-Automations-Tool/figma-ticket-generator/browser-tests/tests/mcp-integration.spec.js:271:18

    attachment #1: screenshot (image/png) ──────────────────────────────────────────────────────────
    ../test-results/mcp-integration-MCP-Server-23a2c--handle-malformed-responses-Mobile-Chrome/test-failed-1.png
    ────────────────────────────────────────────────────────────────────────────────────────────────

    attachment #2: video (video/webm) ──────────────────────────────────────────────────────────────
    ../test-results/mcp-integration-MCP-Server-23a2c--handle-malformed-responses-Mobile-Chrome/video.webm
    ────────────────────────────────────────────────────────────────────────────────────────────────

    Error Context: ../test-results/mcp-integration-MCP-Server-23a2c--handle-malformed-responses-Mobile-Chrome/error-context.md
]]>
</failure>
<system-out>
<![CDATA[
[[ATTACHMENT|test-results/mcp-integration-MCP-Server-23a2c--handle-malformed-responses-Mobile-Chrome/test-failed-1.png]]

[[ATTACHMENT|test-results/mcp-integration-MCP-Server-23a2c--handle-malformed-responses-Mobile-Chrome/video.webm]]

[[ATTACHMENT|test-results/mcp-integration-MCP-Server-23a2c--handle-malformed-responses-Mobile-Chrome/error-context.md]]
]]>
</system-out>
</testcase>
<testcase name="MCP Server Integration E2E Testing @critical › should monitor MCP server performance metrics" classname="mcp-integration.spec.js" time="10.769">
<failure message="mcp-integration.spec.js:292:3 should monitor MCP server performance metrics" type="FAILURE">
<![CDATA[  [Mobile Chrome] › mcp-integration.spec.js:292:3 › MCP Server Integration E2E Testing @critical › should monitor MCP server performance metrics 

    TimeoutError: page.fill: Timeout 10000ms exceeded.
    Call log:
      - waiting for locator('#techStackInput')


      318 |     
      319 |     // Generate ticket
    > 320 |     await page.fill('#techStackInput', 'Complex: React with TypeScript, Redux Toolkit, React Query, Material-UI, Formik, Yup validation, React Testing Library, MSW, Storybook');
          |                ^
      321 |     await page.click('#generateBtn');
      322 |     
      323 |     // Wait for completion
        at /Users/david/Documents/Figa-Jira-Automations-Tool/figma-ticket-generator/browser-tests/tests/mcp-integration.spec.js:320:16

    attachment #1: screenshot (image/png) ──────────────────────────────────────────────────────────
    ../test-results/mcp-integration-MCP-Server-78469--server-performance-metrics-Mobile-Chrome/test-failed-1.png
    ────────────────────────────────────────────────────────────────────────────────────────────────

    attachment #2: video (video/webm) ──────────────────────────────────────────────────────────────
    ../test-results/mcp-integration-MCP-Server-78469--server-performance-metrics-Mobile-Chrome/video.webm
    ────────────────────────────────────────────────────────────────────────────────────────────────

    Error Context: ../test-results/mcp-integration-MCP-Server-78469--server-performance-metrics-Mobile-Chrome/error-context.md
]]>
</failure>
<system-out>
<![CDATA[
[[ATTACHMENT|test-results/mcp-integration-MCP-Server-78469--server-performance-metrics-Mobile-Chrome/test-failed-1.png]]

[[ATTACHMENT|test-results/mcp-integration-MCP-Server-78469--server-performance-metrics-Mobile-Chrome/video.webm]]

[[ATTACHMENT|test-results/mcp-integration-MCP-Server-78469--server-performance-metrics-Mobile-Chrome/error-context.md]]
]]>
</system-out>
</testcase>
</testsuite>
<testsuite name="ui-ux-experience.spec.js" timestamp="2025-10-23T02:33:00.593Z" hostname="Mobile Chrome" tests="14" failures="14" skipped="0" time="120.757" errors="0">
<testcase name="UI/UX Experience Testing @smoke › should have responsive design across different viewports" classname="ui-ux-experience.spec.js" time="5.771">
<failure message="ui-ux-experience.spec.js:10:3 should have responsive design across different viewports" type="FAILURE">
<![CDATA[  [Mobile Chrome] › ui-ux-experience.spec.js:10:3 › UI/UX Experience Testing @smoke › should have responsive design across different viewports 

    Error: expect(locator).toBeVisible() failed

    Locator: locator('#app')
    Expected: visible
    Timeout: 5000ms
    Error: element(s) not found

    Call log:
      - Expect "toBeVisible" with timeout 5000ms
      - waiting for locator('#app')


      11 |     // Test desktop viewport
      12 |     await page.setViewportSize({ width: 1280, height: 720 });
    > 13 |     await expect(page.locator('#app')).toBeVisible();
         |                                        ^
      14 |     await expect(page.locator('#generator-tab .content')).toBeVisible();
      15 |     
      16 |     // Test tablet viewport
        at /Users/david/Documents/Figa-Jira-Automations-Tool/figma-ticket-generator/browser-tests/tests/ui-ux-experience.spec.js:13:40

    attachment #1: screenshot (image/png) ──────────────────────────────────────────────────────────
    ../test-results/ui-ux-experience-UI-UX-Exp-dd71f--across-different-viewports-Mobile-Chrome/test-failed-1.png
    ────────────────────────────────────────────────────────────────────────────────────────────────

    attachment #2: video (video/webm) ──────────────────────────────────────────────────────────────
    ../test-results/ui-ux-experience-UI-UX-Exp-dd71f--across-different-viewports-Mobile-Chrome/video.webm
    ────────────────────────────────────────────────────────────────────────────────────────────────

    Error Context: ../test-results/ui-ux-experience-UI-UX-Exp-dd71f--across-different-viewports-Mobile-Chrome/error-context.md
]]>
</failure>
<system-out>
<![CDATA[
[[ATTACHMENT|test-results/ui-ux-experience-UI-UX-Exp-dd71f--across-different-viewports-Mobile-Chrome/test-failed-1.png]]

[[ATTACHMENT|test-results/ui-ux-experience-UI-UX-Exp-dd71f--across-different-viewports-Mobile-Chrome/video.webm]]

[[ATTACHMENT|test-results/ui-ux-experience-UI-UX-Exp-dd71f--across-different-viewports-Mobile-Chrome/error-context.md]]
]]>
</system-out>
</testcase>
<testcase name="UI/UX Experience Testing @smoke › should show proper loading animations and states" classname="ui-ux-experience.spec.js" time="10.79">
<failure message="ui-ux-experience.spec.js:31:3 should show proper loading animations and states" type="FAILURE">
<![CDATA[  [Mobile Chrome] › ui-ux-experience.spec.js:31:3 › UI/UX Experience Testing @smoke › should show proper loading animations and states 

    TimeoutError: page.fill: Timeout 10000ms exceeded.
    Call log:
      - waiting for locator('#techStackInput')


      31 |   test('should show proper loading animations and states', async ({ page }) => {
      32 |     // Fill input to enable generation
    > 33 |     await page.fill('#techStackInput', 'React with TypeScript and Material-UI');
         |                ^
      34 |     
      35 |     // Mock slow response to test loading states
      36 |     await page.route('**/generate-enhanced-ticket', async route => {
        at /Users/david/Documents/Figa-Jira-Automations-Tool/figma-ticket-generator/browser-tests/tests/ui-ux-experience.spec.js:33:16

    attachment #1: screenshot (image/png) ──────────────────────────────────────────────────────────
    ../test-results/ui-ux-experience-UI-UX-Exp-3f210-ading-animations-and-states-Mobile-Chrome/test-failed-1.png
    ────────────────────────────────────────────────────────────────────────────────────────────────

    attachment #2: video (video/webm) ──────────────────────────────────────────────────────────────
    ../test-results/ui-ux-experience-UI-UX-Exp-3f210-ading-animations-and-states-Mobile-Chrome/video.webm
    ────────────────────────────────────────────────────────────────────────────────────────────────

    Error Context: ../test-results/ui-ux-experience-UI-UX-Exp-3f210-ading-animations-and-states-Mobile-Chrome/error-context.md
]]>
</failure>
<system-out>
<![CDATA[
[[ATTACHMENT|test-results/ui-ux-experience-UI-UX-Exp-3f210-ading-animations-and-states-Mobile-Chrome/test-failed-1.png]]

[[ATTACHMENT|test-results/ui-ux-experience-UI-UX-Exp-3f210-ading-animations-and-states-Mobile-Chrome/video.webm]]

[[ATTACHMENT|test-results/ui-ux-experience-UI-UX-Exp-3f210-ading-animations-and-states-Mobile-Chrome/error-context.md]]
]]>
</system-out>
</testcase>
<testcase name="UI/UX Experience Testing @smoke › should display confidence indicators with proper styling" classname="ui-ux-experience.spec.js" time="10.749">
<failure message="ui-ux-experience.spec.js:63:3 should display confidence indicators with proper styling" type="FAILURE">
<![CDATA[  [Mobile Chrome] › ui-ux-experience.spec.js:63:3 › UI/UX Experience Testing @smoke › should display confidence indicators with proper styling 

    TimeoutError: page.fill: Timeout 10000ms exceeded.
    Call log:
      - waiting for locator('#techStackInput')


      78 |     
      79 |     for (const testCase of testCases) {
    > 80 |       await page.fill('#techStackInput', testCase.input);
         |                  ^
      81 |       await page.dispatchEvent('#techStackInput', 'input');
      82 |       
      83 |       // Wait for parsing
        at /Users/david/Documents/Figa-Jira-Automations-Tool/figma-ticket-generator/browser-tests/tests/ui-ux-experience.spec.js:80:18

    attachment #1: screenshot (image/png) ──────────────────────────────────────────────────────────
    ../test-results/ui-ux-experience-UI-UX-Exp-56438-icators-with-proper-styling-Mobile-Chrome/test-failed-1.png
    ────────────────────────────────────────────────────────────────────────────────────────────────

    attachment #2: video (video/webm) ──────────────────────────────────────────────────────────────
    ../test-results/ui-ux-experience-UI-UX-Exp-56438-icators-with-proper-styling-Mobile-Chrome/video.webm
    ────────────────────────────────────────────────────────────────────────────────────────────────

    Error Context: ../test-results/ui-ux-experience-UI-UX-Exp-56438-icators-with-proper-styling-Mobile-Chrome/error-context.md
]]>
</failure>
<system-out>
<![CDATA[
[[ATTACHMENT|test-results/ui-ux-experience-UI-UX-Exp-56438-icators-with-proper-styling-Mobile-Chrome/test-failed-1.png]]

[[ATTACHMENT|test-results/ui-ux-experience-UI-UX-Exp-56438-icators-with-proper-styling-Mobile-Chrome/video.webm]]

[[ATTACHMENT|test-results/ui-ux-experience-UI-UX-Exp-56438-icators-with-proper-styling-Mobile-Chrome/error-context.md]]
]]>
</system-out>
</testcase>
<testcase name="UI/UX Experience Testing @smoke › should show interactive suggestion pills" classname="ui-ux-experience.spec.js" time="10.799">
<failure message="ui-ux-experience.spec.js:105:3 should show interactive suggestion pills" type="FAILURE">
<![CDATA[  [Mobile Chrome] › ui-ux-experience.spec.js:105:3 › UI/UX Experience Testing @smoke › should show interactive suggestion pills 

    TimeoutError: page.fill: Timeout 10000ms exceeded.
    Call log:
      - waiting for locator('#techStackInput')


      104 |
      105 |   test('should show interactive suggestion pills', async ({ page }) => {
    > 106 |     await page.fill('#techStackInput', 'React TypeScript');
          |                ^
      107 |     await page.dispatchEvent('#techStackInput', 'input');
      108 |     
      109 |     // Wait for suggestions to appear
        at /Users/david/Documents/Figa-Jira-Automations-Tool/figma-ticket-generator/browser-tests/tests/ui-ux-experience.spec.js:106:16

    attachment #1: screenshot (image/png) ──────────────────────────────────────────────────────────
    ../test-results/ui-ux-experience-UI-UX-Exp-0ee59-nteractive-suggestion-pills-Mobile-Chrome/test-failed-1.png
    ────────────────────────────────────────────────────────────────────────────────────────────────

    attachment #2: video (video/webm) ──────────────────────────────────────────────────────────────
    ../test-results/ui-ux-experience-UI-UX-Exp-0ee59-nteractive-suggestion-pills-Mobile-Chrome/video.webm
    ────────────────────────────────────────────────────────────────────────────────────────────────

    Error Context: ../test-results/ui-ux-experience-UI-UX-Exp-0ee59-nteractive-suggestion-pills-Mobile-Chrome/error-context.md
]]>
</failure>
<system-out>
<![CDATA[
[[ATTACHMENT|test-results/ui-ux-experience-UI-UX-Exp-0ee59-nteractive-suggestion-pills-Mobile-Chrome/test-failed-1.png]]

[[ATTACHMENT|test-results/ui-ux-experience-UI-UX-Exp-0ee59-nteractive-suggestion-pills-Mobile-Chrome/video.webm]]

[[ATTACHMENT|test-results/ui-ux-experience-UI-UX-Exp-0ee59-nteractive-suggestion-pills-Mobile-Chrome/error-context.md]]
]]>
</system-out>
</testcase>
<testcase name="UI/UX Experience Testing @smoke › should handle error states gracefully with proper styling" classname="ui-ux-experience.spec.js" time="10.765">
<failure message="ui-ux-experience.spec.js:130:3 should handle error states gracefully with proper styling" type="FAILURE">
<![CDATA[  [Mobile Chrome] › ui-ux-experience.spec.js:130:3 › UI/UX Experience Testing @smoke › should handle error states gracefully with proper styling 

    TimeoutError: page.click: Timeout 10000ms exceeded.
    Call log:
      - waiting for locator('#generate')


      130 |   test('should handle error states gracefully with proper styling', async ({ page }) => {
      131 |     // Test empty input error
    > 132 |     await page.click('#generate');
          |                ^
      133 |     
      134 |     const errorMessage = page.locator('.error-message');
      135 |     await expect(errorMessage).toBeVisible();
        at /Users/david/Documents/Figa-Jira-Automations-Tool/figma-ticket-generator/browser-tests/tests/ui-ux-experience.spec.js:132:16

    attachment #1: screenshot (image/png) ──────────────────────────────────────────────────────────
    ../test-results/ui-ux-experience-UI-UX-Exp-80c6b-cefully-with-proper-styling-Mobile-Chrome/test-failed-1.png
    ────────────────────────────────────────────────────────────────────────────────────────────────

    attachment #2: video (video/webm) ──────────────────────────────────────────────────────────────
    ../test-results/ui-ux-experience-UI-UX-Exp-80c6b-cefully-with-proper-styling-Mobile-Chrome/video.webm
    ────────────────────────────────────────────────────────────────────────────────────────────────

    Error Context: ../test-results/ui-ux-experience-UI-UX-Exp-80c6b-cefully-with-proper-styling-Mobile-Chrome/error-context.md
]]>
</failure>
<system-out>
<![CDATA[
[[ATTACHMENT|test-results/ui-ux-experience-UI-UX-Exp-80c6b-cefully-with-proper-styling-Mobile-Chrome/test-failed-1.png]]

[[ATTACHMENT|test-results/ui-ux-experience-UI-UX-Exp-80c6b-cefully-with-proper-styling-Mobile-Chrome/video.webm]]

[[ATTACHMENT|test-results/ui-ux-experience-UI-UX-Exp-80c6b-cefully-with-proper-styling-Mobile-Chrome/error-context.md]]
]]>
</system-out>
</testcase>
<testcase name="UI/UX Experience Testing @smoke › should show proper visual feedback for copy action" classname="ui-ux-experience.spec.js" time="10.754">
<failure message="ui-ux-experience.spec.js:144:3 should show proper visual feedback for copy action" type="FAILURE">
<![CDATA[  [Mobile Chrome] › ui-ux-experience.spec.js:144:3 › UI/UX Experience Testing @smoke › should show proper visual feedback for copy action 

    TimeoutError: page.fill: Timeout 10000ms exceeded.
    Call log:
      - waiting for locator('#techStackInput')


      144 |   test('should show proper visual feedback for copy action', async ({ page }) => {
      145 |     // Generate content first
    > 146 |     await page.fill('#techStackInput', 'Angular with TypeScript');
          |                ^
      147 |     await page.click('#generate');
      148 |     await page.waitForSelector('#results', { state: 'visible', timeout: 20000 });
      149 |     
        at /Users/david/Documents/Figa-Jira-Automations-Tool/figma-ticket-generator/browser-tests/tests/ui-ux-experience.spec.js:146:16

    attachment #1: screenshot (image/png) ──────────────────────────────────────────────────────────
    ../test-results/ui-ux-experience-UI-UX-Exp-b36f5-al-feedback-for-copy-action-Mobile-Chrome/test-failed-1.png
    ────────────────────────────────────────────────────────────────────────────────────────────────

    attachment #2: video (video/webm) ──────────────────────────────────────────────────────────────
    ../test-results/ui-ux-experience-UI-UX-Exp-b36f5-al-feedback-for-copy-action-Mobile-Chrome/video.webm
    ────────────────────────────────────────────────────────────────────────────────────────────────

    Error Context: ../test-results/ui-ux-experience-UI-UX-Exp-b36f5-al-feedback-for-copy-action-Mobile-Chrome/error-context.md
]]>
</failure>
<system-out>
<![CDATA[
[[ATTACHMENT|test-results/ui-ux-experience-UI-UX-Exp-b36f5-al-feedback-for-copy-action-Mobile-Chrome/test-failed-1.png]]

[[ATTACHMENT|test-results/ui-ux-experience-UI-UX-Exp-b36f5-al-feedback-for-copy-action-Mobile-Chrome/video.webm]]

[[ATTACHMENT|test-results/ui-ux-experience-UI-UX-Exp-b36f5-al-feedback-for-copy-action-Mobile-Chrome/error-context.md]]
]]>
</system-out>
</testcase>
<testcase name="UI/UX Experience Testing @smoke › should maintain visual consistency across different document types" classname="ui-ux-experience.spec.js" time="10.816">
<failure message="ui-ux-experience.spec.js:166:3 should maintain visual consistency across different document types" type="FAILURE">
<![CDATA[  [Mobile Chrome] › ui-ux-experience.spec.js:166:3 › UI/UX Experience Testing @smoke › should maintain visual consistency across different document types 

    TimeoutError: page.selectOption: Timeout 10000ms exceeded.
    Call log:
      - waiting for locator('#documentType')


      168 |     
      169 |     for (const docType of documentTypes) {
    > 170 |       await page.selectOption('#documentType', docType);
          |                  ^
      171 |       
      172 |       // UI should remain consistent
      173 |       await expect(page.locator('#documentType')).toBeVisible();
        at /Users/david/Documents/Figa-Jira-Automations-Tool/figma-ticket-generator/browser-tests/tests/ui-ux-experience.spec.js:170:18

    attachment #1: screenshot (image/png) ──────────────────────────────────────────────────────────
    ../test-results/ui-ux-experience-UI-UX-Exp-efb6a-ss-different-document-types-Mobile-Chrome/test-failed-1.png
    ────────────────────────────────────────────────────────────────────────────────────────────────

    attachment #2: video (video/webm) ──────────────────────────────────────────────────────────────
    ../test-results/ui-ux-experience-UI-UX-Exp-efb6a-ss-different-document-types-Mobile-Chrome/video.webm
    ────────────────────────────────────────────────────────────────────────────────────────────────

    Error Context: ../test-results/ui-ux-experience-UI-UX-Exp-efb6a-ss-different-document-types-Mobile-Chrome/error-context.md
]]>
</failure>
<system-out>
<![CDATA[
[[ATTACHMENT|test-results/ui-ux-experience-UI-UX-Exp-efb6a-ss-different-document-types-Mobile-Chrome/test-failed-1.png]]

[[ATTACHMENT|test-results/ui-ux-experience-UI-UX-Exp-efb6a-ss-different-document-types-Mobile-Chrome/video.webm]]

[[ATTACHMENT|test-results/ui-ux-experience-UI-UX-Exp-efb6a-ss-different-document-types-Mobile-Chrome/error-context.md]]
]]>
</system-out>
</testcase>
<testcase name="UI/UX Experience Testing @smoke › should display proper typography and spacing" classname="ui-ux-experience.spec.js" time="5.744">
<failure message="ui-ux-experience.spec.js:184:3 should display proper typography and spacing" type="FAILURE">
<![CDATA[  [Mobile Chrome] › ui-ux-experience.spec.js:184:3 › UI/UX Experience Testing @smoke › should display proper typography and spacing 

    Error: expect(locator).toHaveCSS(expected) failed

    Locator: locator('h1')
    Expected pattern: /24px|1\.5rem/
    Received string:  "32px"
    Timeout: 5000ms

    Call log:
      - Expect "toHaveCSS" with timeout 5000ms
      - waiting for locator('h1')
        9 × locator resolved to <h1>Error response</h1>
          - unexpected value "32px"


      185 |     // Check main heading typography
      186 |     const heading = page.locator('h1');
    > 187 |     await expect(heading).toHaveCSS('font-size', /24px|1\.5rem/);
          |                           ^
      188 |     await expect(heading).toHaveCSS('font-weight', /600|bold/);
      189 |     
      190 |     // Check subtitle styling
        at /Users/david/Documents/Figa-Jira-Automations-Tool/figma-ticket-generator/browser-tests/tests/ui-ux-experience.spec.js:187:27

    attachment #1: screenshot (image/png) ──────────────────────────────────────────────────────────
    ../test-results/ui-ux-experience-UI-UX-Exp-0f64e-oper-typography-and-spacing-Mobile-Chrome/test-failed-1.png
    ────────────────────────────────────────────────────────────────────────────────────────────────

    attachment #2: video (video/webm) ──────────────────────────────────────────────────────────────
    ../test-results/ui-ux-experience-UI-UX-Exp-0f64e-oper-typography-and-spacing-Mobile-Chrome/video.webm
    ────────────────────────────────────────────────────────────────────────────────────────────────

    Error Context: ../test-results/ui-ux-experience-UI-UX-Exp-0f64e-oper-typography-and-spacing-Mobile-Chrome/error-context.md
]]>
</failure>
<system-out>
<![CDATA[
[[ATTACHMENT|test-results/ui-ux-experience-UI-UX-Exp-0f64e-oper-typography-and-spacing-Mobile-Chrome/test-failed-1.png]]

[[ATTACHMENT|test-results/ui-ux-experience-UI-UX-Exp-0f64e-oper-typography-and-spacing-Mobile-Chrome/video.webm]]

[[ATTACHMENT|test-results/ui-ux-experience-UI-UX-Exp-0f64e-oper-typography-and-spacing-Mobile-Chrome/error-context.md]]
]]>
</system-out>
</testcase>
<testcase name="UI/UX Experience Testing @smoke › should handle focus states and keyboard navigation" classname="ui-ux-experience.spec.js" time="5.763">
<failure message="ui-ux-experience.spec.js:205:3 should handle focus states and keyboard navigation" type="FAILURE">
<![CDATA[  [Mobile Chrome] › ui-ux-experience.spec.js:205:3 › UI/UX Experience Testing @smoke › should handle focus states and keyboard navigation 

    Error: expect(locator).toBeFocused() failed

    Locator: locator('#techStackInput')
    Expected: focused
    Timeout: 5000ms
    Error: element(s) not found

    Call log:
      - Expect "toBeFocused" with timeout 5000ms
      - waiting for locator('#techStackInput')


      206 |     // Test tab navigation
      207 |     await page.keyboard.press('Tab');
    > 208 |     await expect(page.locator('#techStackInput')).toBeFocused();
          |                                                   ^
      209 |     
      210 |     await page.keyboard.press('Tab');
      211 |     await expect(page.locator('#documentType')).toBeFocused();
        at /Users/david/Documents/Figa-Jira-Automations-Tool/figma-ticket-generator/browser-tests/tests/ui-ux-experience.spec.js:208:51

    attachment #1: screenshot (image/png) ──────────────────────────────────────────────────────────
    ../test-results/ui-ux-experience-UI-UX-Exp-f3fb3-tes-and-keyboard-navigation-Mobile-Chrome/test-failed-1.png
    ────────────────────────────────────────────────────────────────────────────────────────────────

    attachment #2: video (video/webm) ──────────────────────────────────────────────────────────────
    ../test-results/ui-ux-experience-UI-UX-Exp-f3fb3-tes-and-keyboard-navigation-Mobile-Chrome/video.webm
    ────────────────────────────────────────────────────────────────────────────────────────────────

    Error Context: ../test-results/ui-ux-experience-UI-UX-Exp-f3fb3-tes-and-keyboard-navigation-Mobile-Chrome/error-context.md
]]>
</failure>
<system-out>
<![CDATA[
[[ATTACHMENT|test-results/ui-ux-experience-UI-UX-Exp-f3fb3-tes-and-keyboard-navigation-Mobile-Chrome/test-failed-1.png]]

[[ATTACHMENT|test-results/ui-ux-experience-UI-UX-Exp-f3fb3-tes-and-keyboard-navigation-Mobile-Chrome/video.webm]]

[[ATTACHMENT|test-results/ui-ux-experience-UI-UX-Exp-f3fb3-tes-and-keyboard-navigation-Mobile-Chrome/error-context.md]]
]]>
</system-out>
</testcase>
<testcase name="UI/UX Experience Testing @smoke › should display results with proper formatting and styling" classname="ui-ux-experience.spec.js" time="10.785">
<failure message="ui-ux-experience.spec.js:227:3 should display results with proper formatting and styling" type="FAILURE">
<![CDATA[  [Mobile Chrome] › ui-ux-experience.spec.js:227:3 › UI/UX Experience Testing @smoke › should display results with proper formatting and styling 

    TimeoutError: page.fill: Timeout 10000ms exceeded.
    Call log:
      - waiting for locator('#techStackInput')


      227 |   test('should display results with proper formatting and styling', async ({ page }) => {
      228 |     // Generate content
    > 229 |     await page.fill('#techStackInput', 'Next.js with TypeScript and Tailwind CSS');
          |                ^
      230 |     await page.click('#generate');
      231 |     await page.waitForSelector('#results', { state: 'visible', timeout: 20000 });
      232 |     
        at /Users/david/Documents/Figa-Jira-Automations-Tool/figma-ticket-generator/browser-tests/tests/ui-ux-experience.spec.js:229:16

    attachment #1: screenshot (image/png) ──────────────────────────────────────────────────────────
    ../test-results/ui-ux-experience-UI-UX-Exp-2d322-oper-formatting-and-styling-Mobile-Chrome/test-failed-1.png
    ────────────────────────────────────────────────────────────────────────────────────────────────

    attachment #2: video (video/webm) ──────────────────────────────────────────────────────────────
    ../test-results/ui-ux-experience-UI-UX-Exp-2d322-oper-formatting-and-styling-Mobile-Chrome/video.webm
    ────────────────────────────────────────────────────────────────────────────────────────────────

    Error Context: ../test-results/ui-ux-experience-UI-UX-Exp-2d322-oper-formatting-and-styling-Mobile-Chrome/error-context.md
]]>
</failure>
<system-out>
<![CDATA[
[[ATTACHMENT|test-results/ui-ux-experience-UI-UX-Exp-2d322-oper-formatting-and-styling-Mobile-Chrome/test-failed-1.png]]

[[ATTACHMENT|test-results/ui-ux-experience-UI-UX-Exp-2d322-oper-formatting-and-styling-Mobile-Chrome/video.webm]]

[[ATTACHMENT|test-results/ui-ux-experience-UI-UX-Exp-2d322-oper-formatting-and-styling-Mobile-Chrome/error-context.md]]
]]>
</system-out>
</testcase>
<testcase name="UI/UX Experience Testing @smoke › should have enhanced tech stack interface with suggestion pills" classname="ui-ux-experience.spec.js" time="5.822">
<failure message="ui-ux-experience.spec.js:249:3 should have enhanced tech stack interface with suggestion pills" type="FAILURE">
<![CDATA[  [Mobile Chrome] › ui-ux-experience.spec.js:249:3 › UI/UX Experience Testing @smoke › should have enhanced tech stack interface with suggestion pills 

    Error: expect(locator).toBeVisible() failed

    Locator: locator('.tech-stack-header')
    Expected: visible
    Timeout: 5000ms
    Error: element(s) not found

    Call log:
      - Expect "toBeVisible" with timeout 5000ms
      - waiting for locator('.tech-stack-header')


      249 |   test('should have enhanced tech stack interface with suggestion pills', async ({ page }) => {
      250 |     // Check for tech stack header with AI-powered badge
    > 251 |     await expect(page.locator('.tech-stack-header')).toBeVisible();
          |                                                      ^
      252 |     await expect(page.locator('.ai-powered-badge')).toBeVisible();
      253 |     await expect(page.locator('.ai-powered-badge')).toHaveText('AI-Powered');
      254 |     
        at /Users/david/Documents/Figa-Jira-Automations-Tool/figma-ticket-generator/browser-tests/tests/ui-ux-experience.spec.js:251:54

    attachment #1: screenshot (image/png) ──────────────────────────────────────────────────────────
    ../test-results/ui-ux-experience-UI-UX-Exp-cad46-rface-with-suggestion-pills-Mobile-Chrome/test-failed-1.png
    ────────────────────────────────────────────────────────────────────────────────────────────────

    attachment #2: video (video/webm) ──────────────────────────────────────────────────────────────
    ../test-results/ui-ux-experience-UI-UX-Exp-cad46-rface-with-suggestion-pills-Mobile-Chrome/video.webm
    ────────────────────────────────────────────────────────────────────────────────────────────────

    Error Context: ../test-results/ui-ux-experience-UI-UX-Exp-cad46-rface-with-suggestion-pills-Mobile-Chrome/error-context.md
]]>
</failure>
<system-out>
<![CDATA[
[[ATTACHMENT|test-results/ui-ux-experience-UI-UX-Exp-cad46-rface-with-suggestion-pills-Mobile-Chrome/test-failed-1.png]]

[[ATTACHMENT|test-results/ui-ux-experience-UI-UX-Exp-cad46-rface-with-suggestion-pills-Mobile-Chrome/video.webm]]

[[ATTACHMENT|test-results/ui-ux-experience-UI-UX-Exp-cad46-rface-with-suggestion-pills-Mobile-Chrome/error-context.md]]
]]>
</system-out>
</testcase>
<testcase name="UI/UX Experience Testing @smoke › should handle tech stack parse button functionality" classname="ui-ux-experience.spec.js" time="5.704">
<failure message="ui-ux-experience.spec.js:273:3 should handle tech stack parse button functionality" type="FAILURE">
<![CDATA[  [Mobile Chrome] › ui-ux-experience.spec.js:273:3 › UI/UX Experience Testing @smoke › should handle tech stack parse button functionality 

    Error: expect(locator).toBeVisible() failed

    Locator: locator('.parse-tech-stack')
    Expected: visible
    Timeout: 5000ms
    Error: element(s) not found

    Call log:
      - Expect "toBeVisible" with timeout 5000ms
      - waiting for locator('.parse-tech-stack')


      276 |     
      277 |     // Parse button should be visible
    > 278 |     await expect(parseButton).toBeVisible();
          |                               ^
      279 |     await expect(parseButton).toHaveText(/Parse Tech Stack/);
      280 |     
      281 |     // Test empty input validation
        at /Users/david/Documents/Figa-Jira-Automations-Tool/figma-ticket-generator/browser-tests/tests/ui-ux-experience.spec.js:278:31

    attachment #1: screenshot (image/png) ──────────────────────────────────────────────────────────
    ../test-results/ui-ux-experience-UI-UX-Exp-2c5a3--parse-button-functionality-Mobile-Chrome/test-failed-1.png
    ────────────────────────────────────────────────────────────────────────────────────────────────

    attachment #2: video (video/webm) ──────────────────────────────────────────────────────────────
    ../test-results/ui-ux-experience-UI-UX-Exp-2c5a3--parse-button-functionality-Mobile-Chrome/video.webm
    ────────────────────────────────────────────────────────────────────────────────────────────────

    Error Context: ../test-results/ui-ux-experience-UI-UX-Exp-2c5a3--parse-button-functionality-Mobile-Chrome/error-context.md
]]>
</failure>
<system-out>
<![CDATA[
[[ATTACHMENT|test-results/ui-ux-experience-UI-UX-Exp-2c5a3--parse-button-functionality-Mobile-Chrome/test-failed-1.png]]

[[ATTACHMENT|test-results/ui-ux-experience-UI-UX-Exp-2c5a3--parse-button-functionality-Mobile-Chrome/video.webm]]

[[ATTACHMENT|test-results/ui-ux-experience-UI-UX-Exp-2c5a3--parse-button-functionality-Mobile-Chrome/error-context.md]]
]]>
</system-out>
</testcase>
<testcase name="UI/UX Experience Testing @smoke › should display different colored suggestion pills for different tech types" classname="ui-ux-experience.spec.js" time="5.749">
<failure message="ui-ux-experience.spec.js:302:3 should display different colored suggestion pills for different tech types" type="FAILURE">
<![CDATA[  [Mobile Chrome] › ui-ux-experience.spec.js:302:3 › UI/UX Experience Testing @smoke › should display different colored suggestion pills for different tech types 

    Error: expect(locator).toBeVisible() failed

    Locator: locator('.suggestions-grid .suggestion-pill[data-type="react"]')
    Expected: visible
    Timeout: 5000ms
    Error: element(s) not found

    Call log:
      - Expect "toBeVisible" with timeout 5000ms
      - waiting for locator('.suggestions-grid .suggestion-pill[data-type="react"]')


      306 |     
      307 |     // Check React pill styling
    > 308 |     await expect(reactPill).toBeVisible();
          |                             ^
      309 |     await expect(reactPill).toHaveCSS('border-color', /rgb\(97, 218, 251\)/);
      310 |     
      311 |     // Check Vue pill styling
        at /Users/david/Documents/Figa-Jira-Automations-Tool/figma-ticket-generator/browser-tests/tests/ui-ux-experience.spec.js:308:29

    attachment #1: screenshot (image/png) ──────────────────────────────────────────────────────────
    ../test-results/ui-ux-experience-UI-UX-Exp-15b63-ls-for-different-tech-types-Mobile-Chrome/test-failed-1.png
    ────────────────────────────────────────────────────────────────────────────────────────────────

    attachment #2: video (video/webm) ──────────────────────────────────────────────────────────────
    ../test-results/ui-ux-experience-UI-UX-Exp-15b63-ls-for-different-tech-types-Mobile-Chrome/video.webm
    ────────────────────────────────────────────────────────────────────────────────────────────────

    Error Context: ../test-results/ui-ux-experience-UI-UX-Exp-15b63-ls-for-different-tech-types-Mobile-Chrome/error-context.md
]]>
</failure>
<system-out>
<![CDATA[
[[ATTACHMENT|test-results/ui-ux-experience-UI-UX-Exp-15b63-ls-for-different-tech-types-Mobile-Chrome/test-failed-1.png]]

[[ATTACHMENT|test-results/ui-ux-experience-UI-UX-Exp-15b63-ls-for-different-tech-types-Mobile-Chrome/video.webm]]

[[ATTACHMENT|test-results/ui-ux-experience-UI-UX-Exp-15b63-ls-for-different-tech-types-Mobile-Chrome/error-context.md]]
]]>
</system-out>
</testcase>
<testcase name="UI/UX Experience Testing @smoke › should show confidence indicator with proper styling and animation" classname="ui-ux-experience.spec.js" time="10.746">
<failure message="ui-ux-experience.spec.js:324:3 should show confidence indicator with proper styling and animation" type="FAILURE">
<![CDATA[  [Mobile Chrome] › ui-ux-experience.spec.js:324:3 › UI/UX Experience Testing @smoke › should show confidence indicator with proper styling and animation 

    TimeoutError: page.fill: Timeout 10000ms exceeded.
    Call log:
      - waiting for locator('#techStackInput')


      324 |   test('should show confidence indicator with proper styling and animation', async ({ page }) => {
      325 |     // Fill tech stack to trigger confidence indicator
    > 326 |     await page.fill('#techStackInput', 'React with TypeScript, Material-UI, and Redux Toolkit for state management');
          |                ^
      327 |     
      328 |     // Wait for confidence indicator to appear
      329 |     await expect(page.locator('.parse-button-container .confidence-indicator.show')).toBeVisible();
        at /Users/david/Documents/Figa-Jira-Automations-Tool/figma-ticket-generator/browser-tests/tests/ui-ux-experience.spec.js:326:16

    attachment #1: screenshot (image/png) ──────────────────────────────────────────────────────────
    ../test-results/ui-ux-experience-UI-UX-Exp-eb767-roper-styling-and-animation-Mobile-Chrome/test-failed-1.png
    ────────────────────────────────────────────────────────────────────────────────────────────────

    attachment #2: video (video/webm) ──────────────────────────────────────────────────────────────
    ../test-results/ui-ux-experience-UI-UX-Exp-eb767-roper-styling-and-animation-Mobile-Chrome/video.webm
    ────────────────────────────────────────────────────────────────────────────────────────────────

    Error Context: ../test-results/ui-ux-experience-UI-UX-Exp-eb767-roper-styling-and-animation-Mobile-Chrome/error-context.md
]]>
</failure>
<system-out>
<![CDATA[
[[ATTACHMENT|test-results/ui-ux-experience-UI-UX-Exp-eb767-roper-styling-and-animation-Mobile-Chrome/test-failed-1.png]]

[[ATTACHMENT|test-results/ui-ux-experience-UI-UX-Exp-eb767-roper-styling-and-animation-Mobile-Chrome/video.webm]]

[[ATTACHMENT|test-results/ui-ux-experience-UI-UX-Exp-eb767-roper-styling-and-animation-Mobile-Chrome/error-context.md]]
]]>
</system-out>
</testcase>
</testsuite>
<testsuite name="visual-interactive.spec.js" timestamp="2025-10-23T02:33:00.593Z" hostname="Mobile Chrome" tests="11" failures="11" skipped="0" time="105.016" errors="0">
<testcase name="Visual Regression Testing › should match initial UI layout screenshot" classname="visual-interactive.spec.js" time="5.725">
<failure message="visual-interactive.spec.js:10:3 should match initial UI layout screenshot" type="FAILURE">
<![CDATA[  [Mobile Chrome] › visual-interactive.spec.js:10:3 › Visual Regression Testing › should match initial UI layout screenshot 

    Error: expect(locator).toBeVisible() failed

    Locator: locator('#app')
    Expected: visible
    Timeout: 5000ms
    Error: element(s) not found

    Call log:
      - Expect "toBeVisible" with timeout 5000ms
      - waiting for locator('#app')


      10 |   test('should match initial UI layout screenshot', async ({ page }) => {
      11 |     // Wait for all elements to be stable
    > 12 |     await expect(page.locator('#app')).toBeVisible();
         |                                        ^
      13 |     await page.waitForTimeout(1000); // Allow for any animations to settle
      14 |     
      15 |     // Take full page screenshot
        at /Users/david/Documents/Figa-Jira-Automations-Tool/figma-ticket-generator/browser-tests/tests/visual-interactive.spec.js:12:40

    attachment #1: screenshot (image/png) ──────────────────────────────────────────────────────────
    ../test-results/visual-interactive-Visual--0dfff-nitial-UI-layout-screenshot-Mobile-Chrome/test-failed-1.png
    ────────────────────────────────────────────────────────────────────────────────────────────────

    attachment #2: video (video/webm) ──────────────────────────────────────────────────────────────
    ../test-results/visual-interactive-Visual--0dfff-nitial-UI-layout-screenshot-Mobile-Chrome/video.webm
    ────────────────────────────────────────────────────────────────────────────────────────────────

    Error Context: ../test-results/visual-interactive-Visual--0dfff-nitial-UI-layout-screenshot-Mobile-Chrome/error-context.md
]]>
</failure>
<system-out>
<![CDATA[
[[ATTACHMENT|test-results/visual-interactive-Visual--0dfff-nitial-UI-layout-screenshot-Mobile-Chrome/test-failed-1.png]]

[[ATTACHMENT|test-results/visual-interactive-Visual--0dfff-nitial-UI-layout-screenshot-Mobile-Chrome/video.webm]]

[[ATTACHMENT|test-results/visual-interactive-Visual--0dfff-nitial-UI-layout-screenshot-Mobile-Chrome/error-context.md]]
]]>
</system-out>
</testcase>
<testcase name="Visual Regression Testing › should match confidence indicator appearance" classname="visual-interactive.spec.js" time="10.903">
<failure message="visual-interactive.spec.js:22:3 should match confidence indicator appearance" type="FAILURE">
<![CDATA[  [Mobile Chrome] › visual-interactive.spec.js:22:3 › Visual Regression Testing › should match confidence indicator appearance 

    TimeoutError: page.fill: Timeout 10000ms exceeded.
    Call log:
      - waiting for locator('#techStackInput')


      22 |   test('should match confidence indicator appearance', async ({ page }) => {
      23 |     // Fill input to trigger confidence indicator
    > 24 |     await page.fill('#techStackInput', 'React with TypeScript, Material-UI, and Jest');
         |                ^
      25 |     await page.dispatchEvent('#techStackInput', 'input');
      26 |     
      27 |     // Wait for parsing and confidence indicator
        at /Users/david/Documents/Figa-Jira-Automations-Tool/figma-ticket-generator/browser-tests/tests/visual-interactive.spec.js:24:16

    attachment #1: screenshot (image/png) ──────────────────────────────────────────────────────────
    ../test-results/visual-interactive-Visual--e9c49-idence-indicator-appearance-Mobile-Chrome/test-failed-1.png
    ────────────────────────────────────────────────────────────────────────────────────────────────

    attachment #2: video (video/webm) ──────────────────────────────────────────────────────────────
    ../test-results/visual-interactive-Visual--e9c49-idence-indicator-appearance-Mobile-Chrome/video.webm
    ────────────────────────────────────────────────────────────────────────────────────────────────

    Error Context: ../test-results/visual-interactive-Visual--e9c49-idence-indicator-appearance-Mobile-Chrome/error-context.md
]]>
</failure>
<system-out>
<![CDATA[
[[ATTACHMENT|test-results/visual-interactive-Visual--e9c49-idence-indicator-appearance-Mobile-Chrome/test-failed-1.png]]

[[ATTACHMENT|test-results/visual-interactive-Visual--e9c49-idence-indicator-appearance-Mobile-Chrome/video.webm]]

[[ATTACHMENT|test-results/visual-interactive-Visual--e9c49-idence-indicator-appearance-Mobile-Chrome/error-context.md]]
]]>
</system-out>
</testcase>
<testcase name="Visual Regression Testing › should match loading state appearance" classname="visual-interactive.spec.js" time="10.779">
<failure message="visual-interactive.spec.js:37:3 should match loading state appearance" type="FAILURE">
<![CDATA[  [Mobile Chrome] › visual-interactive.spec.js:37:3 › Visual Regression Testing › should match loading state appearance 

    TimeoutError: page.fill: Timeout 10000ms exceeded.
    Call log:
      - waiting for locator('#techStackInput')


      42 |     });
      43 |     
    > 44 |     await page.fill('#techStackInput', 'Vue 3 with TypeScript');
         |                ^
      45 |     await page.click('#generateBtn');
      46 |     
      47 |     // Capture loading state
        at /Users/david/Documents/Figa-Jira-Automations-Tool/figma-ticket-generator/browser-tests/tests/visual-interactive.spec.js:44:16

    attachment #1: screenshot (image/png) ──────────────────────────────────────────────────────────
    ../test-results/visual-interactive-Visual--c6e16-ch-loading-state-appearance-Mobile-Chrome/test-failed-1.png
    ────────────────────────────────────────────────────────────────────────────────────────────────

    attachment #2: video (video/webm) ──────────────────────────────────────────────────────────────
    ../test-results/visual-interactive-Visual--c6e16-ch-loading-state-appearance-Mobile-Chrome/video.webm
    ────────────────────────────────────────────────────────────────────────────────────────────────

    Error Context: ../test-results/visual-interactive-Visual--c6e16-ch-loading-state-appearance-Mobile-Chrome/error-context.md
]]>
</failure>
<system-out>
<![CDATA[
[[ATTACHMENT|test-results/visual-interactive-Visual--c6e16-ch-loading-state-appearance-Mobile-Chrome/test-failed-1.png]]

[[ATTACHMENT|test-results/visual-interactive-Visual--c6e16-ch-loading-state-appearance-Mobile-Chrome/video.webm]]

[[ATTACHMENT|test-results/visual-interactive-Visual--c6e16-ch-loading-state-appearance-Mobile-Chrome/error-context.md]]
]]>
</system-out>
</testcase>
<testcase name="Visual Regression Testing › should match results layout appearance" classname="visual-interactive.spec.js" time="10.798">
<failure message="visual-interactive.spec.js:56:3 should match results layout appearance" type="FAILURE">
<![CDATA[  [Mobile Chrome] › visual-interactive.spec.js:56:3 › Visual Regression Testing › should match results layout appearance 

    TimeoutError: page.fill: Timeout 10000ms exceeded.
    Call log:
      - waiting for locator('#techStackInput')


      56 |   test('should match results layout appearance', async ({ page }) => {
      57 |     // Generate content
    > 58 |     await page.fill('#techStackInput', 'Angular with RxJS and Angular Material');
         |                ^
      59 |     await page.click('#generateBtn');
      60 |     await page.waitForSelector('#results', { state: 'visible', timeout: 30000 });
      61 |     
        at /Users/david/Documents/Figa-Jira-Automations-Tool/figma-ticket-generator/browser-tests/tests/visual-interactive.spec.js:58:16

    attachment #1: screenshot (image/png) ──────────────────────────────────────────────────────────
    ../test-results/visual-interactive-Visual--b5197-h-results-layout-appearance-Mobile-Chrome/test-failed-1.png
    ────────────────────────────────────────────────────────────────────────────────────────────────

    attachment #2: video (video/webm) ──────────────────────────────────────────────────────────────
    ../test-results/visual-interactive-Visual--b5197-h-results-layout-appearance-Mobile-Chrome/video.webm
    ────────────────────────────────────────────────────────────────────────────────────────────────

    Error Context: ../test-results/visual-interactive-Visual--b5197-h-results-layout-appearance-Mobile-Chrome/error-context.md
]]>
</failure>
<system-out>
<![CDATA[
[[ATTACHMENT|test-results/visual-interactive-Visual--b5197-h-results-layout-appearance-Mobile-Chrome/test-failed-1.png]]

[[ATTACHMENT|test-results/visual-interactive-Visual--b5197-h-results-layout-appearance-Mobile-Chrome/video.webm]]

[[ATTACHMENT|test-results/visual-interactive-Visual--b5197-h-results-layout-appearance-Mobile-Chrome/error-context.md]]
]]>
</system-out>
</testcase>
<testcase name="Visual Regression Testing › should match mobile layout appearance" classname="visual-interactive.spec.js" time="2.144">
<failure message="visual-interactive.spec.js:71:3 should match mobile layout appearance" type="FAILURE">
<![CDATA[  [Mobile Chrome] › visual-interactive.spec.js:71:3 › Visual Regression Testing › should match mobile layout appearance 

    Error: expect(page).toHaveScreenshot(expected) failed

      109477 pixels (ratio 0.07 of all image pixels) are different.

      Snapshot: mobile-layout.png

    Call log:
      - Expect "toHaveScreenshot(mobile-layout.png)" with timeout 5000ms
        - verifying given screenshot expectation
      - taking page screenshot
        - disabled all CSS animations
      - waiting for fonts to load...
      - fonts loaded
      - 109477 pixels (ratio 0.07 of all image pixels) are different.
      - waiting 100ms before taking screenshot
      - taking page screenshot
        - disabled all CSS animations
      - waiting for fonts to load...
      - fonts loaded
      - captured a stable screenshot
      - 109477 pixels (ratio 0.07 of all image pixels) are different.


      77 |     
      78 |     // Take mobile screenshot
    > 79 |     await expect(page).toHaveScreenshot('mobile-layout.png', {
         |                        ^
      80 |       fullPage: true,
      81 |       threshold: 0.3
      82 |     });
        at /Users/david/Documents/Figa-Jira-Automations-Tool/figma-ticket-generator/browser-tests/tests/visual-interactive.spec.js:79:24

    attachment #1: mobile-layout (image/png) ───────────────────────────────────────────────────────
    Expected: visual-interactive.spec.js-snapshots/mobile-layout-Mobile-Chrome-darwin.png
    Received: ../test-results/visual-interactive-Visual--46fcc-ch-mobile-layout-appearance-Mobile-Chrome/mobile-layout-actual.png
    Diff:     ../test-results/visual-interactive-Visual--46fcc-ch-mobile-layout-appearance-Mobile-Chrome/mobile-layout-diff.png
    ────────────────────────────────────────────────────────────────────────────────────────────────

    attachment #2: screenshot (image/png) ──────────────────────────────────────────────────────────
    ../test-results/visual-interactive-Visual--46fcc-ch-mobile-layout-appearance-Mobile-Chrome/test-failed-1.png
    ────────────────────────────────────────────────────────────────────────────────────────────────

    attachment #3: video (video/webm) ──────────────────────────────────────────────────────────────
    ../test-results/visual-interactive-Visual--46fcc-ch-mobile-layout-appearance-Mobile-Chrome/video.webm
    ────────────────────────────────────────────────────────────────────────────────────────────────

    Error Context: ../test-results/visual-interactive-Visual--46fcc-ch-mobile-layout-appearance-Mobile-Chrome/error-context.md
]]>
</failure>
<system-out>
<![CDATA[
[[ATTACHMENT|tests/visual-interactive.spec.js-snapshots/mobile-layout-Mobile-Chrome-darwin.png]]

[[ATTACHMENT|test-results/visual-interactive-Visual--46fcc-ch-mobile-layout-appearance-Mobile-Chrome/mobile-layout-actual.png]]

[[ATTACHMENT|test-results/visual-interactive-Visual--46fcc-ch-mobile-layout-appearance-Mobile-Chrome/mobile-layout-diff.png]]

[[ATTACHMENT|test-results/visual-interactive-Visual--46fcc-ch-mobile-layout-appearance-Mobile-Chrome/test-failed-1.png]]

[[ATTACHMENT|test-results/visual-interactive-Visual--46fcc-ch-mobile-layout-appearance-Mobile-Chrome/video.webm]]

[[ATTACHMENT|test-results/visual-interactive-Visual--46fcc-ch-mobile-layout-appearance-Mobile-Chrome/error-context.md]]
]]>
</system-out>
</testcase>
<testcase name="Interactive UI Testing › should handle hover states correctly" classname="visual-interactive.spec.js" time="10.785">
<failure message="visual-interactive.spec.js:93:3 should handle hover states correctly" type="FAILURE">
<![CDATA[  [Mobile Chrome] › visual-interactive.spec.js:93:3 › Interactive UI Testing › should handle hover states correctly 

    TimeoutError: locator.hover: Timeout 10000ms exceeded.
    Call log:
      - waiting for locator('#generateBtn')


      94 |     // Test button hover state
      95 |     const generateBtn = page.locator('#generateBtn');
    > 96 |     await generateBtn.hover();
         |                       ^
      97 |     
      98 |     // Check hover styling
      99 |     const hoverColor = await generateBtn.evaluate(el => 
        at /Users/david/Documents/Figa-Jira-Automations-Tool/figma-ticket-generator/browser-tests/tests/visual-interactive.spec.js:96:23

    attachment #1: screenshot (image/png) ──────────────────────────────────────────────────────────
    ../test-results/visual-interactive-Interac-343fe-ndle-hover-states-correctly-Mobile-Chrome/test-failed-1.png
    ────────────────────────────────────────────────────────────────────────────────────────────────

    attachment #2: video (video/webm) ──────────────────────────────────────────────────────────────
    ../test-results/visual-interactive-Interac-343fe-ndle-hover-states-correctly-Mobile-Chrome/video.webm
    ────────────────────────────────────────────────────────────────────────────────────────────────

    Error Context: ../test-results/visual-interactive-Interac-343fe-ndle-hover-states-correctly-Mobile-Chrome/error-context.md
]]>
</failure>
<system-out>
<![CDATA[
[[ATTACHMENT|test-results/visual-interactive-Interac-343fe-ndle-hover-states-correctly-Mobile-Chrome/test-failed-1.png]]

[[ATTACHMENT|test-results/visual-interactive-Interac-343fe-ndle-hover-states-correctly-Mobile-Chrome/video.webm]]

[[ATTACHMENT|test-results/visual-interactive-Interac-343fe-ndle-hover-states-correctly-Mobile-Chrome/error-context.md]]
]]>
</system-out>
</testcase>
<testcase name="Interactive UI Testing › should handle click animations and feedback" classname="visual-interactive.spec.js" time="10.771">
<failure message="visual-interactive.spec.js:123:3 should handle click animations and feedback" type="FAILURE">
<![CDATA[  [Mobile Chrome] › visual-interactive.spec.js:123:3 › Interactive UI Testing › should handle click animations and feedback 

    TimeoutError: page.fill: Timeout 10000ms exceeded.
    Call log:
      - waiting for locator('#techStackInput')


      123 |   test('should handle click animations and feedback', async ({ page }) => {
      124 |     // Fill form to enable generation
    > 125 |     await page.fill('#techStackInput', 'Svelte with SvelteKit');
          |                ^
      126 |     
      127 |     // Click generate button and check immediate feedback
      128 |     const generateBtn = page.locator('#generateBtn');
        at /Users/david/Documents/Figa-Jira-Automations-Tool/figma-ticket-generator/browser-tests/tests/visual-interactive.spec.js:125:16

    attachment #1: screenshot (image/png) ──────────────────────────────────────────────────────────
    ../test-results/visual-interactive-Interac-17605-ick-animations-and-feedback-Mobile-Chrome/test-failed-1.png
    ────────────────────────────────────────────────────────────────────────────────────────────────

    attachment #2: video (video/webm) ──────────────────────────────────────────────────────────────
    ../test-results/visual-interactive-Interac-17605-ick-animations-and-feedback-Mobile-Chrome/video.webm
    ────────────────────────────────────────────────────────────────────────────────────────────────

    Error Context: ../test-results/visual-interactive-Interac-17605-ick-animations-and-feedback-Mobile-Chrome/error-context.md
]]>
</failure>
<system-out>
<![CDATA[
[[ATTACHMENT|test-results/visual-interactive-Interac-17605-ick-animations-and-feedback-Mobile-Chrome/test-failed-1.png]]

[[ATTACHMENT|test-results/visual-interactive-Interac-17605-ick-animations-and-feedback-Mobile-Chrome/video.webm]]

[[ATTACHMENT|test-results/visual-interactive-Interac-17605-ick-animations-and-feedback-Mobile-Chrome/error-context.md]]
]]>
</system-out>
</testcase>
<testcase name="Interactive UI Testing › should handle form validation feedback" classname="visual-interactive.spec.js" time="10.821">
<failure message="visual-interactive.spec.js:146:3 should handle form validation feedback" type="FAILURE">
<![CDATA[  [Mobile Chrome] › visual-interactive.spec.js:146:3 › Interactive UI Testing › should handle form validation feedback 

    TimeoutError: page.click: Timeout 10000ms exceeded.
    Call log:
      - waiting for locator('#generateBtn')


      146 |   test('should handle form validation feedback', async ({ page }) => {
      147 |     // Submit empty form
    > 148 |     await page.click('#generateBtn');
          |                ^
      149 |     
      150 |     // Should show validation error with proper styling
      151 |     const errorMessage = page.locator('.error-message');
        at /Users/david/Documents/Figa-Jira-Automations-Tool/figma-ticket-generator/browser-tests/tests/visual-interactive.spec.js:148:16

    attachment #1: screenshot (image/png) ──────────────────────────────────────────────────────────
    ../test-results/visual-interactive-Interac-2a1d4-le-form-validation-feedback-Mobile-Chrome/test-failed-1.png
    ────────────────────────────────────────────────────────────────────────────────────────────────

    attachment #2: video (video/webm) ──────────────────────────────────────────────────────────────
    ../test-results/visual-interactive-Interac-2a1d4-le-form-validation-feedback-Mobile-Chrome/video.webm
    ────────────────────────────────────────────────────────────────────────────────────────────────

    Error Context: ../test-results/visual-interactive-Interac-2a1d4-le-form-validation-feedback-Mobile-Chrome/error-context.md
]]>
</failure>
<system-out>
<![CDATA[
[[ATTACHMENT|test-results/visual-interactive-Interac-2a1d4-le-form-validation-feedback-Mobile-Chrome/test-failed-1.png]]

[[ATTACHMENT|test-results/visual-interactive-Interac-2a1d4-le-form-validation-feedback-Mobile-Chrome/video.webm]]

[[ATTACHMENT|test-results/visual-interactive-Interac-2a1d4-le-form-validation-feedback-Mobile-Chrome/error-context.md]]
]]>
</system-out>
</testcase>
<testcase name="Interactive UI Testing › should handle copy button interaction" classname="visual-interactive.spec.js" time="10.796">
<failure message="visual-interactive.spec.js:168:3 should handle copy button interaction" type="FAILURE">
<![CDATA[  [Mobile Chrome] › visual-interactive.spec.js:168:3 › Interactive UI Testing › should handle copy button interaction 

    TimeoutError: page.fill: Timeout 10000ms exceeded.
    Call log:
      - waiting for locator('#techStackInput')


      168 |   test('should handle copy button interaction', async ({ page }) => {
      169 |     // Generate content first
    > 170 |     await page.fill('#techStackInput', 'Next.js with TypeScript');
          |                ^
      171 |     await page.click('#generateBtn');
      172 |     await page.waitForSelector('#results', { state: 'visible', timeout: 30000 });
      173 |     
        at /Users/david/Documents/Figa-Jira-Automations-Tool/figma-ticket-generator/browser-tests/tests/visual-interactive.spec.js:170:16

    attachment #1: screenshot (image/png) ──────────────────────────────────────────────────────────
    ../test-results/visual-interactive-Interac-67df8-dle-copy-button-interaction-Mobile-Chrome/test-failed-1.png
    ────────────────────────────────────────────────────────────────────────────────────────────────

    attachment #2: video (video/webm) ──────────────────────────────────────────────────────────────
    ../test-results/visual-interactive-Interac-67df8-dle-copy-button-interaction-Mobile-Chrome/video.webm
    ────────────────────────────────────────────────────────────────────────────────────────────────

    Error Context: ../test-results/visual-interactive-Interac-67df8-dle-copy-button-interaction-Mobile-Chrome/error-context.md
]]>
</failure>
<system-out>
<![CDATA[
[[ATTACHMENT|test-results/visual-interactive-Interac-67df8-dle-copy-button-interaction-Mobile-Chrome/test-failed-1.png]]

[[ATTACHMENT|test-results/visual-interactive-Interac-67df8-dle-copy-button-interaction-Mobile-Chrome/video.webm]]

[[ATTACHMENT|test-results/visual-interactive-Interac-67df8-dle-copy-button-interaction-Mobile-Chrome/error-context.md]]
]]>
</system-out>
</testcase>
<testcase name="Interactive UI Testing › should handle dynamic content updates smoothly" classname="visual-interactive.spec.js" time="10.745">
<failure message="visual-interactive.spec.js:195:3 should handle dynamic content updates smoothly" type="FAILURE">
<![CDATA[  [Mobile Chrome] › visual-interactive.spec.js:195:3 › Interactive UI Testing › should handle dynamic content updates smoothly 

    TimeoutError: locator.fill: Timeout 10000ms exceeded.
    Call log:
      - waiting for locator('#techStackInput')


      221 |     
      222 |     for (const input of testInputs) {
    > 223 |       await techStackInput.fill(input);
          |                            ^
      224 |       await techStackInput.dispatchEvent('input');
      225 |       await page.waitForTimeout(100); // Small delay between inputs
      226 |     }
        at /Users/david/Documents/Figa-Jira-Automations-Tool/figma-ticket-generator/browser-tests/tests/visual-interactive.spec.js:223:28

    attachment #1: screenshot (image/png) ──────────────────────────────────────────────────────────
    ../test-results/visual-interactive-Interac-d04b1-ic-content-updates-smoothly-Mobile-Chrome/test-failed-1.png
    ────────────────────────────────────────────────────────────────────────────────────────────────

    attachment #2: video (video/webm) ──────────────────────────────────────────────────────────────
    ../test-results/visual-interactive-Interac-d04b1-ic-content-updates-smoothly-Mobile-Chrome/video.webm
    ────────────────────────────────────────────────────────────────────────────────────────────────

    Error Context: ../test-results/visual-interactive-Interac-d04b1-ic-content-updates-smoothly-Mobile-Chrome/error-context.md
]]>
</failure>
<system-out>
<![CDATA[
[[ATTACHMENT|test-results/visual-interactive-Interac-d04b1-ic-content-updates-smoothly-Mobile-Chrome/test-failed-1.png]]

[[ATTACHMENT|test-results/visual-interactive-Interac-d04b1-ic-content-updates-smoothly-Mobile-Chrome/video.webm]]

[[ATTACHMENT|test-results/visual-interactive-Interac-d04b1-ic-content-updates-smoothly-Mobile-Chrome/error-context.md]]
]]>
</system-out>
</testcase>
<testcase name="Interactive UI Testing › should handle document type switching smoothly" classname="visual-interactive.spec.js" time="10.749">
<failure message="visual-interactive.spec.js:237:3 should handle document type switching smoothly" type="FAILURE">
<![CDATA[  [Mobile Chrome] › visual-interactive.spec.js:237:3 › Interactive UI Testing › should handle document type switching smoothly 

    TimeoutError: page.fill: Timeout 10000ms exceeded.
    Call log:
      - waiting for locator('#techStackInput')


      236 |
      237 |   test('should handle document type switching smoothly', async ({ page }) => {
    > 238 |     await page.fill('#techStackInput', 'Angular with RxJS');
          |                ^
      239 |     
      240 |     const documentTypes = ['jira', 'confluence', 'agent'];
      241 |     
        at /Users/david/Documents/Figa-Jira-Automations-Tool/figma-ticket-generator/browser-tests/tests/visual-interactive.spec.js:238:16

    attachment #1: screenshot (image/png) ──────────────────────────────────────────────────────────
    ../test-results/visual-interactive-Interac-37c16-ent-type-switching-smoothly-Mobile-Chrome/test-failed-1.png
    ────────────────────────────────────────────────────────────────────────────────────────────────

    attachment #2: video (video/webm) ──────────────────────────────────────────────────────────────
    ../test-results/visual-interactive-Interac-37c16-ent-type-switching-smoothly-Mobile-Chrome/video.webm
    ────────────────────────────────────────────────────────────────────────────────────────────────

    Error Context: ../test-results/visual-interactive-Interac-37c16-ent-type-switching-smoothly-Mobile-Chrome/error-context.md
]]>
</failure>
<system-out>
<![CDATA[
[[ATTACHMENT|test-results/visual-interactive-Interac-37c16-ent-type-switching-smoothly-Mobile-Chrome/test-failed-1.png]]

[[ATTACHMENT|test-results/visual-interactive-Interac-37c16-ent-type-switching-smoothly-Mobile-Chrome/video.webm]]

[[ATTACHMENT|test-results/visual-interactive-Interac-37c16-ent-type-switching-smoothly-Mobile-Chrome/error-context.md]]
]]>
</system-out>
</testcase>
</testsuite>
<testsuite name="accessibility-edge-cases.spec.js" timestamp="2025-10-23T02:33:00.593Z" hostname="Mobile Safari" tests="13" failures="12" skipped="0" time="115.707" errors="0">
<testcase name="Accessibility Testing @critical › should meet WCAG 2.1 AA accessibility standards" classname="accessibility-edge-cases.spec.js" time="6.121">
<failure message="accessibility-edge-cases.spec.js:10:3 should meet WCAG 2.1 AA accessibility standards" type="FAILURE">
<![CDATA[  [Mobile Safari] › accessibility-edge-cases.spec.js:10:3 › Accessibility Testing @critical › should meet WCAG 2.1 AA accessibility standards 

    Error: expect(locator).toHaveAttribute() failed

    Locator:  locator('h1')
    Expected: have attribute
    Received: attribute not present
    Timeout:  5000ms

    Call log:
      - Expect "toHaveAttribute" with timeout 5000ms
      - waiting for locator('h1')
        9 × locator resolved to <h1>Error response</h1>
          - unexpected value "attribute not present"


      12 |     const h1 = page.locator('h1');
      13 |     await expect(h1).toBeVisible();
    > 14 |     await expect(h1).toHaveAttribute('id'); // Should have id for navigation
         |                      ^
      15 |     
      16 |     // Check for proper labels
      17 |     await expect(page.locator('#techStackInput')).toHaveAttribute('aria-label');
        at /Users/david/Documents/Figa-Jira-Automations-Tool/figma-ticket-generator/browser-tests/tests/accessibility-edge-cases.spec.js:14:22

    attachment #1: screenshot (image/png) ──────────────────────────────────────────────────────────
    ../test-results/accessibility-edge-cases-A-a129e--AA-accessibility-standards-Mobile-Safari/test-failed-1.png
    ────────────────────────────────────────────────────────────────────────────────────────────────

    attachment #2: video (video/webm) ──────────────────────────────────────────────────────────────
    ../test-results/accessibility-edge-cases-A-a129e--AA-accessibility-standards-Mobile-Safari/video.webm
    ────────────────────────────────────────────────────────────────────────────────────────────────

    Error Context: ../test-results/accessibility-edge-cases-A-a129e--AA-accessibility-standards-Mobile-Safari/error-context.md
]]>
</failure>
<system-out>
<![CDATA[
[[ATTACHMENT|test-results/accessibility-edge-cases-A-a129e--AA-accessibility-standards-Mobile-Safari/test-failed-1.png]]

[[ATTACHMENT|test-results/accessibility-edge-cases-A-a129e--AA-accessibility-standards-Mobile-Safari/video.webm]]

[[ATTACHMENT|test-results/accessibility-edge-cases-A-a129e--AA-accessibility-standards-Mobile-Safari/error-context.md]]
]]>
</system-out>
</testcase>
<testcase name="Accessibility Testing @critical › should be fully keyboard navigable" classname="accessibility-edge-cases.spec.js" time="5.808">
<failure message="accessibility-edge-cases.spec.js:42:3 should be fully keyboard navigable" type="FAILURE">
<![CDATA[  [Mobile Safari] › accessibility-edge-cases.spec.js:42:3 › Accessibility Testing @critical › should be fully keyboard navigable 

    Error: expect(locator).toBeFocused() failed

    Locator: locator('#techStackInput')
    Expected: focused
    Timeout: 5000ms
    Error: element(s) not found

    Call log:
      - Expect "toBeFocused" with timeout 5000ms
      - waiting for locator('#techStackInput')


      43 |     // Start from beginning
      44 |     await page.keyboard.press('Tab');
    > 45 |     await expect(page.locator('#techStackInput')).toBeFocused();
         |                                                   ^
      46 |     
      47 |     // Type in input
      48 |     await page.keyboard.type('React with TypeScript');
        at /Users/david/Documents/Figa-Jira-Automations-Tool/figma-ticket-generator/browser-tests/tests/accessibility-edge-cases.spec.js:45:51

    attachment #1: screenshot (image/png) ──────────────────────────────────────────────────────────
    ../test-results/accessibility-edge-cases-A-2250b-be-fully-keyboard-navigable-Mobile-Safari/test-failed-1.png
    ────────────────────────────────────────────────────────────────────────────────────────────────

    attachment #2: video (video/webm) ──────────────────────────────────────────────────────────────
    ../test-results/accessibility-edge-cases-A-2250b-be-fully-keyboard-navigable-Mobile-Safari/video.webm
    ────────────────────────────────────────────────────────────────────────────────────────────────

    Error Context: ../test-results/accessibility-edge-cases-A-2250b-be-fully-keyboard-navigable-Mobile-Safari/error-context.md
]]>
</failure>
<system-out>
<![CDATA[
[[ATTACHMENT|test-results/accessibility-edge-cases-A-2250b-be-fully-keyboard-navigable-Mobile-Safari/test-failed-1.png]]

[[ATTACHMENT|test-results/accessibility-edge-cases-A-2250b-be-fully-keyboard-navigable-Mobile-Safari/video.webm]]

[[ATTACHMENT|test-results/accessibility-edge-cases-A-2250b-be-fully-keyboard-navigable-Mobile-Safari/error-context.md]]
]]>
</system-out>
</testcase>
<testcase name="Accessibility Testing @critical › should work with screen readers" classname="accessibility-edge-cases.spec.js" time="5.791">
<failure message="accessibility-edge-cases.spec.js:69:3 should work with screen readers" type="FAILURE">
<![CDATA[  [Mobile Safari] › accessibility-edge-cases.spec.js:69:3 › Accessibility Testing @critical › should work with screen readers 

    Error: expect(locator).toHaveAttribute(expected) failed

    Locator: locator('#techStackInput')
    Expected: "textbox"
    Timeout: 5000ms
    Error: element(s) not found

    Call log:
      - Expect "toHaveAttribute" with timeout 5000ms
      - waiting for locator('#techStackInput')


      69 |   test('should work with screen readers', async ({ page }) => {
      70 |     // Check for proper ARIA attributes
    > 71 |     await expect(page.locator('#techStackInput')).toHaveAttribute('role', 'textbox');
         |                                                   ^
      72 |     await expect(page.locator('#documentType')).toHaveAttribute('role', 'combobox');
      73 |     await expect(page.locator('#generateBtn')).toHaveAttribute('role', 'button');
      74 |     
        at /Users/david/Documents/Figa-Jira-Automations-Tool/figma-ticket-generator/browser-tests/tests/accessibility-edge-cases.spec.js:71:51

    attachment #1: screenshot (image/png) ──────────────────────────────────────────────────────────
    ../test-results/accessibility-edge-cases-A-12313-ld-work-with-screen-readers-Mobile-Safari/test-failed-1.png
    ────────────────────────────────────────────────────────────────────────────────────────────────

    attachment #2: video (video/webm) ──────────────────────────────────────────────────────────────
    ../test-results/accessibility-edge-cases-A-12313-ld-work-with-screen-readers-Mobile-Safari/video.webm
    ────────────────────────────────────────────────────────────────────────────────────────────────

    Error Context: ../test-results/accessibility-edge-cases-A-12313-ld-work-with-screen-readers-Mobile-Safari/error-context.md
]]>
</failure>
<system-out>
<![CDATA[
[[ATTACHMENT|test-results/accessibility-edge-cases-A-12313-ld-work-with-screen-readers-Mobile-Safari/test-failed-1.png]]

[[ATTACHMENT|test-results/accessibility-edge-cases-A-12313-ld-work-with-screen-readers-Mobile-Safari/video.webm]]

[[ATTACHMENT|test-results/accessibility-edge-cases-A-12313-ld-work-with-screen-readers-Mobile-Safari/error-context.md]]
]]>
</system-out>
</testcase>
<testcase name="Accessibility Testing @critical › should handle focus management correctly" classname="accessibility-edge-cases.spec.js" time="5.804">
<failure message="accessibility-edge-cases.spec.js:91:3 should handle focus management correctly" type="FAILURE">
<![CDATA[  [Mobile Safari] › accessibility-edge-cases.spec.js:91:3 › Accessibility Testing @critical › should handle focus management correctly 

    Error: expect(locator).toHaveCSS(expected) failed

    Locator: locator(':focus')
    Expected pattern: /2px solid|auto/
    Timeout: 5000ms
    Error: element(s) not found

    Call log:
      - Expect "toHaveCSS" with timeout 5000ms
      - waiting for locator(':focus')


      93 |     await page.keyboard.press('Tab');
      94 |     const focusedElement = page.locator(':focus');
    > 95 |     await expect(focusedElement).toHaveCSS('outline', /2px solid|auto/);
         |                                  ^
      96 |     
      97 |     // Focus should move logically through the page
      98 |     const focusOrder = [
        at /Users/david/Documents/Figa-Jira-Automations-Tool/figma-ticket-generator/browser-tests/tests/accessibility-edge-cases.spec.js:95:34

    attachment #1: screenshot (image/png) ──────────────────────────────────────────────────────────
    ../test-results/accessibility-edge-cases-A-0a98b--focus-management-correctly-Mobile-Safari/test-failed-1.png
    ────────────────────────────────────────────────────────────────────────────────────────────────

    attachment #2: video (video/webm) ──────────────────────────────────────────────────────────────
    ../test-results/accessibility-edge-cases-A-0a98b--focus-management-correctly-Mobile-Safari/video.webm
    ────────────────────────────────────────────────────────────────────────────────────────────────

    Error Context: ../test-results/accessibility-edge-cases-A-0a98b--focus-management-correctly-Mobile-Safari/error-context.md
]]>
</failure>
<system-out>
<![CDATA[
[[ATTACHMENT|test-results/accessibility-edge-cases-A-0a98b--focus-management-correctly-Mobile-Safari/test-failed-1.png]]

[[ATTACHMENT|test-results/accessibility-edge-cases-A-0a98b--focus-management-correctly-Mobile-Safari/video.webm]]

[[ATTACHMENT|test-results/accessibility-edge-cases-A-0a98b--focus-management-correctly-Mobile-Safari/error-context.md]]
]]>
</system-out>
</testcase>
<testcase name="Accessibility Testing @critical › should provide proper error announcements for screen readers" classname="accessibility-edge-cases.spec.js" time="10.815">
<failure message="accessibility-edge-cases.spec.js:122:3 should provide proper error announcements for screen readers" type="FAILURE">
<![CDATA[  [Mobile Safari] › accessibility-edge-cases.spec.js:122:3 › Accessibility Testing @critical › should provide proper error announcements for screen readers 

    TimeoutError: page.click: Timeout 10000ms exceeded.
    Call log:
      - waiting for locator('#generateBtn')


      122 |   test('should provide proper error announcements for screen readers', async ({ page }) => {
      123 |     // Try to generate without input
    > 124 |     await page.click('#generateBtn');
          |                ^
      125 |     
      126 |     // Error should be announced
      127 |     const errorMessage = page.locator('.error-message');
        at /Users/david/Documents/Figa-Jira-Automations-Tool/figma-ticket-generator/browser-tests/tests/accessibility-edge-cases.spec.js:124:16

    attachment #1: screenshot (image/png) ──────────────────────────────────────────────────────────
    ../test-results/accessibility-edge-cases-A-1d378-ncements-for-screen-readers-Mobile-Safari/test-failed-1.png
    ────────────────────────────────────────────────────────────────────────────────────────────────

    attachment #2: video (video/webm) ──────────────────────────────────────────────────────────────
    ../test-results/accessibility-edge-cases-A-1d378-ncements-for-screen-readers-Mobile-Safari/video.webm
    ────────────────────────────────────────────────────────────────────────────────────────────────

    Error Context: ../test-results/accessibility-edge-cases-A-1d378-ncements-for-screen-readers-Mobile-Safari/error-context.md
]]>
</failure>
<system-out>
<![CDATA[
[[ATTACHMENT|test-results/accessibility-edge-cases-A-1d378-ncements-for-screen-readers-Mobile-Safari/test-failed-1.png]]

[[ATTACHMENT|test-results/accessibility-edge-cases-A-1d378-ncements-for-screen-readers-Mobile-Safari/video.webm]]

[[ATTACHMENT|test-results/accessibility-edge-cases-A-1d378-ncements-for-screen-readers-Mobile-Safari/error-context.md]]
]]>
</system-out>
</testcase>
<testcase name="Accessibility Testing @critical › should have proper semantic HTML structure" classname="accessibility-edge-cases.spec.js" time="5.793">
<failure message="accessibility-edge-cases.spec.js:136:3 should have proper semantic HTML structure" type="FAILURE">
<![CDATA[  [Mobile Safari] › accessibility-edge-cases.spec.js:136:3 › Accessibility Testing @critical › should have proper semantic HTML structure 

    Error: expect(locator).toBeVisible() failed

    Locator: locator('main')
    Expected: visible
    Timeout: 5000ms
    Error: element(s) not found

    Call log:
      - Expect "toBeVisible" with timeout 5000ms
      - waiting for locator('main')


      136 |   test('should have proper semantic HTML structure', async ({ page }) => {
      137 |     // Check for proper landmarks
    > 138 |     await expect(page.locator('main')).toBeVisible();
          |                                        ^
      139 |     await expect(page.locator('header')).toBeVisible();
      140 |     
      141 |     // Check for proper form structure
        at /Users/david/Documents/Figa-Jira-Automations-Tool/figma-ticket-generator/browser-tests/tests/accessibility-edge-cases.spec.js:138:40

    attachment #1: screenshot (image/png) ──────────────────────────────────────────────────────────
    ../test-results/accessibility-edge-cases-A-4809b-per-semantic-HTML-structure-Mobile-Safari/test-failed-1.png
    ────────────────────────────────────────────────────────────────────────────────────────────────

    attachment #2: video (video/webm) ──────────────────────────────────────────────────────────────
    ../test-results/accessibility-edge-cases-A-4809b-per-semantic-HTML-structure-Mobile-Safari/video.webm
    ────────────────────────────────────────────────────────────────────────────────────────────────

    Error Context: ../test-results/accessibility-edge-cases-A-4809b-per-semantic-HTML-structure-Mobile-Safari/error-context.md
]]>
</failure>
<system-out>
<![CDATA[
[[ATTACHMENT|test-results/accessibility-edge-cases-A-4809b-per-semantic-HTML-structure-Mobile-Safari/test-failed-1.png]]

[[ATTACHMENT|test-results/accessibility-edge-cases-A-4809b-per-semantic-HTML-structure-Mobile-Safari/video.webm]]

[[ATTACHMENT|test-results/accessibility-edge-cases-A-4809b-per-semantic-HTML-structure-Mobile-Safari/error-context.md]]
]]>
</system-out>
</testcase>
<testcase name="Error Handling and Edge Cases @critical › should handle network failures gracefully" classname="accessibility-edge-cases.spec.js" time="10.781">
<failure message="accessibility-edge-cases.spec.js:161:3 should handle network failures gracefully" type="FAILURE">
<![CDATA[  [Mobile Safari] › accessibility-edge-cases.spec.js:161:3 › Error Handling and Edge Cases @critical › should handle network failures gracefully 

    TimeoutError: page.fill: Timeout 10000ms exceeded.
    Call log:
      - waiting for locator('#techStackInput')


      163 |     await page.route('**/*', route => route.abort('failed'));
      164 |     
    > 165 |     await page.fill('#techStackInput', 'React with TypeScript');
          |                ^
      166 |     await page.click('#generateBtn');
      167 |     
      168 |     // Should show appropriate error message
        at /Users/david/Documents/Figa-Jira-Automations-Tool/figma-ticket-generator/browser-tests/tests/accessibility-edge-cases.spec.js:165:16

    attachment #1: screenshot (image/png) ──────────────────────────────────────────────────────────
    ../test-results/accessibility-edge-cases-E-db327-network-failures-gracefully-Mobile-Safari/test-failed-1.png
    ────────────────────────────────────────────────────────────────────────────────────────────────

    attachment #2: video (video/webm) ──────────────────────────────────────────────────────────────
    ../test-results/accessibility-edge-cases-E-db327-network-failures-gracefully-Mobile-Safari/video.webm
    ────────────────────────────────────────────────────────────────────────────────────────────────

    Error Context: ../test-results/accessibility-edge-cases-E-db327-network-failures-gracefully-Mobile-Safari/error-context.md
]]>
</failure>
<system-out>
<![CDATA[
[[ATTACHMENT|test-results/accessibility-edge-cases-E-db327-network-failures-gracefully-Mobile-Safari/test-failed-1.png]]

[[ATTACHMENT|test-results/accessibility-edge-cases-E-db327-network-failures-gracefully-Mobile-Safari/video.webm]]

[[ATTACHMENT|test-results/accessibility-edge-cases-E-db327-network-failures-gracefully-Mobile-Safari/error-context.md]]
]]>
</system-out>
</testcase>
<testcase name="Error Handling and Edge Cases @critical › should handle malicious input safely" classname="accessibility-edge-cases.spec.js" time="10.747">
<failure message="accessibility-edge-cases.spec.js:182:3 should handle malicious input safely" type="FAILURE">
<![CDATA[  [Mobile Safari] › accessibility-edge-cases.spec.js:182:3 › Error Handling and Edge Cases @critical › should handle malicious input safely 

    TimeoutError: page.fill: Timeout 10000ms exceeded.
    Call log:
      - waiting for locator('#techStackInput')


      195 |     for (const maliciousInput of maliciousInputs) {
      196 |       // Clear and fill with malicious input
    > 197 |       await page.fill('#techStackInput', maliciousInput);
          |                  ^
      198 |       await page.click('#generateBtn');
      199 |       
      200 |       // Wait for processing
        at /Users/david/Documents/Figa-Jira-Automations-Tool/figma-ticket-generator/browser-tests/tests/accessibility-edge-cases.spec.js:197:18

    attachment #1: screenshot (image/png) ──────────────────────────────────────────────────────────
    ../test-results/accessibility-edge-cases-E-56e05-ndle-malicious-input-safely-Mobile-Safari/test-failed-1.png
    ────────────────────────────────────────────────────────────────────────────────────────────────

    attachment #2: video (video/webm) ──────────────────────────────────────────────────────────────
    ../test-results/accessibility-edge-cases-E-56e05-ndle-malicious-input-safely-Mobile-Safari/video.webm
    ────────────────────────────────────────────────────────────────────────────────────────────────

    Error Context: ../test-results/accessibility-edge-cases-E-56e05-ndle-malicious-input-safely-Mobile-Safari/error-context.md
]]>
</failure>
<system-out>
<![CDATA[
[[ATTACHMENT|test-results/accessibility-edge-cases-E-56e05-ndle-malicious-input-safely-Mobile-Safari/test-failed-1.png]]

[[ATTACHMENT|test-results/accessibility-edge-cases-E-56e05-ndle-malicious-input-safely-Mobile-Safari/video.webm]]

[[ATTACHMENT|test-results/accessibility-edge-cases-E-56e05-ndle-malicious-input-safely-Mobile-Safari/error-context.md]]
]]>
</system-out>
</testcase>
<testcase name="Error Handling and Edge Cases @critical › should handle extremely long input gracefully" classname="accessibility-edge-cases.spec.js" time="10.792">
<system-out>
<![CDATA[Browser limitation with extremely large input: page.fill: Timeout 10000ms exceeded.
Call log:
[2m  - waiting for locator('#techStackInput')[22m

]]>
</system-out>
</testcase>
<testcase name="Error Handling and Edge Cases @critical › should handle rapid clicking and interaction spam" classname="accessibility-edge-cases.spec.js" time="10.834">
<failure message="accessibility-edge-cases.spec.js:250:3 should handle rapid clicking and interaction spam" type="FAILURE">
<![CDATA[  [Mobile Safari] › accessibility-edge-cases.spec.js:250:3 › Error Handling and Edge Cases @critical › should handle rapid clicking and interaction spam 

    TimeoutError: page.fill: Timeout 10000ms exceeded.
    Call log:
      - waiting for locator('#techStackInput')


      249 |
      250 |   test('should handle rapid clicking and interaction spam', async ({ page }) => {
    > 251 |     await page.fill('#techStackInput', 'React with TypeScript');
          |                ^
      252 |     
      253 |     // Rapidly click generate button multiple times
      254 |     const clickPromises = [];
        at /Users/david/Documents/Figa-Jira-Automations-Tool/figma-ticket-generator/browser-tests/tests/accessibility-edge-cases.spec.js:251:16

    attachment #1: screenshot (image/png) ──────────────────────────────────────────────────────────
    ../test-results/accessibility-edge-cases-E-27bed-icking-and-interaction-spam-Mobile-Safari/test-failed-1.png
    ────────────────────────────────────────────────────────────────────────────────────────────────

    attachment #2: video (video/webm) ──────────────────────────────────────────────────────────────
    ../test-results/accessibility-edge-cases-E-27bed-icking-and-interaction-spam-Mobile-Safari/video.webm
    ────────────────────────────────────────────────────────────────────────────────────────────────

    Error Context: ../test-results/accessibility-edge-cases-E-27bed-icking-and-interaction-spam-Mobile-Safari/error-context.md
]]>
</failure>
<system-out>
<![CDATA[
[[ATTACHMENT|test-results/accessibility-edge-cases-E-27bed-icking-and-interaction-spam-Mobile-Safari/test-failed-1.png]]

[[ATTACHMENT|test-results/accessibility-edge-cases-E-27bed-icking-and-interaction-spam-Mobile-Safari/video.webm]]

[[ATTACHMENT|test-results/accessibility-edge-cases-E-27bed-icking-and-interaction-spam-Mobile-Safari/error-context.md]]
]]>
</system-out>
</testcase>
<testcase name="Error Handling and Edge Cases @critical › should handle browser tab switching and focus loss" classname="accessibility-edge-cases.spec.js" time="10.866">
<failure message="accessibility-edge-cases.spec.js:278:3 should handle browser tab switching and focus loss" type="FAILURE">
<![CDATA[  [Mobile Safari] › accessibility-edge-cases.spec.js:278:3 › Error Handling and Edge Cases @critical › should handle browser tab switching and focus loss 

    TimeoutError: page.fill: Timeout 10000ms exceeded.
    Call log:
      - waiting for locator('#techStackInput')


      278 |   test('should handle browser tab switching and focus loss', async ({ page, context }) => {
      279 |     // Start a generation
    > 280 |     await page.fill('#techStackInput', 'Angular with RxJS');
          |                ^
      281 |     await page.click('#generateBtn');
      282 |     
      283 |     // Create new tab and switch to it (simulate user switching tabs)
        at /Users/david/Documents/Figa-Jira-Automations-Tool/figma-ticket-generator/browser-tests/tests/accessibility-edge-cases.spec.js:280:16

    attachment #1: screenshot (image/png) ──────────────────────────────────────────────────────────
    ../test-results/accessibility-edge-cases-E-8d902-ab-switching-and-focus-loss-Mobile-Safari/test-failed-1.png
    ────────────────────────────────────────────────────────────────────────────────────────────────

    attachment #2: video (video/webm) ──────────────────────────────────────────────────────────────
    ../test-results/accessibility-edge-cases-E-8d902-ab-switching-and-focus-loss-Mobile-Safari/video.webm
    ────────────────────────────────────────────────────────────────────────────────────────────────

    Error Context: ../test-results/accessibility-edge-cases-E-8d902-ab-switching-and-focus-loss-Mobile-Safari/error-context.md
]]>
</failure>
<system-out>
<![CDATA[
[[ATTACHMENT|test-results/accessibility-edge-cases-E-8d902-ab-switching-and-focus-loss-Mobile-Safari/test-failed-1.png]]

[[ATTACHMENT|test-results/accessibility-edge-cases-E-8d902-ab-switching-and-focus-loss-Mobile-Safari/video.webm]]

[[ATTACHMENT|test-results/accessibility-edge-cases-E-8d902-ab-switching-and-focus-loss-Mobile-Safari/error-context.md]]
]]>
</system-out>
</testcase>
<testcase name="Error Handling and Edge Cases @critical › should handle page refresh during operation" classname="accessibility-edge-cases.spec.js" time="10.774">
<failure message="accessibility-edge-cases.spec.js:299:3 should handle page refresh during operation" type="FAILURE">
<![CDATA[  [Mobile Safari] › accessibility-edge-cases.spec.js:299:3 › Error Handling and Edge Cases @critical › should handle page refresh during operation 

    TimeoutError: page.fill: Timeout 10000ms exceeded.
    Call log:
      - waiting for locator('#techStackInput')


      299 |   test('should handle page refresh during operation', async ({ page }) => {
      300 |     // Start generation
    > 301 |     await page.fill('#techStackInput', 'Svelte with SvelteKit');
          |                ^
      302 |     await page.click('#generateBtn');
      303 |     
      304 |     // Wait for loading state
        at /Users/david/Documents/Figa-Jira-Automations-Tool/figma-ticket-generator/browser-tests/tests/accessibility-edge-cases.spec.js:301:16

    attachment #1: screenshot (image/png) ──────────────────────────────────────────────────────────
    ../test-results/accessibility-edge-cases-E-16c27-ge-refresh-during-operation-Mobile-Safari/test-failed-1.png
    ────────────────────────────────────────────────────────────────────────────────────────────────

    attachment #2: video (video/webm) ──────────────────────────────────────────────────────────────
    ../test-results/accessibility-edge-cases-E-16c27-ge-refresh-during-operation-Mobile-Safari/video.webm
    ────────────────────────────────────────────────────────────────────────────────────────────────

    Error Context: ../test-results/accessibility-edge-cases-E-16c27-ge-refresh-during-operation-Mobile-Safari/error-context.md
]]>
</failure>
<system-out>
<![CDATA[
[[ATTACHMENT|test-results/accessibility-edge-cases-E-16c27-ge-refresh-during-operation-Mobile-Safari/test-failed-1.png]]

[[ATTACHMENT|test-results/accessibility-edge-cases-E-16c27-ge-refresh-during-operation-Mobile-Safari/video.webm]]

[[ATTACHMENT|test-results/accessibility-edge-cases-E-16c27-ge-refresh-during-operation-Mobile-Safari/error-context.md]]
]]>
</system-out>
</testcase>
<testcase name="Error Handling and Edge Cases @critical › should handle memory pressure gracefully" classname="accessibility-edge-cases.spec.js" time="10.781">
<failure message="accessibility-edge-cases.spec.js:325:3 should handle memory pressure gracefully" type="FAILURE">
<![CDATA[  [Mobile Safari] › accessibility-edge-cases.spec.js:325:3 › Error Handling and Edge Cases @critical › should handle memory pressure gracefully 

    TimeoutError: page.fill: Timeout 10000ms exceeded.
    Call log:
      - waiting for locator('#techStackInput')


      334 |     
      335 |     // Should still function under memory pressure
    > 336 |     await page.fill('#techStackInput', 'Memory pressure test: React with TypeScript');
          |                ^
      337 |     await page.click('#generateBtn');
      338 |     
      339 |     await page.waitForSelector('#results', { state: 'visible', timeout: 45000 });
        at /Users/david/Documents/Figa-Jira-Automations-Tool/figma-ticket-generator/browser-tests/tests/accessibility-edge-cases.spec.js:336:16

    attachment #1: screenshot (image/png) ──────────────────────────────────────────────────────────
    ../test-results/accessibility-edge-cases-E-fc6fa--memory-pressure-gracefully-Mobile-Safari/test-failed-1.png
    ────────────────────────────────────────────────────────────────────────────────────────────────

    attachment #2: video (video/webm) ──────────────────────────────────────────────────────────────
    ../test-results/accessibility-edge-cases-E-fc6fa--memory-pressure-gracefully-Mobile-Safari/video.webm
    ────────────────────────────────────────────────────────────────────────────────────────────────

    Error Context: ../test-results/accessibility-edge-cases-E-fc6fa--memory-pressure-gracefully-Mobile-Safari/error-context.md
]]>
</failure>
<system-out>
<![CDATA[
[[ATTACHMENT|test-results/accessibility-edge-cases-E-fc6fa--memory-pressure-gracefully-Mobile-Safari/test-failed-1.png]]

[[ATTACHMENT|test-results/accessibility-edge-cases-E-fc6fa--memory-pressure-gracefully-Mobile-Safari/video.webm]]

[[ATTACHMENT|test-results/accessibility-edge-cases-E-fc6fa--memory-pressure-gracefully-Mobile-Safari/error-context.md]]
]]>
</system-out>
</testcase>
</testsuite>
<testsuite name="core-functionality.spec.js" timestamp="2025-10-23T02:33:00.593Z" hostname="Mobile Safari" tests="7" failures="7" skipped="0" time="74.329" errors="0">
<testcase name="Enhanced Figma Plugin - Core Functionality @smoke @critical › should load the enhanced UI with all elements visible" classname="core-functionality.spec.js" time="6.268">
<failure message="core-functionality.spec.js:14:3 should load the enhanced UI with all elements visible" type="FAILURE">
<![CDATA[  [Mobile Safari] › core-functionality.spec.js:14:3 › Enhanced Figma Plugin - Core Functionality @smoke @critical › should load the enhanced UI with all elements visible 

    Error: expect(page).toHaveTitle(expected) failed

    Expected pattern: /Enhanced Figma Plugin/
    Received string:  "Error response"
    Timeout: 5000ms

    Call log:
      - Expect "toHaveTitle" with timeout 5000ms
        9 × unexpected value "Error response"


      14 |   test('should load the enhanced UI with all elements visible', async ({ page }) => {
      15 |     // Check page title
    > 16 |     await expect(page).toHaveTitle(/Enhanced Figma Plugin/);
         |                        ^
      17 |     
      18 |     // Verify main container is visible
      19 |     await expect(page.locator('body')).toBeVisible();
        at /Users/david/Documents/Figa-Jira-Automations-Tool/figma-ticket-generator/browser-tests/tests/core-functionality.spec.js:16:24

    attachment #1: screenshot (image/png) ──────────────────────────────────────────────────────────
    ../test-results/core-functionality-Enhance-8d18f-I-with-all-elements-visible-Mobile-Safari/test-failed-1.png
    ────────────────────────────────────────────────────────────────────────────────────────────────

    attachment #2: video (video/webm) ──────────────────────────────────────────────────────────────
    ../test-results/core-functionality-Enhance-8d18f-I-with-all-elements-visible-Mobile-Safari/video.webm
    ────────────────────────────────────────────────────────────────────────────────────────────────

    Error Context: ../test-results/core-functionality-Enhance-8d18f-I-with-all-elements-visible-Mobile-Safari/error-context.md
]]>
</failure>
<system-out>
<![CDATA[
[[ATTACHMENT|test-results/core-functionality-Enhance-8d18f-I-with-all-elements-visible-Mobile-Safari/test-failed-1.png]]

[[ATTACHMENT|test-results/core-functionality-Enhance-8d18f-I-with-all-elements-visible-Mobile-Safari/video.webm]]

[[ATTACHMENT|test-results/core-functionality-Enhance-8d18f-I-with-all-elements-visible-Mobile-Safari/error-context.md]]
]]>
</system-out>
</testcase>
<testcase name="Enhanced Figma Plugin - Core Functionality @smoke @critical › should show validation error for empty tech stack input" classname="core-functionality.spec.js" time="11.256">
<failure message="core-functionality.spec.js:42:3 should show validation error for empty tech stack input" type="FAILURE">
<![CDATA[  [Mobile Safari] › core-functionality.spec.js:42:3 › Enhanced Figma Plugin - Core Functionality @smoke @critical › should show validation error for empty tech stack input 

    TimeoutError: page.click: Timeout 10000ms exceeded.
    Call log:
      - waiting for locator('#generateBtn')


      42 |   test('should show validation error for empty tech stack input', async ({ page }) => {
      43 |     // Try to generate without input
    > 44 |     await page.click('#generateBtn');
         |                ^
      45 |     
      46 |     // Should show validation error
      47 |     await expect(page.locator('.error-message')).toBeVisible();
        at /Users/david/Documents/Figa-Jira-Automations-Tool/figma-ticket-generator/browser-tests/tests/core-functionality.spec.js:44:16

    attachment #1: screenshot (image/png) ──────────────────────────────────────────────────────────
    ../test-results/core-functionality-Enhance-df713--for-empty-tech-stack-input-Mobile-Safari/test-failed-1.png
    ────────────────────────────────────────────────────────────────────────────────────────────────

    attachment #2: video (video/webm) ──────────────────────────────────────────────────────────────
    ../test-results/core-functionality-Enhance-df713--for-empty-tech-stack-input-Mobile-Safari/video.webm
    ────────────────────────────────────────────────────────────────────────────────────────────────

    Error Context: ../test-results/core-functionality-Enhance-df713--for-empty-tech-stack-input-Mobile-Safari/error-context.md
]]>
</failure>
<system-out>
<![CDATA[
[[ATTACHMENT|test-results/core-functionality-Enhance-df713--for-empty-tech-stack-input-Mobile-Safari/test-failed-1.png]]

[[ATTACHMENT|test-results/core-functionality-Enhance-df713--for-empty-tech-stack-input-Mobile-Safari/video.webm]]

[[ATTACHMENT|test-results/core-functionality-Enhance-df713--for-empty-tech-stack-input-Mobile-Safari/error-context.md]]
]]>
</system-out>
</testcase>
<testcase name="Enhanced Figma Plugin - Core Functionality @smoke @critical › should process tech stack input and show confidence indicator" classname="core-functionality.spec.js" time="11.158">
<failure message="core-functionality.spec.js:54:3 should process tech stack input and show confidence indicator" type="FAILURE">
<![CDATA[  [Mobile Safari] › core-functionality.spec.js:54:3 › Enhanced Figma Plugin - Core Functionality @smoke @critical › should process tech stack input and show confidence indicator 

    TimeoutError: page.fill: Timeout 10000ms exceeded.
    Call log:
      - waiting for locator('#techStackInput')


      55 |     // Input a valid tech stack description
      56 |     const techStack = 'React with TypeScript, styled-components, and Jest testing';
    > 57 |     await page.fill('#techStackInput', techStack);
         |                ^
      58 |     
      59 |     // Trigger tech stack parsing (should happen on input)
      60 |     await page.dispatchEvent('#techStackInput', 'input');
        at /Users/david/Documents/Figa-Jira-Automations-Tool/figma-ticket-generator/browser-tests/tests/core-functionality.spec.js:57:16

    attachment #1: screenshot (image/png) ──────────────────────────────────────────────────────────
    ../test-results/core-functionality-Enhance-37bdf-d-show-confidence-indicator-Mobile-Safari/test-failed-1.png
    ────────────────────────────────────────────────────────────────────────────────────────────────

    attachment #2: video (video/webm) ──────────────────────────────────────────────────────────────
    ../test-results/core-functionality-Enhance-37bdf-d-show-confidence-indicator-Mobile-Safari/video.webm
    ────────────────────────────────────────────────────────────────────────────────────────────────

    Error Context: ../test-results/core-functionality-Enhance-37bdf-d-show-confidence-indicator-Mobile-Safari/error-context.md
]]>
</failure>
<system-out>
<![CDATA[
[[ATTACHMENT|test-results/core-functionality-Enhance-37bdf-d-show-confidence-indicator-Mobile-Safari/test-failed-1.png]]

[[ATTACHMENT|test-results/core-functionality-Enhance-37bdf-d-show-confidence-indicator-Mobile-Safari/video.webm]]

[[ATTACHMENT|test-results/core-functionality-Enhance-37bdf-d-show-confidence-indicator-Mobile-Safari/error-context.md]]
]]>
</system-out>
</testcase>
<testcase name="Enhanced Figma Plugin - Core Functionality @smoke @critical › should generate enhanced document with valid input @critical" classname="core-functionality.spec.js" time="11.288">
<failure message="core-functionality.spec.js:76:3 should generate enhanced document with valid input @critical" type="FAILURE">
<![CDATA[  [Mobile Safari] › core-functionality.spec.js:76:3 › Enhanced Figma Plugin - Core Functionality @smoke @critical › should generate enhanced document with valid input @critical 

    TimeoutError: page.fill: Timeout 10000ms exceeded.
    Call log:
      - waiting for locator('#techStackInput')


      77 |     // Input comprehensive tech stack
      78 |     const techStack = 'Next.js with TypeScript, Chakra UI for styling, React Query for data fetching, Jest and React Testing Library for testing';
    > 79 |     await page.fill('#techStackInput', techStack);
         |                ^
      80 |     
      81 |     // Select document type
      82 |     await page.selectOption('#documentType', 'jira');
        at /Users/david/Documents/Figa-Jira-Automations-Tool/figma-ticket-generator/browser-tests/tests/core-functionality.spec.js:79:16

    attachment #1: screenshot (image/png) ──────────────────────────────────────────────────────────
    ../test-results/core-functionality-Enhance-38d4c-t-with-valid-input-critical-Mobile-Safari/test-failed-1.png
    ────────────────────────────────────────────────────────────────────────────────────────────────

    attachment #2: video (video/webm) ──────────────────────────────────────────────────────────────
    ../test-results/core-functionality-Enhance-38d4c-t-with-valid-input-critical-Mobile-Safari/video.webm
    ────────────────────────────────────────────────────────────────────────────────────────────────

    Error Context: ../test-results/core-functionality-Enhance-38d4c-t-with-valid-input-critical-Mobile-Safari/error-context.md
]]>
</failure>
<system-out>
<![CDATA[
[[ATTACHMENT|test-results/core-functionality-Enhance-38d4c-t-with-valid-input-critical-Mobile-Safari/test-failed-1.png]]

[[ATTACHMENT|test-results/core-functionality-Enhance-38d4c-t-with-valid-input-critical-Mobile-Safari/video.webm]]

[[ATTACHMENT|test-results/core-functionality-Enhance-38d4c-t-with-valid-input-critical-Mobile-Safari/error-context.md]]
]]>
</system-out>
</testcase>
<testcase name="Enhanced Figma Plugin - Core Functionality @smoke @critical › should handle MCP server unavailable gracefully" classname="core-functionality.spec.js" time="11.319">
<failure message="core-functionality.spec.js:128:3 should handle MCP server unavailable gracefully" type="FAILURE">
<![CDATA[  [Mobile Safari] › core-functionality.spec.js:128:3 › Enhanced Figma Plugin - Core Functionality @smoke @critical › should handle MCP server unavailable gracefully 

    TimeoutError: page.fill: Timeout 10000ms exceeded.
    Call log:
      - waiting for locator('#techStackInput')


      133 |     
      134 |     // Input tech stack and generate
    > 135 |     await page.fill('#techStackInput', 'React with TypeScript');
          |                ^
      136 |     await page.click('#generateBtn');
      137 |     
      138 |     // Should show fallback message
        at /Users/david/Documents/Figa-Jira-Automations-Tool/figma-ticket-generator/browser-tests/tests/core-functionality.spec.js:135:16

    attachment #1: screenshot (image/png) ──────────────────────────────────────────────────────────
    ../test-results/core-functionality-Enhance-d3f27-rver-unavailable-gracefully-Mobile-Safari/test-failed-1.png
    ────────────────────────────────────────────────────────────────────────────────────────────────

    attachment #2: video (video/webm) ──────────────────────────────────────────────────────────────
    ../test-results/core-functionality-Enhance-d3f27-rver-unavailable-gracefully-Mobile-Safari/video.webm
    ────────────────────────────────────────────────────────────────────────────────────────────────

    Error Context: ../test-results/core-functionality-Enhance-d3f27-rver-unavailable-gracefully-Mobile-Safari/error-context.md
]]>
</failure>
<system-out>
<![CDATA[
[[ATTACHMENT|test-results/core-functionality-Enhance-d3f27-rver-unavailable-gracefully-Mobile-Safari/test-failed-1.png]]

[[ATTACHMENT|test-results/core-functionality-Enhance-d3f27-rver-unavailable-gracefully-Mobile-Safari/video.webm]]

[[ATTACHMENT|test-results/core-functionality-Enhance-d3f27-rver-unavailable-gracefully-Mobile-Safari/error-context.md]]
]]>
</system-out>
</testcase>
<testcase name="Enhanced Figma Plugin - Core Functionality @smoke @critical › should copy generated content to clipboard" classname="core-functionality.spec.js" time="11.265">
<failure message="core-functionality.spec.js:151:3 should copy generated content to clipboard" type="FAILURE">
<![CDATA[  [Mobile Safari] › core-functionality.spec.js:151:3 › Enhanced Figma Plugin - Core Functionality @smoke @critical › should copy generated content to clipboard 

    TimeoutError: page.fill: Timeout 10000ms exceeded.
    Call log:
      - waiting for locator('#techStackInput')


      151 |   test('should copy generated content to clipboard', async ({ page }) => {
      152 |     // Generate content first
    > 153 |     await page.fill('#techStackInput', 'Vue 3 with Composition API and Pinia');
          |                ^
      154 |     await page.click('#generateBtn');
      155 |     await page.waitForSelector('#results', { state: 'visible', timeout: 20000 });
      156 |     
        at /Users/david/Documents/Figa-Jira-Automations-Tool/figma-ticket-generator/browser-tests/tests/core-functionality.spec.js:153:16

    attachment #1: screenshot (image/png) ──────────────────────────────────────────────────────────
    ../test-results/core-functionality-Enhance-9a004-erated-content-to-clipboard-Mobile-Safari/test-failed-1.png
    ────────────────────────────────────────────────────────────────────────────────────────────────

    attachment #2: video (video/webm) ──────────────────────────────────────────────────────────────
    ../test-results/core-functionality-Enhance-9a004-erated-content-to-clipboard-Mobile-Safari/video.webm
    ────────────────────────────────────────────────────────────────────────────────────────────────

    Error Context: ../test-results/core-functionality-Enhance-9a004-erated-content-to-clipboard-Mobile-Safari/error-context.md
]]>
</failure>
<system-out>
<![CDATA[
[[ATTACHMENT|test-results/core-functionality-Enhance-9a004-erated-content-to-clipboard-Mobile-Safari/test-failed-1.png]]

[[ATTACHMENT|test-results/core-functionality-Enhance-9a004-erated-content-to-clipboard-Mobile-Safari/video.webm]]

[[ATTACHMENT|test-results/core-functionality-Enhance-9a004-erated-content-to-clipboard-Mobile-Safari/error-context.md]]
]]>
</system-out>
</testcase>
<testcase name="Enhanced Figma Plugin - Core Functionality @smoke @critical › should iterate through different document types" classname="core-functionality.spec.js" time="11.775">
<failure message="core-functionality.spec.js:174:3 should iterate through different document types" type="FAILURE">
<![CDATA[  [Mobile Safari] › core-functionality.spec.js:174:3 › Enhanced Figma Plugin - Core Functionality @smoke @critical › should iterate through different document types 

    TimeoutError: page.selectOption: Timeout 10000ms exceeded.
    Call log:
      - waiting for locator('#documentType')


      187 |       
      188 |       // Select document type
    > 189 |       await page.selectOption('#documentType', docType.value);
          |                  ^
      190 |       
      191 |       // Fill form
      192 |       await page.fill('#techStackInput', 'React with TypeScript and Material-UI');
        at /Users/david/Documents/Figa-Jira-Automations-Tool/figma-ticket-generator/browser-tests/tests/core-functionality.spec.js:189:18

    attachment #1: screenshot (image/png) ──────────────────────────────────────────────────────────
    ../test-results/core-functionality-Enhance-4d2a8-gh-different-document-types-Mobile-Safari/test-failed-1.png
    ────────────────────────────────────────────────────────────────────────────────────────────────

    attachment #2: video (video/webm) ──────────────────────────────────────────────────────────────
    ../test-results/core-functionality-Enhance-4d2a8-gh-different-document-types-Mobile-Safari/video.webm
    ────────────────────────────────────────────────────────────────────────────────────────────────

    Error Context: ../test-results/core-functionality-Enhance-4d2a8-gh-different-document-types-Mobile-Safari/error-context.md
]]>
</failure>
<system-out>
<![CDATA[
[[ATTACHMENT|test-results/core-functionality-Enhance-4d2a8-gh-different-document-types-Mobile-Safari/test-failed-1.png]]

[[ATTACHMENT|test-results/core-functionality-Enhance-4d2a8-gh-different-document-types-Mobile-Safari/video.webm]]

[[ATTACHMENT|test-results/core-functionality-Enhance-4d2a8-gh-different-document-types-Mobile-Safari/error-context.md]]
]]>
</system-out>
</testcase>
</testsuite>
<testsuite name="cross-browser-performance.spec.js" timestamp="2025-10-23T02:33:00.593Z" hostname="Mobile Safari" tests="10" failures="9" skipped="0" time="77.693" errors="0">
<testcase name="Cross-Browser Compatibility Testing › should work consistently across all major browsers @smoke" classname="cross-browser-performance.spec.js" time="5.766">
<failure message="cross-browser-performance.spec.js:10:3 should work consistently across all major browsers @smoke" type="FAILURE">
<![CDATA[  [Mobile Safari] › cross-browser-performance.spec.js:10:3 › Cross-Browser Compatibility Testing › should work consistently across all major browsers @smoke 

    Error: expect(locator).toBeVisible() failed

    Locator: locator('#app')
    Expected: visible
    Timeout: 5000ms
    Error: element(s) not found

    Call log:
      - Expect "toBeVisible" with timeout 5000ms
      - waiting for locator('#app')


      12 |     
      13 |     // Basic functionality should work on all browsers
    > 14 |     await expect(page.locator('#app')).toBeVisible();
         |                                        ^
      15 |     await expect(page.locator('#techStackInput')).toBeVisible();
      16 |     await expect(page.locator('#generateBtn')).toBeVisible();
      17 |     
        at /Users/david/Documents/Figa-Jira-Automations-Tool/figma-ticket-generator/browser-tests/tests/cross-browser-performance.spec.js:14:40

    attachment #1: screenshot (image/png) ──────────────────────────────────────────────────────────
    ../test-results/cross-browser-performance--4ca98-ss-all-major-browsers-smoke-Mobile-Safari/test-failed-1.png
    ────────────────────────────────────────────────────────────────────────────────────────────────

    attachment #2: video (video/webm) ──────────────────────────────────────────────────────────────
    ../test-results/cross-browser-performance--4ca98-ss-all-major-browsers-smoke-Mobile-Safari/video.webm
    ────────────────────────────────────────────────────────────────────────────────────────────────

    Error Context: ../test-results/cross-browser-performance--4ca98-ss-all-major-browsers-smoke-Mobile-Safari/error-context.md
]]>
</failure>
<system-out>
<![CDATA[Testing on: webkit

[[ATTACHMENT|test-results/cross-browser-performance--4ca98-ss-all-major-browsers-smoke-Mobile-Safari/test-failed-1.png]]

[[ATTACHMENT|test-results/cross-browser-performance--4ca98-ss-all-major-browsers-smoke-Mobile-Safari/video.webm]]

[[ATTACHMENT|test-results/cross-browser-performance--4ca98-ss-all-major-browsers-smoke-Mobile-Safari/error-context.md]]
]]>
</system-out>
</testcase>
<testcase name="Cross-Browser Compatibility Testing › should handle CSS features consistently across browsers" classname="cross-browser-performance.spec.js" time="5.792">
<failure message="cross-browser-performance.spec.js:31:3 should handle CSS features consistently across browsers" type="FAILURE">
<![CDATA[  [Mobile Safari] › cross-browser-performance.spec.js:31:3 › Cross-Browser Compatibility Testing › should handle CSS features consistently across browsers 

    Error: expect(locator).toHaveCSS(expected) failed

    Locator: locator('.container')
    Expected pattern: /flex|grid/
    Timeout: 5000ms
    Error: element(s) not found

    Call log:
      - Expect "toHaveCSS" with timeout 5000ms
      - waiting for locator('.container')


      32 |     // Check CSS Grid/Flexbox support
      33 |     const container = page.locator('.container');
    > 34 |     await expect(container).toHaveCSS('display', /flex|grid/);
         |                             ^
      35 |     
      36 |     // Check CSS custom properties (variables)
      37 |     const primaryColor = await page.evaluate(() => {
        at /Users/david/Documents/Figa-Jira-Automations-Tool/figma-ticket-generator/browser-tests/tests/cross-browser-performance.spec.js:34:29

    attachment #1: screenshot (image/png) ──────────────────────────────────────────────────────────
    ../test-results/cross-browser-performance--356f2-onsistently-across-browsers-Mobile-Safari/test-failed-1.png
    ────────────────────────────────────────────────────────────────────────────────────────────────

    attachment #2: video (video/webm) ──────────────────────────────────────────────────────────────
    ../test-results/cross-browser-performance--356f2-onsistently-across-browsers-Mobile-Safari/video.webm
    ────────────────────────────────────────────────────────────────────────────────────────────────

    Error Context: ../test-results/cross-browser-performance--356f2-onsistently-across-browsers-Mobile-Safari/error-context.md
]]>
</failure>
<system-out>
<![CDATA[
[[ATTACHMENT|test-results/cross-browser-performance--356f2-onsistently-across-browsers-Mobile-Safari/test-failed-1.png]]

[[ATTACHMENT|test-results/cross-browser-performance--356f2-onsistently-across-browsers-Mobile-Safari/video.webm]]

[[ATTACHMENT|test-results/cross-browser-performance--356f2-onsistently-across-browsers-Mobile-Safari/error-context.md]]
]]>
</system-out>
</testcase>
<testcase name="Cross-Browser Compatibility Testing › should handle JavaScript features consistently" classname="cross-browser-performance.spec.js" time="0.752">
<system-out>
<![CDATA[webkit: Clipboard API available
]]>
</system-out>
</testcase>
<testcase name="Mobile and Touch Device Testing › should work on mobile Chrome" classname="cross-browser-performance.spec.js" time="5.805">
<failure message="cross-browser-performance.spec.js:87:3 should work on mobile Chrome" type="FAILURE">
<![CDATA[  [Mobile Safari] › cross-browser-performance.spec.js:87:3 › Mobile and Touch Device Testing › should work on mobile Chrome 

    Error: expect(locator).toBeVisible() failed

    Locator: locator('#app')
    Expected: visible
    Timeout: 5000ms
    Error: element(s) not found

    Call log:
      - Expect "toBeVisible" with timeout 5000ms
      - waiting for locator('#app')


      92 |     
      93 |     // Should be responsive
    > 94 |     await expect(page.locator('#app')).toBeVisible();
         |                                        ^
      95 |     
      96 |     // Touch interactions should work
      97 |     await page.tap('#techStackInput');
        at /Users/david/Documents/Figa-Jira-Automations-Tool/figma-ticket-generator/browser-tests/tests/cross-browser-performance.spec.js:94:40

    attachment #1: screenshot (image/png) ──────────────────────────────────────────────────────────
    ../test-results/cross-browser-performance--c522b-hould-work-on-mobile-Chrome-Mobile-Safari/test-failed-1.png
    ────────────────────────────────────────────────────────────────────────────────────────────────

    attachment #2: video (video/webm) ──────────────────────────────────────────────────────────────
    ../test-results/cross-browser-performance--c522b-hould-work-on-mobile-Chrome-Mobile-Safari/video.webm
    ────────────────────────────────────────────────────────────────────────────────────────────────

    Error Context: ../test-results/cross-browser-performance--c522b-hould-work-on-mobile-Chrome-Mobile-Safari/error-context.md
]]>
</failure>
<system-out>
<![CDATA[
[[ATTACHMENT|test-results/cross-browser-performance--c522b-hould-work-on-mobile-Chrome-Mobile-Safari/test-failed-1.png]]

[[ATTACHMENT|test-results/cross-browser-performance--c522b-hould-work-on-mobile-Chrome-Mobile-Safari/video.webm]]

[[ATTACHMENT|test-results/cross-browser-performance--c522b-hould-work-on-mobile-Chrome-Mobile-Safari/error-context.md]]
]]>
</system-out>
</testcase>
<testcase name="Mobile and Touch Device Testing › should work on mobile Safari" classname="cross-browser-performance.spec.js" time="5.818">
<failure message="cross-browser-performance.spec.js:107:3 should work on mobile Safari" type="FAILURE">
<![CDATA[  [Mobile Safari] › cross-browser-performance.spec.js:107:3 › Mobile and Touch Device Testing › should work on mobile Safari 

    Error: expect(locator).toBeVisible() failed

    Locator: locator('#techStackInput')
    Expected: visible
    Timeout: 5000ms
    Error: element(s) not found

    Call log:
      - Expect "toBeVisible" with timeout 5000ms
      - waiting for locator('#techStackInput')


      112 |     
      113 |     // Test iOS-specific behaviors
    > 114 |     await expect(page.locator('#techStackInput')).toBeVisible();
          |                                                   ^
      115 |     
      116 |     // iOS Safari input handling
      117 |     await page.tap('#techStackInput');
        at /Users/david/Documents/Figa-Jira-Automations-Tool/figma-ticket-generator/browser-tests/tests/cross-browser-performance.spec.js:114:51

    attachment #1: screenshot (image/png) ──────────────────────────────────────────────────────────
    ../test-results/cross-browser-performance--cfd95-hould-work-on-mobile-Safari-Mobile-Safari/test-failed-1.png
    ────────────────────────────────────────────────────────────────────────────────────────────────

    attachment #2: video (video/webm) ──────────────────────────────────────────────────────────────
    ../test-results/cross-browser-performance--cfd95-hould-work-on-mobile-Safari-Mobile-Safari/video.webm
    ────────────────────────────────────────────────────────────────────────────────────────────────

    Error Context: ../test-results/cross-browser-performance--cfd95-hould-work-on-mobile-Safari-Mobile-Safari/error-context.md
]]>
</failure>
<system-out>
<![CDATA[
[[ATTACHMENT|test-results/cross-browser-performance--cfd95-hould-work-on-mobile-Safari-Mobile-Safari/test-failed-1.png]]

[[ATTACHMENT|test-results/cross-browser-performance--cfd95-hould-work-on-mobile-Safari-Mobile-Safari/video.webm]]

[[ATTACHMENT|test-results/cross-browser-performance--cfd95-hould-work-on-mobile-Safari-Mobile-Safari/error-context.md]]
]]>
</system-out>
</testcase>
<testcase name="Mobile and Touch Device Testing › should handle touch gestures and mobile interactions" classname="cross-browser-performance.spec.js" time="10.671">
<failure message="cross-browser-performance.spec.js:128:3 should handle touch gestures and mobile interactions" type="FAILURE">
<![CDATA[  [Mobile Safari] › cross-browser-performance.spec.js:128:3 › Mobile and Touch Device Testing › should handle touch gestures and mobile interactions 

    TimeoutError: page.fill: Timeout 10000ms exceeded.
    Call log:
      - waiting for locator('#techStackInput')


      132 |     
      133 |     // Test touch scrolling (if content is scrollable)
    > 134 |     await page.fill('#techStackInput', 'Very long tech stack description that should trigger various UI states and potentially scrollable content areas for testing mobile scrolling behavior');
          |                ^
      135 |     
      136 |     // Test mobile form submission
      137 |     await page.tap('#generateBtn');
        at /Users/david/Documents/Figa-Jira-Automations-Tool/figma-ticket-generator/browser-tests/tests/cross-browser-performance.spec.js:134:16

    attachment #1: screenshot (image/png) ──────────────────────────────────────────────────────────
    ../test-results/cross-browser-performance--79813-res-and-mobile-interactions-Mobile-Safari/test-failed-1.png
    ────────────────────────────────────────────────────────────────────────────────────────────────

    attachment #2: video (video/webm) ──────────────────────────────────────────────────────────────
    ../test-results/cross-browser-performance--79813-res-and-mobile-interactions-Mobile-Safari/video.webm
    ────────────────────────────────────────────────────────────────────────────────────────────────

    Error Context: ../test-results/cross-browser-performance--79813-res-and-mobile-interactions-Mobile-Safari/error-context.md
]]>
</failure>
<system-out>
<![CDATA[
[[ATTACHMENT|test-results/cross-browser-performance--79813-res-and-mobile-interactions-Mobile-Safari/test-failed-1.png]]

[[ATTACHMENT|test-results/cross-browser-performance--79813-res-and-mobile-interactions-Mobile-Safari/video.webm]]

[[ATTACHMENT|test-results/cross-browser-performance--79813-res-and-mobile-interactions-Mobile-Safari/error-context.md]]
]]>
</system-out>
</testcase>
<testcase name="Performance and Load Testing @critical › should handle multiple rapid requests without breaking" classname="cross-browser-performance.spec.js" time="10.756">
<failure message="cross-browser-performance.spec.js:153:3 should handle multiple rapid requests without breaking" type="FAILURE">
<![CDATA[  [Mobile Safari] › cross-browser-performance.spec.js:153:3 › Performance and Load Testing @critical › should handle multiple rapid requests without breaking 

    TimeoutError: page.fill: Timeout 10000ms exceeded.
    Call log:
      - waiting for locator('#techStackInput')


      165 |     // Make multiple rapid requests
      166 |     for (let i = 0; i < testInputs.length; i++) {
    > 167 |       await page.fill('#techStackInput', testInputs[i]);
          |                  ^
      168 |       
      169 |       // Don't wait for previous request to complete
      170 |       page.click('#generateBtn'); // Note: no await here for rapid fire
        at /Users/david/Documents/Figa-Jira-Automations-Tool/figma-ticket-generator/browser-tests/tests/cross-browser-performance.spec.js:167:18

    attachment #1: screenshot (image/png) ──────────────────────────────────────────────────────────
    ../test-results/cross-browser-performance--46aea-d-requests-without-breaking-Mobile-Safari/test-failed-1.png
    ────────────────────────────────────────────────────────────────────────────────────────────────

    attachment #2: video (video/webm) ──────────────────────────────────────────────────────────────
    ../test-results/cross-browser-performance--46aea-d-requests-without-breaking-Mobile-Safari/video.webm
    ────────────────────────────────────────────────────────────────────────────────────────────────

    Error Context: ../test-results/cross-browser-performance--46aea-d-requests-without-breaking-Mobile-Safari/error-context.md
]]>
</failure>
<system-out>
<![CDATA[
[[ATTACHMENT|test-results/cross-browser-performance--46aea-d-requests-without-breaking-Mobile-Safari/test-failed-1.png]]

[[ATTACHMENT|test-results/cross-browser-performance--46aea-d-requests-without-breaking-Mobile-Safari/video.webm]]

[[ATTACHMENT|test-results/cross-browser-performance--46aea-d-requests-without-breaking-Mobile-Safari/error-context.md]]
]]>
</system-out>
</testcase>
<testcase name="Performance and Load Testing @critical › should handle large input text without performance degradation" classname="cross-browser-performance.spec.js" time="10.763">
<failure message="cross-browser-performance.spec.js:184:3 should handle large input text without performance degradation" type="FAILURE">
<![CDATA[  [Mobile Safari] › cross-browser-performance.spec.js:184:3 › Performance and Load Testing @critical › should handle large input text without performance degradation 

    TimeoutError: page.fill: Timeout 10000ms exceeded.
    Call log:
      - waiting for locator('#techStackInput')


      192 |     
      193 |     // Fill large input
    > 194 |     await page.fill('#techStackInput', largeInput);
          |                ^
      195 |     
      196 |     // Should still respond reasonably quickly
      197 |     await page.click('#generateBtn');
        at /Users/david/Documents/Figa-Jira-Automations-Tool/figma-ticket-generator/browser-tests/tests/cross-browser-performance.spec.js:194:16

    attachment #1: screenshot (image/png) ──────────────────────────────────────────────────────────
    ../test-results/cross-browser-performance--5e7fa-out-performance-degradation-Mobile-Safari/test-failed-1.png
    ────────────────────────────────────────────────────────────────────────────────────────────────

    attachment #2: video (video/webm) ──────────────────────────────────────────────────────────────
    ../test-results/cross-browser-performance--5e7fa-out-performance-degradation-Mobile-Safari/video.webm
    ────────────────────────────────────────────────────────────────────────────────────────────────

    Error Context: ../test-results/cross-browser-performance--5e7fa-out-performance-degradation-Mobile-Safari/error-context.md
]]>
</failure>
<system-out>
<![CDATA[
[[ATTACHMENT|test-results/cross-browser-performance--5e7fa-out-performance-degradation-Mobile-Safari/test-failed-1.png]]

[[ATTACHMENT|test-results/cross-browser-performance--5e7fa-out-performance-degradation-Mobile-Safari/video.webm]]

[[ATTACHMENT|test-results/cross-browser-performance--5e7fa-out-performance-degradation-Mobile-Safari/error-context.md]]
]]>
</system-out>
</testcase>
<testcase name="Performance and Load Testing @critical › should maintain responsiveness during long-running operations" classname="cross-browser-performance.spec.js" time="10.794">
<failure message="cross-browser-performance.spec.js:213:3 should maintain responsiveness during long-running operations" type="FAILURE">
<![CDATA[  [Mobile Safari] › cross-browser-performance.spec.js:213:3 › Performance and Load Testing @critical › should maintain responsiveness during long-running operations 

    TimeoutError: page.fill: Timeout 10000ms exceeded.
    Call log:
      - waiting for locator('#techStackInput')


      222 |     
      223 |     // Start generation
    > 224 |     await page.fill('#techStackInput', 'Performance test: React with TypeScript');
          |                ^
      225 |     await page.click('#generateBtn');
      226 |     
      227 |     // UI should remain responsive during operation
        at /Users/david/Documents/Figa-Jira-Automations-Tool/figma-ticket-generator/browser-tests/tests/cross-browser-performance.spec.js:224:16

    attachment #1: screenshot (image/png) ──────────────────────────────────────────────────────────
    ../test-results/cross-browser-performance--6d154-ing-long-running-operations-Mobile-Safari/test-failed-1.png
    ────────────────────────────────────────────────────────────────────────────────────────────────

    attachment #2: video (video/webm) ──────────────────────────────────────────────────────────────
    ../test-results/cross-browser-performance--6d154-ing-long-running-operations-Mobile-Safari/video.webm
    ────────────────────────────────────────────────────────────────────────────────────────────────

    Error Context: ../test-results/cross-browser-performance--6d154-ing-long-running-operations-Mobile-Safari/error-context.md
]]>
</failure>
<system-out>
<![CDATA[
[[ATTACHMENT|test-results/cross-browser-performance--6d154-ing-long-running-operations-Mobile-Safari/test-failed-1.png]]

[[ATTACHMENT|test-results/cross-browser-performance--6d154-ing-long-running-operations-Mobile-Safari/video.webm]]

[[ATTACHMENT|test-results/cross-browser-performance--6d154-ing-long-running-operations-Mobile-Safari/error-context.md]]
]]>
</system-out>
</testcase>
<testcase name="Performance and Load Testing @critical › should handle memory usage efficiently with multiple operations" classname="cross-browser-performance.spec.js" time="10.776">
<failure message="cross-browser-performance.spec.js:245:3 should handle memory usage efficiently with multiple operations" type="FAILURE">
<![CDATA[  [Mobile Safari] › cross-browser-performance.spec.js:245:3 › Performance and Load Testing @critical › should handle memory usage efficiently with multiple operations 

    TimeoutError: page.fill: Timeout 10000ms exceeded.
    Call log:
      - waiting for locator('#techStackInput')


      251 |     
      252 |     for (let i = 0; i < iterations; i++) {
    > 253 |       await page.fill('#techStackInput', `Iteration ${i + 1}: React with TypeScript and various libraries`);
          |                  ^
      254 |       await page.click('#generateBtn');
      255 |       await page.waitForSelector('#results', { state: 'visible', timeout: 30000 });
      256 |       
        at /Users/david/Documents/Figa-Jira-Automations-Tool/figma-ticket-generator/browser-tests/tests/cross-browser-performance.spec.js:253:18

    attachment #1: screenshot (image/png) ──────────────────────────────────────────────────────────
    ../test-results/cross-browser-performance--1ef7e-ly-with-multiple-operations-Mobile-Safari/test-failed-1.png
    ────────────────────────────────────────────────────────────────────────────────────────────────

    attachment #2: video (video/webm) ──────────────────────────────────────────────────────────────
    ../test-results/cross-browser-performance--1ef7e-ly-with-multiple-operations-Mobile-Safari/video.webm
    ────────────────────────────────────────────────────────────────────────────────────────────────

    Error Context: ../test-results/cross-browser-performance--1ef7e-ly-with-multiple-operations-Mobile-Safari/error-context.md
]]>
</failure>
<system-out>
<![CDATA[
[[ATTACHMENT|test-results/cross-browser-performance--1ef7e-ly-with-multiple-operations-Mobile-Safari/test-failed-1.png]]

[[ATTACHMENT|test-results/cross-browser-performance--1ef7e-ly-with-multiple-operations-Mobile-Safari/video.webm]]

[[ATTACHMENT|test-results/cross-browser-performance--1ef7e-ly-with-multiple-operations-Mobile-Safari/error-context.md]]
]]>
</system-out>
</testcase>
</testsuite>
<testsuite name="debug-test.spec.js" timestamp="2025-10-23T02:33:00.593Z" hostname="Mobile Safari" tests="1" failures="1" skipped="0" time="10.787" errors="0">
<testcase name="debug UI generation" classname="debug-test.spec.js" time="10.787">
<failure message="debug-test.spec.js:3:1 debug UI generation" type="FAILURE">
<![CDATA[  [Mobile Safari] › debug-test.spec.js:3:1 › debug UI generation ───────────────────────────────────

    TimeoutError: page.fill: Timeout 10000ms exceeded.
    Call log:
      - waiting for locator('#techStackInput')


      12 |   
      13 |   // Fill input
    > 14 |   await page.fill('#techStackInput', 'React + TypeScript');
         |              ^
      15 |   
      16 |   // Click generate button
      17 |   console.log('Clicking generate button...');
        at /Users/david/Documents/Figa-Jira-Automations-Tool/figma-ticket-generator/browser-tests/tests/debug-test.spec.js:14:14

    attachment #1: screenshot (image/png) ──────────────────────────────────────────────────────────
    ../test-results/debug-test-debug-UI-generation-Mobile-Safari/test-failed-1.png
    ────────────────────────────────────────────────────────────────────────────────────────────────

    attachment #2: video (video/webm) ──────────────────────────────────────────────────────────────
    ../test-results/debug-test-debug-UI-generation-Mobile-Safari/video.webm
    ────────────────────────────────────────────────────────────────────────────────────────────────

    Error Context: ../test-results/debug-test-debug-UI-generation-Mobile-Safari/error-context.md
]]>
</failure>
<system-out>
<![CDATA[BROWSER: Failed to load resource: the server responded with a status of 404 (File not found)

[[ATTACHMENT|test-results/debug-test-debug-UI-generation-Mobile-Safari/test-failed-1.png]]

[[ATTACHMENT|test-results/debug-test-debug-UI-generation-Mobile-Safari/video.webm]]

[[ATTACHMENT|test-results/debug-test-debug-UI-generation-Mobile-Safari/error-context.md]]
]]>
</system-out>
</testcase>
</testsuite>
<testsuite name="enhanced-validation.spec.js" timestamp="2025-10-23T02:33:00.593Z" hostname="Mobile Safari" tests="4" failures="4" skipped="0" time="43.168" errors="0">
<testcase name="Enhanced Interface Validation @smoke › should have all restored features visible and functional" classname="enhanced-validation.spec.js" time="10.764">
<failure message="enhanced-validation.spec.js:19:3 should have all restored features visible and functional" type="FAILURE">
<![CDATA[  [Mobile Safari] › enhanced-validation.spec.js:19:3 › Enhanced Interface Validation @smoke › should have all restored features visible and functional 

    TimeoutError: page.click: Timeout 10000ms exceeded.
    Call log:
      - waiting for locator('[data-tab="generator"]')


      13 |     
      14 |     // Switch to the Figma to Document tab
    > 15 |     await page.click('[data-tab="generator"]');
         |                ^
      16 |     await page.waitForTimeout(500);
      17 |   });
      18 |
        at /Users/david/Documents/Figa-Jira-Automations-Tool/figma-ticket-generator/browser-tests/tests/enhanced-validation.spec.js:15:16

    attachment #1: screenshot (image/png) ──────────────────────────────────────────────────────────
    ../test-results/enhanced-validation-Enhanc-86339-ures-visible-and-functional-Mobile-Safari/test-failed-1.png
    ────────────────────────────────────────────────────────────────────────────────────────────────

    attachment #2: video (video/webm) ──────────────────────────────────────────────────────────────
    ../test-results/enhanced-validation-Enhanc-86339-ures-visible-and-functional-Mobile-Safari/video.webm
    ────────────────────────────────────────────────────────────────────────────────────────────────

    Error Context: ../test-results/enhanced-validation-Enhanc-86339-ures-visible-and-functional-Mobile-Safari/error-context.md
]]>
</failure>
<system-out>
<![CDATA[
[[ATTACHMENT|test-results/enhanced-validation-Enhanc-86339-ures-visible-and-functional-Mobile-Safari/test-failed-1.png]]

[[ATTACHMENT|test-results/enhanced-validation-Enhanc-86339-ures-visible-and-functional-Mobile-Safari/video.webm]]

[[ATTACHMENT|test-results/enhanced-validation-Enhanc-86339-ures-visible-and-functional-Mobile-Safari/error-context.md]]
]]>
</system-out>
</testcase>
<testcase name="Enhanced Interface Validation @smoke › should handle tech stack input and document type interaction" classname="enhanced-validation.spec.js" time="10.761">
<failure message="enhanced-validation.spec.js:56:3 should handle tech stack input and document type interaction" type="FAILURE">
<![CDATA[  [Mobile Safari] › enhanced-validation.spec.js:56:3 › Enhanced Interface Validation @smoke › should handle tech stack input and document type interaction 

    TimeoutError: page.click: Timeout 10000ms exceeded.
    Call log:
      - waiting for locator('[data-tab="generator"]')


      13 |     
      14 |     // Switch to the Figma to Document tab
    > 15 |     await page.click('[data-tab="generator"]');
         |                ^
      16 |     await page.waitForTimeout(500);
      17 |   });
      18 |
        at /Users/david/Documents/Figa-Jira-Automations-Tool/figma-ticket-generator/browser-tests/tests/enhanced-validation.spec.js:15:16

    attachment #1: screenshot (image/png) ──────────────────────────────────────────────────────────
    ../test-results/enhanced-validation-Enhanc-9c821-d-document-type-interaction-Mobile-Safari/test-failed-1.png
    ────────────────────────────────────────────────────────────────────────────────────────────────

    attachment #2: video (video/webm) ──────────────────────────────────────────────────────────────
    ../test-results/enhanced-validation-Enhanc-9c821-d-document-type-interaction-Mobile-Safari/video.webm
    ────────────────────────────────────────────────────────────────────────────────────────────────

    Error Context: ../test-results/enhanced-validation-Enhanc-9c821-d-document-type-interaction-Mobile-Safari/error-context.md
]]>
</failure>
<system-out>
<![CDATA[
[[ATTACHMENT|test-results/enhanced-validation-Enhanc-9c821-d-document-type-interaction-Mobile-Safari/test-failed-1.png]]

[[ATTACHMENT|test-results/enhanced-validation-Enhanc-9c821-d-document-type-interaction-Mobile-Safari/video.webm]]

[[ATTACHMENT|test-results/enhanced-validation-Enhanc-9c821-d-document-type-interaction-Mobile-Safari/error-context.md]]
]]>
</system-out>
</testcase>
<testcase name="Enhanced Interface Validation @smoke › should persist settings in localStorage" classname="enhanced-validation.spec.js" time="10.765">
<failure message="enhanced-validation.spec.js:85:3 should persist settings in localStorage" type="FAILURE">
<![CDATA[  [Mobile Safari] › enhanced-validation.spec.js:85:3 › Enhanced Interface Validation @smoke › should persist settings in localStorage 

    TimeoutError: page.click: Timeout 10000ms exceeded.
    Call log:
      - waiting for locator('[data-tab="generator"]')


      13 |     
      14 |     // Switch to the Figma to Document tab
    > 15 |     await page.click('[data-tab="generator"]');
         |                ^
      16 |     await page.waitForTimeout(500);
      17 |   });
      18 |
        at /Users/david/Documents/Figa-Jira-Automations-Tool/figma-ticket-generator/browser-tests/tests/enhanced-validation.spec.js:15:16

    attachment #1: screenshot (image/png) ──────────────────────────────────────────────────────────
    ../test-results/enhanced-validation-Enhanc-11432-st-settings-in-localStorage-Mobile-Safari/test-failed-1.png
    ────────────────────────────────────────────────────────────────────────────────────────────────

    attachment #2: video (video/webm) ──────────────────────────────────────────────────────────────
    ../test-results/enhanced-validation-Enhanc-11432-st-settings-in-localStorage-Mobile-Safari/video.webm
    ────────────────────────────────────────────────────────────────────────────────────────────────

    Error Context: ../test-results/enhanced-validation-Enhanc-11432-st-settings-in-localStorage-Mobile-Safari/error-context.md
]]>
</failure>
<system-out>
<![CDATA[
[[ATTACHMENT|test-results/enhanced-validation-Enhanc-11432-st-settings-in-localStorage-Mobile-Safari/test-failed-1.png]]

[[ATTACHMENT|test-results/enhanced-validation-Enhanc-11432-st-settings-in-localStorage-Mobile-Safari/video.webm]]

[[ATTACHMENT|test-results/enhanced-validation-Enhanc-11432-st-settings-in-localStorage-Mobile-Safari/error-context.md]]
]]>
</system-out>
</testcase>
<testcase name="Enhanced Interface Validation @smoke › should have MCP server integration ready" classname="enhanced-validation.spec.js" time="10.878">
<failure message="enhanced-validation.spec.js:110:3 should have MCP server integration ready" type="FAILURE">
<![CDATA[  [Mobile Safari] › enhanced-validation.spec.js:110:3 › Enhanced Interface Validation @smoke › should have MCP server integration ready 

    TimeoutError: page.click: Timeout 10000ms exceeded.
    Call log:
      - waiting for locator('[data-tab="generator"]')


      13 |     
      14 |     // Switch to the Figma to Document tab
    > 15 |     await page.click('[data-tab="generator"]');
         |                ^
      16 |     await page.waitForTimeout(500);
      17 |   });
      18 |
        at /Users/david/Documents/Figa-Jira-Automations-Tool/figma-ticket-generator/browser-tests/tests/enhanced-validation.spec.js:15:16

    attachment #1: screenshot (image/png) ──────────────────────────────────────────────────────────
    ../test-results/enhanced-validation-Enhanc-00eeb-CP-server-integration-ready-Mobile-Safari/test-failed-1.png
    ────────────────────────────────────────────────────────────────────────────────────────────────

    attachment #2: video (video/webm) ──────────────────────────────────────────────────────────────
    ../test-results/enhanced-validation-Enhanc-00eeb-CP-server-integration-ready-Mobile-Safari/video.webm
    ────────────────────────────────────────────────────────────────────────────────────────────────

    Error Context: ../test-results/enhanced-validation-Enhanc-00eeb-CP-server-integration-ready-Mobile-Safari/error-context.md
]]>
</failure>
<system-out>
<![CDATA[
[[ATTACHMENT|test-results/enhanced-validation-Enhanc-00eeb-CP-server-integration-ready-Mobile-Safari/test-failed-1.png]]

[[ATTACHMENT|test-results/enhanced-validation-Enhanc-00eeb-CP-server-integration-ready-Mobile-Safari/video.webm]]

[[ATTACHMENT|test-results/enhanced-validation-Enhanc-00eeb-CP-server-integration-ready-Mobile-Safari/error-context.md]]
]]>
</system-out>
</testcase>
</testsuite>
<testsuite name="main-application.spec.js" timestamp="2025-10-23T02:33:00.593Z" hostname="Mobile Safari" tests="14" failures="14" skipped="0" time="101.307" errors="0">
<testcase name="Main Application - Full Feature E2E Tests › should load main application with tabbed interface" classname="main-application.spec.js" time="5.77">
<failure message="main-application.spec.js:11:3 should load main application with tabbed interface" type="FAILURE">
<![CDATA[  [Mobile Safari] › main-application.spec.js:11:3 › Main Application - Full Feature E2E Tests › should load main application with tabbed interface 

    Error: expect(locator).toBeVisible() failed

    Locator: locator('.tab-header')
    Expected: visible
    Timeout: 5000ms
    Error: element(s) not found

    Call log:
      - Expect "toBeVisible" with timeout 5000ms
      - waiting for locator('.tab-header')


      11 |   test('should load main application with tabbed interface', async ({ page }) => {
      12 |     // Check main structure loads
    > 13 |     await expect(page.locator('.tab-header')).toBeVisible();
         |                                               ^
      14 |     await expect(page.locator('.tab-nav')).toBeVisible();
      15 |     
      16 |     // Check both tabs exist
        at /Users/david/Documents/Figa-Jira-Automations-Tool/figma-ticket-generator/browser-tests/tests/main-application.spec.js:13:47

    attachment #1: screenshot (image/png) ──────────────────────────────────────────────────────────
    ../test-results/main-application-Main-Appl-60c74-ation-with-tabbed-interface-Mobile-Safari/test-failed-1.png
    ────────────────────────────────────────────────────────────────────────────────────────────────

    attachment #2: video (video/webm) ──────────────────────────────────────────────────────────────
    ../test-results/main-application-Main-Appl-60c74-ation-with-tabbed-interface-Mobile-Safari/video.webm
    ────────────────────────────────────────────────────────────────────────────────────────────────

    Error Context: ../test-results/main-application-Main-Appl-60c74-ation-with-tabbed-interface-Mobile-Safari/error-context.md
]]>
</failure>
<system-out>
<![CDATA[
[[ATTACHMENT|test-results/main-application-Main-Appl-60c74-ation-with-tabbed-interface-Mobile-Safari/test-failed-1.png]]

[[ATTACHMENT|test-results/main-application-Main-Appl-60c74-ation-with-tabbed-interface-Mobile-Safari/video.webm]]

[[ATTACHMENT|test-results/main-application-Main-Appl-60c74-ation-with-tabbed-interface-Mobile-Safari/error-context.md]]
]]>
</system-out>
</testcase>
<testcase name="Main Application - Full Feature E2E Tests › should switch between Design Health and Ticket Generator tabs" classname="main-application.spec.js" time="10.779">
<failure message="main-application.spec.js:25:3 should switch between Design Health and Ticket Generator tabs" type="FAILURE">
<![CDATA[  [Mobile Safari] › main-application.spec.js:25:3 › Main Application - Full Feature E2E Tests › should switch between Design Health and Ticket Generator tabs 

    TimeoutError: page.click: Timeout 10000ms exceeded.
    Call log:
      - waiting for locator('[data-tab="health"]')


      25 |   test('should switch between Design Health and Ticket Generator tabs', async ({ page }) => {
      26 |     // Click on Design Health tab
    > 27 |     await page.click('[data-tab="health"]');
         |                ^
      28 |     
      29 |     // Check tab switching
      30 |     await expect(page.locator('[data-tab="health"].active')).toBeVisible();
        at /Users/david/Documents/Figa-Jira-Automations-Tool/figma-ticket-generator/browser-tests/tests/main-application.spec.js:27:16

    attachment #1: screenshot (image/png) ──────────────────────────────────────────────────────────
    ../test-results/main-application-Main-Appl-b9643-h-and-Ticket-Generator-tabs-Mobile-Safari/test-failed-1.png
    ────────────────────────────────────────────────────────────────────────────────────────────────

    attachment #2: video (video/webm) ──────────────────────────────────────────────────────────────
    ../test-results/main-application-Main-Appl-b9643-h-and-Ticket-Generator-tabs-Mobile-Safari/video.webm
    ────────────────────────────────────────────────────────────────────────────────────────────────

    Error Context: ../test-results/main-application-Main-Appl-b9643-h-and-Ticket-Generator-tabs-Mobile-Safari/error-context.md
]]>
</failure>
<system-out>
<![CDATA[
[[ATTACHMENT|test-results/main-application-Main-Appl-b9643-h-and-Ticket-Generator-tabs-Mobile-Safari/test-failed-1.png]]

[[ATTACHMENT|test-results/main-application-Main-Appl-b9643-h-and-Ticket-Generator-tabs-Mobile-Safari/video.webm]]

[[ATTACHMENT|test-results/main-application-Main-Appl-b9643-h-and-Ticket-Generator-tabs-Mobile-Safari/error-context.md]]
]]>
</system-out>
</testcase>
<testcase name="Main Application - Full Feature E2E Tests › should display Design Health metrics dashboard" classname="main-application.spec.js" time="10.806">
<failure message="main-application.spec.js:40:3 should display Design Health metrics dashboard" type="FAILURE">
<![CDATA[  [Mobile Safari] › main-application.spec.js:40:3 › Main Application - Full Feature E2E Tests › should display Design Health metrics dashboard 

    TimeoutError: page.click: Timeout 10000ms exceeded.
    Call log:
      - waiting for locator('[data-tab="health"]')


      40 |   test('should display Design Health metrics dashboard', async ({ page }) => {
      41 |     // Switch to health tab
    > 42 |     await page.click('[data-tab="health"]');
         |                ^
      43 |     
      44 |     // Check health metrics structure
      45 |     await expect(page.locator('.metric-grid')).toBeVisible();
        at /Users/david/Documents/Figa-Jira-Automations-Tool/figma-ticket-generator/browser-tests/tests/main-application.spec.js:42:16

    attachment #1: screenshot (image/png) ──────────────────────────────────────────────────────────
    ../test-results/main-application-Main-Appl-6771a-gn-Health-metrics-dashboard-Mobile-Safari/test-failed-1.png
    ────────────────────────────────────────────────────────────────────────────────────────────────

    attachment #2: video (video/webm) ──────────────────────────────────────────────────────────────
    ../test-results/main-application-Main-Appl-6771a-gn-Health-metrics-dashboard-Mobile-Safari/video.webm
    ────────────────────────────────────────────────────────────────────────────────────────────────

    Error Context: ../test-results/main-application-Main-Appl-6771a-gn-Health-metrics-dashboard-Mobile-Safari/error-context.md
]]>
</failure>
<system-out>
<![CDATA[
[[ATTACHMENT|test-results/main-application-Main-Appl-6771a-gn-Health-metrics-dashboard-Mobile-Safari/test-failed-1.png]]

[[ATTACHMENT|test-results/main-application-Main-Appl-6771a-gn-Health-metrics-dashboard-Mobile-Safari/video.webm]]

[[ATTACHMENT|test-results/main-application-Main-Appl-6771a-gn-Health-metrics-dashboard-Mobile-Safari/error-context.md]]
]]>
</system-out>
</testcase>
<testcase name="Main Application - Full Feature E2E Tests › should show MCP server status correctly" classname="main-application.spec.js" time="5.859">
<failure message="main-application.spec.js:58:3 should show MCP server status correctly" type="FAILURE">
<![CDATA[  [Mobile Safari] › main-application.spec.js:58:3 › Main Application - Full Feature E2E Tests › should show MCP server status correctly 

    Error: expect(locator).toBeVisible() failed

    Locator: locator('#mcpStatus')
    Expected: visible
    Timeout: 5000ms
    Error: element(s) not found

    Call log:
      - Expect "toBeVisible" with timeout 5000ms
      - waiting for locator('#mcpStatus')


      58 |   test('should show MCP server status correctly', async ({ page }) => {
      59 |     // Check MCP status indicator
    > 60 |     await expect(page.locator('#mcpStatus')).toBeVisible();
         |                                              ^
      61 |     await expect(page.locator('#mcpStatusText')).toBeVisible();
      62 |     
      63 |     // Wait for status check to complete
        at /Users/david/Documents/Figa-Jira-Automations-Tool/figma-ticket-generator/browser-tests/tests/main-application.spec.js:60:46

    attachment #1: screenshot (image/png) ──────────────────────────────────────────────────────────
    ../test-results/main-application-Main-Appl-7002b-MCP-server-status-correctly-Mobile-Safari/test-failed-1.png
    ────────────────────────────────────────────────────────────────────────────────────────────────

    attachment #2: video (video/webm) ──────────────────────────────────────────────────────────────
    ../test-results/main-application-Main-Appl-7002b-MCP-server-status-correctly-Mobile-Safari/video.webm
    ────────────────────────────────────────────────────────────────────────────────────────────────

    Error Context: ../test-results/main-application-Main-Appl-7002b-MCP-server-status-correctly-Mobile-Safari/error-context.md
]]>
</failure>
<system-out>
<![CDATA[
[[ATTACHMENT|test-results/main-application-Main-Appl-7002b-MCP-server-status-correctly-Mobile-Safari/test-failed-1.png]]

[[ATTACHMENT|test-results/main-application-Main-Appl-7002b-MCP-server-status-correctly-Mobile-Safari/video.webm]]

[[ATTACHMENT|test-results/main-application-Main-Appl-7002b-MCP-server-status-correctly-Mobile-Safari/error-context.md]]
]]>
</system-out>
</testcase>
<testcase name="Main Application - Full Feature E2E Tests › should have generation mode selection with MCP as default" classname="main-application.spec.js" time="5.767">
<failure message="main-application.spec.js:71:3 should have generation mode selection with MCP as default" type="FAILURE">
<![CDATA[  [Mobile Safari] › main-application.spec.js:71:3 › Main Application - Full Feature E2E Tests › should have generation mode selection with MCP as default 

    Error: expect(locator).toBeAttached() failed

    Locator: locator('#modeMCP')
    Expected: attached
    Timeout: 5000ms
    Error: element(s) not found

    Call log:
      - Expect "toBeAttached" with timeout 5000ms
      - waiting for locator('#modeMCP')


      71 |   test('should have generation mode selection with MCP as default', async ({ page }) => {
      72 |     // Check mode selection exists in DOM (radio buttons are hidden but functional)
    > 73 |     await expect(page.locator('#modeMCP')).toBeAttached();
         |                                            ^
      74 |     await expect(page.locator('#modeOpenAI')).toBeAttached();
      75 |     
      76 |     // MCP should be checked by default
        at /Users/david/Documents/Figa-Jira-Automations-Tool/figma-ticket-generator/browser-tests/tests/main-application.spec.js:73:44

    attachment #1: screenshot (image/png) ──────────────────────────────────────────────────────────
    ../test-results/main-application-Main-Appl-81257-lection-with-MCP-as-default-Mobile-Safari/test-failed-1.png
    ────────────────────────────────────────────────────────────────────────────────────────────────

    attachment #2: video (video/webm) ──────────────────────────────────────────────────────────────
    ../test-results/main-application-Main-Appl-81257-lection-with-MCP-as-default-Mobile-Safari/video.webm
    ────────────────────────────────────────────────────────────────────────────────────────────────

    Error Context: ../test-results/main-application-Main-Appl-81257-lection-with-MCP-as-default-Mobile-Safari/error-context.md
]]>
</failure>
<system-out>
<![CDATA[
[[ATTACHMENT|test-results/main-application-Main-Appl-81257-lection-with-MCP-as-default-Mobile-Safari/test-failed-1.png]]

[[ATTACHMENT|test-results/main-application-Main-Appl-81257-lection-with-MCP-as-default-Mobile-Safari/video.webm]]

[[ATTACHMENT|test-results/main-application-Main-Appl-81257-lection-with-MCP-as-default-Mobile-Safari/error-context.md]]
]]>
</system-out>
</testcase>
<testcase name="Main Application - Full Feature E2E Tests › should switch between MCP and OpenAI modes" classname="main-application.spec.js" time="10.787">
<failure message="main-application.spec.js:84:3 should switch between MCP and OpenAI modes" type="FAILURE">
<![CDATA[  [Mobile Safari] › main-application.spec.js:84:3 › Main Application - Full Feature E2E Tests › should switch between MCP and OpenAI modes 

    TimeoutError: page.click: Timeout 10000ms exceeded.
    Call log:
      - waiting for locator('label[for="modeOpenAI"]')


      84 |   test('should switch between MCP and OpenAI modes', async ({ page }) => {
      85 |     // Switch to OpenAI mode by clicking its label
    > 86 |     await page.click('label[for="modeOpenAI"]');
         |                ^
      87 |     
      88 |     // Check UI updates
      89 |     await expect(page.locator('#modeOpenAI')).toBeChecked();
        at /Users/david/Documents/Figa-Jira-Automations-Tool/figma-ticket-generator/browser-tests/tests/main-application.spec.js:86:16

    attachment #1: screenshot (image/png) ──────────────────────────────────────────────────────────
    ../test-results/main-application-Main-Appl-2adf8-etween-MCP-and-OpenAI-modes-Mobile-Safari/test-failed-1.png
    ────────────────────────────────────────────────────────────────────────────────────────────────

    attachment #2: video (video/webm) ──────────────────────────────────────────────────────────────
    ../test-results/main-application-Main-Appl-2adf8-etween-MCP-and-OpenAI-modes-Mobile-Safari/video.webm
    ────────────────────────────────────────────────────────────────────────────────────────────────

    Error Context: ../test-results/main-application-Main-Appl-2adf8-etween-MCP-and-OpenAI-modes-Mobile-Safari/error-context.md
]]>
</failure>
<system-out>
<![CDATA[
[[ATTACHMENT|test-results/main-application-Main-Appl-2adf8-etween-MCP-and-OpenAI-modes-Mobile-Safari/test-failed-1.png]]

[[ATTACHMENT|test-results/main-application-Main-Appl-2adf8-etween-MCP-and-OpenAI-modes-Mobile-Safari/video.webm]]

[[ATTACHMENT|test-results/main-application-Main-Appl-2adf8-etween-MCP-and-OpenAI-modes-Mobile-Safari/error-context.md]]
]]>
</system-out>
</testcase>
<testcase name="Main Application - Full Feature E2E Tests › should have all ticket template options" classname="main-application.spec.js" time="5.842">
<failure message="main-application.spec.js:103:3 should have all ticket template options" type="FAILURE">
<![CDATA[  [Mobile Safari] › main-application.spec.js:103:3 › Main Application - Full Feature E2E Tests › should have all ticket template options 

    Error: expect(locator).toBeVisible() failed

    Locator: locator('#template')
    Expected: visible
    Timeout: 5000ms
    Error: element(s) not found

    Call log:
      - Expect "toBeVisible" with timeout 5000ms
      - waiting for locator('#template')


      103 |   test('should have all ticket template options', async ({ page }) => {
      104 |     // Check template dropdown
    > 105 |     await expect(page.locator('#template')).toBeVisible();
          |                                             ^
      106 |     
      107 |     // Check all template options exist in DOM
      108 |     const templateOptions = ['component', 'feature', 'bug', 'page', 'custom'];
        at /Users/david/Documents/Figa-Jira-Automations-Tool/figma-ticket-generator/browser-tests/tests/main-application.spec.js:105:45

    attachment #1: screenshot (image/png) ──────────────────────────────────────────────────────────
    ../test-results/main-application-Main-Appl-c6ad2-all-ticket-template-options-Mobile-Safari/test-failed-1.png
    ────────────────────────────────────────────────────────────────────────────────────────────────

    attachment #2: video (video/webm) ──────────────────────────────────────────────────────────────
    ../test-results/main-application-Main-Appl-c6ad2-all-ticket-template-options-Mobile-Safari/video.webm
    ────────────────────────────────────────────────────────────────────────────────────────────────

    Error Context: ../test-results/main-application-Main-Appl-c6ad2-all-ticket-template-options-Mobile-Safari/error-context.md
]]>
</failure>
<system-out>
<![CDATA[
[[ATTACHMENT|test-results/main-application-Main-Appl-c6ad2-all-ticket-template-options-Mobile-Safari/test-failed-1.png]]

[[ATTACHMENT|test-results/main-application-Main-Appl-c6ad2-all-ticket-template-options-Mobile-Safari/video.webm]]

[[ATTACHMENT|test-results/main-application-Main-Appl-c6ad2-all-ticket-template-options-Mobile-Safari/error-context.md]]
]]>
</system-out>
</testcase>
<testcase name="Main Application - Full Feature E2E Tests › should generate ticket with MCP mode (mock selection)" classname="main-application.spec.js" time="10.848">
<failure message="main-application.spec.js:121:3 should generate ticket with MCP mode (mock selection)" type="FAILURE">
<![CDATA[  [Mobile Safari] › main-application.spec.js:121:3 › Main Application - Full Feature E2E Tests › should generate ticket with MCP mode (mock selection) 

    TimeoutError: page.selectOption: Timeout 10000ms exceeded.
    Call log:
      - waiting for locator('#template')


      121 |   test('should generate ticket with MCP mode (mock selection)', async ({ page }) => {
      122 |     // Fill template and instructions
    > 123 |     await page.selectOption('#template', 'component');
          |                ^
      124 |     await page.fill('#customPrompt', 'Test component with accessibility requirements');
      125 |     
      126 |     // Mock the entire generation flow
        at /Users/david/Documents/Figa-Jira-Automations-Tool/figma-ticket-generator/browser-tests/tests/main-application.spec.js:123:16

    attachment #1: screenshot (image/png) ──────────────────────────────────────────────────────────
    ../test-results/main-application-Main-Appl-5188c-th-MCP-mode-mock-selection--Mobile-Safari/test-failed-1.png
    ────────────────────────────────────────────────────────────────────────────────────────────────

    attachment #2: video (video/webm) ──────────────────────────────────────────────────────────────
    ../test-results/main-application-Main-Appl-5188c-th-MCP-mode-mock-selection--Mobile-Safari/video.webm
    ────────────────────────────────────────────────────────────────────────────────────────────────

    Error Context: ../test-results/main-application-Main-Appl-5188c-th-MCP-mode-mock-selection--Mobile-Safari/error-context.md
]]>
</failure>
<system-out>
<![CDATA[
[[ATTACHMENT|test-results/main-application-Main-Appl-5188c-th-MCP-mode-mock-selection--Mobile-Safari/test-failed-1.png]]

[[ATTACHMENT|test-results/main-application-Main-Appl-5188c-th-MCP-mode-mock-selection--Mobile-Safari/video.webm]]

[[ATTACHMENT|test-results/main-application-Main-Appl-5188c-th-MCP-mode-mock-selection--Mobile-Safari/error-context.md]]
]]>
</system-out>
</testcase>
<testcase name="Main Application - Full Feature E2E Tests › should handle copy to clipboard functionality" classname="main-application.spec.js" time="10.802">
<failure message="main-application.spec.js:184:3 should handle copy to clipboard functionality" type="FAILURE">
<![CDATA[  [Mobile Safari] › main-application.spec.js:184:3 › Main Application - Full Feature E2E Tests › should handle copy to clipboard functionality 

    TimeoutError: page.fill: Timeout 10000ms exceeded.
    Call log:
      - waiting for locator('#output')


      184 |   test('should handle copy to clipboard functionality', async ({ page }) => {
      185 |     // First generate some content
    > 186 |     await page.fill('#output', 'Test ticket content for clipboard testing');
          |                ^
      187 |     await page.locator('#copy').evaluate(el => el.disabled = false);
      188 |     
      189 |     // Click copy button
        at /Users/david/Documents/Figa-Jira-Automations-Tool/figma-ticket-generator/browser-tests/tests/main-application.spec.js:186:16

    attachment #1: screenshot (image/png) ──────────────────────────────────────────────────────────
    ../test-results/main-application-Main-Appl-0a113--to-clipboard-functionality-Mobile-Safari/test-failed-1.png
    ────────────────────────────────────────────────────────────────────────────────────────────────

    attachment #2: video (video/webm) ──────────────────────────────────────────────────────────────
    ../test-results/main-application-Main-Appl-0a113--to-clipboard-functionality-Mobile-Safari/video.webm
    ────────────────────────────────────────────────────────────────────────────────────────────────

    Error Context: ../test-results/main-application-Main-Appl-0a113--to-clipboard-functionality-Mobile-Safari/error-context.md
]]>
</failure>
<system-out>
<![CDATA[
[[ATTACHMENT|test-results/main-application-Main-Appl-0a113--to-clipboard-functionality-Mobile-Safari/test-failed-1.png]]

[[ATTACHMENT|test-results/main-application-Main-Appl-0a113--to-clipboard-functionality-Mobile-Safari/video.webm]]

[[ATTACHMENT|test-results/main-application-Main-Appl-0a113--to-clipboard-functionality-Mobile-Safari/error-context.md]]
]]>
</system-out>
</testcase>
<testcase name="Main Application - Full Feature E2E Tests › should persist settings in localStorage" classname="main-application.spec.js" time="10.789">
<failure message="main-application.spec.js:196:3 should persist settings in localStorage" type="FAILURE">
<![CDATA[  [Mobile Safari] › main-application.spec.js:196:3 › Main Application - Full Feature E2E Tests › should persist settings in localStorage 

    TimeoutError: page.selectOption: Timeout 10000ms exceeded.
    Call log:
      - waiting for locator('#template')


      196 |   test('should persist settings in localStorage', async ({ page }) => {
      197 |     // Change template setting and trigger save
    > 198 |     await page.selectOption('#template', 'feature');
          |                ^
      199 |     await page.fill('#customPrompt', 'Persistent test instructions');
      200 |     
      201 |     // Trigger the saveSettings function by changing focus
        at /Users/david/Documents/Figa-Jira-Automations-Tool/figma-ticket-generator/browser-tests/tests/main-application.spec.js:198:16

    attachment #1: screenshot (image/png) ──────────────────────────────────────────────────────────
    ../test-results/main-application-Main-Appl-3f67b-st-settings-in-localStorage-Mobile-Safari/test-failed-1.png
    ────────────────────────────────────────────────────────────────────────────────────────────────

    attachment #2: video (video/webm) ──────────────────────────────────────────────────────────────
    ../test-results/main-application-Main-Appl-3f67b-st-settings-in-localStorage-Mobile-Safari/video.webm
    ────────────────────────────────────────────────────────────────────────────────────────────────

    Error Context: ../test-results/main-application-Main-Appl-3f67b-st-settings-in-localStorage-Mobile-Safari/error-context.md
]]>
</failure>
<system-out>
<![CDATA[
[[ATTACHMENT|test-results/main-application-Main-Appl-3f67b-st-settings-in-localStorage-Mobile-Safari/test-failed-1.png]]

[[ATTACHMENT|test-results/main-application-Main-Appl-3f67b-st-settings-in-localStorage-Mobile-Safari/video.webm]]

[[ATTACHMENT|test-results/main-application-Main-Appl-3f67b-st-settings-in-localStorage-Mobile-Safari/error-context.md]]
]]>
</system-out>
</testcase>
<testcase name="Main Application - Full Feature E2E Tests › should show design system integration section when appropriate" classname="main-application.spec.js" time="5.81">
<failure message="main-application.spec.js:234:3 should show design system integration section when appropriate" type="FAILURE">
<![CDATA[  [Mobile Safari] › main-application.spec.js:234:3 › Main Application - Full Feature E2E Tests › should show design system integration section when appropriate 

    Error: expect(locator).toHaveClass(expected) failed

    Locator: locator('#designSystemSection')
    Expected pattern: /hidden/
    Timeout: 5000ms
    Error: element(s) not found

    Call log:
      - Expect "toHaveClass" with timeout 5000ms
      - waiting for locator('#designSystemSection')


      234 |   test('should show design system integration section when appropriate', async ({ page }) => {
      235 |     // Design system section should be hidden initially
    > 236 |     await expect(page.locator('#designSystemSection')).toHaveClass(/hidden/);
          |                                                        ^
      237 |     
      238 |     // Simulate design system detection
      239 |     await page.evaluate(() => {
        at /Users/david/Documents/Figa-Jira-Automations-Tool/figma-ticket-generator/browser-tests/tests/main-application.spec.js:236:56

    attachment #1: screenshot (image/png) ──────────────────────────────────────────────────────────
    ../test-results/main-application-Main-Appl-59ef1-on-section-when-appropriate-Mobile-Safari/test-failed-1.png
    ────────────────────────────────────────────────────────────────────────────────────────────────

    attachment #2: video (video/webm) ──────────────────────────────────────────────────────────────
    ../test-results/main-application-Main-Appl-59ef1-on-section-when-appropriate-Mobile-Safari/video.webm
    ────────────────────────────────────────────────────────────────────────────────────────────────

    Error Context: ../test-results/main-application-Main-Appl-59ef1-on-section-when-appropriate-Mobile-Safari/error-context.md
]]>
</failure>
<system-out>
<![CDATA[
[[ATTACHMENT|test-results/main-application-Main-Appl-59ef1-on-section-when-appropriate-Mobile-Safari/test-failed-1.png]]

[[ATTACHMENT|test-results/main-application-Main-Appl-59ef1-on-section-when-appropriate-Mobile-Safari/video.webm]]

[[ATTACHMENT|test-results/main-application-Main-Appl-59ef1-on-section-when-appropriate-Mobile-Safari/error-context.md]]
]]>
</system-out>
</testcase>
<testcase name="Main Application - Full Feature E2E Tests › should handle responsive design across viewports" classname="main-application.spec.js" time="5.84">
<failure message="main-application.spec.js:262:3 should handle responsive design across viewports" type="FAILURE">
<![CDATA[  [Mobile Safari] › main-application.spec.js:262:3 › Main Application - Full Feature E2E Tests › should handle responsive design across viewports 

    Error: expect(locator).toBeVisible() failed

    Locator: locator('.tab-container')
    Expected: visible
    Timeout: 5000ms
    Error: element(s) not found

    Call log:
      - Expect "toBeVisible" with timeout 5000ms
      - waiting for locator('.tab-container')


      263 |     // Test desktop viewport
      264 |     await page.setViewportSize({ width: 1280, height: 720 });
    > 265 |     await expect(page.locator('.tab-container')).toBeVisible();
          |                                                  ^
      266 |     
      267 |     // Test tablet viewport  
      268 |     await page.setViewportSize({ width: 768, height: 1024 });
        at /Users/david/Documents/Figa-Jira-Automations-Tool/figma-ticket-generator/browser-tests/tests/main-application.spec.js:265:50

    attachment #1: screenshot (image/png) ──────────────────────────────────────────────────────────
    ../test-results/main-application-Main-Appl-6b403-ive-design-across-viewports-Mobile-Safari/test-failed-1.png
    ────────────────────────────────────────────────────────────────────────────────────────────────

    attachment #2: video (video/webm) ──────────────────────────────────────────────────────────────
    ../test-results/main-application-Main-Appl-6b403-ive-design-across-viewports-Mobile-Safari/video.webm
    ────────────────────────────────────────────────────────────────────────────────────────────────

    Error Context: ../test-results/main-application-Main-Appl-6b403-ive-design-across-viewports-Mobile-Safari/error-context.md
]]>
</failure>
<system-out>
<![CDATA[
[[ATTACHMENT|test-results/main-application-Main-Appl-6b403-ive-design-across-viewports-Mobile-Safari/test-failed-1.png]]

[[ATTACHMENT|test-results/main-application-Main-Appl-6b403-ive-design-across-viewports-Mobile-Safari/video.webm]]

[[ATTACHMENT|test-results/main-application-Main-Appl-6b403-ive-design-across-viewports-Mobile-Safari/error-context.md]]
]]>
</system-out>
</testcase>
<testcase name="Main Application - Full Feature E2E Tests › should validate accessibility features" classname="main-application.spec.js" time="0.812">
<failure message="main-application.spec.js:280:3 should validate accessibility features" type="FAILURE">
<![CDATA[  [Mobile Safari] › main-application.spec.js:280:3 › Main Application - Full Feature E2E Tests › should validate accessibility features 

    Error: expect(received).toBeGreaterThan(expected)

    Expected: > 0
    Received:   0

      282 |     const interactiveElements = page.locator('button, input, select, textarea');
      283 |     const count = await interactiveElements.count();
    > 284 |     expect(count).toBeGreaterThan(0);
          |                   ^
      285 |     
      286 |     // Check that form elements are properly labeled
      287 |     const labelCount = await page.locator('label').count();
        at /Users/david/Documents/Figa-Jira-Automations-Tool/figma-ticket-generator/browser-tests/tests/main-application.spec.js:284:19

    attachment #1: screenshot (image/png) ──────────────────────────────────────────────────────────
    ../test-results/main-application-Main-Appl-eba65-date-accessibility-features-Mobile-Safari/test-failed-1.png
    ────────────────────────────────────────────────────────────────────────────────────────────────

    attachment #2: video (video/webm) ──────────────────────────────────────────────────────────────
    ../test-results/main-application-Main-Appl-eba65-date-accessibility-features-Mobile-Safari/video.webm
    ────────────────────────────────────────────────────────────────────────────────────────────────

    Error Context: ../test-results/main-application-Main-Appl-eba65-date-accessibility-features-Mobile-Safari/error-context.md
]]>
</failure>
<system-out>
<![CDATA[
[[ATTACHMENT|test-results/main-application-Main-Appl-eba65-date-accessibility-features-Mobile-Safari/test-failed-1.png]]

[[ATTACHMENT|test-results/main-application-Main-Appl-eba65-date-accessibility-features-Mobile-Safari/video.webm]]

[[ATTACHMENT|test-results/main-application-Main-Appl-eba65-date-accessibility-features-Mobile-Safari/error-context.md]]
]]>
</system-out>
</testcase>
<testcase name="Main Application - Full Feature E2E Tests › should integrate with E2E test infrastructure" classname="main-application.spec.js" time="0.796">
<failure message="main-application.spec.js:301:3 should integrate with E2E test infrastructure" type="FAILURE">
<![CDATA[  [Mobile Safari] › main-application.spec.js:301:3 › Main Application - Full Feature E2E Tests › should integrate with E2E test infrastructure 

    Error: expect(received).toBe(expected) // Object.is equality

    Expected: true
    Received: false

      316 |     });
      317 |     
    > 318 |     expect(mcpResponse).toBe(true);
          |                         ^
      319 |     
      320 |     // Check HTTP server serving files correctly
      321 |     const currentUrl = page.url();
        at /Users/david/Documents/Figa-Jira-Automations-Tool/figma-ticket-generator/browser-tests/tests/main-application.spec.js:318:25

    attachment #1: screenshot (image/png) ──────────────────────────────────────────────────────────
    ../test-results/main-application-Main-Appl-3d5a6-ith-E2E-test-infrastructure-Mobile-Safari/test-failed-1.png
    ────────────────────────────────────────────────────────────────────────────────────────────────

    attachment #2: video (video/webm) ──────────────────────────────────────────────────────────────
    ../test-results/main-application-Main-Appl-3d5a6-ith-E2E-test-infrastructure-Mobile-Safari/video.webm
    ────────────────────────────────────────────────────────────────────────────────────────────────

    Error Context: ../test-results/main-application-Main-Appl-3d5a6-ith-E2E-test-infrastructure-Mobile-Safari/error-context.md
]]>
</failure>
<system-out>
<![CDATA[
[[ATTACHMENT|test-results/main-application-Main-Appl-3d5a6-ith-E2E-test-infrastructure-Mobile-Safari/test-failed-1.png]]

[[ATTACHMENT|test-results/main-application-Main-Appl-3d5a6-ith-E2E-test-infrastructure-Mobile-Safari/video.webm]]

[[ATTACHMENT|test-results/main-application-Main-Appl-3d5a6-ith-E2E-test-infrastructure-Mobile-Safari/error-context.md]]
]]>
</system-out>
</testcase>
</testsuite>
<testsuite name="mcp-integration.spec.js" timestamp="2025-10-23T02:33:00.593Z" hostname="Mobile Safari" tests="7" failures="7" skipped="0" time="75.497" errors="0">
<testcase name="MCP Server Integration E2E Testing @critical › should successfully connect to MCP server and receive enhanced responses" classname="mcp-integration.spec.js" time="10.77">
<failure message="mcp-integration.spec.js:10:3 should successfully connect to MCP server and receive enhanced responses" type="FAILURE">
<![CDATA[  [Mobile Safari] › mcp-integration.spec.js:10:3 › MCP Server Integration E2E Testing @critical › should successfully connect to MCP server and receive enhanced responses 

    TimeoutError: page.fill: Timeout 10000ms exceeded.
    Call log:
      - waiting for locator('#techStackInput')


      26 |     
      27 |     // Generate enhanced ticket
    > 28 |     await page.fill('#techStackInput', 'React with TypeScript, Chakra UI, React Query, and Vitest');
         |                ^
      29 |     await page.selectOption('#documentType', 'jira');
      30 |     await page.click('#generateBtn');
      31 |     
        at /Users/david/Documents/Figa-Jira-Automations-Tool/figma-ticket-generator/browser-tests/tests/mcp-integration.spec.js:28:16

    attachment #1: screenshot (image/png) ──────────────────────────────────────────────────────────
    ../test-results/mcp-integration-MCP-Server-217aa--receive-enhanced-responses-Mobile-Safari/test-failed-1.png
    ────────────────────────────────────────────────────────────────────────────────────────────────

    attachment #2: video (video/webm) ──────────────────────────────────────────────────────────────
    ../test-results/mcp-integration-MCP-Server-217aa--receive-enhanced-responses-Mobile-Safari/video.webm
    ────────────────────────────────────────────────────────────────────────────────────────────────

    Error Context: ../test-results/mcp-integration-MCP-Server-217aa--receive-enhanced-responses-Mobile-Safari/error-context.md
]]>
</failure>
<system-out>
<![CDATA[
[[ATTACHMENT|test-results/mcp-integration-MCP-Server-217aa--receive-enhanced-responses-Mobile-Safari/test-failed-1.png]]

[[ATTACHMENT|test-results/mcp-integration-MCP-Server-217aa--receive-enhanced-responses-Mobile-Safari/video.webm]]

[[ATTACHMENT|test-results/mcp-integration-MCP-Server-217aa--receive-enhanced-responses-Mobile-Safari/error-context.md]]
]]>
</system-out>
</testcase>
<testcase name="MCP Server Integration E2E Testing @critical › should handle MCP server timeout gracefully" classname="mcp-integration.spec.js" time="10.811">
<failure message="mcp-integration.spec.js:55:3 should handle MCP server timeout gracefully" type="FAILURE">
<![CDATA[  [Mobile Safari] › mcp-integration.spec.js:55:3 › MCP Server Integration E2E Testing @critical › should handle MCP server timeout gracefully 

    TimeoutError: page.fill: Timeout 10000ms exceeded.
    Call log:
      - waiting for locator('#techStackInput')


      61 |     });
      62 |     
    > 63 |     await page.fill('#techStackInput', 'Vue 3 with Composition API');
         |                ^
      64 |     await page.click('#generateBtn');
      65 |     
      66 |     // Should show fallback after timeout
        at /Users/david/Documents/Figa-Jira-Automations-Tool/figma-ticket-generator/browser-tests/tests/mcp-integration.spec.js:63:16

    attachment #1: screenshot (image/png) ──────────────────────────────────────────────────────────
    ../test-results/mcp-integration-MCP-Server-b3ee6-P-server-timeout-gracefully-Mobile-Safari/test-failed-1.png
    ────────────────────────────────────────────────────────────────────────────────────────────────

    attachment #2: video (video/webm) ──────────────────────────────────────────────────────────────
    ../test-results/mcp-integration-MCP-Server-b3ee6-P-server-timeout-gracefully-Mobile-Safari/video.webm
    ────────────────────────────────────────────────────────────────────────────────────────────────

    Error Context: ../test-results/mcp-integration-MCP-Server-b3ee6-P-server-timeout-gracefully-Mobile-Safari/error-context.md
]]>
</failure>
<system-out>
<![CDATA[
[[ATTACHMENT|test-results/mcp-integration-MCP-Server-b3ee6-P-server-timeout-gracefully-Mobile-Safari/test-failed-1.png]]

[[ATTACHMENT|test-results/mcp-integration-MCP-Server-b3ee6-P-server-timeout-gracefully-Mobile-Safari/video.webm]]

[[ATTACHMENT|test-results/mcp-integration-MCP-Server-b3ee6-P-server-timeout-gracefully-Mobile-Safari/error-context.md]]
]]>
</system-out>
</testcase>
<testcase name="MCP Server Integration E2E Testing @critical › should send correct request payload to MCP server" classname="mcp-integration.spec.js" time="10.825">
<failure message="mcp-integration.spec.js:74:3 should send correct request payload to MCP server" type="FAILURE">
<![CDATA[  [Mobile Safari] › mcp-integration.spec.js:74:3 › MCP Server Integration E2E Testing @critical › should send correct request payload to MCP server 

    TimeoutError: page.fill: Timeout 10000ms exceeded.
    Call log:
      - waiting for locator('#techStackInput')


      94 |     // Generate ticket with specific parameters
      95 |     const techStackInput = 'Angular with RxJS, Angular Material, NgRx, and Jasmine testing';
    > 96 |     await page.fill('#techStackInput', techStackInput);
         |                ^
      97 |     await page.selectOption('#documentType', 'confluence');
      98 |     await page.click('#generateBtn');
      99 |     
        at /Users/david/Documents/Figa-Jira-Automations-Tool/figma-ticket-generator/browser-tests/tests/mcp-integration.spec.js:96:16

    attachment #1: screenshot (image/png) ──────────────────────────────────────────────────────────
    ../test-results/mcp-integration-MCP-Server-a0f53-quest-payload-to-MCP-server-Mobile-Safari/test-failed-1.png
    ────────────────────────────────────────────────────────────────────────────────────────────────

    attachment #2: video (video/webm) ──────────────────────────────────────────────────────────────
    ../test-results/mcp-integration-MCP-Server-a0f53-quest-payload-to-MCP-server-Mobile-Safari/video.webm
    ────────────────────────────────────────────────────────────────────────────────────────────────

    Error Context: ../test-results/mcp-integration-MCP-Server-a0f53-quest-payload-to-MCP-server-Mobile-Safari/error-context.md
]]>
</failure>
<system-out>
<![CDATA[
[[ATTACHMENT|test-results/mcp-integration-MCP-Server-a0f53-quest-payload-to-MCP-server-Mobile-Safari/test-failed-1.png]]

[[ATTACHMENT|test-results/mcp-integration-MCP-Server-a0f53-quest-payload-to-MCP-server-Mobile-Safari/video.webm]]

[[ATTACHMENT|test-results/mcp-integration-MCP-Server-a0f53-quest-payload-to-MCP-server-Mobile-Safari/error-context.md]]
]]>
</system-out>
</testcase>
<testcase name="MCP Server Integration E2E Testing @critical › should handle different document types with MCP integration" classname="mcp-integration.spec.js" time="10.777">
<failure message="mcp-integration.spec.js:118:3 should handle different document types with MCP integration" type="FAILURE">
<![CDATA[  [Mobile Safari] › mcp-integration.spec.js:118:3 › MCP Server Integration E2E Testing @critical › should handle different document types with MCP integration 

    TimeoutError: page.fill: Timeout 10000ms exceeded.
    Call log:
      - waiting for locator('#techStackInput')


      169 |       
      170 |       // Test the specific document type
    > 171 |       await page.fill('#techStackInput', testCase.techStack);
          |                  ^
      172 |       await page.selectOption('#documentType', testCase.type);
      173 |       await page.click('#generateBtn');
      174 |       
        at /Users/david/Documents/Figa-Jira-Automations-Tool/figma-ticket-generator/browser-tests/tests/mcp-integration.spec.js:171:18

    attachment #1: screenshot (image/png) ──────────────────────────────────────────────────────────
    ../test-results/mcp-integration-MCP-Server-b9f76--types-with-MCP-integration-Mobile-Safari/test-failed-1.png
    ────────────────────────────────────────────────────────────────────────────────────────────────

    attachment #2: video (video/webm) ──────────────────────────────────────────────────────────────
    ../test-results/mcp-integration-MCP-Server-b9f76--types-with-MCP-integration-Mobile-Safari/video.webm
    ────────────────────────────────────────────────────────────────────────────────────────────────

    Error Context: ../test-results/mcp-integration-MCP-Server-b9f76--types-with-MCP-integration-Mobile-Safari/error-context.md
]]>
</failure>
<system-out>
<![CDATA[
[[ATTACHMENT|test-results/mcp-integration-MCP-Server-b9f76--types-with-MCP-integration-Mobile-Safari/test-failed-1.png]]

[[ATTACHMENT|test-results/mcp-integration-MCP-Server-b9f76--types-with-MCP-integration-Mobile-Safari/video.webm]]

[[ATTACHMENT|test-results/mcp-integration-MCP-Server-b9f76--types-with-MCP-integration-Mobile-Safari/error-context.md]]
]]>
</system-out>
</testcase>
<testcase name="MCP Server Integration E2E Testing @critical › should retry failed requests with exponential backoff" classname="mcp-integration.spec.js" time="10.784">
<failure message="mcp-integration.spec.js:187:3 should retry failed requests with exponential backoff" type="FAILURE">
<![CDATA[  [Mobile Safari] › mcp-integration.spec.js:187:3 › MCP Server Integration E2E Testing @critical › should retry failed requests with exponential backoff 

    TimeoutError: page.fill: Timeout 10000ms exceeded.
    Call log:
      - waiting for locator('#techStackInput')


      210 |     
      211 |     // Generate ticket
    > 212 |     await page.fill('#techStackInput', 'React with TypeScript');
          |                ^
      213 |     await page.click('#generateBtn');
      214 |     
      215 |     // Should eventually succeed
        at /Users/david/Documents/Figa-Jira-Automations-Tool/figma-ticket-generator/browser-tests/tests/mcp-integration.spec.js:212:16

    attachment #1: screenshot (image/png) ──────────────────────────────────────────────────────────
    ../test-results/mcp-integration-MCP-Server-48f1e-ts-with-exponential-backoff-Mobile-Safari/test-failed-1.png
    ────────────────────────────────────────────────────────────────────────────────────────────────

    attachment #2: video (video/webm) ──────────────────────────────────────────────────────────────
    ../test-results/mcp-integration-MCP-Server-48f1e-ts-with-exponential-backoff-Mobile-Safari/video.webm
    ────────────────────────────────────────────────────────────────────────────────────────────────

    Error Context: ../test-results/mcp-integration-MCP-Server-48f1e-ts-with-exponential-backoff-Mobile-Safari/error-context.md
]]>
</failure>
<system-out>
<![CDATA[
[[ATTACHMENT|test-results/mcp-integration-MCP-Server-48f1e-ts-with-exponential-backoff-Mobile-Safari/test-failed-1.png]]

[[ATTACHMENT|test-results/mcp-integration-MCP-Server-48f1e-ts-with-exponential-backoff-Mobile-Safari/video.webm]]

[[ATTACHMENT|test-results/mcp-integration-MCP-Server-48f1e-ts-with-exponential-backoff-Mobile-Safari/error-context.md]]
]]>
</system-out>
</testcase>
<testcase name="MCP Server Integration E2E Testing @critical › should validate MCP response format and handle malformed responses" classname="mcp-integration.spec.js" time="10.766">
<failure message="mcp-integration.spec.js:226:3 should validate MCP response format and handle malformed responses" type="FAILURE">
<![CDATA[  [Mobile Safari] › mcp-integration.spec.js:226:3 › MCP Server Integration E2E Testing @critical › should validate MCP response format and handle malformed responses 

    TimeoutError: page.fill: Timeout 10000ms exceeded.
    Call log:
      - waiting for locator('#techStackInput')


      269 |       
      270 |       // Generate ticket
    > 271 |       await page.fill('#techStackInput', `Test case ${i + 1}: React with TypeScript`);
          |                  ^
      272 |       await page.click('#generateBtn');
      273 |       
      274 |       // Wait for results
        at /Users/david/Documents/Figa-Jira-Automations-Tool/figma-ticket-generator/browser-tests/tests/mcp-integration.spec.js:271:18

    attachment #1: screenshot (image/png) ──────────────────────────────────────────────────────────
    ../test-results/mcp-integration-MCP-Server-23a2c--handle-malformed-responses-Mobile-Safari/test-failed-1.png
    ────────────────────────────────────────────────────────────────────────────────────────────────

    attachment #2: video (video/webm) ──────────────────────────────────────────────────────────────
    ../test-results/mcp-integration-MCP-Server-23a2c--handle-malformed-responses-Mobile-Safari/video.webm
    ────────────────────────────────────────────────────────────────────────────────────────────────

    Error Context: ../test-results/mcp-integration-MCP-Server-23a2c--handle-malformed-responses-Mobile-Safari/error-context.md
]]>
</failure>
<system-out>
<![CDATA[
[[ATTACHMENT|test-results/mcp-integration-MCP-Server-23a2c--handle-malformed-responses-Mobile-Safari/test-failed-1.png]]

[[ATTACHMENT|test-results/mcp-integration-MCP-Server-23a2c--handle-malformed-responses-Mobile-Safari/video.webm]]

[[ATTACHMENT|test-results/mcp-integration-MCP-Server-23a2c--handle-malformed-responses-Mobile-Safari/error-context.md]]
]]>
</system-out>
</testcase>
<testcase name="MCP Server Integration E2E Testing @critical › should monitor MCP server performance metrics" classname="mcp-integration.spec.js" time="10.764">
<failure message="mcp-integration.spec.js:292:3 should monitor MCP server performance metrics" type="FAILURE">
<![CDATA[  [Mobile Safari] › mcp-integration.spec.js:292:3 › MCP Server Integration E2E Testing @critical › should monitor MCP server performance metrics 

    TimeoutError: page.fill: Timeout 10000ms exceeded.
    Call log:
      - waiting for locator('#techStackInput')


      318 |     
      319 |     // Generate ticket
    > 320 |     await page.fill('#techStackInput', 'Complex: React with TypeScript, Redux Toolkit, React Query, Material-UI, Formik, Yup validation, React Testing Library, MSW, Storybook');
          |                ^
      321 |     await page.click('#generateBtn');
      322 |     
      323 |     // Wait for completion
        at /Users/david/Documents/Figa-Jira-Automations-Tool/figma-ticket-generator/browser-tests/tests/mcp-integration.spec.js:320:16

    attachment #1: screenshot (image/png) ──────────────────────────────────────────────────────────
    ../test-results/mcp-integration-MCP-Server-78469--server-performance-metrics-Mobile-Safari/test-failed-1.png
    ────────────────────────────────────────────────────────────────────────────────────────────────

    attachment #2: video (video/webm) ──────────────────────────────────────────────────────────────
    ../test-results/mcp-integration-MCP-Server-78469--server-performance-metrics-Mobile-Safari/video.webm
    ────────────────────────────────────────────────────────────────────────────────────────────────

    Error Context: ../test-results/mcp-integration-MCP-Server-78469--server-performance-metrics-Mobile-Safari/error-context.md
]]>
</failure>
<system-out>
<![CDATA[
[[ATTACHMENT|test-results/mcp-integration-MCP-Server-78469--server-performance-metrics-Mobile-Safari/test-failed-1.png]]

[[ATTACHMENT|test-results/mcp-integration-MCP-Server-78469--server-performance-metrics-Mobile-Safari/video.webm]]

[[ATTACHMENT|test-results/mcp-integration-MCP-Server-78469--server-performance-metrics-Mobile-Safari/error-context.md]]
]]>
</system-out>
</testcase>
</testsuite>
<testsuite name="ui-ux-experience.spec.js" timestamp="2025-10-23T02:33:00.593Z" hostname="Mobile Safari" tests="14" failures="14" skipped="0" time="121.056" errors="0">
<testcase name="UI/UX Experience Testing @smoke › should have responsive design across different viewports" classname="ui-ux-experience.spec.js" time="5.812">
<failure message="ui-ux-experience.spec.js:10:3 should have responsive design across different viewports" type="FAILURE">
<![CDATA[  [Mobile Safari] › ui-ux-experience.spec.js:10:3 › UI/UX Experience Testing @smoke › should have responsive design across different viewports 

    Error: expect(locator).toBeVisible() failed

    Locator: locator('#app')
    Expected: visible
    Timeout: 5000ms
    Error: element(s) not found

    Call log:
      - Expect "toBeVisible" with timeout 5000ms
      - waiting for locator('#app')


      11 |     // Test desktop viewport
      12 |     await page.setViewportSize({ width: 1280, height: 720 });
    > 13 |     await expect(page.locator('#app')).toBeVisible();
         |                                        ^
      14 |     await expect(page.locator('#generator-tab .content')).toBeVisible();
      15 |     
      16 |     // Test tablet viewport
        at /Users/david/Documents/Figa-Jira-Automations-Tool/figma-ticket-generator/browser-tests/tests/ui-ux-experience.spec.js:13:40

    attachment #1: screenshot (image/png) ──────────────────────────────────────────────────────────
    ../test-results/ui-ux-experience-UI-UX-Exp-dd71f--across-different-viewports-Mobile-Safari/test-failed-1.png
    ────────────────────────────────────────────────────────────────────────────────────────────────

    attachment #2: video (video/webm) ──────────────────────────────────────────────────────────────
    ../test-results/ui-ux-experience-UI-UX-Exp-dd71f--across-different-viewports-Mobile-Safari/video.webm
    ────────────────────────────────────────────────────────────────────────────────────────────────

    Error Context: ../test-results/ui-ux-experience-UI-UX-Exp-dd71f--across-different-viewports-Mobile-Safari/error-context.md
]]>
</failure>
<system-out>
<![CDATA[
[[ATTACHMENT|test-results/ui-ux-experience-UI-UX-Exp-dd71f--across-different-viewports-Mobile-Safari/test-failed-1.png]]

[[ATTACHMENT|test-results/ui-ux-experience-UI-UX-Exp-dd71f--across-different-viewports-Mobile-Safari/video.webm]]

[[ATTACHMENT|test-results/ui-ux-experience-UI-UX-Exp-dd71f--across-different-viewports-Mobile-Safari/error-context.md]]
]]>
</system-out>
</testcase>
<testcase name="UI/UX Experience Testing @smoke › should show proper loading animations and states" classname="ui-ux-experience.spec.js" time="10.772">
<failure message="ui-ux-experience.spec.js:31:3 should show proper loading animations and states" type="FAILURE">
<![CDATA[  [Mobile Safari] › ui-ux-experience.spec.js:31:3 › UI/UX Experience Testing @smoke › should show proper loading animations and states 

    TimeoutError: page.fill: Timeout 10000ms exceeded.
    Call log:
      - waiting for locator('#techStackInput')


      31 |   test('should show proper loading animations and states', async ({ page }) => {
      32 |     // Fill input to enable generation
    > 33 |     await page.fill('#techStackInput', 'React with TypeScript and Material-UI');
         |                ^
      34 |     
      35 |     // Mock slow response to test loading states
      36 |     await page.route('**/generate-enhanced-ticket', async route => {
        at /Users/david/Documents/Figa-Jira-Automations-Tool/figma-ticket-generator/browser-tests/tests/ui-ux-experience.spec.js:33:16

    attachment #1: screenshot (image/png) ──────────────────────────────────────────────────────────
    ../test-results/ui-ux-experience-UI-UX-Exp-3f210-ading-animations-and-states-Mobile-Safari/test-failed-1.png
    ────────────────────────────────────────────────────────────────────────────────────────────────

    attachment #2: video (video/webm) ──────────────────────────────────────────────────────────────
    ../test-results/ui-ux-experience-UI-UX-Exp-3f210-ading-animations-and-states-Mobile-Safari/video.webm
    ────────────────────────────────────────────────────────────────────────────────────────────────

    Error Context: ../test-results/ui-ux-experience-UI-UX-Exp-3f210-ading-animations-and-states-Mobile-Safari/error-context.md
]]>
</failure>
<system-out>
<![CDATA[
[[ATTACHMENT|test-results/ui-ux-experience-UI-UX-Exp-3f210-ading-animations-and-states-Mobile-Safari/test-failed-1.png]]

[[ATTACHMENT|test-results/ui-ux-experience-UI-UX-Exp-3f210-ading-animations-and-states-Mobile-Safari/video.webm]]

[[ATTACHMENT|test-results/ui-ux-experience-UI-UX-Exp-3f210-ading-animations-and-states-Mobile-Safari/error-context.md]]
]]>
</system-out>
</testcase>
<testcase name="UI/UX Experience Testing @smoke › should display confidence indicators with proper styling" classname="ui-ux-experience.spec.js" time="10.782">
<failure message="ui-ux-experience.spec.js:63:3 should display confidence indicators with proper styling" type="FAILURE">
<![CDATA[  [Mobile Safari] › ui-ux-experience.spec.js:63:3 › UI/UX Experience Testing @smoke › should display confidence indicators with proper styling 

    TimeoutError: page.fill: Timeout 10000ms exceeded.
    Call log:
      - waiting for locator('#techStackInput')


      78 |     
      79 |     for (const testCase of testCases) {
    > 80 |       await page.fill('#techStackInput', testCase.input);
         |                  ^
      81 |       await page.dispatchEvent('#techStackInput', 'input');
      82 |       
      83 |       // Wait for parsing
        at /Users/david/Documents/Figa-Jira-Automations-Tool/figma-ticket-generator/browser-tests/tests/ui-ux-experience.spec.js:80:18

    attachment #1: screenshot (image/png) ──────────────────────────────────────────────────────────
    ../test-results/ui-ux-experience-UI-UX-Exp-56438-icators-with-proper-styling-Mobile-Safari/test-failed-1.png
    ────────────────────────────────────────────────────────────────────────────────────────────────

    attachment #2: video (video/webm) ──────────────────────────────────────────────────────────────
    ../test-results/ui-ux-experience-UI-UX-Exp-56438-icators-with-proper-styling-Mobile-Safari/video.webm
    ────────────────────────────────────────────────────────────────────────────────────────────────

    Error Context: ../test-results/ui-ux-experience-UI-UX-Exp-56438-icators-with-proper-styling-Mobile-Safari/error-context.md
]]>
</failure>
<system-out>
<![CDATA[
[[ATTACHMENT|test-results/ui-ux-experience-UI-UX-Exp-56438-icators-with-proper-styling-Mobile-Safari/test-failed-1.png]]

[[ATTACHMENT|test-results/ui-ux-experience-UI-UX-Exp-56438-icators-with-proper-styling-Mobile-Safari/video.webm]]

[[ATTACHMENT|test-results/ui-ux-experience-UI-UX-Exp-56438-icators-with-proper-styling-Mobile-Safari/error-context.md]]
]]>
</system-out>
</testcase>
<testcase name="UI/UX Experience Testing @smoke › should show interactive suggestion pills" classname="ui-ux-experience.spec.js" time="10.816">
<failure message="ui-ux-experience.spec.js:105:3 should show interactive suggestion pills" type="FAILURE">
<![CDATA[  [Mobile Safari] › ui-ux-experience.spec.js:105:3 › UI/UX Experience Testing @smoke › should show interactive suggestion pills 

    TimeoutError: page.fill: Timeout 10000ms exceeded.
    Call log:
      - waiting for locator('#techStackInput')


      104 |
      105 |   test('should show interactive suggestion pills', async ({ page }) => {
    > 106 |     await page.fill('#techStackInput', 'React TypeScript');
          |                ^
      107 |     await page.dispatchEvent('#techStackInput', 'input');
      108 |     
      109 |     // Wait for suggestions to appear
        at /Users/david/Documents/Figa-Jira-Automations-Tool/figma-ticket-generator/browser-tests/tests/ui-ux-experience.spec.js:106:16

    attachment #1: screenshot (image/png) ──────────────────────────────────────────────────────────
    ../test-results/ui-ux-experience-UI-UX-Exp-0ee59-nteractive-suggestion-pills-Mobile-Safari/test-failed-1.png
    ────────────────────────────────────────────────────────────────────────────────────────────────

    attachment #2: video (video/webm) ──────────────────────────────────────────────────────────────
    ../test-results/ui-ux-experience-UI-UX-Exp-0ee59-nteractive-suggestion-pills-Mobile-Safari/video.webm
    ────────────────────────────────────────────────────────────────────────────────────────────────

    Error Context: ../test-results/ui-ux-experience-UI-UX-Exp-0ee59-nteractive-suggestion-pills-Mobile-Safari/error-context.md
]]>
</failure>
<system-out>
<![CDATA[
[[ATTACHMENT|test-results/ui-ux-experience-UI-UX-Exp-0ee59-nteractive-suggestion-pills-Mobile-Safari/test-failed-1.png]]

[[ATTACHMENT|test-results/ui-ux-experience-UI-UX-Exp-0ee59-nteractive-suggestion-pills-Mobile-Safari/video.webm]]

[[ATTACHMENT|test-results/ui-ux-experience-UI-UX-Exp-0ee59-nteractive-suggestion-pills-Mobile-Safari/error-context.md]]
]]>
</system-out>
</testcase>
<testcase name="UI/UX Experience Testing @smoke › should handle error states gracefully with proper styling" classname="ui-ux-experience.spec.js" time="10.796">
<failure message="ui-ux-experience.spec.js:130:3 should handle error states gracefully with proper styling" type="FAILURE">
<![CDATA[  [Mobile Safari] › ui-ux-experience.spec.js:130:3 › UI/UX Experience Testing @smoke › should handle error states gracefully with proper styling 

    TimeoutError: page.click: Timeout 10000ms exceeded.
    Call log:
      - waiting for locator('#generate')


      130 |   test('should handle error states gracefully with proper styling', async ({ page }) => {
      131 |     // Test empty input error
    > 132 |     await page.click('#generate');
          |                ^
      133 |     
      134 |     const errorMessage = page.locator('.error-message');
      135 |     await expect(errorMessage).toBeVisible();
        at /Users/david/Documents/Figa-Jira-Automations-Tool/figma-ticket-generator/browser-tests/tests/ui-ux-experience.spec.js:132:16

    attachment #1: screenshot (image/png) ──────────────────────────────────────────────────────────
    ../test-results/ui-ux-experience-UI-UX-Exp-80c6b-cefully-with-proper-styling-Mobile-Safari/test-failed-1.png
    ────────────────────────────────────────────────────────────────────────────────────────────────

    attachment #2: video (video/webm) ──────────────────────────────────────────────────────────────
    ../test-results/ui-ux-experience-UI-UX-Exp-80c6b-cefully-with-proper-styling-Mobile-Safari/video.webm
    ────────────────────────────────────────────────────────────────────────────────────────────────

    Error Context: ../test-results/ui-ux-experience-UI-UX-Exp-80c6b-cefully-with-proper-styling-Mobile-Safari/error-context.md
]]>
</failure>
<system-out>
<![CDATA[
[[ATTACHMENT|test-results/ui-ux-experience-UI-UX-Exp-80c6b-cefully-with-proper-styling-Mobile-Safari/test-failed-1.png]]

[[ATTACHMENT|test-results/ui-ux-experience-UI-UX-Exp-80c6b-cefully-with-proper-styling-Mobile-Safari/video.webm]]

[[ATTACHMENT|test-results/ui-ux-experience-UI-UX-Exp-80c6b-cefully-with-proper-styling-Mobile-Safari/error-context.md]]
]]>
</system-out>
</testcase>
<testcase name="UI/UX Experience Testing @smoke › should show proper visual feedback for copy action" classname="ui-ux-experience.spec.js" time="10.774">
<failure message="ui-ux-experience.spec.js:144:3 should show proper visual feedback for copy action" type="FAILURE">
<![CDATA[  [Mobile Safari] › ui-ux-experience.spec.js:144:3 › UI/UX Experience Testing @smoke › should show proper visual feedback for copy action 

    TimeoutError: page.fill: Timeout 10000ms exceeded.
    Call log:
      - waiting for locator('#techStackInput')


      144 |   test('should show proper visual feedback for copy action', async ({ page }) => {
      145 |     // Generate content first
    > 146 |     await page.fill('#techStackInput', 'Angular with TypeScript');
          |                ^
      147 |     await page.click('#generate');
      148 |     await page.waitForSelector('#results', { state: 'visible', timeout: 20000 });
      149 |     
        at /Users/david/Documents/Figa-Jira-Automations-Tool/figma-ticket-generator/browser-tests/tests/ui-ux-experience.spec.js:146:16

    attachment #1: screenshot (image/png) ──────────────────────────────────────────────────────────
    ../test-results/ui-ux-experience-UI-UX-Exp-b36f5-al-feedback-for-copy-action-Mobile-Safari/test-failed-1.png
    ────────────────────────────────────────────────────────────────────────────────────────────────

    attachment #2: video (video/webm) ──────────────────────────────────────────────────────────────
    ../test-results/ui-ux-experience-UI-UX-Exp-b36f5-al-feedback-for-copy-action-Mobile-Safari/video.webm
    ────────────────────────────────────────────────────────────────────────────────────────────────

    Error Context: ../test-results/ui-ux-experience-UI-UX-Exp-b36f5-al-feedback-for-copy-action-Mobile-Safari/error-context.md
]]>
</failure>
<system-out>
<![CDATA[
[[ATTACHMENT|test-results/ui-ux-experience-UI-UX-Exp-b36f5-al-feedback-for-copy-action-Mobile-Safari/test-failed-1.png]]

[[ATTACHMENT|test-results/ui-ux-experience-UI-UX-Exp-b36f5-al-feedback-for-copy-action-Mobile-Safari/video.webm]]

[[ATTACHMENT|test-results/ui-ux-experience-UI-UX-Exp-b36f5-al-feedback-for-copy-action-Mobile-Safari/error-context.md]]
]]>
</system-out>
</testcase>
<testcase name="UI/UX Experience Testing @smoke › should maintain visual consistency across different document types" classname="ui-ux-experience.spec.js" time="10.784">
<failure message="ui-ux-experience.spec.js:166:3 should maintain visual consistency across different document types" type="FAILURE">
<![CDATA[  [Mobile Safari] › ui-ux-experience.spec.js:166:3 › UI/UX Experience Testing @smoke › should maintain visual consistency across different document types 

    TimeoutError: page.selectOption: Timeout 10000ms exceeded.
    Call log:
      - waiting for locator('#documentType')


      168 |     
      169 |     for (const docType of documentTypes) {
    > 170 |       await page.selectOption('#documentType', docType);
          |                  ^
      171 |       
      172 |       // UI should remain consistent
      173 |       await expect(page.locator('#documentType')).toBeVisible();
        at /Users/david/Documents/Figa-Jira-Automations-Tool/figma-ticket-generator/browser-tests/tests/ui-ux-experience.spec.js:170:18

    attachment #1: screenshot (image/png) ──────────────────────────────────────────────────────────
    ../test-results/ui-ux-experience-UI-UX-Exp-efb6a-ss-different-document-types-Mobile-Safari/test-failed-1.png
    ────────────────────────────────────────────────────────────────────────────────────────────────

    attachment #2: video (video/webm) ──────────────────────────────────────────────────────────────
    ../test-results/ui-ux-experience-UI-UX-Exp-efb6a-ss-different-document-types-Mobile-Safari/video.webm
    ────────────────────────────────────────────────────────────────────────────────────────────────

    Error Context: ../test-results/ui-ux-experience-UI-UX-Exp-efb6a-ss-different-document-types-Mobile-Safari/error-context.md
]]>
</failure>
<system-out>
<![CDATA[
[[ATTACHMENT|test-results/ui-ux-experience-UI-UX-Exp-efb6a-ss-different-document-types-Mobile-Safari/test-failed-1.png]]

[[ATTACHMENT|test-results/ui-ux-experience-UI-UX-Exp-efb6a-ss-different-document-types-Mobile-Safari/video.webm]]

[[ATTACHMENT|test-results/ui-ux-experience-UI-UX-Exp-efb6a-ss-different-document-types-Mobile-Safari/error-context.md]]
]]>
</system-out>
</testcase>
<testcase name="UI/UX Experience Testing @smoke › should display proper typography and spacing" classname="ui-ux-experience.spec.js" time="5.774">
<failure message="ui-ux-experience.spec.js:184:3 should display proper typography and spacing" type="FAILURE">
<![CDATA[  [Mobile Safari] › ui-ux-experience.spec.js:184:3 › UI/UX Experience Testing @smoke › should display proper typography and spacing 

    Error: expect(locator).toHaveCSS(expected) failed

    Locator: locator('h1')
    Expected pattern: /24px|1\.5rem/
    Received string:  "32px"
    Timeout: 5000ms

    Call log:
      - Expect "toHaveCSS" with timeout 5000ms
      - waiting for locator('h1')
        9 × locator resolved to <h1>Error response</h1>
          - unexpected value "32px"


      185 |     // Check main heading typography
      186 |     const heading = page.locator('h1');
    > 187 |     await expect(heading).toHaveCSS('font-size', /24px|1\.5rem/);
          |                           ^
      188 |     await expect(heading).toHaveCSS('font-weight', /600|bold/);
      189 |     
      190 |     // Check subtitle styling
        at /Users/david/Documents/Figa-Jira-Automations-Tool/figma-ticket-generator/browser-tests/tests/ui-ux-experience.spec.js:187:27

    attachment #1: screenshot (image/png) ──────────────────────────────────────────────────────────
    ../test-results/ui-ux-experience-UI-UX-Exp-0f64e-oper-typography-and-spacing-Mobile-Safari/test-failed-1.png
    ────────────────────────────────────────────────────────────────────────────────────────────────

    attachment #2: video (video/webm) ──────────────────────────────────────────────────────────────
    ../test-results/ui-ux-experience-UI-UX-Exp-0f64e-oper-typography-and-spacing-Mobile-Safari/video.webm
    ────────────────────────────────────────────────────────────────────────────────────────────────

    Error Context: ../test-results/ui-ux-experience-UI-UX-Exp-0f64e-oper-typography-and-spacing-Mobile-Safari/error-context.md
]]>
</failure>
<system-out>
<![CDATA[
[[ATTACHMENT|test-results/ui-ux-experience-UI-UX-Exp-0f64e-oper-typography-and-spacing-Mobile-Safari/test-failed-1.png]]

[[ATTACHMENT|test-results/ui-ux-experience-UI-UX-Exp-0f64e-oper-typography-and-spacing-Mobile-Safari/video.webm]]

[[ATTACHMENT|test-results/ui-ux-experience-UI-UX-Exp-0f64e-oper-typography-and-spacing-Mobile-Safari/error-context.md]]
]]>
</system-out>
</testcase>
<testcase name="UI/UX Experience Testing @smoke › should handle focus states and keyboard navigation" classname="ui-ux-experience.spec.js" time="5.786">
<failure message="ui-ux-experience.spec.js:205:3 should handle focus states and keyboard navigation" type="FAILURE">
<![CDATA[  [Mobile Safari] › ui-ux-experience.spec.js:205:3 › UI/UX Experience Testing @smoke › should handle focus states and keyboard navigation 

    Error: expect(locator).toBeFocused() failed

    Locator: locator('#techStackInput')
    Expected: focused
    Timeout: 5000ms
    Error: element(s) not found

    Call log:
      - Expect "toBeFocused" with timeout 5000ms
      - waiting for locator('#techStackInput')


      206 |     // Test tab navigation
      207 |     await page.keyboard.press('Tab');
    > 208 |     await expect(page.locator('#techStackInput')).toBeFocused();
          |                                                   ^
      209 |     
      210 |     await page.keyboard.press('Tab');
      211 |     await expect(page.locator('#documentType')).toBeFocused();
        at /Users/david/Documents/Figa-Jira-Automations-Tool/figma-ticket-generator/browser-tests/tests/ui-ux-experience.spec.js:208:51

    attachment #1: screenshot (image/png) ──────────────────────────────────────────────────────────
    ../test-results/ui-ux-experience-UI-UX-Exp-f3fb3-tes-and-keyboard-navigation-Mobile-Safari/test-failed-1.png
    ────────────────────────────────────────────────────────────────────────────────────────────────

    attachment #2: video (video/webm) ──────────────────────────────────────────────────────────────
    ../test-results/ui-ux-experience-UI-UX-Exp-f3fb3-tes-and-keyboard-navigation-Mobile-Safari/video.webm
    ────────────────────────────────────────────────────────────────────────────────────────────────

    Error Context: ../test-results/ui-ux-experience-UI-UX-Exp-f3fb3-tes-and-keyboard-navigation-Mobile-Safari/error-context.md
]]>
</failure>
<system-out>
<![CDATA[
[[ATTACHMENT|test-results/ui-ux-experience-UI-UX-Exp-f3fb3-tes-and-keyboard-navigation-Mobile-Safari/test-failed-1.png]]

[[ATTACHMENT|test-results/ui-ux-experience-UI-UX-Exp-f3fb3-tes-and-keyboard-navigation-Mobile-Safari/video.webm]]

[[ATTACHMENT|test-results/ui-ux-experience-UI-UX-Exp-f3fb3-tes-and-keyboard-navigation-Mobile-Safari/error-context.md]]
]]>
</system-out>
</testcase>
<testcase name="UI/UX Experience Testing @smoke › should display results with proper formatting and styling" classname="ui-ux-experience.spec.js" time="10.777">
<failure message="ui-ux-experience.spec.js:227:3 should display results with proper formatting and styling" type="FAILURE">
<![CDATA[  [Mobile Safari] › ui-ux-experience.spec.js:227:3 › UI/UX Experience Testing @smoke › should display results with proper formatting and styling 

    TimeoutError: page.fill: Timeout 10000ms exceeded.
    Call log:
      - waiting for locator('#techStackInput')


      227 |   test('should display results with proper formatting and styling', async ({ page }) => {
      228 |     // Generate content
    > 229 |     await page.fill('#techStackInput', 'Next.js with TypeScript and Tailwind CSS');
          |                ^
      230 |     await page.click('#generate');
      231 |     await page.waitForSelector('#results', { state: 'visible', timeout: 20000 });
      232 |     
        at /Users/david/Documents/Figa-Jira-Automations-Tool/figma-ticket-generator/browser-tests/tests/ui-ux-experience.spec.js:229:16

    attachment #1: screenshot (image/png) ──────────────────────────────────────────────────────────
    ../test-results/ui-ux-experience-UI-UX-Exp-2d322-oper-formatting-and-styling-Mobile-Safari/test-failed-1.png
    ────────────────────────────────────────────────────────────────────────────────────────────────

    attachment #2: video (video/webm) ──────────────────────────────────────────────────────────────
    ../test-results/ui-ux-experience-UI-UX-Exp-2d322-oper-formatting-and-styling-Mobile-Safari/video.webm
    ────────────────────────────────────────────────────────────────────────────────────────────────

    Error Context: ../test-results/ui-ux-experience-UI-UX-Exp-2d322-oper-formatting-and-styling-Mobile-Safari/error-context.md
]]>
</failure>
<system-out>
<![CDATA[
[[ATTACHMENT|test-results/ui-ux-experience-UI-UX-Exp-2d322-oper-formatting-and-styling-Mobile-Safari/test-failed-1.png]]

[[ATTACHMENT|test-results/ui-ux-experience-UI-UX-Exp-2d322-oper-formatting-and-styling-Mobile-Safari/video.webm]]

[[ATTACHMENT|test-results/ui-ux-experience-UI-UX-Exp-2d322-oper-formatting-and-styling-Mobile-Safari/error-context.md]]
]]>
</system-out>
</testcase>
<testcase name="UI/UX Experience Testing @smoke › should have enhanced tech stack interface with suggestion pills" classname="ui-ux-experience.spec.js" time="5.786">
<failure message="ui-ux-experience.spec.js:249:3 should have enhanced tech stack interface with suggestion pills" type="FAILURE">
<![CDATA[  [Mobile Safari] › ui-ux-experience.spec.js:249:3 › UI/UX Experience Testing @smoke › should have enhanced tech stack interface with suggestion pills 

    Error: expect(locator).toBeVisible() failed

    Locator: locator('.tech-stack-header')
    Expected: visible
    Timeout: 5000ms
    Error: element(s) not found

    Call log:
      - Expect "toBeVisible" with timeout 5000ms
      - waiting for locator('.tech-stack-header')


      249 |   test('should have enhanced tech stack interface with suggestion pills', async ({ page }) => {
      250 |     // Check for tech stack header with AI-powered badge
    > 251 |     await expect(page.locator('.tech-stack-header')).toBeVisible();
          |                                                      ^
      252 |     await expect(page.locator('.ai-powered-badge')).toBeVisible();
      253 |     await expect(page.locator('.ai-powered-badge')).toHaveText('AI-Powered');
      254 |     
        at /Users/david/Documents/Figa-Jira-Automations-Tool/figma-ticket-generator/browser-tests/tests/ui-ux-experience.spec.js:251:54

    attachment #1: screenshot (image/png) ──────────────────────────────────────────────────────────
    ../test-results/ui-ux-experience-UI-UX-Exp-cad46-rface-with-suggestion-pills-Mobile-Safari/test-failed-1.png
    ────────────────────────────────────────────────────────────────────────────────────────────────

    attachment #2: video (video/webm) ──────────────────────────────────────────────────────────────
    ../test-results/ui-ux-experience-UI-UX-Exp-cad46-rface-with-suggestion-pills-Mobile-Safari/video.webm
    ────────────────────────────────────────────────────────────────────────────────────────────────

    Error Context: ../test-results/ui-ux-experience-UI-UX-Exp-cad46-rface-with-suggestion-pills-Mobile-Safari/error-context.md
]]>
</failure>
<system-out>
<![CDATA[
[[ATTACHMENT|test-results/ui-ux-experience-UI-UX-Exp-cad46-rface-with-suggestion-pills-Mobile-Safari/test-failed-1.png]]

[[ATTACHMENT|test-results/ui-ux-experience-UI-UX-Exp-cad46-rface-with-suggestion-pills-Mobile-Safari/video.webm]]

[[ATTACHMENT|test-results/ui-ux-experience-UI-UX-Exp-cad46-rface-with-suggestion-pills-Mobile-Safari/error-context.md]]
]]>
</system-out>
</testcase>
<testcase name="UI/UX Experience Testing @smoke › should handle tech stack parse button functionality" classname="ui-ux-experience.spec.js" time="5.805">
<failure message="ui-ux-experience.spec.js:273:3 should handle tech stack parse button functionality" type="FAILURE">
<![CDATA[  [Mobile Safari] › ui-ux-experience.spec.js:273:3 › UI/UX Experience Testing @smoke › should handle tech stack parse button functionality 

    Error: expect(locator).toBeVisible() failed

    Locator: locator('.parse-tech-stack')
    Expected: visible
    Timeout: 5000ms
    Error: element(s) not found

    Call log:
      - Expect "toBeVisible" with timeout 5000ms
      - waiting for locator('.parse-tech-stack')


      276 |     
      277 |     // Parse button should be visible
    > 278 |     await expect(parseButton).toBeVisible();
          |                               ^
      279 |     await expect(parseButton).toHaveText(/Parse Tech Stack/);
      280 |     
      281 |     // Test empty input validation
        at /Users/david/Documents/Figa-Jira-Automations-Tool/figma-ticket-generator/browser-tests/tests/ui-ux-experience.spec.js:278:31

    attachment #1: screenshot (image/png) ──────────────────────────────────────────────────────────
    ../test-results/ui-ux-experience-UI-UX-Exp-2c5a3--parse-button-functionality-Mobile-Safari/test-failed-1.png
    ────────────────────────────────────────────────────────────────────────────────────────────────

    attachment #2: video (video/webm) ──────────────────────────────────────────────────────────────
    ../test-results/ui-ux-experience-UI-UX-Exp-2c5a3--parse-button-functionality-Mobile-Safari/video.webm
    ────────────────────────────────────────────────────────────────────────────────────────────────

    Error Context: ../test-results/ui-ux-experience-UI-UX-Exp-2c5a3--parse-button-functionality-Mobile-Safari/error-context.md
]]>
</failure>
<system-out>
<![CDATA[
[[ATTACHMENT|test-results/ui-ux-experience-UI-UX-Exp-2c5a3--parse-button-functionality-Mobile-Safari/test-failed-1.png]]

[[ATTACHMENT|test-results/ui-ux-experience-UI-UX-Exp-2c5a3--parse-button-functionality-Mobile-Safari/video.webm]]

[[ATTACHMENT|test-results/ui-ux-experience-UI-UX-Exp-2c5a3--parse-button-functionality-Mobile-Safari/error-context.md]]
]]>
</system-out>
</testcase>
<testcase name="UI/UX Experience Testing @smoke › should display different colored suggestion pills for different tech types" classname="ui-ux-experience.spec.js" time="5.803">
<failure message="ui-ux-experience.spec.js:302:3 should display different colored suggestion pills for different tech types" type="FAILURE">
<![CDATA[  [Mobile Safari] › ui-ux-experience.spec.js:302:3 › UI/UX Experience Testing @smoke › should display different colored suggestion pills for different tech types 

    Error: expect(locator).toBeVisible() failed

    Locator: locator('.suggestions-grid .suggestion-pill[data-type="react"]')
    Expected: visible
    Timeout: 5000ms
    Error: element(s) not found

    Call log:
      - Expect "toBeVisible" with timeout 5000ms
      - waiting for locator('.suggestions-grid .suggestion-pill[data-type="react"]')


      306 |     
      307 |     // Check React pill styling
    > 308 |     await expect(reactPill).toBeVisible();
          |                             ^
      309 |     await expect(reactPill).toHaveCSS('border-color', /rgb\(97, 218, 251\)/);
      310 |     
      311 |     // Check Vue pill styling
        at /Users/david/Documents/Figa-Jira-Automations-Tool/figma-ticket-generator/browser-tests/tests/ui-ux-experience.spec.js:308:29

    attachment #1: screenshot (image/png) ──────────────────────────────────────────────────────────
    ../test-results/ui-ux-experience-UI-UX-Exp-15b63-ls-for-different-tech-types-Mobile-Safari/test-failed-1.png
    ────────────────────────────────────────────────────────────────────────────────────────────────

    attachment #2: video (video/webm) ──────────────────────────────────────────────────────────────
    ../test-results/ui-ux-experience-UI-UX-Exp-15b63-ls-for-different-tech-types-Mobile-Safari/video.webm
    ────────────────────────────────────────────────────────────────────────────────────────────────

    Error Context: ../test-results/ui-ux-experience-UI-UX-Exp-15b63-ls-for-different-tech-types-Mobile-Safari/error-context.md
]]>
</failure>
<system-out>
<![CDATA[
[[ATTACHMENT|test-results/ui-ux-experience-UI-UX-Exp-15b63-ls-for-different-tech-types-Mobile-Safari/test-failed-1.png]]

[[ATTACHMENT|test-results/ui-ux-experience-UI-UX-Exp-15b63-ls-for-different-tech-types-Mobile-Safari/video.webm]]

[[ATTACHMENT|test-results/ui-ux-experience-UI-UX-Exp-15b63-ls-for-different-tech-types-Mobile-Safari/error-context.md]]
]]>
</system-out>
</testcase>
<testcase name="UI/UX Experience Testing @smoke › should show confidence indicator with proper styling and animation" classname="ui-ux-experience.spec.js" time="10.789">
<failure message="ui-ux-experience.spec.js:324:3 should show confidence indicator with proper styling and animation" type="FAILURE">
<![CDATA[  [Mobile Safari] › ui-ux-experience.spec.js:324:3 › UI/UX Experience Testing @smoke › should show confidence indicator with proper styling and animation 

    TimeoutError: page.fill: Timeout 10000ms exceeded.
    Call log:
      - waiting for locator('#techStackInput')


      324 |   test('should show confidence indicator with proper styling and animation', async ({ page }) => {
      325 |     // Fill tech stack to trigger confidence indicator
    > 326 |     await page.fill('#techStackInput', 'React with TypeScript, Material-UI, and Redux Toolkit for state management');
          |                ^
      327 |     
      328 |     // Wait for confidence indicator to appear
      329 |     await expect(page.locator('.parse-button-container .confidence-indicator.show')).toBeVisible();
        at /Users/david/Documents/Figa-Jira-Automations-Tool/figma-ticket-generator/browser-tests/tests/ui-ux-experience.spec.js:326:16

    attachment #1: screenshot (image/png) ──────────────────────────────────────────────────────────
    ../test-results/ui-ux-experience-UI-UX-Exp-eb767-roper-styling-and-animation-Mobile-Safari/test-failed-1.png
    ────────────────────────────────────────────────────────────────────────────────────────────────

    attachment #2: video (video/webm) ──────────────────────────────────────────────────────────────
    ../test-results/ui-ux-experience-UI-UX-Exp-eb767-roper-styling-and-animation-Mobile-Safari/video.webm
    ────────────────────────────────────────────────────────────────────────────────────────────────

    Error Context: ../test-results/ui-ux-experience-UI-UX-Exp-eb767-roper-styling-and-animation-Mobile-Safari/error-context.md
]]>
</failure>
<system-out>
<![CDATA[
[[ATTACHMENT|test-results/ui-ux-experience-UI-UX-Exp-eb767-roper-styling-and-animation-Mobile-Safari/test-failed-1.png]]

[[ATTACHMENT|test-results/ui-ux-experience-UI-UX-Exp-eb767-roper-styling-and-animation-Mobile-Safari/video.webm]]

[[ATTACHMENT|test-results/ui-ux-experience-UI-UX-Exp-eb767-roper-styling-and-animation-Mobile-Safari/error-context.md]]
]]>
</system-out>
</testcase>
</testsuite>
<testsuite name="visual-interactive.spec.js" timestamp="2025-10-23T02:33:00.593Z" hostname="Mobile Safari" tests="11" failures="10" skipped="0" time="104.94" errors="0">
<testcase name="Visual Regression Testing › should match initial UI layout screenshot" classname="visual-interactive.spec.js" time="5.777">
<failure message="visual-interactive.spec.js:10:3 should match initial UI layout screenshot" type="FAILURE">
<![CDATA[  [Mobile Safari] › visual-interactive.spec.js:10:3 › Visual Regression Testing › should match initial UI layout screenshot 

    Error: expect(locator).toBeVisible() failed

    Locator: locator('#app')
    Expected: visible
    Timeout: 5000ms
    Error: element(s) not found

    Call log:
      - Expect "toBeVisible" with timeout 5000ms
      - waiting for locator('#app')


      10 |   test('should match initial UI layout screenshot', async ({ page }) => {
      11 |     // Wait for all elements to be stable
    > 12 |     await expect(page.locator('#app')).toBeVisible();
         |                                        ^
      13 |     await page.waitForTimeout(1000); // Allow for any animations to settle
      14 |     
      15 |     // Take full page screenshot
        at /Users/david/Documents/Figa-Jira-Automations-Tool/figma-ticket-generator/browser-tests/tests/visual-interactive.spec.js:12:40

    attachment #1: screenshot (image/png) ──────────────────────────────────────────────────────────
    ../test-results/visual-interactive-Visual--0dfff-nitial-UI-layout-screenshot-Mobile-Safari/test-failed-1.png
    ────────────────────────────────────────────────────────────────────────────────────────────────

    attachment #2: video (video/webm) ──────────────────────────────────────────────────────────────
    ../test-results/visual-interactive-Visual--0dfff-nitial-UI-layout-screenshot-Mobile-Safari/video.webm
    ────────────────────────────────────────────────────────────────────────────────────────────────

    Error Context: ../test-results/visual-interactive-Visual--0dfff-nitial-UI-layout-screenshot-Mobile-Safari/error-context.md
]]>
</failure>
<system-out>
<![CDATA[
[[ATTACHMENT|test-results/visual-interactive-Visual--0dfff-nitial-UI-layout-screenshot-Mobile-Safari/test-failed-1.png]]

[[ATTACHMENT|test-results/visual-interactive-Visual--0dfff-nitial-UI-layout-screenshot-Mobile-Safari/video.webm]]

[[ATTACHMENT|test-results/visual-interactive-Visual--0dfff-nitial-UI-layout-screenshot-Mobile-Safari/error-context.md]]
]]>
</system-out>
</testcase>
<testcase name="Visual Regression Testing › should match confidence indicator appearance" classname="visual-interactive.spec.js" time="10.773">
<failure message="visual-interactive.spec.js:22:3 should match confidence indicator appearance" type="FAILURE">
<![CDATA[  [Mobile Safari] › visual-interactive.spec.js:22:3 › Visual Regression Testing › should match confidence indicator appearance 

    TimeoutError: page.fill: Timeout 10000ms exceeded.
    Call log:
      - waiting for locator('#techStackInput')


      22 |   test('should match confidence indicator appearance', async ({ page }) => {
      23 |     // Fill input to trigger confidence indicator
    > 24 |     await page.fill('#techStackInput', 'React with TypeScript, Material-UI, and Jest');
         |                ^
      25 |     await page.dispatchEvent('#techStackInput', 'input');
      26 |     
      27 |     // Wait for parsing and confidence indicator
        at /Users/david/Documents/Figa-Jira-Automations-Tool/figma-ticket-generator/browser-tests/tests/visual-interactive.spec.js:24:16

    attachment #1: screenshot (image/png) ──────────────────────────────────────────────────────────
    ../test-results/visual-interactive-Visual--e9c49-idence-indicator-appearance-Mobile-Safari/test-failed-1.png
    ────────────────────────────────────────────────────────────────────────────────────────────────

    attachment #2: video (video/webm) ──────────────────────────────────────────────────────────────
    ../test-results/visual-interactive-Visual--e9c49-idence-indicator-appearance-Mobile-Safari/video.webm
    ────────────────────────────────────────────────────────────────────────────────────────────────

    Error Context: ../test-results/visual-interactive-Visual--e9c49-idence-indicator-appearance-Mobile-Safari/error-context.md
]]>
</failure>
<system-out>
<![CDATA[
[[ATTACHMENT|test-results/visual-interactive-Visual--e9c49-idence-indicator-appearance-Mobile-Safari/test-failed-1.png]]

[[ATTACHMENT|test-results/visual-interactive-Visual--e9c49-idence-indicator-appearance-Mobile-Safari/video.webm]]

[[ATTACHMENT|test-results/visual-interactive-Visual--e9c49-idence-indicator-appearance-Mobile-Safari/error-context.md]]
]]>
</system-out>
</testcase>
<testcase name="Visual Regression Testing › should match loading state appearance" classname="visual-interactive.spec.js" time="10.875">
<failure message="visual-interactive.spec.js:37:3 should match loading state appearance" type="FAILURE">
<![CDATA[  [Mobile Safari] › visual-interactive.spec.js:37:3 › Visual Regression Testing › should match loading state appearance 

    TimeoutError: page.fill: Timeout 10000ms exceeded.
    Call log:
      - waiting for locator('#techStackInput')


      42 |     });
      43 |     
    > 44 |     await page.fill('#techStackInput', 'Vue 3 with TypeScript');
         |                ^
      45 |     await page.click('#generateBtn');
      46 |     
      47 |     // Capture loading state
        at /Users/david/Documents/Figa-Jira-Automations-Tool/figma-ticket-generator/browser-tests/tests/visual-interactive.spec.js:44:16

    attachment #1: screenshot (image/png) ──────────────────────────────────────────────────────────
    ../test-results/visual-interactive-Visual--c6e16-ch-loading-state-appearance-Mobile-Safari/test-failed-1.png
    ────────────────────────────────────────────────────────────────────────────────────────────────

    attachment #2: video (video/webm) ──────────────────────────────────────────────────────────────
    ../test-results/visual-interactive-Visual--c6e16-ch-loading-state-appearance-Mobile-Safari/video.webm
    ────────────────────────────────────────────────────────────────────────────────────────────────

    Error Context: ../test-results/visual-interactive-Visual--c6e16-ch-loading-state-appearance-Mobile-Safari/error-context.md
]]>
</failure>
<system-out>
<![CDATA[
[[ATTACHMENT|test-results/visual-interactive-Visual--c6e16-ch-loading-state-appearance-Mobile-Safari/test-failed-1.png]]

[[ATTACHMENT|test-results/visual-interactive-Visual--c6e16-ch-loading-state-appearance-Mobile-Safari/video.webm]]

[[ATTACHMENT|test-results/visual-interactive-Visual--c6e16-ch-loading-state-appearance-Mobile-Safari/error-context.md]]
]]>
</system-out>
</testcase>
<testcase name="Visual Regression Testing › should match results layout appearance" classname="visual-interactive.spec.js" time="10.87">
<failure message="visual-interactive.spec.js:56:3 should match results layout appearance" type="FAILURE">
<![CDATA[  [Mobile Safari] › visual-interactive.spec.js:56:3 › Visual Regression Testing › should match results layout appearance 

    TimeoutError: page.fill: Timeout 10000ms exceeded.
    Call log:
      - waiting for locator('#techStackInput')


      56 |   test('should match results layout appearance', async ({ page }) => {
      57 |     // Generate content
    > 58 |     await page.fill('#techStackInput', 'Angular with RxJS and Angular Material');
         |                ^
      59 |     await page.click('#generateBtn');
      60 |     await page.waitForSelector('#results', { state: 'visible', timeout: 30000 });
      61 |     
        at /Users/david/Documents/Figa-Jira-Automations-Tool/figma-ticket-generator/browser-tests/tests/visual-interactive.spec.js:58:16

    attachment #1: screenshot (image/png) ──────────────────────────────────────────────────────────
    ../test-results/visual-interactive-Visual--b5197-h-results-layout-appearance-Mobile-Safari/test-failed-1.png
    ────────────────────────────────────────────────────────────────────────────────────────────────

    attachment #2: video (video/webm) ──────────────────────────────────────────────────────────────
    ../test-results/visual-interactive-Visual--b5197-h-results-layout-appearance-Mobile-Safari/video.webm
    ────────────────────────────────────────────────────────────────────────────────────────────────

    Error Context: ../test-results/visual-interactive-Visual--b5197-h-results-layout-appearance-Mobile-Safari/error-context.md
]]>
</failure>
<system-out>
<![CDATA[
[[ATTACHMENT|test-results/visual-interactive-Visual--b5197-h-results-layout-appearance-Mobile-Safari/test-failed-1.png]]

[[ATTACHMENT|test-results/visual-interactive-Visual--b5197-h-results-layout-appearance-Mobile-Safari/video.webm]]

[[ATTACHMENT|test-results/visual-interactive-Visual--b5197-h-results-layout-appearance-Mobile-Safari/error-context.md]]
]]>
</system-out>
</testcase>
<testcase name="Visual Regression Testing › should match mobile layout appearance" classname="visual-interactive.spec.js" time="1.879">
</testcase>
<testcase name="Interactive UI Testing › should handle hover states correctly" classname="visual-interactive.spec.js" time="10.667">
<failure message="visual-interactive.spec.js:93:3 should handle hover states correctly" type="FAILURE">
<![CDATA[  [Mobile Safari] › visual-interactive.spec.js:93:3 › Interactive UI Testing › should handle hover states correctly 

    TimeoutError: locator.hover: Timeout 10000ms exceeded.
    Call log:
      - waiting for locator('#generateBtn')


      94 |     // Test button hover state
      95 |     const generateBtn = page.locator('#generateBtn');
    > 96 |     await generateBtn.hover();
         |                       ^
      97 |     
      98 |     // Check hover styling
      99 |     const hoverColor = await generateBtn.evaluate(el => 
        at /Users/david/Documents/Figa-Jira-Automations-Tool/figma-ticket-generator/browser-tests/tests/visual-interactive.spec.js:96:23

    attachment #1: screenshot (image/png) ──────────────────────────────────────────────────────────
    ../test-results/visual-interactive-Interac-343fe-ndle-hover-states-correctly-Mobile-Safari/test-failed-1.png
    ────────────────────────────────────────────────────────────────────────────────────────────────

    attachment #2: video (video/webm) ──────────────────────────────────────────────────────────────
    ../test-results/visual-interactive-Interac-343fe-ndle-hover-states-correctly-Mobile-Safari/video.webm
    ────────────────────────────────────────────────────────────────────────────────────────────────

    Error Context: ../test-results/visual-interactive-Interac-343fe-ndle-hover-states-correctly-Mobile-Safari/error-context.md
]]>
</failure>
<system-out>
<![CDATA[
[[ATTACHMENT|test-results/visual-interactive-Interac-343fe-ndle-hover-states-correctly-Mobile-Safari/test-failed-1.png]]

[[ATTACHMENT|test-results/visual-interactive-Interac-343fe-ndle-hover-states-correctly-Mobile-Safari/video.webm]]

[[ATTACHMENT|test-results/visual-interactive-Interac-343fe-ndle-hover-states-correctly-Mobile-Safari/error-context.md]]
]]>
</system-out>
</testcase>
<testcase name="Interactive UI Testing › should handle click animations and feedback" classname="visual-interactive.spec.js" time="10.799">
<failure message="visual-interactive.spec.js:123:3 should handle click animations and feedback" type="FAILURE">
<![CDATA[  [Mobile Safari] › visual-interactive.spec.js:123:3 › Interactive UI Testing › should handle click animations and feedback 

    TimeoutError: page.fill: Timeout 10000ms exceeded.
    Call log:
      - waiting for locator('#techStackInput')


      123 |   test('should handle click animations and feedback', async ({ page }) => {
      124 |     // Fill form to enable generation
    > 125 |     await page.fill('#techStackInput', 'Svelte with SvelteKit');
          |                ^
      126 |     
      127 |     // Click generate button and check immediate feedback
      128 |     const generateBtn = page.locator('#generateBtn');
        at /Users/david/Documents/Figa-Jira-Automations-Tool/figma-ticket-generator/browser-tests/tests/visual-interactive.spec.js:125:16

    attachment #1: screenshot (image/png) ──────────────────────────────────────────────────────────
    ../test-results/visual-interactive-Interac-17605-ick-animations-and-feedback-Mobile-Safari/test-failed-1.png
    ────────────────────────────────────────────────────────────────────────────────────────────────

    attachment #2: video (video/webm) ──────────────────────────────────────────────────────────────
    ../test-results/visual-interactive-Interac-17605-ick-animations-and-feedback-Mobile-Safari/video.webm
    ────────────────────────────────────────────────────────────────────────────────────────────────

    Error Context: ../test-results/visual-interactive-Interac-17605-ick-animations-and-feedback-Mobile-Safari/error-context.md
]]>
</failure>
<system-out>
<![CDATA[
[[ATTACHMENT|test-results/visual-interactive-Interac-17605-ick-animations-and-feedback-Mobile-Safari/test-failed-1.png]]

[[ATTACHMENT|test-results/visual-interactive-Interac-17605-ick-animations-and-feedback-Mobile-Safari/video.webm]]

[[ATTACHMENT|test-results/visual-interactive-Interac-17605-ick-animations-and-feedback-Mobile-Safari/error-context.md]]
]]>
</system-out>
</testcase>
<testcase name="Interactive UI Testing › should handle form validation feedback" classname="visual-interactive.spec.js" time="10.772">
<failure message="visual-interactive.spec.js:146:3 should handle form validation feedback" type="FAILURE">
<![CDATA[  [Mobile Safari] › visual-interactive.spec.js:146:3 › Interactive UI Testing › should handle form validation feedback 

    TimeoutError: page.click: Timeout 10000ms exceeded.
    Call log:
      - waiting for locator('#generateBtn')


      146 |   test('should handle form validation feedback', async ({ page }) => {
      147 |     // Submit empty form
    > 148 |     await page.click('#generateBtn');
          |                ^
      149 |     
      150 |     // Should show validation error with proper styling
      151 |     const errorMessage = page.locator('.error-message');
        at /Users/david/Documents/Figa-Jira-Automations-Tool/figma-ticket-generator/browser-tests/tests/visual-interactive.spec.js:148:16

    attachment #1: screenshot (image/png) ──────────────────────────────────────────────────────────
    ../test-results/visual-interactive-Interac-2a1d4-le-form-validation-feedback-Mobile-Safari/test-failed-1.png
    ────────────────────────────────────────────────────────────────────────────────────────────────

    attachment #2: video (video/webm) ──────────────────────────────────────────────────────────────
    ../test-results/visual-interactive-Interac-2a1d4-le-form-validation-feedback-Mobile-Safari/video.webm
    ────────────────────────────────────────────────────────────────────────────────────────────────

    Error Context: ../test-results/visual-interactive-Interac-2a1d4-le-form-validation-feedback-Mobile-Safari/error-context.md
]]>
</failure>
<system-out>
<![CDATA[
[[ATTACHMENT|test-results/visual-interactive-Interac-2a1d4-le-form-validation-feedback-Mobile-Safari/test-failed-1.png]]

[[ATTACHMENT|test-results/visual-interactive-Interac-2a1d4-le-form-validation-feedback-Mobile-Safari/video.webm]]

[[ATTACHMENT|test-results/visual-interactive-Interac-2a1d4-le-form-validation-feedback-Mobile-Safari/error-context.md]]
]]>
</system-out>
</testcase>
<testcase name="Interactive UI Testing › should handle copy button interaction" classname="visual-interactive.spec.js" time="10.78">
<failure message="visual-interactive.spec.js:168:3 should handle copy button interaction" type="FAILURE">
<![CDATA[  [Mobile Safari] › visual-interactive.spec.js:168:3 › Interactive UI Testing › should handle copy button interaction 

    TimeoutError: page.fill: Timeout 10000ms exceeded.
    Call log:
      - waiting for locator('#techStackInput')


      168 |   test('should handle copy button interaction', async ({ page }) => {
      169 |     // Generate content first
    > 170 |     await page.fill('#techStackInput', 'Next.js with TypeScript');
          |                ^
      171 |     await page.click('#generateBtn');
      172 |     await page.waitForSelector('#results', { state: 'visible', timeout: 30000 });
      173 |     
        at /Users/david/Documents/Figa-Jira-Automations-Tool/figma-ticket-generator/browser-tests/tests/visual-interactive.spec.js:170:16

    attachment #1: screenshot (image/png) ──────────────────────────────────────────────────────────
    ../test-results/visual-interactive-Interac-67df8-dle-copy-button-interaction-Mobile-Safari/test-failed-1.png
    ────────────────────────────────────────────────────────────────────────────────────────────────

    attachment #2: video (video/webm) ──────────────────────────────────────────────────────────────
    ../test-results/visual-interactive-Interac-67df8-dle-copy-button-interaction-Mobile-Safari/video.webm
    ────────────────────────────────────────────────────────────────────────────────────────────────

    Error Context: ../test-results/visual-interactive-Interac-67df8-dle-copy-button-interaction-Mobile-Safari/error-context.md
]]>
</failure>
<system-out>
<![CDATA[
[[ATTACHMENT|test-results/visual-interactive-Interac-67df8-dle-copy-button-interaction-Mobile-Safari/test-failed-1.png]]

[[ATTACHMENT|test-results/visual-interactive-Interac-67df8-dle-copy-button-interaction-Mobile-Safari/video.webm]]

[[ATTACHMENT|test-results/visual-interactive-Interac-67df8-dle-copy-button-interaction-Mobile-Safari/error-context.md]]
]]>
</system-out>
</testcase>
<testcase name="Interactive UI Testing › should handle dynamic content updates smoothly" classname="visual-interactive.spec.js" time="10.902">
<failure message="visual-interactive.spec.js:195:3 should handle dynamic content updates smoothly" type="FAILURE">
<![CDATA[  [Mobile Safari] › visual-interactive.spec.js:195:3 › Interactive UI Testing › should handle dynamic content updates smoothly 

    TimeoutError: locator.fill: Timeout 10000ms exceeded.
    Call log:
      - waiting for locator('#techStackInput')


      221 |     
      222 |     for (const input of testInputs) {
    > 223 |       await techStackInput.fill(input);
          |                            ^
      224 |       await techStackInput.dispatchEvent('input');
      225 |       await page.waitForTimeout(100); // Small delay between inputs
      226 |     }
        at /Users/david/Documents/Figa-Jira-Automations-Tool/figma-ticket-generator/browser-tests/tests/visual-interactive.spec.js:223:28

    attachment #1: screenshot (image/png) ──────────────────────────────────────────────────────────
    ../test-results/visual-interactive-Interac-d04b1-ic-content-updates-smoothly-Mobile-Safari/test-failed-1.png
    ────────────────────────────────────────────────────────────────────────────────────────────────

    attachment #2: video (video/webm) ──────────────────────────────────────────────────────────────
    ../test-results/visual-interactive-Interac-d04b1-ic-content-updates-smoothly-Mobile-Safari/video.webm
    ────────────────────────────────────────────────────────────────────────────────────────────────

    Error Context: ../test-results/visual-interactive-Interac-d04b1-ic-content-updates-smoothly-Mobile-Safari/error-context.md
]]>
</failure>
<system-out>
<![CDATA[
[[ATTACHMENT|test-results/visual-interactive-Interac-d04b1-ic-content-updates-smoothly-Mobile-Safari/test-failed-1.png]]

[[ATTACHMENT|test-results/visual-interactive-Interac-d04b1-ic-content-updates-smoothly-Mobile-Safari/video.webm]]

[[ATTACHMENT|test-results/visual-interactive-Interac-d04b1-ic-content-updates-smoothly-Mobile-Safari/error-context.md]]
]]>
</system-out>
</testcase>
<testcase name="Interactive UI Testing › should handle document type switching smoothly" classname="visual-interactive.spec.js" time="10.846">
<failure message="visual-interactive.spec.js:237:3 should handle document type switching smoothly" type="FAILURE">
<![CDATA[  [Mobile Safari] › visual-interactive.spec.js:237:3 › Interactive UI Testing › should handle document type switching smoothly 

    TimeoutError: page.fill: Timeout 10000ms exceeded.
    Call log:
      - waiting for locator('#techStackInput')


      236 |
      237 |   test('should handle document type switching smoothly', async ({ page }) => {
    > 238 |     await page.fill('#techStackInput', 'Angular with RxJS');
          |                ^
      239 |     
      240 |     const documentTypes = ['jira', 'confluence', 'agent'];
      241 |     
        at /Users/david/Documents/Figa-Jira-Automations-Tool/figma-ticket-generator/browser-tests/tests/visual-interactive.spec.js:238:16

    attachment #1: screenshot (image/png) ──────────────────────────────────────────────────────────
    ../test-results/visual-interactive-Interac-37c16-ent-type-switching-smoothly-Mobile-Safari/test-failed-1.png
    ────────────────────────────────────────────────────────────────────────────────────────────────

    attachment #2: video (video/webm) ──────────────────────────────────────────────────────────────
    ../test-results/visual-interactive-Interac-37c16-ent-type-switching-smoothly-Mobile-Safari/video.webm
    ────────────────────────────────────────────────────────────────────────────────────────────────

    Error Context: ../test-results/visual-interactive-Interac-37c16-ent-type-switching-smoothly-Mobile-Safari/error-context.md
]]>
</failure>
<system-out>
<![CDATA[
[[ATTACHMENT|test-results/visual-interactive-Interac-37c16-ent-type-switching-smoothly-Mobile-Safari/test-failed-1.png]]

[[ATTACHMENT|test-results/visual-interactive-Interac-37c16-ent-type-switching-smoothly-Mobile-Safari/video.webm]]

[[ATTACHMENT|test-results/visual-interactive-Interac-37c16-ent-type-switching-smoothly-Mobile-Safari/error-context.md]]
]]>
</system-out>
</testcase>
</testsuite>
</testsuites>