<testsuites id="" name="" tests="13" failures="0" skipped="13" errors="0" time="0.453295">
<testsuite name="accessibility-edge-cases.spec.js" timestamp="2025-10-22T18:46:18.699Z" hostname="chromium" tests="13" failures="0" skipped="13" time="0" errors="0">
<testcase name="Accessibility Testing @critical › should meet WCAG 2.1 AA accessibility standards" classname="accessibility-edge-cases.spec.js" time="0">
<skipped>
</skipped>
</testcase>
<testcase name="Accessibility Testing @critical › should be fully keyboard navigable" classname="accessibility-edge-cases.spec.js" time="0">
<skipped>
</skipped>
</testcase>
<testcase name="Accessibility Testing @critical › should work with screen readers" classname="accessibility-edge-cases.spec.js" time="0">
<skipped>
</skipped>
</testcase>
<testcase name="Accessibility Testing @critical › should handle focus management correctly" classname="accessibility-edge-cases.spec.js" time="0">
<skipped>
</skipped>
</testcase>
<testcase name="Accessibility Testing @critical › should provide proper error announcements for screen readers" classname="accessibility-edge-cases.spec.js" time="0">
<skipped>
</skipped>
</testcase>
<testcase name="Accessibility Testing @critical › should have proper semantic HTML structure" classname="accessibility-edge-cases.spec.js" time="0">
<skipped>
</skipped>
</testcase>
<testcase name="Error Handling and Edge Cases @critical › should handle network failures gracefully" classname="accessibility-edge-cases.spec.js" time="0">
<skipped>
</skipped>
</testcase>
<testcase name="Error Handling and Edge Cases @critical › should handle malicious input safely" classname="accessibility-edge-cases.spec.js" time="0">
<skipped>
</skipped>
</testcase>
<testcase name="Error Handling and Edge Cases @critical › should handle extremely long input gracefully" classname="accessibility-edge-cases.spec.js" time="0">
<skipped>
</skipped>
</testcase>
<testcase name="Error Handling and Edge Cases @critical › should handle rapid clicking and interaction spam" classname="accessibility-edge-cases.spec.js" time="0">
<skipped>
</skipped>
</testcase>
<testcase name="Error Handling and Edge Cases @critical › should handle browser tab switching and focus loss" classname="accessibility-edge-cases.spec.js" time="0">
<skipped>
</skipped>
</testcase>
<testcase name="Error Handling and Edge Cases @critical › should handle page refresh during operation" classname="accessibility-edge-cases.spec.js" time="0">
<skipped>
</skipped>
</testcase>
<testcase name="Error Handling and Edge Cases @critical › should handle memory pressure gracefully" classname="accessibility-edge-cases.spec.js" time="0">
<skipped>
</skipped>
</testcase>
</testsuite>
</testsuites>