<testsuites id="" name="" tests="1" failures="0" skipped="0" errors="0" time="4.587196">
<testsuite name="core-functionality.spec.js" timestamp="2025-10-15T15:21:21.903Z" hostname="chromium" tests="1" failures="0" skipped="0" time="1.957" errors="0">
<testcase name="Enhanced Figma Plugin - Core Functionality @smoke @critical â€º should handle MCP server unavailable gracefully" classname="core-functionality.spec.js" time="1.957">
</testcase>
</testsuite>
</testsuites>